[0.680s] Invoking command in '/home/ricardo/rm_ws/src/laser_car_description': PYTHONPATH=/home/ricardo/rm_ws/build/laser_car_description/prefix_override:/home/ricardo/rm_ws/install/laser_car_description/lib/python3.10/site-packages:${PYTHONPATH} /usr/bin/python3 setup.py egg_info --egg-base ../../build/laser_car_description build --build-base /home/ricardo/rm_ws/build/laser_car_description/build install --record /home/ricardo/rm_ws/build/laser_car_description/install.log --single-version-externally-managed
[0.869s] running egg_info
[0.870s] writing ../../build/laser_car_description/laser_car_description.egg-info/PKG-INFO
[0.870s] writing dependency_links to ../../build/laser_car_description/laser_car_description.egg-info/dependency_links.txt
[0.871s] writing entry points to ../../build/laser_car_description/laser_car_description.egg-info/entry_points.txt
[0.871s] writing requirements to ../../build/laser_car_description/laser_car_description.egg-info/requires.txt
[0.872s] writing top-level names to ../../build/laser_car_description/laser_car_description.egg-info/top_level.txt
[0.874s] reading manifest file '../../build/laser_car_description/laser_car_description.egg-info/SOURCES.txt'
[0.875s] writing manifest file '../../build/laser_car_description/laser_car_description.egg-info/SOURCES.txt'
[0.876s] running build
[0.877s] running build_py
[0.877s] /usr/lib/python3/dist-packages/setuptools/command/install.py:34: SetuptoolsDeprecationWarning: setup.py install is deprecated. Use build and pip and other standards-based tools.
[0.877s]   warnings.warn(
[0.878s] running install
[0.878s] running install_lib
[0.878s] running install_data
[0.878s] copying launch/gazebo.launch.py -> /home/ricardo/rm_ws/install/laser_car_description/share/laser_car_description/launch
[0.879s] copying urdf/laser_car_base.urdf -> /home/ricardo/rm_ws/install/laser_car_description/share/laser_car_description/urdf
[0.879s] running install_egg_info
[0.880s] removing '/home/ricardo/rm_ws/install/laser_car_description/lib/python3.10/site-packages/laser_car_description-0.0.0-py3.10.egg-info' (and everything under it)
[0.880s] Copying ../../build/laser_car_description/laser_car_description.egg-info to /home/ricardo/rm_ws/install/laser_car_description/lib/python3.10/site-packages/laser_car_description-0.0.0-py3.10.egg-info
[0.882s] running install_scripts
[0.899s] Installing rotate_wheel script to /home/ricardo/rm_ws/install/laser_car_description/lib/laser_car_description
[0.901s] writing list of installed files to '/home/ricardo/rm_ws/build/laser_car_description/install.log'
[0.928s] Invoked command in '/home/ricardo/rm_ws/src/laser_car_description' returned '0': PYTHONPATH=/home/ricardo/rm_ws/build/laser_car_description/prefix_override:/home/ricardo/rm_ws/install/laser_car_description/lib/python3.10/site-packages:${PYTHONPATH} /usr/bin/python3 setup.py egg_info --egg-base ../../build/laser_car_description build --build-base /home/ricardo/rm_ws/build/laser_car_description/build install --record /home/ricardo/rm_ws/build/laser_car_description/install.log --single-version-externally-managed
