[0.785s] Invoking command in '/home/ricardo/rm_ws/src/navigation2_cmd': PYTHONPATH=/home/ricardo/rm_ws/build/navigation2_cmd/prefix_override:/home/ricardo/rm_ws/install/navigation2_cmd/lib/python3.10/site-packages:${PYTHONPATH} /usr/bin/python3 setup.py egg_info --egg-base ../../build/navigation2_cmd build --build-base /home/ricardo/rm_ws/build/navigation2_cmd/build install --record /home/ricardo/rm_ws/build/navigation2_cmd/install.log --single-version-externally-managed
[0.979s] running egg_info
[0.980s] writing ../../build/navigation2_cmd/navigation2_cmd.egg-info/PKG-INFO
[0.980s] writing dependency_links to ../../build/navigation2_cmd/navigation2_cmd.egg-info/dependency_links.txt
[0.982s] writing entry points to ../../build/navigation2_cmd/navigation2_cmd.egg-info/entry_points.txt
[0.982s] writing requirements to ../../build/navigation2_cmd/navigation2_cmd.egg-info/requires.txt
[0.982s] writing top-level names to ../../build/navigation2_cmd/navigation2_cmd.egg-info/top_level.txt
[0.984s] reading manifest file '../../build/navigation2_cmd/navigation2_cmd.egg-info/SOURCES.txt'
[0.984s] writing manifest file '../../build/navigation2_cmd/navigation2_cmd.egg-info/SOURCES.txt'
[0.985s] running build
[0.985s] running build_py
[0.985s] copying navigation2_cmd/loop.py -> /home/ricardo/rm_ws/build/navigation2_cmd/build/lib/navigation2_cmd
[0.985s] running install
[0.986s] /usr/lib/python3/dist-packages/setuptools/command/install.py:34: SetuptoolsDeprecationWarning: setup.py install is deprecated. Use build and pip and other standards-based tools.
[0.986s]   warnings.warn(
[0.986s] running install_lib
[0.987s] copying /home/ricardo/rm_ws/build/navigation2_cmd/build/lib/navigation2_cmd/loop.py -> /home/ricardo/rm_ws/install/navigation2_cmd/lib/python3.10/site-packages/navigation2_cmd
[0.987s] byte-compiling /home/ricardo/rm_ws/install/navigation2_cmd/lib/python3.10/site-packages/navigation2_cmd/loop.py to loop.cpython-310.pyc
[0.989s] running install_data
[0.989s] running install_egg_info
[0.991s] removing '/home/ricardo/rm_ws/install/navigation2_cmd/lib/python3.10/site-packages/navigation2_cmd-0.0.0-py3.10.egg-info' (and everything under it)
[0.992s] Copying ../../build/navigation2_cmd/navigation2_cmd.egg-info to /home/ricardo/rm_ws/install/navigation2_cmd/lib/python3.10/site-packages/navigation2_cmd-0.0.0-py3.10.egg-info
[0.992s] running install_scripts
[1.010s] Installing init_robot_pose script to /home/ricardo/rm_ws/install/navigation2_cmd/lib/navigation2_cmd
[1.011s] Installing loop script to /home/ricardo/rm_ws/install/navigation2_cmd/lib/navigation2_cmd
[1.011s] Installing receive_point_queue script to /home/ricardo/rm_ws/install/navigation2_cmd/lib/navigation2_cmd
[1.012s] writing list of installed files to '/home/ricardo/rm_ws/build/navigation2_cmd/install.log'
[1.044s] Invoked command in '/home/ricardo/rm_ws/src/navigation2_cmd' returned '0': PYTHONPATH=/home/ricardo/rm_ws/build/navigation2_cmd/prefix_override:/home/ricardo/rm_ws/install/navigation2_cmd/lib/python3.10/site-packages:${PYTHONPATH} /usr/bin/python3 setup.py egg_info --egg-base ../../build/navigation2_cmd build --build-base /home/ricardo/rm_ws/build/navigation2_cmd/build install --record /home/ricardo/rm_ws/build/navigation2_cmd/install.log --single-version-externally-managed
