[1.306s] Invoking command in '/home/ricardo/rm_ws/src/laser_car_description': PYTHONPATH=/home/ricardo/rm_ws/build/laser_car_description/prefix_override:/home/ricardo/rm_ws/install/laser_car_description/lib/python3.10/site-packages:${PYTHONPATH} /usr/bin/python3 setup.py egg_info --egg-base ../../build/laser_car_description build --build-base /home/ricardo/rm_ws/build/laser_car_description/build install --record /home/ricardo/rm_ws/build/laser_car_description/install.log --single-version-externally-managed
[1.487s] running egg_info
[1.489s] writing ../../build/laser_car_description/laser_car_description.egg-info/PKG-INFO
[1.489s] writing dependency_links to ../../build/laser_car_description/laser_car_description.egg-info/dependency_links.txt
[1.489s] writing entry points to ../../build/laser_car_description/laser_car_description.egg-info/entry_points.txt
[1.490s] writing requirements to ../../build/laser_car_description/laser_car_description.egg-info/requires.txt
[1.491s] writing top-level names to ../../build/laser_car_description/laser_car_description.egg-info/top_level.txt
[1.493s] reading manifest file '../../build/laser_car_description/laser_car_description.egg-info/SOURCES.txt'
[1.494s] writing manifest file '../../build/laser_car_description/laser_car_description.egg-info/SOURCES.txt'
[1.494s] running build
[1.494s] running build_py
[1.495s] running install
[1.496s] /usr/lib/python3/dist-packages/setuptools/command/install.py:34: SetuptoolsDeprecationWarning: setup.py install is deprecated. Use build and pip and other standards-based tools.
[1.497s]   warnings.warn(
[1.497s] running install_lib
[1.499s] running install_data
[1.499s] copying urdf/laser_car_base.urdf -> /home/ricardo/rm_ws/install/laser_car_description/share/laser_car_description/urdf
[1.499s] running install_egg_info
[1.501s] removing '/home/ricardo/rm_ws/install/laser_car_description/lib/python3.10/site-packages/laser_car_description-0.0.0-py3.10.egg-info' (and everything under it)
[1.502s] Copying ../../build/laser_car_description/laser_car_description.egg-info to /home/ricardo/rm_ws/install/laser_car_description/lib/python3.10/site-packages/laser_car_description-0.0.0-py3.10.egg-info
[1.504s] running install_scripts
[1.525s] Installing rotate_wheel script to /home/ricardo/rm_ws/install/laser_car_description/lib/laser_car_description
[1.526s] writing list of installed files to '/home/ricardo/rm_ws/build/laser_car_description/install.log'
[1.624s] Invoked command in '/home/ricardo/rm_ws/src/laser_car_description' returned '0': PYTHONPATH=/home/ricardo/rm_ws/build/laser_car_description/prefix_override:/home/ricardo/rm_ws/install/laser_car_description/lib/python3.10/site-packages:${PYTHONPATH} /usr/bin/python3 setup.py egg_info --egg-base ../../build/laser_car_description build --build-base /home/ricardo/rm_ws/build/laser_car_description/build install --record /home/ricardo/rm_ws/build/laser_car_description/install.log --single-version-externally-managed
