[0.130s] Invoking command in '/home/ricardo/rm_ws/build/nav2_common': CMAKE_PREFIX_PATH=${CMAKE_PREFIX_PATH}:/home/ricardo/rm_ws/install/topic_text_video:/home/ricardo/rm_ws/install/nav2_simple_commander:/home/ricardo/rm_ws/install/laser_car_description:/opt/ros/humble /usr/bin/cmake --build /home/ricardo/rm_ws/build/nav2_common -- -j8 -l8
[0.240s] Built target ament_cmake_python_copy_nav2_common
[0.497s] running egg_info
[0.498s] writing nav2_common.egg-info/PKG-INFO
[0.498s] writing dependency_links to nav2_common.egg-info/dependency_links.txt
[0.498s] writing top-level names to nav2_common.egg-info/top_level.txt
[0.506s] reading manifest file 'nav2_common.egg-info/SOURCES.txt'
[0.506s] writing manifest file 'nav2_common.egg-info/SOURCES.txt'
[0.550s] Built target ament_cmake_python_build_nav2_common_egg
[0.567s] Invoked command in '/home/ricardo/rm_ws/build/nav2_common' returned '0': CMAKE_PREFIX_PATH=${CMAKE_PREFIX_PATH}:/home/ricardo/rm_ws/install/topic_text_video:/home/ricardo/rm_ws/install/nav2_simple_commander:/home/ricardo/rm_ws/install/laser_car_description:/opt/ros/humble /usr/bin/cmake --build /home/ricardo/rm_ws/build/nav2_common -- -j8 -l8
[0.632s] Invoking command in '/home/ricardo/rm_ws/build/nav2_common': CMAKE_PREFIX_PATH=${CMAKE_PREFIX_PATH}:/home/ricardo/rm_ws/install/topic_text_video:/home/ricardo/rm_ws/install/nav2_simple_commander:/home/ricardo/rm_ws/install/laser_car_description:/opt/ros/humble /usr/bin/cmake --install /home/ricardo/rm_ws/build/nav2_common
[0.645s] -- Install configuration: ""
[0.646s] -- Up-to-date: /home/ricardo/rm_ws/install/nav2_common/share/nav2_common/environment/pythonpath.sh
[0.646s] -- Up-to-date: /home/ricardo/rm_ws/install/nav2_common/share/nav2_common/environment/pythonpath.dsv
[0.646s] -- Up-to-date: /home/ricardo/rm_ws/install/nav2_common/local/lib/python3.10/dist-packages/nav2_common-1.1.12-py3.10.egg-info
[0.646s] -- Installing: /home/ricardo/rm_ws/install/nav2_common/local/lib/python3.10/dist-packages/nav2_common-1.1.12-py3.10.egg-info/dependency_links.txt
[0.647s] -- Installing: /home/ricardo/rm_ws/install/nav2_common/local/lib/python3.10/dist-packages/nav2_common-1.1.12-py3.10.egg-info/PKG-INFO
[0.647s] -- Installing: /home/ricardo/rm_ws/install/nav2_common/local/lib/python3.10/dist-packages/nav2_common-1.1.12-py3.10.egg-info/SOURCES.txt
[0.647s] -- Installing: /home/ricardo/rm_ws/install/nav2_common/local/lib/python3.10/dist-packages/nav2_common-1.1.12-py3.10.egg-info/top_level.txt
[0.648s] -- Up-to-date: /home/ricardo/rm_ws/install/nav2_common/local/lib/python3.10/dist-packages/nav2_common
[0.648s] -- Up-to-date: /home/ricardo/rm_ws/install/nav2_common/local/lib/python3.10/dist-packages/nav2_common/__init__.py
[0.648s] -- Up-to-date: /home/ricardo/rm_ws/install/nav2_common/local/lib/python3.10/dist-packages/nav2_common/launch
[0.648s] -- Up-to-date: /home/ricardo/rm_ws/install/nav2_common/local/lib/python3.10/dist-packages/nav2_common/launch/__init__.py
[0.648s] -- Up-to-date: /home/ricardo/rm_ws/install/nav2_common/local/lib/python3.10/dist-packages/nav2_common/launch/has_node_params.py
[0.648s] -- Up-to-date: /home/ricardo/rm_ws/install/nav2_common/local/lib/python3.10/dist-packages/nav2_common/launch/parse_multirobot_pose.py
[0.649s] -- Up-to-date: /home/ricardo/rm_ws/install/nav2_common/local/lib/python3.10/dist-packages/nav2_common/launch/replace_string.py
[0.649s] -- Up-to-date: /home/ricardo/rm_ws/install/nav2_common/local/lib/python3.10/dist-packages/nav2_common/launch/rewritten_yaml.py
[0.691s] Listing '/home/ricardo/rm_ws/install/nav2_common/local/lib/python3.10/dist-packages/nav2_common'...
[0.692s] Listing '/home/ricardo/rm_ws/install/nav2_common/local/lib/python3.10/dist-packages/nav2_common/launch'...
[0.698s] -- Up-to-date: /home/ricardo/rm_ws/install/nav2_common/share/ament_index/resource_index/package_run_dependencies/nav2_common
[0.698s] -- Up-to-date: /home/ricardo/rm_ws/install/nav2_common/share/ament_index/resource_index/parent_prefix_path/nav2_common
[0.698s] -- Up-to-date: /home/ricardo/rm_ws/install/nav2_common/share/nav2_common/environment/ament_prefix_path.sh
[0.698s] -- Up-to-date: /home/ricardo/rm_ws/install/nav2_common/share/nav2_common/environment/ament_prefix_path.dsv
[0.699s] -- Up-to-date: /home/ricardo/rm_ws/install/nav2_common/share/nav2_common/environment/path.sh
[0.699s] -- Up-to-date: /home/ricardo/rm_ws/install/nav2_common/share/nav2_common/environment/path.dsv
[0.699s] -- Up-to-date: /home/ricardo/rm_ws/install/nav2_common/share/nav2_common/local_setup.bash
[0.699s] -- Up-to-date: /home/ricardo/rm_ws/install/nav2_common/share/nav2_common/local_setup.sh
[0.699s] -- Up-to-date: /home/ricardo/rm_ws/install/nav2_common/share/nav2_common/local_setup.zsh
[0.699s] -- Up-to-date: /home/ricardo/rm_ws/install/nav2_common/share/nav2_common/local_setup.dsv
[0.699s] -- Up-to-date: /home/ricardo/rm_ws/install/nav2_common/share/nav2_common/package.dsv
[0.699s] -- Up-to-date: /home/ricardo/rm_ws/install/nav2_common/share/ament_index/resource_index/packages/nav2_common
[0.699s] -- Up-to-date: /home/ricardo/rm_ws/install/nav2_common/share/nav2_common/cmake/nav2_common-extras.cmake
[0.699s] -- Up-to-date: /home/ricardo/rm_ws/install/nav2_common/share/nav2_common/cmake/nav2_commonConfig.cmake
[0.700s] -- Up-to-date: /home/ricardo/rm_ws/install/nav2_common/share/nav2_common/cmake/nav2_commonConfig-version.cmake
[0.700s] -- Up-to-date: /home/ricardo/rm_ws/install/nav2_common/share/nav2_common/package.xml
[0.700s] -- Up-to-date: /home/ricardo/rm_ws/install/nav2_common/share/nav2_common/cmake
[0.701s] -- Up-to-date: /home/ricardo/rm_ws/install/nav2_common/share/nav2_common/cmake/nav2_package.cmake
[0.704s] Invoked command in '/home/ricardo/rm_ws/build/nav2_common' returned '0': CMAKE_PREFIX_PATH=${CMAKE_PREFIX_PATH}:/home/ricardo/rm_ws/install/topic_text_video:/home/ricardo/rm_ws/install/nav2_simple_commander:/home/ricardo/rm_ws/install/laser_car_description:/opt/ros/humble /usr/bin/cmake --install /home/ricardo/rm_ws/build/nav2_common
