[0.227s] Invoking command in '/home/ricardo/rm_ws/build/nav2_lifecycle_manager': AMENT_PREFIX_PATH=/home/ricardo/rm_ws/install/nav2_util:/home/ricardo/rm_ws/install/nav2_msgs:/home/ricardo/rm_ws/install/nav2_common:${AMENT_PREFIX_PATH} CMAKE_PREFIX_PATH=/home/ricardo/rm_ws/install/nav2_util:/home/ricardo/rm_ws/install/nav2_msgs:/home/ricardo/rm_ws/install/nav2_common:/home/ricardo/rm_ws/install/laser_car_cartographer:/home/ricardo/rm_ws/install/cartographer_ros:/home/ricardo/rm_ws/install/cartographer_ros_msgs:/home/ricardo/rm_ws/install/cartographer:/home/ricardo/rm_ws/install/topic_text_video:/home/ricardo/rm_ws/install/laser_car_description:/opt/ros/humble LD_LIBRARY_PATH=/home/ricardo/rm_ws/install/nav2_util/lib:/home/ricardo/rm_ws/install/nav2_msgs/lib:${LD_LIBRARY_PATH} PYTHONPATH=/home/ricardo/rm_ws/install/nav2_msgs/local/lib/python3.10/dist-packages:/home/ricardo/rm_ws/install/nav2_common/local/lib/python3.10/dist-packages:${PYTHONPATH} /usr/bin/cmake /home/ricardo/rm_ws/src/navigation2/nav2_lifecycle_manager -DCMAKE_INSTALL_PREFIX=/home/ricardo/rm_ws/install/nav2_lifecycle_manager
[0.292s] -- The C compiler identification is GNU 11.4.0
[0.361s] -- The CXX compiler identification is GNU 11.4.0
[0.368s] -- Detecting C compiler ABI info
[0.458s] -- Detecting C compiler ABI info - done
[0.465s] -- Check for working C compiler: /usr/bin/cc - skipped
[0.466s] -- Detecting C compile features
[0.466s] -- Detecting C compile features - done
[0.468s] -- Detecting CXX compiler ABI info
[0.574s] -- Detecting CXX compiler ABI info - done
[0.582s] -- Check for working CXX compiler: /usr/bin/c++ - skipped
[0.583s] -- Detecting CXX compile features
[0.583s] -- Detecting CXX compile features - done
[0.586s] -- Found ament_cmake: 1.3.6 (/opt/ros/humble/share/ament_cmake/cmake)
[0.787s] -- Found Python3: /usr/bin/python3.10 (found version "3.10.12") found components: Interpreter 
[0.910s] -- Found geometry_msgs: 4.2.3 (/opt/ros/humble/share/geometry_msgs/cmake)
[0.948s] -- Found rosidl_generator_c: 3.1.5 (/opt/ros/humble/share/rosidl_generator_c/cmake)
[0.954s] -- Found rosidl_adapter: 3.1.5 (/opt/ros/humble/share/rosidl_adapter/cmake)
[0.967s] -- Found rosidl_generator_cpp: 3.1.5 (/opt/ros/humble/share/rosidl_generator_cpp/cmake)
[0.983s] -- Using all available rosidl_typesupport_c: rosidl_typesupport_fastrtps_c;rosidl_typesupport_introspection_c
[1.003s] -- Using all available rosidl_typesupport_cpp: rosidl_typesupport_fastrtps_cpp;rosidl_typesupport_introspection_cpp
[1.118s] -- Found lifecycle_msgs: 1.2.1 (/opt/ros/humble/share/lifecycle_msgs/cmake)
[1.133s] -- Found nav2_common: 1.1.12 (/home/ricardo/rm_ws/install/nav2_common/share/nav2_common/cmake)
[1.133s] -- Found nav2_msgs: 1.1.12 (/home/ricardo/rm_ws/install/nav2_msgs/share/nav2_msgs/cmake)
[1.458s] -- Found nav2_util: 1.1.12 (/home/ricardo/rm_ws/install/nav2_util/share/nav2_util/cmake)
[1.596s] -- Found rmw_implementation_cmake: 6.1.1 (/opt/ros/humble/share/rmw_implementation_cmake/cmake)
[1.599s] -- Found rmw_fastrtps_cpp: 6.2.5 (/opt/ros/humble/share/rmw_fastrtps_cpp/cmake)
[1.737s] -- Found OpenSSL: /usr/lib/x86_64-linux-gnu/libcrypto.so (found version "3.0.2")  
[1.797s] -- Found FastRTPS: /opt/ros/humble/include  
[1.843s] -- Using RMW implementation 'rmw_fastrtps_cpp' as default
[1.853s] -- Looking for pthread.h
[1.943s] -- Looking for pthread.h - found
[1.943s] -- Performing Test CMAKE_HAVE_LIBC_PTHREAD
[2.024s] -- Performing Test CMAKE_HAVE_LIBC_PTHREAD - Success
[2.025s] -- Found Threads: TRUE  
[2.383s] -- Found eigen3_cmake_module: 0.1.1 (/opt/ros/humble/share/eigen3_cmake_module/cmake)
[2.384s] -- Found Eigen3: TRUE (found version "3.4.0") 
[2.384s] -- Ensuring Eigen3 include directory is part of orocos-kdl CMake target
[2.592s] -- Found std_srvs: 4.2.3 (/opt/ros/humble/share/std_srvs/cmake)
[2.610s] -- Found diagnostic_updater: 3.1.2 (/opt/ros/humble/share/diagnostic_updater/cmake)
[2.693s] -- Setting build type to Release as none was specified.
[3.792s] -- Found ament_lint_auto: 0.12.9 (/opt/ros/humble/share/ament_lint_auto/cmake)
[3.908s] -- Found gtest sources under '/opt/ros/humble/src/gtest_vendor': C++ tests using 'Google Test' will be built
[5.618s] -- Added test 'copyright' to check source files copyright and LICENSE
[5.620s] -- Added test 'cppcheck' to perform static code analysis on C / C++ code
[5.620s] -- Configured cppcheck include dirs: /home/ricardo/rm_ws/src/navigation2/nav2_lifecycle_manager/include
[5.621s] -- Configured cppcheck exclude dirs and/or files: 
[5.622s] -- Added test 'cpplint' to check C / C++ code against the Google style
[5.622s] -- Configured cpplint exclude dirs and/or files: 
[5.623s] -- Added test 'flake8' to check Python code syntax and style conventions
[5.624s] -- Added test 'lint_cmake' to check CMake code style
[5.625s] -- Added test 'pep257' to check Python code against some of the docstring style conventions in PEP 257
[5.626s] -- Added test 'uncrustify' to check C / C++ code style
[5.626s] -- Configured uncrustify additional arguments: 
[5.627s] -- Added test 'xmllint' to check XML markup files
[5.631s] -- Configuring done
[5.738s] -- Generating done
[5.742s] -- Build files have been written to: /home/ricardo/rm_ws/build/nav2_lifecycle_manager
[5.764s] Invoked command in '/home/ricardo/rm_ws/build/nav2_lifecycle_manager' returned '0': AMENT_PREFIX_PATH=/home/ricardo/rm_ws/install/nav2_util:/home/ricardo/rm_ws/install/nav2_msgs:/home/ricardo/rm_ws/install/nav2_common:${AMENT_PREFIX_PATH} CMAKE_PREFIX_PATH=/home/ricardo/rm_ws/install/nav2_util:/home/ricardo/rm_ws/install/nav2_msgs:/home/ricardo/rm_ws/install/nav2_common:/home/ricardo/rm_ws/install/laser_car_cartographer:/home/ricardo/rm_ws/install/cartographer_ros:/home/ricardo/rm_ws/install/cartographer_ros_msgs:/home/ricardo/rm_ws/install/cartographer:/home/ricardo/rm_ws/install/topic_text_video:/home/ricardo/rm_ws/install/laser_car_description:/opt/ros/humble LD_LIBRARY_PATH=/home/ricardo/rm_ws/install/nav2_util/lib:/home/ricardo/rm_ws/install/nav2_msgs/lib:${LD_LIBRARY_PATH} PYTHONPATH=/home/ricardo/rm_ws/install/nav2_msgs/local/lib/python3.10/dist-packages:/home/ricardo/rm_ws/install/nav2_common/local/lib/python3.10/dist-packages:${PYTHONPATH} /usr/bin/cmake /home/ricardo/rm_ws/src/navigation2/nav2_lifecycle_manager -DCMAKE_INSTALL_PREFIX=/home/ricardo/rm_ws/install/nav2_lifecycle_manager
[5.767s] Invoking command in '/home/ricardo/rm_ws/build/nav2_lifecycle_manager': AMENT_PREFIX_PATH=/home/ricardo/rm_ws/install/nav2_util:/home/ricardo/rm_ws/install/nav2_msgs:/home/ricardo/rm_ws/install/nav2_common:${AMENT_PREFIX_PATH} CMAKE_PREFIX_PATH=/home/ricardo/rm_ws/install/nav2_util:/home/ricardo/rm_ws/install/nav2_msgs:/home/ricardo/rm_ws/install/nav2_common:/home/ricardo/rm_ws/install/laser_car_cartographer:/home/ricardo/rm_ws/install/cartographer_ros:/home/ricardo/rm_ws/install/cartographer_ros_msgs:/home/ricardo/rm_ws/install/cartographer:/home/ricardo/rm_ws/install/topic_text_video:/home/ricardo/rm_ws/install/laser_car_description:/opt/ros/humble LD_LIBRARY_PATH=/home/ricardo/rm_ws/install/nav2_util/lib:/home/ricardo/rm_ws/install/nav2_msgs/lib:${LD_LIBRARY_PATH} PYTHONPATH=/home/ricardo/rm_ws/install/nav2_msgs/local/lib/python3.10/dist-packages:/home/ricardo/rm_ws/install/nav2_common/local/lib/python3.10/dist-packages:${PYTHONPATH} /usr/bin/cmake --build /home/ricardo/rm_ws/build/nav2_lifecycle_manager -- -j8 -l8
[5.918s] [  7%] [32mBuilding CXX object gtest/CMakeFiles/gtest.dir/src/gtest-all.cc.o[0m
[5.921s] [ 15%] [32mBuilding CXX object gtest/CMakeFiles/gtest_main.dir/src/gtest_main.cc.o[0m
[5.928s] [ 23%] [32mBuilding CXX object CMakeFiles/nav2_lifecycle_manager_core.dir/src/lifecycle_manager.cpp.o[0m
[5.931s] [ 30%] [32mBuilding CXX object CMakeFiles/nav2_lifecycle_manager_core.dir/src/lifecycle_manager_client.cpp.o[0m
[8.247s] [ 38%] [32m[1mLinking CXX static library libgtest_main.a[0m
[8.474s] [ 38%] Built target gtest_main
[21.837s] [ 46%] [32m[1mLinking CXX static library libgtest.a[0m
[22.039s] [ 46%] Built target gtest
[29.225s] [ 53%] [32m[1mLinking CXX shared library libnav2_lifecycle_manager_core.so[0m
[29.721s] [ 53%] Built target nav2_lifecycle_manager_core
[29.859s] [ 61%] [32mBuilding CXX object CMakeFiles/lifecycle_manager.dir/src/main.cpp.o[0m
[29.882s] [ 69%] [32mBuilding CXX object test/CMakeFiles/test_bond_gtest.dir/test_bond.cpp.o[0m
[29.898s] [ 76%] [32mBuilding CXX object test/CMakeFiles/test_lifecycle_gtest.dir/test_lifecycle_manager.cpp.o[0m
[39.054s] [ 84%] [32m[1mLinking CXX executable lifecycle_manager[0m
[39.425s] [ 84%] Built target lifecycle_manager
[39.540s] [ 92%] [32m[1mLinking CXX executable test_lifecycle_gtest[0m
[39.926s] [ 92%] Built target test_lifecycle_gtest
[42.723s] [100%] [32m[1mLinking CXX executable test_bond_gtest[0m
[43.091s] [100%] Built target test_bond_gtest
[43.105s] Invoked command in '/home/ricardo/rm_ws/build/nav2_lifecycle_manager' returned '0': AMENT_PREFIX_PATH=/home/ricardo/rm_ws/install/nav2_util:/home/ricardo/rm_ws/install/nav2_msgs:/home/ricardo/rm_ws/install/nav2_common:${AMENT_PREFIX_PATH} CMAKE_PREFIX_PATH=/home/ricardo/rm_ws/install/nav2_util:/home/ricardo/rm_ws/install/nav2_msgs:/home/ricardo/rm_ws/install/nav2_common:/home/ricardo/rm_ws/install/laser_car_cartographer:/home/ricardo/rm_ws/install/cartographer_ros:/home/ricardo/rm_ws/install/cartographer_ros_msgs:/home/ricardo/rm_ws/install/cartographer:/home/ricardo/rm_ws/install/topic_text_video:/home/ricardo/rm_ws/install/laser_car_description:/opt/ros/humble LD_LIBRARY_PATH=/home/ricardo/rm_ws/install/nav2_util/lib:/home/ricardo/rm_ws/install/nav2_msgs/lib:${LD_LIBRARY_PATH} PYTHONPATH=/home/ricardo/rm_ws/install/nav2_msgs/local/lib/python3.10/dist-packages:/home/ricardo/rm_ws/install/nav2_common/local/lib/python3.10/dist-packages:${PYTHONPATH} /usr/bin/cmake --build /home/ricardo/rm_ws/build/nav2_lifecycle_manager -- -j8 -l8
[43.182s] Invoking command in '/home/ricardo/rm_ws/build/nav2_lifecycle_manager': AMENT_PREFIX_PATH=/home/ricardo/rm_ws/install/nav2_util:/home/ricardo/rm_ws/install/nav2_msgs:/home/ricardo/rm_ws/install/nav2_common:${AMENT_PREFIX_PATH} CMAKE_PREFIX_PATH=/home/ricardo/rm_ws/install/nav2_util:/home/ricardo/rm_ws/install/nav2_msgs:/home/ricardo/rm_ws/install/nav2_common:/home/ricardo/rm_ws/install/laser_car_cartographer:/home/ricardo/rm_ws/install/cartographer_ros:/home/ricardo/rm_ws/install/cartographer_ros_msgs:/home/ricardo/rm_ws/install/cartographer:/home/ricardo/rm_ws/install/topic_text_video:/home/ricardo/rm_ws/install/laser_car_description:/opt/ros/humble LD_LIBRARY_PATH=/home/ricardo/rm_ws/install/nav2_util/lib:/home/ricardo/rm_ws/install/nav2_msgs/lib:${LD_LIBRARY_PATH} PYTHONPATH=/home/ricardo/rm_ws/install/nav2_msgs/local/lib/python3.10/dist-packages:/home/ricardo/rm_ws/install/nav2_common/local/lib/python3.10/dist-packages:${PYTHONPATH} /usr/bin/cmake --install /home/ricardo/rm_ws/build/nav2_lifecycle_manager
[43.195s] -- Install configuration: "Release"
[43.196s] -- Installing: /home/ricardo/rm_ws/install/nav2_lifecycle_manager/lib/libnav2_lifecycle_manager_core.so
[43.198s] -- Set runtime path of "/home/ricardo/rm_ws/install/nav2_lifecycle_manager/lib/libnav2_lifecycle_manager_core.so" to ""
[43.200s] -- Installing: /home/ricardo/rm_ws/install/nav2_lifecycle_manager/lib/nav2_lifecycle_manager/lifecycle_manager
[43.201s] -- Set runtime path of "/home/ricardo/rm_ws/install/nav2_lifecycle_manager/lib/nav2_lifecycle_manager/lifecycle_manager" to ""
[43.202s] -- Installing: /home/ricardo/rm_ws/install/nav2_lifecycle_manager/include/
[43.202s] -- Installing: /home/ricardo/rm_ws/install/nav2_lifecycle_manager/include//nav2_lifecycle_manager
[43.203s] -- Installing: /home/ricardo/rm_ws/install/nav2_lifecycle_manager/include//nav2_lifecycle_manager/lifecycle_manager_client.hpp
[43.204s] -- Installing: /home/ricardo/rm_ws/install/nav2_lifecycle_manager/include//nav2_lifecycle_manager/lifecycle_manager.hpp
[43.204s] -- Installing: /home/ricardo/rm_ws/install/nav2_lifecycle_manager/share/nav2_lifecycle_manager/environment/library_path.sh
[43.204s] -- Installing: /home/ricardo/rm_ws/install/nav2_lifecycle_manager/share/nav2_lifecycle_manager/environment/library_path.dsv
[43.204s] -- Installing: /home/ricardo/rm_ws/install/nav2_lifecycle_manager/share/ament_index/resource_index/package_run_dependencies/nav2_lifecycle_manager
[43.204s] -- Installing: /home/ricardo/rm_ws/install/nav2_lifecycle_manager/share/ament_index/resource_index/parent_prefix_path/nav2_lifecycle_manager
[43.205s] -- Installing: /home/ricardo/rm_ws/install/nav2_lifecycle_manager/share/nav2_lifecycle_manager/environment/ament_prefix_path.sh
[43.205s] -- Installing: /home/ricardo/rm_ws/install/nav2_lifecycle_manager/share/nav2_lifecycle_manager/environment/ament_prefix_path.dsv
[43.205s] -- Installing: /home/ricardo/rm_ws/install/nav2_lifecycle_manager/share/nav2_lifecycle_manager/environment/path.sh
[43.205s] -- Installing: /home/ricardo/rm_ws/install/nav2_lifecycle_manager/share/nav2_lifecycle_manager/environment/path.dsv
[43.205s] -- Installing: /home/ricardo/rm_ws/install/nav2_lifecycle_manager/share/nav2_lifecycle_manager/local_setup.bash
[43.205s] -- Installing: /home/ricardo/rm_ws/install/nav2_lifecycle_manager/share/nav2_lifecycle_manager/local_setup.sh
[43.205s] -- Installing: /home/ricardo/rm_ws/install/nav2_lifecycle_manager/share/nav2_lifecycle_manager/local_setup.zsh
[43.205s] -- Installing: /home/ricardo/rm_ws/install/nav2_lifecycle_manager/share/nav2_lifecycle_manager/local_setup.dsv
[43.205s] -- Installing: /home/ricardo/rm_ws/install/nav2_lifecycle_manager/share/nav2_lifecycle_manager/package.dsv
[43.205s] -- Installing: /home/ricardo/rm_ws/install/nav2_lifecycle_manager/share/ament_index/resource_index/packages/nav2_lifecycle_manager
[43.205s] -- Installing: /home/ricardo/rm_ws/install/nav2_lifecycle_manager/share/ament_index/resource_index/rclcpp_components/nav2_lifecycle_manager
[43.205s] -- Installing: /home/ricardo/rm_ws/install/nav2_lifecycle_manager/share/nav2_lifecycle_manager/cmake/ament_cmake_export_include_directories-extras.cmake
[43.205s] -- Installing: /home/ricardo/rm_ws/install/nav2_lifecycle_manager/share/nav2_lifecycle_manager/cmake/ament_cmake_export_libraries-extras.cmake
[43.205s] -- Installing: /home/ricardo/rm_ws/install/nav2_lifecycle_manager/share/nav2_lifecycle_manager/cmake/ament_cmake_export_dependencies-extras.cmake
[43.205s] -- Installing: /home/ricardo/rm_ws/install/nav2_lifecycle_manager/share/nav2_lifecycle_manager/cmake/nav2_lifecycle_managerConfig.cmake
[43.205s] -- Installing: /home/ricardo/rm_ws/install/nav2_lifecycle_manager/share/nav2_lifecycle_manager/cmake/nav2_lifecycle_managerConfig-version.cmake
[43.206s] -- Installing: /home/ricardo/rm_ws/install/nav2_lifecycle_manager/share/nav2_lifecycle_manager/package.xml
[43.210s] Invoked command in '/home/ricardo/rm_ws/build/nav2_lifecycle_manager' returned '0': AMENT_PREFIX_PATH=/home/ricardo/rm_ws/install/nav2_util:/home/ricardo/rm_ws/install/nav2_msgs:/home/ricardo/rm_ws/install/nav2_common:${AMENT_PREFIX_PATH} CMAKE_PREFIX_PATH=/home/ricardo/rm_ws/install/nav2_util:/home/ricardo/rm_ws/install/nav2_msgs:/home/ricardo/rm_ws/install/nav2_common:/home/ricardo/rm_ws/install/laser_car_cartographer:/home/ricardo/rm_ws/install/cartographer_ros:/home/ricardo/rm_ws/install/cartographer_ros_msgs:/home/ricardo/rm_ws/install/cartographer:/home/ricardo/rm_ws/install/topic_text_video:/home/ricardo/rm_ws/install/laser_car_description:/opt/ros/humble LD_LIBRARY_PATH=/home/ricardo/rm_ws/install/nav2_util/lib:/home/ricardo/rm_ws/install/nav2_msgs/lib:${LD_LIBRARY_PATH} PYTHONPATH=/home/ricardo/rm_ws/install/nav2_msgs/local/lib/python3.10/dist-packages:/home/ricardo/rm_ws/install/nav2_common/local/lib/python3.10/dist-packages:${PYTHONPATH} /usr/bin/cmake --install /home/ricardo/rm_ws/build/nav2_lifecycle_manager
