/home/ricardo/rm_ws/install/topic_text_video/lib/python3.10/site-packages/topic_text_video/topic_text_publisher.py
/home/ricardo/rm_ws/install/topic_text_video/lib/python3.10/site-packages/topic_text_video/__init__.py
/home/ricardo/rm_ws/install/topic_text_video/lib/python3.10/site-packages/topic_text_video/topic_video_subscriber.py
/home/ricardo/rm_ws/install/topic_text_video/lib/python3.10/site-packages/topic_text_video/topic_text_subscriber.py
/home/ricardo/rm_ws/install/topic_text_video/lib/python3.10/site-packages/topic_text_video/topic_video_publisher.py
/home/ricardo/rm_ws/install/topic_text_video/lib/python3.10/site-packages/topic_text_video/__pycache__/topic_text_publisher.cpython-310.pyc
/home/ricardo/rm_ws/install/topic_text_video/lib/python3.10/site-packages/topic_text_video/__pycache__/__init__.cpython-310.pyc
/home/ricardo/rm_ws/install/topic_text_video/lib/python3.10/site-packages/topic_text_video/__pycache__/topic_video_subscriber.cpython-310.pyc
/home/ricardo/rm_ws/install/topic_text_video/lib/python3.10/site-packages/topic_text_video/__pycache__/topic_text_subscriber.cpython-310.pyc
/home/ricardo/rm_ws/install/topic_text_video/lib/python3.10/site-packages/topic_text_video/__pycache__/topic_video_publisher.cpython-310.pyc
/home/ricardo/rm_ws/install/topic_text_video/share/ament_index/resource_index/packages/topic_text_video
/home/ricardo/rm_ws/install/topic_text_video/share/topic_text_video/package.xml
/home/ricardo/rm_ws/install/topic_text_video/lib/python3.10/site-packages/topic_text_video-0.0.0-py3.10.egg-info/zip-safe
/home/ricardo/rm_ws/install/topic_text_video/lib/python3.10/site-packages/topic_text_video-0.0.0-py3.10.egg-info/dependency_links.txt
/home/ricardo/rm_ws/install/topic_text_video/lib/python3.10/site-packages/topic_text_video-0.0.0-py3.10.egg-info/PKG-INFO
/home/ricardo/rm_ws/install/topic_text_video/lib/python3.10/site-packages/topic_text_video-0.0.0-py3.10.egg-info/entry_points.txt
/home/ricardo/rm_ws/install/topic_text_video/lib/python3.10/site-packages/topic_text_video-0.0.0-py3.10.egg-info/requires.txt
/home/ricardo/rm_ws/install/topic_text_video/lib/python3.10/site-packages/topic_text_video-0.0.0-py3.10.egg-info/SOURCES.txt
/home/ricardo/rm_ws/install/topic_text_video/lib/python3.10/site-packages/topic_text_video-0.0.0-py3.10.egg-info/top_level.txt
/home/ricardo/rm_ws/install/topic_text_video/lib/topic_text_video/topic_text_publisher
/home/ricardo/rm_ws/install/topic_text_video/lib/topic_text_video/topic_text_subscriber
/home/ricardo/rm_ws/install/topic_text_video/lib/topic_text_video/topic_video_publisher
/home/ricardo/rm_ws/install/topic_text_video/lib/topic_text_video/topic_video_subscriber
