[1.359s] DEBUG:colcon:Command line arguments: ['/usr/bin/colcon', 'build']
[1.359s] DEBUG:colcon:Parsed command line arguments: Namespace(log_base=None, log_level=None, verb_name='build', build_base='build', install_base='install', merge_install=False, symlink_install=False, test_result_base=None, continue_on_error=False, executor='parallel', parallel_workers=8, event_handlers=None, ignore_user_meta=False, metas=['./colcon.meta'], base_paths=['.'], packages_ignore=None, packages_ignore_regex=None, paths=None, packages_up_to=None, packages_up_to_regex=None, packages_above=None, packages_above_and_dependencies=None, packages_above_depth=None, packages_select_by_dep=None, packages_skip_by_dep=None, packages_skip_up_to=None, packages_select_build_failed=False, packages_skip_build_finished=False, packages_select_test_failures=False, packages_skip_test_passed=False, packages_select=None, packages_skip=None, packages_select_regex=None, packages_skip_regex=None, packages_start=None, packages_end=None, allow_overriding=[], cmake_args=None, cmake_target=None, cmake_target_skip_unavailable=False, cmake_clean_cache=False, cmake_clean_first=False, cmake_force_configure=False, ament_cmake_args=None, catkin_cmake_args=None, catkin_skip_building_tests=False, verb_parser=<colcon_defaults.argument_parser.defaults.DefaultArgumentsDecorator object at 0x7f630d44cbb0>, verb_extension=<colcon_core.verb.build.BuildVerb object at 0x7f630d5ccc70>, main=<bound method BuildVerb.main of <colcon_core.verb.build.BuildVerb object at 0x7f630d5ccc70>>)
[1.456s] Level 1:colcon.colcon_core.package_discovery:discover_packages(colcon_meta) check parameters
[1.456s] Level 1:colcon.colcon_core.package_discovery:discover_packages(recursive) check parameters
[1.456s] Level 1:colcon.colcon_core.package_discovery:discover_packages(ignore) check parameters
[1.456s] Level 1:colcon.colcon_core.package_discovery:discover_packages(path) check parameters
[1.456s] Level 1:colcon.colcon_core.package_discovery:discover_packages(colcon_meta) discover
[1.456s] Level 1:colcon.colcon_core.package_discovery:discover_packages(recursive) discover
[1.456s] INFO:colcon.colcon_core.package_discovery:Crawling recursively for packages in '/home/ricardo/rm_ws'
[1.456s] Level 1:colcon.colcon_core.package_identification:_identify(.) by extensions ['ignore', 'ignore_ament_install']
[1.457s] Level 1:colcon.colcon_core.package_identification:_identify(.) by extension 'ignore'
[1.457s] Level 1:colcon.colcon_core.package_identification:_identify(.) by extension 'ignore_ament_install'
[1.457s] Level 1:colcon.colcon_core.package_identification:_identify(.) by extensions ['colcon_pkg']
[1.457s] Level 1:colcon.colcon_core.package_identification:_identify(.) by extension 'colcon_pkg'
[1.457s] Level 1:colcon.colcon_core.package_identification:_identify(.) by extensions ['colcon_meta']
[1.457s] Level 1:colcon.colcon_core.package_identification:_identify(.) by extension 'colcon_meta'
[1.457s] Level 1:colcon.colcon_core.package_identification:_identify(.) by extensions ['ros']
[1.457s] Level 1:colcon.colcon_core.package_identification:_identify(.) by extension 'ros'
[1.471s] Level 1:colcon.colcon_core.package_identification:_identify(.) by extensions ['cmake', 'python']
[1.471s] Level 1:colcon.colcon_core.package_identification:_identify(.) by extension 'cmake'
[1.471s] Level 1:colcon.colcon_core.package_identification:_identify(.) by extension 'python'
[1.471s] Level 1:colcon.colcon_core.package_identification:_identify(.) by extensions ['python_setup_py']
[1.471s] Level 1:colcon.colcon_core.package_identification:_identify(.) by extension 'python_setup_py'
[1.471s] Level 1:colcon.colcon_core.package_identification:_identify(build) by extensions ['ignore', 'ignore_ament_install']
[1.472s] Level 1:colcon.colcon_core.package_identification:_identify(build) by extension 'ignore'
[1.472s] Level 1:colcon.colcon_core.package_identification:_identify(build) ignored
[1.472s] Level 1:colcon.colcon_core.package_identification:_identify(install) by extensions ['ignore', 'ignore_ament_install']
[1.472s] Level 1:colcon.colcon_core.package_identification:_identify(install) by extension 'ignore'
[1.472s] Level 1:colcon.colcon_core.package_identification:_identify(install) ignored
[1.472s] Level 1:colcon.colcon_core.package_identification:_identify(log) by extensions ['ignore', 'ignore_ament_install']
[1.472s] Level 1:colcon.colcon_core.package_identification:_identify(log) by extension 'ignore'
[1.472s] Level 1:colcon.colcon_core.package_identification:_identify(log) ignored
[1.472s] Level 1:colcon.colcon_core.package_identification:_identify(src) by extensions ['ignore', 'ignore_ament_install']
[1.472s] Level 1:colcon.colcon_core.package_identification:_identify(src) by extension 'ignore'
[1.472s] Level 1:colcon.colcon_core.package_identification:_identify(src) by extension 'ignore_ament_install'
[1.472s] Level 1:colcon.colcon_core.package_identification:_identify(src) by extensions ['colcon_pkg']
[1.472s] Level 1:colcon.colcon_core.package_identification:_identify(src) by extension 'colcon_pkg'
[1.472s] Level 1:colcon.colcon_core.package_identification:_identify(src) by extensions ['colcon_meta']
[1.472s] Level 1:colcon.colcon_core.package_identification:_identify(src) by extension 'colcon_meta'
[1.472s] Level 1:colcon.colcon_core.package_identification:_identify(src) by extensions ['ros']
[1.472s] Level 1:colcon.colcon_core.package_identification:_identify(src) by extension 'ros'
[1.472s] Level 1:colcon.colcon_core.package_identification:_identify(src) by extensions ['cmake', 'python']
[1.472s] Level 1:colcon.colcon_core.package_identification:_identify(src) by extension 'cmake'
[1.472s] Level 1:colcon.colcon_core.package_identification:_identify(src) by extension 'python'
[1.472s] Level 1:colcon.colcon_core.package_identification:_identify(src) by extensions ['python_setup_py']
[1.472s] Level 1:colcon.colcon_core.package_identification:_identify(src) by extension 'python_setup_py'
[1.473s] Level 1:colcon.colcon_core.package_identification:_identify(src/laser_car_description) by extensions ['ignore', 'ignore_ament_install']
[1.473s] Level 1:colcon.colcon_core.package_identification:_identify(src/laser_car_description) by extension 'ignore'
[1.473s] Level 1:colcon.colcon_core.package_identification:_identify(src/laser_car_description) by extension 'ignore_ament_install'
[1.473s] Level 1:colcon.colcon_core.package_identification:_identify(src/laser_car_description) by extensions ['colcon_pkg']
[1.473s] Level 1:colcon.colcon_core.package_identification:_identify(src/laser_car_description) by extension 'colcon_pkg'
[1.473s] Level 1:colcon.colcon_core.package_identification:_identify(src/laser_car_description) by extensions ['colcon_meta']
[1.473s] Level 1:colcon.colcon_core.package_identification:_identify(src/laser_car_description) by extension 'colcon_meta'
[1.473s] Level 1:colcon.colcon_core.package_identification:_identify(src/laser_car_description) by extensions ['ros']
[1.473s] Level 1:colcon.colcon_core.package_identification:_identify(src/laser_car_description) by extension 'ros'
[1.479s] DEBUG:colcon.colcon_core.package_identification:Package 'src/laser_car_description' with type 'ros.ament_python' and name 'laser_car_description'
[1.479s] Level 1:colcon.colcon_core.package_identification:_identify(src/topic_text_video) by extensions ['ignore', 'ignore_ament_install']
[1.479s] Level 1:colcon.colcon_core.package_identification:_identify(src/topic_text_video) by extension 'ignore'
[1.479s] Level 1:colcon.colcon_core.package_identification:_identify(src/topic_text_video) by extension 'ignore_ament_install'
[1.479s] Level 1:colcon.colcon_core.package_identification:_identify(src/topic_text_video) by extensions ['colcon_pkg']
[1.479s] Level 1:colcon.colcon_core.package_identification:_identify(src/topic_text_video) by extension 'colcon_pkg'
[1.479s] Level 1:colcon.colcon_core.package_identification:_identify(src/topic_text_video) by extensions ['colcon_meta']
[1.479s] Level 1:colcon.colcon_core.package_identification:_identify(src/topic_text_video) by extension 'colcon_meta'
[1.479s] Level 1:colcon.colcon_core.package_identification:_identify(src/topic_text_video) by extensions ['ros']
[1.479s] Level 1:colcon.colcon_core.package_identification:_identify(src/topic_text_video) by extension 'ros'
[1.480s] DEBUG:colcon.colcon_core.package_identification:Package 'src/topic_text_video' with type 'ros.ament_python' and name 'topic_text_video'
[1.480s] Level 1:colcon.colcon_core.package_discovery:discover_packages(recursive) using defaults
[1.480s] Level 1:colcon.colcon_core.package_discovery:discover_packages(ignore) discover
[1.481s] Level 1:colcon.colcon_core.package_discovery:discover_packages(ignore) using defaults
[1.481s] Level 1:colcon.colcon_core.package_discovery:discover_packages(path) discover
[1.481s] Level 1:colcon.colcon_core.package_discovery:discover_packages(path) using defaults
[1.577s] Level 1:colcon.colcon_core.package_discovery:discover_packages(prefix_path) check parameters
[1.577s] Level 1:colcon.colcon_core.package_discovery:discover_packages(prefix_path) discover
[1.604s] DEBUG:colcon.colcon_installed_package_information.package_discovery:Found 2 installed packages in /home/ricardo/rm_ws/install
[1.617s] DEBUG:colcon.colcon_installed_package_information.package_discovery:Found 324 installed packages in /opt/ros/humble
[1.618s] Level 1:colcon.colcon_core.package_discovery:discover_packages(prefix_path) using defaults
[1.695s] Level 5:colcon.colcon_core.verb:set package 'laser_car_description' build argument 'cmake_args' from command line to 'None'
[1.695s] Level 5:colcon.colcon_core.verb:set package 'laser_car_description' build argument 'cmake_target' from command line to 'None'
[1.695s] Level 5:colcon.colcon_core.verb:set package 'laser_car_description' build argument 'cmake_target_skip_unavailable' from command line to 'False'
[1.695s] Level 5:colcon.colcon_core.verb:set package 'laser_car_description' build argument 'cmake_clean_cache' from command line to 'False'
[1.695s] Level 5:colcon.colcon_core.verb:set package 'laser_car_description' build argument 'cmake_clean_first' from command line to 'False'
[1.695s] Level 5:colcon.colcon_core.verb:set package 'laser_car_description' build argument 'cmake_force_configure' from command line to 'False'
[1.695s] Level 5:colcon.colcon_core.verb:set package 'laser_car_description' build argument 'ament_cmake_args' from command line to 'None'
[1.695s] Level 5:colcon.colcon_core.verb:set package 'laser_car_description' build argument 'catkin_cmake_args' from command line to 'None'
[1.695s] Level 5:colcon.colcon_core.verb:set package 'laser_car_description' build argument 'catkin_skip_building_tests' from command line to 'False'
[1.695s] DEBUG:colcon.colcon_core.verb:Building package 'laser_car_description' with the following arguments: {'ament_cmake_args': None, 'build_base': '/home/ricardo/rm_ws/build/laser_car_description', 'catkin_cmake_args': None, 'catkin_skip_building_tests': False, 'cmake_args': None, 'cmake_clean_cache': False, 'cmake_clean_first': False, 'cmake_force_configure': False, 'cmake_target': None, 'cmake_target_skip_unavailable': False, 'install_base': '/home/ricardo/rm_ws/install/laser_car_description', 'merge_install': False, 'path': '/home/ricardo/rm_ws/src/laser_car_description', 'symlink_install': False, 'test_result_base': None}
[1.707s] Level 5:colcon.colcon_core.verb:set package 'topic_text_video' build argument 'cmake_args' from command line to 'None'
[1.707s] Level 5:colcon.colcon_core.verb:set package 'topic_text_video' build argument 'cmake_target' from command line to 'None'
[1.707s] Level 5:colcon.colcon_core.verb:set package 'topic_text_video' build argument 'cmake_target_skip_unavailable' from command line to 'False'
[1.707s] Level 5:colcon.colcon_core.verb:set package 'topic_text_video' build argument 'cmake_clean_cache' from command line to 'False'
[1.707s] Level 5:colcon.colcon_core.verb:set package 'topic_text_video' build argument 'cmake_clean_first' from command line to 'False'
[1.707s] Level 5:colcon.colcon_core.verb:set package 'topic_text_video' build argument 'cmake_force_configure' from command line to 'False'
[1.707s] Level 5:colcon.colcon_core.verb:set package 'topic_text_video' build argument 'ament_cmake_args' from command line to 'None'
[1.707s] Level 5:colcon.colcon_core.verb:set package 'topic_text_video' build argument 'catkin_cmake_args' from command line to 'None'
[1.707s] Level 5:colcon.colcon_core.verb:set package 'topic_text_video' build argument 'catkin_skip_building_tests' from command line to 'False'
[1.707s] DEBUG:colcon.colcon_core.verb:Building package 'topic_text_video' with the following arguments: {'ament_cmake_args': None, 'build_base': '/home/ricardo/rm_ws/build/topic_text_video', 'catkin_cmake_args': None, 'catkin_skip_building_tests': False, 'cmake_args': None, 'cmake_clean_cache': False, 'cmake_clean_first': False, 'cmake_force_configure': False, 'cmake_target': None, 'cmake_target_skip_unavailable': False, 'install_base': '/home/ricardo/rm_ws/install/topic_text_video', 'merge_install': False, 'path': '/home/ricardo/rm_ws/src/topic_text_video', 'symlink_install': False, 'test_result_base': None}
[1.719s] INFO:colcon.colcon_core.executor:Executing jobs using 'parallel' executor
[1.730s] DEBUG:colcon.colcon_parallel_executor.executor.parallel:run_until_complete
[1.731s] INFO:colcon.colcon_ros.task.ament_python.build:Building ROS package in '/home/ricardo/rm_ws/src/laser_car_description' with build type 'ament_python'
[1.731s] Level 1:colcon.colcon_core.shell:create_environment_hook('laser_car_description', 'ament_prefix_path')
[1.756s] INFO:colcon.colcon_core.plugin_system:Skipping extension 'colcon_core.shell.bat': Not used on non-Windows systems
[1.756s] INFO:colcon.colcon_core.shell:Creating environment hook '/home/ricardo/rm_ws/install/laser_car_description/share/laser_car_description/hook/ament_prefix_path.ps1'
[1.758s] INFO:colcon.colcon_core.shell:Creating environment descriptor '/home/ricardo/rm_ws/install/laser_car_description/share/laser_car_description/hook/ament_prefix_path.dsv'
[1.760s] INFO:colcon.colcon_core.shell:Creating environment hook '/home/ricardo/rm_ws/install/laser_car_description/share/laser_car_description/hook/ament_prefix_path.sh'
[1.773s] INFO:colcon.colcon_core.shell:Skip shell extension 'powershell' for command environment: Not usable outside of PowerShell
[1.773s] DEBUG:colcon.colcon_core.shell:Skip shell extension 'dsv' for command environment
[1.811s] INFO:colcon.colcon_ros.task.ament_python.build:Building ROS package in '/home/ricardo/rm_ws/src/topic_text_video' with build type 'ament_python'
[1.811s] Level 1:colcon.colcon_core.shell:create_environment_hook('topic_text_video', 'ament_prefix_path')
[1.825s] INFO:colcon.colcon_core.shell:Creating environment hook '/home/ricardo/rm_ws/install/topic_text_video/share/topic_text_video/hook/ament_prefix_path.ps1'
[1.826s] INFO:colcon.colcon_core.shell:Creating environment descriptor '/home/ricardo/rm_ws/install/topic_text_video/share/topic_text_video/hook/ament_prefix_path.dsv'
[1.827s] INFO:colcon.colcon_core.shell:Creating environment hook '/home/ricardo/rm_ws/install/topic_text_video/share/topic_text_video/hook/ament_prefix_path.sh'
[1.840s] INFO:colcon.colcon_core.shell:Skip shell extension 'powershell' for command environment: Not usable outside of PowerShell
[1.840s] DEBUG:colcon.colcon_core.shell:Skip shell extension 'dsv' for command environment
[2.088s] INFO:colcon.colcon_core.task.python.build:Building Python package in '/home/ricardo/rm_ws/src/laser_car_description'
[2.099s] INFO:colcon.colcon_core.shell:Skip shell extension 'powershell' for command environment: Not usable outside of PowerShell
[2.099s] DEBUG:colcon.colcon_core.shell:Skip shell extension 'dsv' for command environment
[2.343s] INFO:colcon.colcon_core.task.python.build:Building Python package in '/home/ricardo/rm_ws/src/topic_text_video'
[2.354s] INFO:colcon.colcon_core.shell:Skip shell extension 'powershell' for command environment: Not usable outside of PowerShell
[2.355s] DEBUG:colcon.colcon_core.shell:Skip shell extension 'dsv' for command environment
[3.032s] DEBUG:colcon.colcon_core.event_handler.log_command:Invoking command in '/home/ricardo/rm_ws/src/topic_text_video': PYTHONPATH=/home/ricardo/rm_ws/build/topic_text_video/prefix_override:/home/ricardo/rm_ws/install/topic_text_video/lib/python3.10/site-packages:${PYTHONPATH} /usr/bin/python3 setup.py egg_info --egg-base ../../build/topic_text_video build --build-base /home/ricardo/rm_ws/build/topic_text_video/build install --record /home/ricardo/rm_ws/build/topic_text_video/install.log --single-version-externally-managed
[3.040s] DEBUG:colcon.colcon_core.event_handler.log_command:Invoking command in '/home/ricardo/rm_ws/src/laser_car_description': PYTHONPATH=/home/ricardo/rm_ws/build/laser_car_description/prefix_override:/home/ricardo/rm_ws/install/laser_car_description/lib/python3.10/site-packages:${PYTHONPATH} /usr/bin/python3 setup.py egg_info --egg-base ../../build/laser_car_description build --build-base /home/ricardo/rm_ws/build/laser_car_description/build install --record /home/ricardo/rm_ws/build/laser_car_description/install.log --single-version-externally-managed
[3.292s] DEBUG:colcon.colcon_core.event_handler.log_command:Invoked command in '/home/ricardo/rm_ws/src/topic_text_video' returned '0': PYTHONPATH=/home/ricardo/rm_ws/build/topic_text_video/prefix_override:/home/ricardo/rm_ws/install/topic_text_video/lib/python3.10/site-packages:${PYTHONPATH} /usr/bin/python3 setup.py egg_info --egg-base ../../build/topic_text_video build --build-base /home/ricardo/rm_ws/build/topic_text_video/build install --record /home/ricardo/rm_ws/build/topic_text_video/install.log --single-version-externally-managed
[3.320s] Level 1:colcon.colcon_core.environment:checking '/home/ricardo/rm_ws/install/topic_text_video' for CMake module files
[3.320s] Level 1:colcon.colcon_core.environment:checking '/home/ricardo/rm_ws/install/topic_text_video' for CMake config files
[3.321s] Level 1:colcon.colcon_core.environment:checking '/home/ricardo/rm_ws/install/topic_text_video/lib'
[3.321s] Level 1:colcon.colcon_core.environment:checking '/home/ricardo/rm_ws/install/topic_text_video/bin'
[3.321s] Level 1:colcon.colcon_core.environment:checking '/home/ricardo/rm_ws/install/topic_text_video/lib/pkgconfig/topic_text_video.pc'
[3.321s] Level 1:colcon.colcon_core.environment:checking '/home/ricardo/rm_ws/install/topic_text_video/lib/python3.10/site-packages'
[3.321s] Level 1:colcon.colcon_core.shell:create_environment_hook('topic_text_video', 'pythonpath')
[3.332s] INFO:colcon.colcon_core.shell:Creating environment hook '/home/ricardo/rm_ws/install/topic_text_video/share/topic_text_video/hook/pythonpath.ps1'
[3.333s] INFO:colcon.colcon_core.shell:Creating environment descriptor '/home/ricardo/rm_ws/install/topic_text_video/share/topic_text_video/hook/pythonpath.dsv'
[3.333s] INFO:colcon.colcon_core.shell:Creating environment hook '/home/ricardo/rm_ws/install/topic_text_video/share/topic_text_video/hook/pythonpath.sh'
[3.334s] Level 1:colcon.colcon_core.environment:checking '/home/ricardo/rm_ws/install/topic_text_video/bin'
[3.335s] Level 1:colcon.colcon_core.environment:create_environment_scripts_only(topic_text_video)
[3.345s] INFO:colcon.colcon_core.shell:Creating package script '/home/ricardo/rm_ws/install/topic_text_video/share/topic_text_video/package.ps1'
[3.347s] INFO:colcon.colcon_core.shell:Creating package descriptor '/home/ricardo/rm_ws/install/topic_text_video/share/topic_text_video/package.dsv'
[3.349s] INFO:colcon.colcon_core.shell:Creating package script '/home/ricardo/rm_ws/install/topic_text_video/share/topic_text_video/package.sh'
[3.351s] INFO:colcon.colcon_core.shell:Creating package script '/home/ricardo/rm_ws/install/topic_text_video/share/topic_text_video/package.bash'
[3.353s] INFO:colcon.colcon_core.shell:Creating package script '/home/ricardo/rm_ws/install/topic_text_video/share/topic_text_video/package.zsh'
[3.355s] Level 1:colcon.colcon_core.environment:create_file_with_runtime_dependencies(/home/ricardo/rm_ws/install/topic_text_video/share/colcon-core/packages/topic_text_video)
[3.359s] DEBUG:colcon.colcon_core.event_handler.log_command:Invoked command in '/home/ricardo/rm_ws/src/laser_car_description' returned '0': PYTHONPATH=/home/ricardo/rm_ws/build/laser_car_description/prefix_override:/home/ricardo/rm_ws/install/laser_car_description/lib/python3.10/site-packages:${PYTHONPATH} /usr/bin/python3 setup.py egg_info --egg-base ../../build/laser_car_description build --build-base /home/ricardo/rm_ws/build/laser_car_description/build install --record /home/ricardo/rm_ws/build/laser_car_description/install.log --single-version-externally-managed
[3.370s] Level 1:colcon.colcon_core.environment:checking '/home/ricardo/rm_ws/install/laser_car_description' for CMake module files
[3.370s] Level 1:colcon.colcon_core.environment:checking '/home/ricardo/rm_ws/install/laser_car_description' for CMake config files
[3.371s] Level 1:colcon.colcon_core.environment:checking '/home/ricardo/rm_ws/install/laser_car_description/lib'
[3.371s] Level 1:colcon.colcon_core.environment:checking '/home/ricardo/rm_ws/install/laser_car_description/bin'
[3.371s] Level 1:colcon.colcon_core.environment:checking '/home/ricardo/rm_ws/install/laser_car_description/lib/pkgconfig/laser_car_description.pc'
[3.371s] Level 1:colcon.colcon_core.environment:checking '/home/ricardo/rm_ws/install/laser_car_description/lib/python3.10/site-packages'
[3.371s] Level 1:colcon.colcon_core.shell:create_environment_hook('laser_car_description', 'pythonpath')
[3.383s] INFO:colcon.colcon_core.shell:Creating environment hook '/home/ricardo/rm_ws/install/laser_car_description/share/laser_car_description/hook/pythonpath.ps1'
[3.384s] INFO:colcon.colcon_core.shell:Creating environment descriptor '/home/ricardo/rm_ws/install/laser_car_description/share/laser_car_description/hook/pythonpath.dsv'
[3.384s] INFO:colcon.colcon_core.shell:Creating environment hook '/home/ricardo/rm_ws/install/laser_car_description/share/laser_car_description/hook/pythonpath.sh'
[3.385s] Level 1:colcon.colcon_core.environment:checking '/home/ricardo/rm_ws/install/laser_car_description/bin'
[3.386s] Level 1:colcon.colcon_core.environment:create_environment_scripts_only(laser_car_description)
[3.397s] INFO:colcon.colcon_core.shell:Creating package script '/home/ricardo/rm_ws/install/laser_car_description/share/laser_car_description/package.ps1'
[3.398s] INFO:colcon.colcon_core.shell:Creating package descriptor '/home/ricardo/rm_ws/install/laser_car_description/share/laser_car_description/package.dsv'
[3.398s] INFO:colcon.colcon_core.shell:Creating package script '/home/ricardo/rm_ws/install/laser_car_description/share/laser_car_description/package.sh'
[3.399s] INFO:colcon.colcon_core.shell:Creating package script '/home/ricardo/rm_ws/install/laser_car_description/share/laser_car_description/package.bash'
[3.400s] INFO:colcon.colcon_core.shell:Creating package script '/home/ricardo/rm_ws/install/laser_car_description/share/laser_car_description/package.zsh'
[3.401s] Level 1:colcon.colcon_core.environment:create_file_with_runtime_dependencies(/home/ricardo/rm_ws/install/laser_car_description/share/colcon-core/packages/laser_car_description)
[3.401s] DEBUG:colcon.colcon_parallel_executor.executor.parallel:closing loop
[3.401s] DEBUG:colcon.colcon_parallel_executor.executor.parallel:loop closed
[3.401s] DEBUG:colcon.colcon_parallel_executor.executor.parallel:run_until_complete finished with '0'
[3.401s] DEBUG:colcon.colcon_core.event_reactor:joining thread
[3.423s] INFO:colcon.colcon_core.plugin_system:Skipping extension 'colcon_notification.desktop_notification.terminal_notifier': Not used on non-Darwin systems
[3.423s] INFO:colcon.colcon_core.plugin_system:Skipping extension 'colcon_notification.desktop_notification.win32': Not used on non-Windows systems
[3.424s] INFO:colcon.colcon_notification.desktop_notification:Sending desktop notification using 'notify2'
[3.455s] DEBUG:colcon.colcon_core.event_reactor:joined thread
[3.467s] INFO:colcon.colcon_core.shell:Creating prefix script '/home/ricardo/rm_ws/install/local_setup.ps1'
[3.469s] INFO:colcon.colcon_core.shell:Creating prefix util module '/home/ricardo/rm_ws/install/_local_setup_util_ps1.py'
[3.471s] INFO:colcon.colcon_core.shell:Creating prefix chain script '/home/ricardo/rm_ws/install/setup.ps1'
[3.484s] INFO:colcon.colcon_core.shell:Creating prefix script '/home/ricardo/rm_ws/install/local_setup.sh'
[3.486s] INFO:colcon.colcon_core.shell:Creating prefix util module '/home/ricardo/rm_ws/install/_local_setup_util_sh.py'
[3.487s] INFO:colcon.colcon_core.shell:Creating prefix chain script '/home/ricardo/rm_ws/install/setup.sh'
[3.499s] INFO:colcon.colcon_core.shell:Creating prefix script '/home/ricardo/rm_ws/install/local_setup.bash'
[3.501s] INFO:colcon.colcon_core.shell:Creating prefix chain script '/home/ricardo/rm_ws/install/setup.bash'
[3.514s] INFO:colcon.colcon_core.shell:Creating prefix script '/home/ricardo/rm_ws/install/local_setup.zsh'
[3.516s] INFO:colcon.colcon_core.shell:Creating prefix chain script '/home/ricardo/rm_ws/install/setup.zsh'
