running egg_info
writing ../../build/navigation2_cmd/navigation2_cmd.egg-info/PKG-INFO
writing dependency_links to ../../build/navigation2_cmd/navigation2_cmd.egg-info/dependency_links.txt
writing entry points to ../../build/navigation2_cmd/navigation2_cmd.egg-info/entry_points.txt
writing requirements to ../../build/navigation2_cmd/navigation2_cmd.egg-info/requires.txt
writing top-level names to ../../build/navigation2_cmd/navigation2_cmd.egg-info/top_level.txt
reading manifest file '../../build/navigation2_cmd/navigation2_cmd.egg-info/SOURCES.txt'
writing manifest file '../../build/navigation2_cmd/navigation2_cmd.egg-info/SOURCES.txt'
running build
running build_py
copying navigation2_cmd/loop.py -> /home/ricardo/rm_ws/build/navigation2_cmd/build/lib/navigation2_cmd
copying navigation2_cmd/init_robot_pose.py -> /home/ricardo/rm_ws/build/navigation2_cmd/build/lib/navigation2_cmd
running install
running install_lib
copying /home/ricardo/rm_ws/build/navigation2_cmd/build/lib/navigation2_cmd/loop.py -> /home/ricardo/rm_ws/install/navigation2_cmd/lib/python3.10/site-packages/navigation2_cmd
copying /home/ricardo/rm_ws/build/navigation2_cmd/build/lib/navigation2_cmd/init_robot_pose.py -> /home/ricardo/rm_ws/install/navigation2_cmd/lib/python3.10/site-packages/navigation2_cmd
byte-compiling /home/ricardo/rm_ws/install/navigation2_cmd/lib/python3.10/site-packages/navigation2_cmd/loop.py to loop.cpython-310.pyc
byte-compiling /home/ricardo/rm_ws/install/navigation2_cmd/lib/python3.10/site-packages/navigation2_cmd/init_robot_pose.py to init_robot_pose.cpython-310.pyc
running install_data
running install_egg_info
removing '/home/ricardo/rm_ws/install/navigation2_cmd/lib/python3.10/site-packages/navigation2_cmd-0.0.0-py3.10.egg-info' (and everything under it)
Copying ../../build/navigation2_cmd/navigation2_cmd.egg-info to /home/ricardo/rm_ws/install/navigation2_cmd/lib/python3.10/site-packages/navigation2_cmd-0.0.0-py3.10.egg-info
running install_scripts
Installing init_robot_pose script to /home/ricardo/rm_ws/install/navigation2_cmd/lib/navigation2_cmd
Installing loop script to /home/ricardo/rm_ws/install/navigation2_cmd/lib/navigation2_cmd
Installing receive_point_queue script to /home/ricardo/rm_ws/install/navigation2_cmd/lib/navigation2_cmd
writing list of installed files to '/home/ricardo/rm_ws/build/navigation2_cmd/install.log'
