[0.179s] Invoking command in '/home/ricardo/rm_ws/build/nav2_costmap_2d': CMAKE_PREFIX_PATH=/home/ricardo/rm_ws/install/nav2_map_server:/home/ricardo/rm_ws/install/nav2_lifecycle_manager:/home/ricardo/rm_ws/install/nav2_util:/home/ricardo/rm_ws/install/nav2_voxel_grid:/home/ricardo/rm_ws/install/nav2_msgs:/home/ricardo/rm_ws/install/nav2_common:/home/ricardo/rm_ws/install/navigation2:/home/ricardo/rm_ws/install/nav2_smoother:/home/ricardo/rm_ws/install/nav2_dwb_controller:/home/ricardo/rm_ws/install/nav2_controller:/home/ricardo/rm_ws/install/dwb_plugins:/home/ricardo/rm_ws/install/dwb_critics:/home/ricardo/rm_ws/install/dwb_core:/home/ricardo/rm_ws/install/nav_2d_utils:/home/ricardo/rm_ws/install/dwb_msgs:/home/ricardo/rm_ws/install/nav_2d_msgs:/home/ricardo/rm_ws/install/nav2_waypoint_follower:/home/ricardo/rm_ws/install/nav2_theta_star_planner:/home/ricardo/rm_ws/install/nav2_smac_planner:/home/ricardo/rm_ws/install/nav2_rotation_shim_controller:/home/ricardo/rm_ws/install/nav2_regulated_pure_pursuit_controller:/home/ricardo/rm_ws/install/nav2_planner:/home/ricardo/rm_ws/install/nav2_navfn_planner:/home/ricardo/rm_ws/install/nav2_mppi_controller:/home/ricardo/rm_ws/install/nav2_constrained_smoother:/home/ricardo/rm_ws/install/nav2_bt_navigator:/home/ricardo/rm_ws/install/nav2_behaviors:/home/ricardo/rm_ws/install/nav2_core:/home/ricardo/rm_ws/install/nav2_collision_monitor:/home/ricardo/rm_ws/install/costmap_queue:/home/ricardo/rm_ws/install/nav2_costmap_2d:/home/ricardo/rm_ws/install/nav2_velocity_smoother:/home/ricardo/rm_ws/install/nav2_rviz_plugins:/home/ricardo/rm_ws/install/nav2_behavior_tree:/home/ricardo/rm_ws/install/nav2_amcl:/home/ricardo/rm_ws/install/laser_car_cartographer:/home/ricardo/rm_ws/install/cartographer_ros:/home/ricardo/rm_ws/install/cartographer_ros_msgs:/home/ricardo/rm_ws/install/cartographer:/home/ricardo/rm_ws/install/topic_text_video:/home/ricardo/rm_ws/install/nav2_simple_commander:/home/ricardo/rm_ws/install/laser_car_description:/opt/ros/humble LD_LIBRARY_PATH=/home/ricardo/rm_ws/install/nav2_map_server/lib:/home/ricardo/rm_ws/install/nav2_lifecycle_manager/lib:/home/ricardo/rm_ws/install/nav2_util/lib:/home/ricardo/rm_ws/install/nav2_voxel_grid/lib:/home/ricardo/rm_ws/install/nav2_msgs/lib:/home/ricardo/rm_ws/install/nav2_smoother/lib:/home/ricardo/rm_ws/install/nav2_controller/lib:/home/ricardo/rm_ws/install/dwb_plugins/lib:/home/ricardo/rm_ws/install/dwb_critics/lib:/home/ricardo/rm_ws/install/dwb_core/lib:/home/ricardo/rm_ws/install/nav_2d_utils/lib:/home/ricardo/rm_ws/install/dwb_msgs/lib:/home/ricardo/rm_ws/install/nav_2d_msgs/lib:/home/ricardo/rm_ws/install/nav2_waypoint_follower/lib:/home/ricardo/rm_ws/install/nav2_theta_star_planner/lib:/home/ricardo/rm_ws/install/nav2_smac_planner/lib:/home/ricardo/rm_ws/install/nav2_rotation_shim_controller/lib:/home/ricardo/rm_ws/install/nav2_regulated_pure_pursuit_controller/lib:/home/ricardo/rm_ws/install/nav2_planner/lib:/home/ricardo/rm_ws/install/nav2_navfn_planner/lib:/home/ricardo/rm_ws/install/nav2_mppi_controller/lib:/home/ricardo/rm_ws/install/nav2_constrained_smoother/lib:/home/ricardo/rm_ws/install/nav2_bt_navigator/lib:/home/ricardo/rm_ws/install/nav2_behaviors/lib:/home/ricardo/rm_ws/install/nav2_collision_monitor/lib:/home/ricardo/rm_ws/install/costmap_queue/lib:/home/ricardo/rm_ws/install/nav2_costmap_2d/lib:/home/ricardo/rm_ws/install/nav2_velocity_smoother/lib:/home/ricardo/rm_ws/install/nav2_rviz_plugins/lib:/home/ricardo/rm_ws/install/nav2_behavior_tree/lib:/home/ricardo/rm_ws/install/nav2_amcl/lib:/home/ricardo/rm_ws/install/cartographer_ros/lib:/home/ricardo/rm_ws/install/cartographer_ros_msgs/lib:/usr/lib/x86_64-linux-gnu/gazebo-11/plugins:/opt/ros/humble/opt/rviz_ogre_vendor/lib:/opt/ros/humble/lib/x86_64-linux-gnu:/opt/ros/humble/lib /usr/bin/cmake --build /home/ricardo/rm_ws/build/nav2_costmap_2d -- -j8 -l8
[0.268s] [  2%] Built target gtest
[0.283s] [  4%] Built target gtest_main
[0.292s] [  7%] Built target order_layer
[0.298s] [ 24%] Built target nav2_costmap_2d_core
[0.354s] [ 26%] Built target nav2_costmap_2d_cloud
[0.363s] [ 29%] Built target array_parser_test
[0.375s] [ 31%] Built target nav2_costmap_2d_markers
[0.379s] [ 36%] Built target filters
[0.395s] [ 46%] Built target layers
[0.408s] [ 48%] Built target costmap_convesion_test
[0.416s] [ 51%] Built target collision_footprint_test
[0.421s] [ 56%] Built target nav2_costmap_2d_client
[0.445s] [ 58%] Built target copy_window_test
[0.447s] [ 60%] Built target costmap_filter_test
[0.449s] [ 63%] Built target declare_parameter_test
[0.457s] [ 65%] Built target costmap_filter_service_test
[0.458s] [ 70%] Built target denoise_layer_test
[0.535s] [ 73%] Built target test_collision_checker_exec
[0.537s] [ 75%] Built target footprint_tests_exec
[0.537s] [ 78%] Built target inflation_tests_exec
[0.538s] [ 80%] Built target obstacle_tests_exec
[0.539s] [ 82%] Built target dyn_params_tests
[0.549s] [ 85%] Built target costmap_bresenham_2d
[0.551s] [ 87%] Built target range_tests_exec
[0.555s] [ 90%] Built target plugin_api_order
[0.603s] [ 92%] Built target binary_filter_test
[0.603s] [ 95%] Built target nav2_costmap_2d
[0.610s] [ 97%] Built target keepout_filter_test
[0.620s] [100%] Built target speed_filter_test
[0.705s] Invoked command in '/home/ricardo/rm_ws/build/nav2_costmap_2d' returned '0': CMAKE_PREFIX_PATH=/home/ricardo/rm_ws/install/nav2_map_server:/home/ricardo/rm_ws/install/nav2_lifecycle_manager:/home/ricardo/rm_ws/install/nav2_util:/home/ricardo/rm_ws/install/nav2_voxel_grid:/home/ricardo/rm_ws/install/nav2_msgs:/home/ricardo/rm_ws/install/nav2_common:/home/ricardo/rm_ws/install/navigation2:/home/ricardo/rm_ws/install/nav2_smoother:/home/ricardo/rm_ws/install/nav2_dwb_controller:/home/ricardo/rm_ws/install/nav2_controller:/home/ricardo/rm_ws/install/dwb_plugins:/home/ricardo/rm_ws/install/dwb_critics:/home/ricardo/rm_ws/install/dwb_core:/home/ricardo/rm_ws/install/nav_2d_utils:/home/ricardo/rm_ws/install/dwb_msgs:/home/ricardo/rm_ws/install/nav_2d_msgs:/home/ricardo/rm_ws/install/nav2_waypoint_follower:/home/ricardo/rm_ws/install/nav2_theta_star_planner:/home/ricardo/rm_ws/install/nav2_smac_planner:/home/ricardo/rm_ws/install/nav2_rotation_shim_controller:/home/ricardo/rm_ws/install/nav2_regulated_pure_pursuit_controller:/home/ricardo/rm_ws/install/nav2_planner:/home/ricardo/rm_ws/install/nav2_navfn_planner:/home/ricardo/rm_ws/install/nav2_mppi_controller:/home/ricardo/rm_ws/install/nav2_constrained_smoother:/home/ricardo/rm_ws/install/nav2_bt_navigator:/home/ricardo/rm_ws/install/nav2_behaviors:/home/ricardo/rm_ws/install/nav2_core:/home/ricardo/rm_ws/install/nav2_collision_monitor:/home/ricardo/rm_ws/install/costmap_queue:/home/ricardo/rm_ws/install/nav2_costmap_2d:/home/ricardo/rm_ws/install/nav2_velocity_smoother:/home/ricardo/rm_ws/install/nav2_rviz_plugins:/home/ricardo/rm_ws/install/nav2_behavior_tree:/home/ricardo/rm_ws/install/nav2_amcl:/home/ricardo/rm_ws/install/laser_car_cartographer:/home/ricardo/rm_ws/install/cartographer_ros:/home/ricardo/rm_ws/install/cartographer_ros_msgs:/home/ricardo/rm_ws/install/cartographer:/home/ricardo/rm_ws/install/topic_text_video:/home/ricardo/rm_ws/install/nav2_simple_commander:/home/ricardo/rm_ws/install/laser_car_description:/opt/ros/humble LD_LIBRARY_PATH=/home/ricardo/rm_ws/install/nav2_map_server/lib:/home/ricardo/rm_ws/install/nav2_lifecycle_manager/lib:/home/ricardo/rm_ws/install/nav2_util/lib:/home/ricardo/rm_ws/install/nav2_voxel_grid/lib:/home/ricardo/rm_ws/install/nav2_msgs/lib:/home/ricardo/rm_ws/install/nav2_smoother/lib:/home/ricardo/rm_ws/install/nav2_controller/lib:/home/ricardo/rm_ws/install/dwb_plugins/lib:/home/ricardo/rm_ws/install/dwb_critics/lib:/home/ricardo/rm_ws/install/dwb_core/lib:/home/ricardo/rm_ws/install/nav_2d_utils/lib:/home/ricardo/rm_ws/install/dwb_msgs/lib:/home/ricardo/rm_ws/install/nav_2d_msgs/lib:/home/ricardo/rm_ws/install/nav2_waypoint_follower/lib:/home/ricardo/rm_ws/install/nav2_theta_star_planner/lib:/home/ricardo/rm_ws/install/nav2_smac_planner/lib:/home/ricardo/rm_ws/install/nav2_rotation_shim_controller/lib:/home/ricardo/rm_ws/install/nav2_regulated_pure_pursuit_controller/lib:/home/ricardo/rm_ws/install/nav2_planner/lib:/home/ricardo/rm_ws/install/nav2_navfn_planner/lib:/home/ricardo/rm_ws/install/nav2_mppi_controller/lib:/home/ricardo/rm_ws/install/nav2_constrained_smoother/lib:/home/ricardo/rm_ws/install/nav2_bt_navigator/lib:/home/ricardo/rm_ws/install/nav2_behaviors/lib:/home/ricardo/rm_ws/install/nav2_collision_monitor/lib:/home/ricardo/rm_ws/install/costmap_queue/lib:/home/ricardo/rm_ws/install/nav2_costmap_2d/lib:/home/ricardo/rm_ws/install/nav2_velocity_smoother/lib:/home/ricardo/rm_ws/install/nav2_rviz_plugins/lib:/home/ricardo/rm_ws/install/nav2_behavior_tree/lib:/home/ricardo/rm_ws/install/nav2_amcl/lib:/home/ricardo/rm_ws/install/cartographer_ros/lib:/home/ricardo/rm_ws/install/cartographer_ros_msgs/lib:/usr/lib/x86_64-linux-gnu/gazebo-11/plugins:/opt/ros/humble/opt/rviz_ogre_vendor/lib:/opt/ros/humble/lib/x86_64-linux-gnu:/opt/ros/humble/lib /usr/bin/cmake --build /home/ricardo/rm_ws/build/nav2_costmap_2d -- -j8 -l8
[1.111s] Invoking command in '/home/ricardo/rm_ws/build/nav2_costmap_2d': CMAKE_PREFIX_PATH=/home/ricardo/rm_ws/install/nav2_map_server:/home/ricardo/rm_ws/install/nav2_lifecycle_manager:/home/ricardo/rm_ws/install/nav2_util:/home/ricardo/rm_ws/install/nav2_voxel_grid:/home/ricardo/rm_ws/install/nav2_msgs:/home/ricardo/rm_ws/install/nav2_common:/home/ricardo/rm_ws/install/navigation2:/home/ricardo/rm_ws/install/nav2_smoother:/home/ricardo/rm_ws/install/nav2_dwb_controller:/home/ricardo/rm_ws/install/nav2_controller:/home/ricardo/rm_ws/install/dwb_plugins:/home/ricardo/rm_ws/install/dwb_critics:/home/ricardo/rm_ws/install/dwb_core:/home/ricardo/rm_ws/install/nav_2d_utils:/home/ricardo/rm_ws/install/dwb_msgs:/home/ricardo/rm_ws/install/nav_2d_msgs:/home/ricardo/rm_ws/install/nav2_waypoint_follower:/home/ricardo/rm_ws/install/nav2_theta_star_planner:/home/ricardo/rm_ws/install/nav2_smac_planner:/home/ricardo/rm_ws/install/nav2_rotation_shim_controller:/home/ricardo/rm_ws/install/nav2_regulated_pure_pursuit_controller:/home/ricardo/rm_ws/install/nav2_planner:/home/ricardo/rm_ws/install/nav2_navfn_planner:/home/ricardo/rm_ws/install/nav2_mppi_controller:/home/ricardo/rm_ws/install/nav2_constrained_smoother:/home/ricardo/rm_ws/install/nav2_bt_navigator:/home/ricardo/rm_ws/install/nav2_behaviors:/home/ricardo/rm_ws/install/nav2_core:/home/ricardo/rm_ws/install/nav2_collision_monitor:/home/ricardo/rm_ws/install/costmap_queue:/home/ricardo/rm_ws/install/nav2_costmap_2d:/home/ricardo/rm_ws/install/nav2_velocity_smoother:/home/ricardo/rm_ws/install/nav2_rviz_plugins:/home/ricardo/rm_ws/install/nav2_behavior_tree:/home/ricardo/rm_ws/install/nav2_amcl:/home/ricardo/rm_ws/install/laser_car_cartographer:/home/ricardo/rm_ws/install/cartographer_ros:/home/ricardo/rm_ws/install/cartographer_ros_msgs:/home/ricardo/rm_ws/install/cartographer:/home/ricardo/rm_ws/install/topic_text_video:/home/ricardo/rm_ws/install/nav2_simple_commander:/home/ricardo/rm_ws/install/laser_car_description:/opt/ros/humble LD_LIBRARY_PATH=/home/ricardo/rm_ws/install/nav2_map_server/lib:/home/ricardo/rm_ws/install/nav2_lifecycle_manager/lib:/home/ricardo/rm_ws/install/nav2_util/lib:/home/ricardo/rm_ws/install/nav2_voxel_grid/lib:/home/ricardo/rm_ws/install/nav2_msgs/lib:/home/ricardo/rm_ws/install/nav2_smoother/lib:/home/ricardo/rm_ws/install/nav2_controller/lib:/home/ricardo/rm_ws/install/dwb_plugins/lib:/home/ricardo/rm_ws/install/dwb_critics/lib:/home/ricardo/rm_ws/install/dwb_core/lib:/home/ricardo/rm_ws/install/nav_2d_utils/lib:/home/ricardo/rm_ws/install/dwb_msgs/lib:/home/ricardo/rm_ws/install/nav_2d_msgs/lib:/home/ricardo/rm_ws/install/nav2_waypoint_follower/lib:/home/ricardo/rm_ws/install/nav2_theta_star_planner/lib:/home/ricardo/rm_ws/install/nav2_smac_planner/lib:/home/ricardo/rm_ws/install/nav2_rotation_shim_controller/lib:/home/ricardo/rm_ws/install/nav2_regulated_pure_pursuit_controller/lib:/home/ricardo/rm_ws/install/nav2_planner/lib:/home/ricardo/rm_ws/install/nav2_navfn_planner/lib:/home/ricardo/rm_ws/install/nav2_mppi_controller/lib:/home/ricardo/rm_ws/install/nav2_constrained_smoother/lib:/home/ricardo/rm_ws/install/nav2_bt_navigator/lib:/home/ricardo/rm_ws/install/nav2_behaviors/lib:/home/ricardo/rm_ws/install/nav2_collision_monitor/lib:/home/ricardo/rm_ws/install/costmap_queue/lib:/home/ricardo/rm_ws/install/nav2_costmap_2d/lib:/home/ricardo/rm_ws/install/nav2_velocity_smoother/lib:/home/ricardo/rm_ws/install/nav2_rviz_plugins/lib:/home/ricardo/rm_ws/install/nav2_behavior_tree/lib:/home/ricardo/rm_ws/install/nav2_amcl/lib:/home/ricardo/rm_ws/install/cartographer_ros/lib:/home/ricardo/rm_ws/install/cartographer_ros_msgs/lib:/usr/lib/x86_64-linux-gnu/gazebo-11/plugins:/opt/ros/humble/opt/rviz_ogre_vendor/lib:/opt/ros/humble/lib/x86_64-linux-gnu:/opt/ros/humble/lib /usr/bin/cmake --install /home/ricardo/rm_ws/build/nav2_costmap_2d
[1.124s] -- Install configuration: "Release"
[1.124s] -- Up-to-date: /home/ricardo/rm_ws/install/nav2_costmap_2d/lib/libnav2_costmap_2d_core.so
[1.124s] -- Up-to-date: /home/ricardo/rm_ws/install/nav2_costmap_2d/lib/liblayers.so
[1.125s] -- Up-to-date: /home/ricardo/rm_ws/install/nav2_costmap_2d/lib/libfilters.so
[1.125s] -- Up-to-date: /home/ricardo/rm_ws/install/nav2_costmap_2d/lib/libnav2_costmap_2d_client.so
[1.125s] -- Up-to-date: /home/ricardo/rm_ws/install/nav2_costmap_2d/lib/nav2_costmap_2d/nav2_costmap_2d
[1.125s] -- Up-to-date: /home/ricardo/rm_ws/install/nav2_costmap_2d/lib/nav2_costmap_2d/nav2_costmap_2d_markers
[1.125s] -- Up-to-date: /home/ricardo/rm_ws/install/nav2_costmap_2d/lib/nav2_costmap_2d/nav2_costmap_2d_cloud
[1.127s] -- Up-to-date: /home/ricardo/rm_ws/install/nav2_costmap_2d/share/nav2_costmap_2d/costmap_plugins.xml
[1.128s] -- Up-to-date: /home/ricardo/rm_ws/install/nav2_costmap_2d/include/
[1.129s] -- Up-to-date: /home/ricardo/rm_ws/install/nav2_costmap_2d/include//nav2_costmap_2d
[1.129s] -- Up-to-date: /home/ricardo/rm_ws/install/nav2_costmap_2d/include//nav2_costmap_2d/static_layer.hpp
[1.130s] -- Up-to-date: /home/ricardo/rm_ws/install/nav2_costmap_2d/include//nav2_costmap_2d/footprint_collision_checker.hpp
[1.130s] -- Up-to-date: /home/ricardo/rm_ws/install/nav2_costmap_2d/include//nav2_costmap_2d/costmap_filters
[1.130s] -- Up-to-date: /home/ricardo/rm_ws/install/nav2_costmap_2d/include//nav2_costmap_2d/costmap_filters/binary_filter.hpp
[1.131s] -- Up-to-date: /home/ricardo/rm_ws/install/nav2_costmap_2d/include//nav2_costmap_2d/costmap_filters/filter_values.hpp
[1.131s] -- Up-to-date: /home/ricardo/rm_ws/install/nav2_costmap_2d/include//nav2_costmap_2d/costmap_filters/costmap_filter.hpp
[1.131s] -- Up-to-date: /home/ricardo/rm_ws/install/nav2_costmap_2d/include//nav2_costmap_2d/costmap_filters/speed_filter.hpp
[1.131s] -- Up-to-date: /home/ricardo/rm_ws/install/nav2_costmap_2d/include//nav2_costmap_2d/costmap_filters/keepout_filter.hpp
[1.133s] -- Up-to-date: /home/ricardo/rm_ws/install/nav2_costmap_2d/include//nav2_costmap_2d/costmap_topic_collision_checker.hpp
[1.133s] -- Up-to-date: /home/ricardo/rm_ws/install/nav2_costmap_2d/include//nav2_costmap_2d/clear_costmap_service.hpp
[1.134s] -- Up-to-date: /home/ricardo/rm_ws/install/nav2_costmap_2d/include//nav2_costmap_2d/cost_values.hpp
[1.135s] -- Up-to-date: /home/ricardo/rm_ws/install/nav2_costmap_2d/include//nav2_costmap_2d/observation_buffer.hpp
[1.136s] -- Up-to-date: /home/ricardo/rm_ws/install/nav2_costmap_2d/include//nav2_costmap_2d/layered_costmap.hpp
[1.136s] -- Up-to-date: /home/ricardo/rm_ws/install/nav2_costmap_2d/include//nav2_costmap_2d/range_sensor_layer.hpp
[1.136s] -- Up-to-date: /home/ricardo/rm_ws/install/nav2_costmap_2d/include//nav2_costmap_2d/footprint_subscriber.hpp
[1.136s] -- Up-to-date: /home/ricardo/rm_ws/install/nav2_costmap_2d/include//nav2_costmap_2d/observation.hpp
[1.136s] -- Up-to-date: /home/ricardo/rm_ws/install/nav2_costmap_2d/include//nav2_costmap_2d/layer.hpp
[1.136s] -- Up-to-date: /home/ricardo/rm_ws/install/nav2_costmap_2d/include//nav2_costmap_2d/exceptions.hpp
[1.136s] -- Up-to-date: /home/ricardo/rm_ws/install/nav2_costmap_2d/include//nav2_costmap_2d/costmap_math.hpp
[1.136s] -- Up-to-date: /home/ricardo/rm_ws/install/nav2_costmap_2d/include//nav2_costmap_2d/costmap_2d.hpp
[1.137s] -- Up-to-date: /home/ricardo/rm_ws/install/nav2_costmap_2d/include//nav2_costmap_2d/footprint.hpp
[1.137s] -- Up-to-date: /home/ricardo/rm_ws/install/nav2_costmap_2d/include//nav2_costmap_2d/costmap_layer.hpp
[1.137s] -- Up-to-date: /home/ricardo/rm_ws/install/nav2_costmap_2d/include//nav2_costmap_2d/inflation_layer.hpp
[1.137s] -- Up-to-date: /home/ricardo/rm_ws/install/nav2_costmap_2d/include//nav2_costmap_2d/costmap_2d_publisher.hpp
[1.137s] -- Up-to-date: /home/ricardo/rm_ws/install/nav2_costmap_2d/include//nav2_costmap_2d/costmap_subscriber.hpp
[1.137s] -- Up-to-date: /home/ricardo/rm_ws/install/nav2_costmap_2d/include//nav2_costmap_2d/costmap_2d_ros.hpp
[1.137s] -- Up-to-date: /home/ricardo/rm_ws/install/nav2_costmap_2d/include//nav2_costmap_2d/obstacle_layer.hpp
[1.137s] -- Up-to-date: /home/ricardo/rm_ws/install/nav2_costmap_2d/include//nav2_costmap_2d/array_parser.hpp
[1.137s] -- Up-to-date: /home/ricardo/rm_ws/install/nav2_costmap_2d/include//nav2_costmap_2d/denoise
[1.137s] -- Up-to-date: /home/ricardo/rm_ws/install/nav2_costmap_2d/include//nav2_costmap_2d/denoise/image_processing.hpp
[1.137s] -- Up-to-date: /home/ricardo/rm_ws/install/nav2_costmap_2d/include//nav2_costmap_2d/denoise/image.hpp
[1.138s] -- Up-to-date: /home/ricardo/rm_ws/install/nav2_costmap_2d/include//nav2_costmap_2d/denoise_layer.hpp
[1.140s] -- Up-to-date: /home/ricardo/rm_ws/install/nav2_costmap_2d/include//nav2_costmap_2d/voxel_layer.hpp
[1.140s] -- Up-to-date: /home/ricardo/rm_ws/install/nav2_costmap_2d/share/nav2_costmap_2d/test/regression/order_layer.xml
[1.140s] -- Up-to-date: /home/ricardo/rm_ws/install/nav2_costmap_2d/share/nav2_costmap_2d/environment/library_path.sh
[1.140s] -- Up-to-date: /home/ricardo/rm_ws/install/nav2_costmap_2d/share/nav2_costmap_2d/environment/library_path.dsv
[1.142s] -- Up-to-date: /home/ricardo/rm_ws/install/nav2_costmap_2d/share/nav2_costmap_2d/costmap_plugins.xml
[1.143s] -- Up-to-date: /home/ricardo/rm_ws/install/nav2_costmap_2d/share/ament_index/resource_index/package_run_dependencies/nav2_costmap_2d
[1.143s] -- Up-to-date: /home/ricardo/rm_ws/install/nav2_costmap_2d/share/ament_index/resource_index/parent_prefix_path/nav2_costmap_2d
[1.145s] -- Up-to-date: /home/ricardo/rm_ws/install/nav2_costmap_2d/share/nav2_costmap_2d/environment/ament_prefix_path.sh
[1.145s] -- Up-to-date: /home/ricardo/rm_ws/install/nav2_costmap_2d/share/nav2_costmap_2d/environment/ament_prefix_path.dsv
[1.146s] -- Up-to-date: /home/ricardo/rm_ws/install/nav2_costmap_2d/share/nav2_costmap_2d/environment/path.sh
[1.146s] -- Up-to-date: /home/ricardo/rm_ws/install/nav2_costmap_2d/share/nav2_costmap_2d/environment/path.dsv
[1.146s] -- Up-to-date: /home/ricardo/rm_ws/install/nav2_costmap_2d/share/nav2_costmap_2d/local_setup.bash
[1.146s] -- Up-to-date: /home/ricardo/rm_ws/install/nav2_costmap_2d/share/nav2_costmap_2d/local_setup.sh
[1.146s] -- Up-to-date: /home/ricardo/rm_ws/install/nav2_costmap_2d/share/nav2_costmap_2d/local_setup.zsh
[1.146s] -- Up-to-date: /home/ricardo/rm_ws/install/nav2_costmap_2d/share/nav2_costmap_2d/local_setup.dsv
[1.146s] -- Installing: /home/ricardo/rm_ws/install/nav2_costmap_2d/share/nav2_costmap_2d/package.dsv
[1.146s] -- Up-to-date: /home/ricardo/rm_ws/install/nav2_costmap_2d/share/ament_index/resource_index/packages/nav2_costmap_2d
[1.147s] -- Up-to-date: /home/ricardo/rm_ws/install/nav2_costmap_2d/share/ament_index/resource_index/nav2_costmap_2d__pluginlib__plugin/nav2_costmap_2d
[1.147s] -- Up-to-date: /home/ricardo/rm_ws/install/nav2_costmap_2d/share/nav2_costmap_2d/cmake/ament_cmake_export_include_directories-extras.cmake
[1.147s] -- Up-to-date: /home/ricardo/rm_ws/install/nav2_costmap_2d/share/nav2_costmap_2d/cmake/ament_cmake_export_libraries-extras.cmake
[1.147s] -- Up-to-date: /home/ricardo/rm_ws/install/nav2_costmap_2d/share/nav2_costmap_2d/cmake/ament_cmake_export_dependencies-extras.cmake
[1.147s] -- Up-to-date: /home/ricardo/rm_ws/install/nav2_costmap_2d/share/nav2_costmap_2d/cmake/nav2_costmap_2dConfig.cmake
[1.147s] -- Up-to-date: /home/ricardo/rm_ws/install/nav2_costmap_2d/share/nav2_costmap_2d/cmake/nav2_costmap_2dConfig-version.cmake
[1.148s] -- Up-to-date: /home/ricardo/rm_ws/install/nav2_costmap_2d/share/nav2_costmap_2d/package.xml
[1.154s] -- Up-to-date: /home/ricardo/rm_ws/install/nav2_costmap_2d/lib/liborder_layer.so
[1.160s] Invoked command in '/home/ricardo/rm_ws/build/nav2_costmap_2d' returned '0': CMAKE_PREFIX_PATH=/home/ricardo/rm_ws/install/nav2_map_server:/home/ricardo/rm_ws/install/nav2_lifecycle_manager:/home/ricardo/rm_ws/install/nav2_util:/home/ricardo/rm_ws/install/nav2_voxel_grid:/home/ricardo/rm_ws/install/nav2_msgs:/home/ricardo/rm_ws/install/nav2_common:/home/ricardo/rm_ws/install/navigation2:/home/ricardo/rm_ws/install/nav2_smoother:/home/ricardo/rm_ws/install/nav2_dwb_controller:/home/ricardo/rm_ws/install/nav2_controller:/home/ricardo/rm_ws/install/dwb_plugins:/home/ricardo/rm_ws/install/dwb_critics:/home/ricardo/rm_ws/install/dwb_core:/home/ricardo/rm_ws/install/nav_2d_utils:/home/ricardo/rm_ws/install/dwb_msgs:/home/ricardo/rm_ws/install/nav_2d_msgs:/home/ricardo/rm_ws/install/nav2_waypoint_follower:/home/ricardo/rm_ws/install/nav2_theta_star_planner:/home/ricardo/rm_ws/install/nav2_smac_planner:/home/ricardo/rm_ws/install/nav2_rotation_shim_controller:/home/ricardo/rm_ws/install/nav2_regulated_pure_pursuit_controller:/home/ricardo/rm_ws/install/nav2_planner:/home/ricardo/rm_ws/install/nav2_navfn_planner:/home/ricardo/rm_ws/install/nav2_mppi_controller:/home/ricardo/rm_ws/install/nav2_constrained_smoother:/home/ricardo/rm_ws/install/nav2_bt_navigator:/home/ricardo/rm_ws/install/nav2_behaviors:/home/ricardo/rm_ws/install/nav2_core:/home/ricardo/rm_ws/install/nav2_collision_monitor:/home/ricardo/rm_ws/install/costmap_queue:/home/ricardo/rm_ws/install/nav2_costmap_2d:/home/ricardo/rm_ws/install/nav2_velocity_smoother:/home/ricardo/rm_ws/install/nav2_rviz_plugins:/home/ricardo/rm_ws/install/nav2_behavior_tree:/home/ricardo/rm_ws/install/nav2_amcl:/home/ricardo/rm_ws/install/laser_car_cartographer:/home/ricardo/rm_ws/install/cartographer_ros:/home/ricardo/rm_ws/install/cartographer_ros_msgs:/home/ricardo/rm_ws/install/cartographer:/home/ricardo/rm_ws/install/topic_text_video:/home/ricardo/rm_ws/install/nav2_simple_commander:/home/ricardo/rm_ws/install/laser_car_description:/opt/ros/humble LD_LIBRARY_PATH=/home/ricardo/rm_ws/install/nav2_map_server/lib:/home/ricardo/rm_ws/install/nav2_lifecycle_manager/lib:/home/ricardo/rm_ws/install/nav2_util/lib:/home/ricardo/rm_ws/install/nav2_voxel_grid/lib:/home/ricardo/rm_ws/install/nav2_msgs/lib:/home/ricardo/rm_ws/install/nav2_smoother/lib:/home/ricardo/rm_ws/install/nav2_controller/lib:/home/ricardo/rm_ws/install/dwb_plugins/lib:/home/ricardo/rm_ws/install/dwb_critics/lib:/home/ricardo/rm_ws/install/dwb_core/lib:/home/ricardo/rm_ws/install/nav_2d_utils/lib:/home/ricardo/rm_ws/install/dwb_msgs/lib:/home/ricardo/rm_ws/install/nav_2d_msgs/lib:/home/ricardo/rm_ws/install/nav2_waypoint_follower/lib:/home/ricardo/rm_ws/install/nav2_theta_star_planner/lib:/home/ricardo/rm_ws/install/nav2_smac_planner/lib:/home/ricardo/rm_ws/install/nav2_rotation_shim_controller/lib:/home/ricardo/rm_ws/install/nav2_regulated_pure_pursuit_controller/lib:/home/ricardo/rm_ws/install/nav2_planner/lib:/home/ricardo/rm_ws/install/nav2_navfn_planner/lib:/home/ricardo/rm_ws/install/nav2_mppi_controller/lib:/home/ricardo/rm_ws/install/nav2_constrained_smoother/lib:/home/ricardo/rm_ws/install/nav2_bt_navigator/lib:/home/ricardo/rm_ws/install/nav2_behaviors/lib:/home/ricardo/rm_ws/install/nav2_collision_monitor/lib:/home/ricardo/rm_ws/install/costmap_queue/lib:/home/ricardo/rm_ws/install/nav2_costmap_2d/lib:/home/ricardo/rm_ws/install/nav2_velocity_smoother/lib:/home/ricardo/rm_ws/install/nav2_rviz_plugins/lib:/home/ricardo/rm_ws/install/nav2_behavior_tree/lib:/home/ricardo/rm_ws/install/nav2_amcl/lib:/home/ricardo/rm_ws/install/cartographer_ros/lib:/home/ricardo/rm_ws/install/cartographer_ros_msgs/lib:/usr/lib/x86_64-linux-gnu/gazebo-11/plugins:/opt/ros/humble/opt/rviz_ogre_vendor/lib:/opt/ros/humble/lib/x86_64-linux-gnu:/opt/ros/humble/lib /usr/bin/cmake --install /home/ricardo/rm_ws/build/nav2_costmap_2d
