running egg_info
creating ../../build/navigation2_cmd/navigation2_cmd.egg-info
writing ../../build/navigation2_cmd/navigation2_cmd.egg-info/PKG-INFO
writing dependency_links to ../../build/navigation2_cmd/navigation2_cmd.egg-info/dependency_links.txt
writing entry points to ../../build/navigation2_cmd/navigation2_cmd.egg-info/entry_points.txt
writing requirements to ../../build/navigation2_cmd/navigation2_cmd.egg-info/requires.txt
writing top-level names to ../../build/navigation2_cmd/navigation2_cmd.egg-info/top_level.txt
writing manifest file '../../build/navigation2_cmd/navigation2_cmd.egg-info/SOURCES.txt'
reading manifest file '../../build/navigation2_cmd/navigation2_cmd.egg-info/SOURCES.txt'
writing manifest file '../../build/navigation2_cmd/navigation2_cmd.egg-info/SOURCES.txt'
running build
running build_py
creating /home/ricardo/rm_ws/build/navigation2_cmd/build
creating /home/ricardo/rm_ws/build/navigation2_cmd/build/lib
creating /home/ricardo/rm_ws/build/navigation2_cmd/build/lib/navigation2_cmd
copying navigation2_cmd/__init__.py -> /home/ricardo/rm_ws/build/navigation2_cmd/build/lib/navigation2_cmd
copying navigation2_cmd/setInit.py -> /home/ricardo/rm_ws/build/navigation2_cmd/build/lib/navigation2_cmd
running install
running install_lib
creating /home/ricardo/rm_ws/install/navigation2_cmd/lib/python3.10/site-packages/navigation2_cmd
copying /home/ricardo/rm_ws/build/navigation2_cmd/build/lib/navigation2_cmd/__init__.py -> /home/ricardo/rm_ws/install/navigation2_cmd/lib/python3.10/site-packages/navigation2_cmd
copying /home/ricardo/rm_ws/build/navigation2_cmd/build/lib/navigation2_cmd/setInit.py -> /home/ricardo/rm_ws/install/navigation2_cmd/lib/python3.10/site-packages/navigation2_cmd
byte-compiling /home/ricardo/rm_ws/install/navigation2_cmd/lib/python3.10/site-packages/navigation2_cmd/__init__.py to __init__.cpython-310.pyc
byte-compiling /home/ricardo/rm_ws/install/navigation2_cmd/lib/python3.10/site-packages/navigation2_cmd/setInit.py to setInit.cpython-310.pyc
running install_data
creating /home/ricardo/rm_ws/install/navigation2_cmd/share/ament_index
creating /home/ricardo/rm_ws/install/navigation2_cmd/share/ament_index/resource_index
creating /home/ricardo/rm_ws/install/navigation2_cmd/share/ament_index/resource_index/packages
copying resource/navigation2_cmd -> /home/ricardo/rm_ws/install/navigation2_cmd/share/ament_index/resource_index/packages
copying package.xml -> /home/ricardo/rm_ws/install/navigation2_cmd/share/navigation2_cmd
running install_egg_info
Copying ../../build/navigation2_cmd/navigation2_cmd.egg-info to /home/ricardo/rm_ws/install/navigation2_cmd/lib/python3.10/site-packages/navigation2_cmd-0.0.0-py3.10.egg-info
running install_scripts
Installing setInit script to /home/ricardo/rm_ws/install/navigation2_cmd/lib/navigation2_cmd
writing list of installed files to '/home/ricardo/rm_ws/build/navigation2_cmd/install.log'
