[0.797s] Invoking command in '/home/ricardo/rm_ws/src/navigation2_cmd': PYTHONPATH=/home/ricardo/rm_ws/build/navigation2_cmd/prefix_override:/home/ricardo/rm_ws/install/navigation2_cmd/lib/python3.10/site-packages:${PYTHONPATH} /usr/bin/python3 setup.py egg_info --egg-base ../../build/navigation2_cmd build --build-base /home/ricardo/rm_ws/build/navigation2_cmd/build install --record /home/ricardo/rm_ws/build/navigation2_cmd/install.log --single-version-externally-managed
[0.993s] running egg_info
[0.993s] creating ../../build/navigation2_cmd/navigation2_cmd.egg-info
[0.995s] writing ../../build/navigation2_cmd/navigation2_cmd.egg-info/PKG-INFO
[0.995s] writing dependency_links to ../../build/navigation2_cmd/navigation2_cmd.egg-info/dependency_links.txt
[0.995s] writing entry points to ../../build/navigation2_cmd/navigation2_cmd.egg-info/entry_points.txt
[0.995s] writing requirements to ../../build/navigation2_cmd/navigation2_cmd.egg-info/requires.txt
[0.995s] writing top-level names to ../../build/navigation2_cmd/navigation2_cmd.egg-info/top_level.txt
[0.995s] writing manifest file '../../build/navigation2_cmd/navigation2_cmd.egg-info/SOURCES.txt'
[0.995s] reading manifest file '../../build/navigation2_cmd/navigation2_cmd.egg-info/SOURCES.txt'
[0.996s] writing manifest file '../../build/navigation2_cmd/navigation2_cmd.egg-info/SOURCES.txt'
[0.996s] running build
[0.996s] running build_py
[0.996s] creating /home/ricardo/rm_ws/build/navigation2_cmd/build
[0.997s] creating /home/ricardo/rm_ws/build/navigation2_cmd/build/lib
[0.997s] creating /home/ricardo/rm_ws/build/navigation2_cmd/build/lib/navigation2_cmd
[0.997s] copying navigation2_cmd/__init__.py -> /home/ricardo/rm_ws/build/navigation2_cmd/build/lib/navigation2_cmd
[0.997s] copying navigation2_cmd/setInit.py -> /home/ricardo/rm_ws/build/navigation2_cmd/build/lib/navigation2_cmd
[0.997s] running install
[0.997s] /usr/lib/python3/dist-packages/setuptools/command/install.py:34: SetuptoolsDeprecationWarning: setup.py install is deprecated. Use build and pip and other standards-based tools.
[0.997s]   warnings.warn(
[0.997s] running install_lib
[0.998s] creating /home/ricardo/rm_ws/install/navigation2_cmd/lib/python3.10/site-packages/navigation2_cmd
[0.998s] copying /home/ricardo/rm_ws/build/navigation2_cmd/build/lib/navigation2_cmd/__init__.py -> /home/ricardo/rm_ws/install/navigation2_cmd/lib/python3.10/site-packages/navigation2_cmd
[0.998s] copying /home/ricardo/rm_ws/build/navigation2_cmd/build/lib/navigation2_cmd/setInit.py -> /home/ricardo/rm_ws/install/navigation2_cmd/lib/python3.10/site-packages/navigation2_cmd
[0.999s] byte-compiling /home/ricardo/rm_ws/install/navigation2_cmd/lib/python3.10/site-packages/navigation2_cmd/__init__.py to __init__.cpython-310.pyc
[0.999s] byte-compiling /home/ricardo/rm_ws/install/navigation2_cmd/lib/python3.10/site-packages/navigation2_cmd/setInit.py to setInit.cpython-310.pyc
[0.999s] running install_data
[1.000s] creating /home/ricardo/rm_ws/install/navigation2_cmd/share/ament_index
[1.000s] creating /home/ricardo/rm_ws/install/navigation2_cmd/share/ament_index/resource_index
[1.000s] creating /home/ricardo/rm_ws/install/navigation2_cmd/share/ament_index/resource_index/packages
[1.000s] copying resource/navigation2_cmd -> /home/ricardo/rm_ws/install/navigation2_cmd/share/ament_index/resource_index/packages
[1.000s] copying package.xml -> /home/ricardo/rm_ws/install/navigation2_cmd/share/navigation2_cmd
[1.000s] running install_egg_info
[1.002s] Copying ../../build/navigation2_cmd/navigation2_cmd.egg-info to /home/ricardo/rm_ws/install/navigation2_cmd/lib/python3.10/site-packages/navigation2_cmd-0.0.0-py3.10.egg-info
[1.002s] running install_scripts
[1.021s] Installing setInit script to /home/ricardo/rm_ws/install/navigation2_cmd/lib/navigation2_cmd
[1.022s] writing list of installed files to '/home/ricardo/rm_ws/build/navigation2_cmd/install.log'
[1.054s] Invoked command in '/home/ricardo/rm_ws/src/navigation2_cmd' returned '0': PYTHONPATH=/home/ricardo/rm_ws/build/navigation2_cmd/prefix_override:/home/ricardo/rm_ws/install/navigation2_cmd/lib/python3.10/site-packages:${PYTHONPATH} /usr/bin/python3 setup.py egg_info --egg-base ../../build/navigation2_cmd build --build-base /home/ricardo/rm_ws/build/navigation2_cmd/build install --record /home/ricardo/rm_ws/build/navigation2_cmd/install.log --single-version-externally-managed
