[0.811s] DEBUG:colcon:Command line arguments: ['/usr/bin/colcon', 'build', '--packages-up-to', 'cartographer_ros']
[0.811s] DEBUG:colcon:Parsed command line arguments: Namespace(log_base=None, log_level=None, verb_name='build', build_base='build', install_base='install', merge_install=False, symlink_install=False, test_result_base=None, continue_on_error=False, executor='parallel', parallel_workers=8, event_handlers=None, ignore_user_meta=False, metas=['./colcon.meta'], base_paths=['.'], packages_ignore=None, packages_ignore_regex=None, paths=None, packages_up_to=['cartographer_ros'], packages_up_to_regex=None, packages_above=None, packages_above_and_dependencies=None, packages_above_depth=None, packages_select_by_dep=None, packages_skip_by_dep=None, packages_skip_up_to=None, packages_select_build_failed=False, packages_skip_build_finished=False, packages_select_test_failures=False, packages_skip_test_passed=False, packages_select=None, packages_skip=None, packages_select_regex=None, packages_skip_regex=None, packages_start=None, packages_end=None, allow_overriding=[], cmake_args=None, cmake_target=None, cmake_target_skip_unavailable=False, cmake_clean_cache=False, cmake_clean_first=False, cmake_force_configure=False, ament_cmake_args=None, catkin_cmake_args=None, catkin_skip_building_tests=False, verb_parser=<colcon_defaults.argument_parser.defaults.DefaultArgumentsDecorator object at 0x7f2989459000>, verb_extension=<colcon_core.verb.build.BuildVerb object at 0x7f29894580a0>, main=<bound method BuildVerb.main of <colcon_core.verb.build.BuildVerb object at 0x7f29894580a0>>)
[0.850s] Level 1:colcon.colcon_core.package_discovery:discover_packages(colcon_meta) check parameters
[0.850s] Level 1:colcon.colcon_core.package_discovery:discover_packages(recursive) check parameters
[0.850s] Level 1:colcon.colcon_core.package_discovery:discover_packages(ignore) check parameters
[0.850s] Level 1:colcon.colcon_core.package_discovery:discover_packages(path) check parameters
[0.850s] Level 1:colcon.colcon_core.package_discovery:discover_packages(colcon_meta) discover
[0.850s] Level 1:colcon.colcon_core.package_discovery:discover_packages(recursive) discover
[0.850s] INFO:colcon.colcon_core.package_discovery:Crawling recursively for packages in '/home/ricardo/rm_ws'
[0.850s] Level 1:colcon.colcon_core.package_identification:_identify(.) by extensions ['ignore', 'ignore_ament_install']
[0.851s] Level 1:colcon.colcon_core.package_identification:_identify(.) by extension 'ignore'
[0.851s] Level 1:colcon.colcon_core.package_identification:_identify(.) by extension 'ignore_ament_install'
[0.851s] Level 1:colcon.colcon_core.package_identification:_identify(.) by extensions ['colcon_pkg']
[0.851s] Level 1:colcon.colcon_core.package_identification:_identify(.) by extension 'colcon_pkg'
[0.851s] Level 1:colcon.colcon_core.package_identification:_identify(.) by extensions ['colcon_meta']
[0.851s] Level 1:colcon.colcon_core.package_identification:_identify(.) by extension 'colcon_meta'
[0.851s] Level 1:colcon.colcon_core.package_identification:_identify(.) by extensions ['ros']
[0.851s] Level 1:colcon.colcon_core.package_identification:_identify(.) by extension 'ros'
[0.861s] Level 1:colcon.colcon_core.package_identification:_identify(.) by extensions ['cmake', 'python']
[0.861s] Level 1:colcon.colcon_core.package_identification:_identify(.) by extension 'cmake'
[0.861s] Level 1:colcon.colcon_core.package_identification:_identify(.) by extension 'python'
[0.861s] Level 1:colcon.colcon_core.package_identification:_identify(.) by extensions ['python_setup_py']
[0.861s] Level 1:colcon.colcon_core.package_identification:_identify(.) by extension 'python_setup_py'
[0.861s] Level 1:colcon.colcon_core.package_identification:_identify(build) by extensions ['ignore', 'ignore_ament_install']
[0.861s] Level 1:colcon.colcon_core.package_identification:_identify(build) by extension 'ignore'
[0.861s] Level 1:colcon.colcon_core.package_identification:_identify(build) ignored
[0.861s] Level 1:colcon.colcon_core.package_identification:_identify(install) by extensions ['ignore', 'ignore_ament_install']
[0.862s] Level 1:colcon.colcon_core.package_identification:_identify(install) by extension 'ignore'
[0.862s] Level 1:colcon.colcon_core.package_identification:_identify(install) ignored
[0.862s] Level 1:colcon.colcon_core.package_identification:_identify(log) by extensions ['ignore', 'ignore_ament_install']
[0.862s] Level 1:colcon.colcon_core.package_identification:_identify(log) by extension 'ignore'
[0.862s] Level 1:colcon.colcon_core.package_identification:_identify(log) ignored
[0.862s] Level 1:colcon.colcon_core.package_identification:_identify(src) by extensions ['ignore', 'ignore_ament_install']
[0.862s] Level 1:colcon.colcon_core.package_identification:_identify(src) by extension 'ignore'
[0.862s] Level 1:colcon.colcon_core.package_identification:_identify(src) by extension 'ignore_ament_install'
[0.862s] Level 1:colcon.colcon_core.package_identification:_identify(src) by extensions ['colcon_pkg']
[0.862s] Level 1:colcon.colcon_core.package_identification:_identify(src) by extension 'colcon_pkg'
[0.862s] Level 1:colcon.colcon_core.package_identification:_identify(src) by extensions ['colcon_meta']
[0.862s] Level 1:colcon.colcon_core.package_identification:_identify(src) by extension 'colcon_meta'
[0.862s] Level 1:colcon.colcon_core.package_identification:_identify(src) by extensions ['ros']
[0.862s] Level 1:colcon.colcon_core.package_identification:_identify(src) by extension 'ros'
[0.862s] Level 1:colcon.colcon_core.package_identification:_identify(src) by extensions ['cmake', 'python']
[0.862s] Level 1:colcon.colcon_core.package_identification:_identify(src) by extension 'cmake'
[0.862s] Level 1:colcon.colcon_core.package_identification:_identify(src) by extension 'python'
[0.862s] Level 1:colcon.colcon_core.package_identification:_identify(src) by extensions ['python_setup_py']
[0.862s] Level 1:colcon.colcon_core.package_identification:_identify(src) by extension 'python_setup_py'
[0.862s] Level 1:colcon.colcon_core.package_identification:_identify(src/cartographer) by extensions ['ignore', 'ignore_ament_install']
[0.863s] Level 1:colcon.colcon_core.package_identification:_identify(src/cartographer) by extension 'ignore'
[0.863s] Level 1:colcon.colcon_core.package_identification:_identify(src/cartographer) by extension 'ignore_ament_install'
[0.863s] Level 1:colcon.colcon_core.package_identification:_identify(src/cartographer) by extensions ['colcon_pkg']
[0.863s] Level 1:colcon.colcon_core.package_identification:_identify(src/cartographer) by extension 'colcon_pkg'
[0.863s] Level 1:colcon.colcon_core.package_identification:_identify(src/cartographer) by extensions ['colcon_meta']
[0.863s] Level 1:colcon.colcon_core.package_identification:_identify(src/cartographer) by extension 'colcon_meta'
[0.863s] Level 1:colcon.colcon_core.package_identification:_identify(src/cartographer) by extensions ['ros']
[0.863s] Level 1:colcon.colcon_core.package_identification:_identify(src/cartographer) by extension 'ros'
[0.866s] DEBUG:colcon.colcon_core.package_identification:Package 'src/cartographer' with type 'ros.cmake' and name 'cartographer'
[0.866s] Level 1:colcon.colcon_core.package_identification:_identify(src/cartographer_ros) by extensions ['ignore', 'ignore_ament_install']
[0.866s] Level 1:colcon.colcon_core.package_identification:_identify(src/cartographer_ros) by extension 'ignore'
[0.866s] Level 1:colcon.colcon_core.package_identification:_identify(src/cartographer_ros) by extension 'ignore_ament_install'
[0.866s] Level 1:colcon.colcon_core.package_identification:_identify(src/cartographer_ros) by extensions ['colcon_pkg']
[0.866s] Level 1:colcon.colcon_core.package_identification:_identify(src/cartographer_ros) by extension 'colcon_pkg'
[0.866s] Level 1:colcon.colcon_core.package_identification:_identify(src/cartographer_ros) by extensions ['colcon_meta']
[0.866s] Level 1:colcon.colcon_core.package_identification:_identify(src/cartographer_ros) by extension 'colcon_meta'
[0.866s] Level 1:colcon.colcon_core.package_identification:_identify(src/cartographer_ros) by extensions ['ros']
[0.866s] Level 1:colcon.colcon_core.package_identification:_identify(src/cartographer_ros) by extension 'ros'
[0.866s] Level 1:colcon.colcon_core.package_identification:_identify(src/cartographer_ros) by extensions ['cmake', 'python']
[0.866s] Level 1:colcon.colcon_core.package_identification:_identify(src/cartographer_ros) by extension 'cmake'
[0.866s] Level 1:colcon.colcon_core.package_identification:_identify(src/cartographer_ros) by extension 'python'
[0.866s] Level 1:colcon.colcon_core.package_identification:_identify(src/cartographer_ros) by extensions ['python_setup_py']
[0.866s] Level 1:colcon.colcon_core.package_identification:_identify(src/cartographer_ros) by extension 'python_setup_py'
[0.866s] Level 1:colcon.colcon_core.package_identification:_identify(src/cartographer_ros/cartographer_ros) by extensions ['ignore', 'ignore_ament_install']
[0.867s] Level 1:colcon.colcon_core.package_identification:_identify(src/cartographer_ros/cartographer_ros) by extension 'ignore'
[0.867s] Level 1:colcon.colcon_core.package_identification:_identify(src/cartographer_ros/cartographer_ros) by extension 'ignore_ament_install'
[0.867s] Level 1:colcon.colcon_core.package_identification:_identify(src/cartographer_ros/cartographer_ros) by extensions ['colcon_pkg']
[0.867s] Level 1:colcon.colcon_core.package_identification:_identify(src/cartographer_ros/cartographer_ros) by extension 'colcon_pkg'
[0.867s] Level 1:colcon.colcon_core.package_identification:_identify(src/cartographer_ros/cartographer_ros) by extensions ['colcon_meta']
[0.867s] Level 1:colcon.colcon_core.package_identification:_identify(src/cartographer_ros/cartographer_ros) by extension 'colcon_meta'
[0.867s] Level 1:colcon.colcon_core.package_identification:_identify(src/cartographer_ros/cartographer_ros) by extensions ['ros']
[0.867s] Level 1:colcon.colcon_core.package_identification:_identify(src/cartographer_ros/cartographer_ros) by extension 'ros'
[0.869s] DEBUG:colcon.colcon_core.package_identification:Package 'src/cartographer_ros/cartographer_ros' with type 'ros.ament_cmake' and name 'cartographer_ros'
[0.869s] Level 1:colcon.colcon_core.package_identification:_identify(src/cartographer_ros/cartographer_ros_msgs) by extensions ['ignore', 'ignore_ament_install']
[0.869s] Level 1:colcon.colcon_core.package_identification:_identify(src/cartographer_ros/cartographer_ros_msgs) by extension 'ignore'
[0.869s] Level 1:colcon.colcon_core.package_identification:_identify(src/cartographer_ros/cartographer_ros_msgs) by extension 'ignore_ament_install'
[0.869s] Level 1:colcon.colcon_core.package_identification:_identify(src/cartographer_ros/cartographer_ros_msgs) by extensions ['colcon_pkg']
[0.869s] Level 1:colcon.colcon_core.package_identification:_identify(src/cartographer_ros/cartographer_ros_msgs) by extension 'colcon_pkg'
[0.869s] Level 1:colcon.colcon_core.package_identification:_identify(src/cartographer_ros/cartographer_ros_msgs) by extensions ['colcon_meta']
[0.869s] Level 1:colcon.colcon_core.package_identification:_identify(src/cartographer_ros/cartographer_ros_msgs) by extension 'colcon_meta'
[0.869s] Level 1:colcon.colcon_core.package_identification:_identify(src/cartographer_ros/cartographer_ros_msgs) by extensions ['ros']
[0.869s] Level 1:colcon.colcon_core.package_identification:_identify(src/cartographer_ros/cartographer_ros_msgs) by extension 'ros'
[0.870s] DEBUG:colcon.colcon_core.package_identification:Package 'src/cartographer_ros/cartographer_ros_msgs' with type 'ros.ament_cmake' and name 'cartographer_ros_msgs'
[0.870s] Level 1:colcon.colcon_core.package_identification:_identify(src/cartographer_ros/cartographer_rviz) by extensions ['ignore', 'ignore_ament_install']
[0.870s] Level 1:colcon.colcon_core.package_identification:_identify(src/cartographer_ros/cartographer_rviz) by extension 'ignore'
[0.870s] Level 1:colcon.colcon_core.package_identification:_identify(src/cartographer_ros/cartographer_rviz) by extension 'ignore_ament_install'
[0.870s] Level 1:colcon.colcon_core.package_identification:_identify(src/cartographer_ros/cartographer_rviz) by extensions ['colcon_pkg']
[0.870s] Level 1:colcon.colcon_core.package_identification:_identify(src/cartographer_ros/cartographer_rviz) by extension 'colcon_pkg'
[0.871s] Level 1:colcon.colcon_core.package_identification:_identify(src/cartographer_ros/cartographer_rviz) by extensions ['colcon_meta']
[0.871s] Level 1:colcon.colcon_core.package_identification:_identify(src/cartographer_ros/cartographer_rviz) by extension 'colcon_meta'
[0.871s] Level 1:colcon.colcon_core.package_identification:_identify(src/cartographer_ros/cartographer_rviz) by extensions ['ros']
[0.871s] Level 1:colcon.colcon_core.package_identification:_identify(src/cartographer_ros/cartographer_rviz) by extension 'ros'
[0.872s] DEBUG:colcon.colcon_core.package_identification:Package 'src/cartographer_ros/cartographer_rviz' with type 'ros.ament_cmake' and name 'cartographer_rviz'
[0.872s] Level 1:colcon.colcon_core.package_identification:_identify(src/cartographer_ros/docs) by extensions ['ignore', 'ignore_ament_install']
[0.872s] Level 1:colcon.colcon_core.package_identification:_identify(src/cartographer_ros/docs) by extension 'ignore'
[0.872s] Level 1:colcon.colcon_core.package_identification:_identify(src/cartographer_ros/docs) ignored
[0.872s] Level 1:colcon.colcon_core.package_identification:_identify(src/cartographer_ros/scripts) by extensions ['ignore', 'ignore_ament_install']
[0.872s] Level 1:colcon.colcon_core.package_identification:_identify(src/cartographer_ros/scripts) by extension 'ignore'
[0.872s] Level 1:colcon.colcon_core.package_identification:_identify(src/cartographer_ros/scripts) by extension 'ignore_ament_install'
[0.872s] Level 1:colcon.colcon_core.package_identification:_identify(src/cartographer_ros/scripts) by extensions ['colcon_pkg']
[0.872s] Level 1:colcon.colcon_core.package_identification:_identify(src/cartographer_ros/scripts) by extension 'colcon_pkg'
[0.872s] Level 1:colcon.colcon_core.package_identification:_identify(src/cartographer_ros/scripts) by extensions ['colcon_meta']
[0.872s] Level 1:colcon.colcon_core.package_identification:_identify(src/cartographer_ros/scripts) by extension 'colcon_meta'
[0.872s] Level 1:colcon.colcon_core.package_identification:_identify(src/cartographer_ros/scripts) by extensions ['ros']
[0.872s] Level 1:colcon.colcon_core.package_identification:_identify(src/cartographer_ros/scripts) by extension 'ros'
[0.872s] Level 1:colcon.colcon_core.package_identification:_identify(src/cartographer_ros/scripts) by extensions ['cmake', 'python']
[0.873s] Level 1:colcon.colcon_core.package_identification:_identify(src/cartographer_ros/scripts) by extension 'cmake'
[0.873s] Level 1:colcon.colcon_core.package_identification:_identify(src/cartographer_ros/scripts) by extension 'python'
[0.873s] Level 1:colcon.colcon_core.package_identification:_identify(src/cartographer_ros/scripts) by extensions ['python_setup_py']
[0.873s] Level 1:colcon.colcon_core.package_identification:_identify(src/cartographer_ros/scripts) by extension 'python_setup_py'
[0.873s] Level 1:colcon.colcon_core.package_identification:_identify(src/laser_car_description) by extensions ['ignore', 'ignore_ament_install']
[0.873s] Level 1:colcon.colcon_core.package_identification:_identify(src/laser_car_description) by extension 'ignore'
[0.873s] Level 1:colcon.colcon_core.package_identification:_identify(src/laser_car_description) by extension 'ignore_ament_install'
[0.873s] Level 1:colcon.colcon_core.package_identification:_identify(src/laser_car_description) by extensions ['colcon_pkg']
[0.873s] Level 1:colcon.colcon_core.package_identification:_identify(src/laser_car_description) by extension 'colcon_pkg'
[0.873s] Level 1:colcon.colcon_core.package_identification:_identify(src/laser_car_description) by extensions ['colcon_meta']
[0.873s] Level 1:colcon.colcon_core.package_identification:_identify(src/laser_car_description) by extension 'colcon_meta'
[0.873s] Level 1:colcon.colcon_core.package_identification:_identify(src/laser_car_description) by extensions ['ros']
[0.873s] Level 1:colcon.colcon_core.package_identification:_identify(src/laser_car_description) by extension 'ros'
[0.874s] DEBUG:colcon.colcon_core.package_identification:Package 'src/laser_car_description' with type 'ros.ament_python' and name 'laser_car_description'
[0.874s] Level 1:colcon.colcon_core.package_identification:_identify(src/topic_text_video) by extensions ['ignore', 'ignore_ament_install']
[0.874s] Level 1:colcon.colcon_core.package_identification:_identify(src/topic_text_video) by extension 'ignore'
[0.874s] Level 1:colcon.colcon_core.package_identification:_identify(src/topic_text_video) by extension 'ignore_ament_install'
[0.874s] Level 1:colcon.colcon_core.package_identification:_identify(src/topic_text_video) by extensions ['colcon_pkg']
[0.874s] Level 1:colcon.colcon_core.package_identification:_identify(src/topic_text_video) by extension 'colcon_pkg'
[0.874s] Level 1:colcon.colcon_core.package_identification:_identify(src/topic_text_video) by extensions ['colcon_meta']
[0.874s] Level 1:colcon.colcon_core.package_identification:_identify(src/topic_text_video) by extension 'colcon_meta'
[0.874s] Level 1:colcon.colcon_core.package_identification:_identify(src/topic_text_video) by extensions ['ros']
[0.874s] Level 1:colcon.colcon_core.package_identification:_identify(src/topic_text_video) by extension 'ros'
[0.875s] DEBUG:colcon.colcon_core.package_identification:Package 'src/topic_text_video' with type 'ros.ament_python' and name 'topic_text_video'
[0.875s] Level 1:colcon.colcon_core.package_discovery:discover_packages(recursive) using defaults
[0.875s] Level 1:colcon.colcon_core.package_discovery:discover_packages(ignore) discover
[0.875s] Level 1:colcon.colcon_core.package_discovery:discover_packages(ignore) using defaults
[0.875s] Level 1:colcon.colcon_core.package_discovery:discover_packages(path) discover
[0.875s] Level 1:colcon.colcon_core.package_discovery:discover_packages(path) using defaults
[0.927s] INFO:colcon.colcon_core.package_selection:Skipping package 'cartographer_rviz' in 'src/cartographer_ros/cartographer_rviz'
[0.927s] INFO:colcon.colcon_core.package_selection:Skipping package 'topic_text_video' in 'src/topic_text_video'
[0.927s] INFO:colcon.colcon_core.package_selection:Skipping package 'laser_car_description' in 'src/laser_car_description'
[0.950s] Level 1:colcon.colcon_core.package_discovery:discover_packages(prefix_path) check parameters
[0.950s] Level 1:colcon.colcon_core.package_discovery:discover_packages(prefix_path) discover
[0.974s] DEBUG:colcon.colcon_installed_package_information.package_discovery:Found 2 installed packages in /home/ricardo/rm_ws/install
[0.987s] DEBUG:colcon.colcon_installed_package_information.package_discovery:Found 324 installed packages in /opt/ros/humble
[0.988s] Level 1:colcon.colcon_core.package_discovery:discover_packages(prefix_path) using defaults
[1.064s] Level 5:colcon.colcon_core.verb:set package 'cartographer' build argument 'cmake_args' from command line to 'None'
[1.064s] Level 5:colcon.colcon_core.verb:set package 'cartographer' build argument 'cmake_target' from command line to 'None'
[1.064s] Level 5:colcon.colcon_core.verb:set package 'cartographer' build argument 'cmake_target_skip_unavailable' from command line to 'False'
[1.064s] Level 5:colcon.colcon_core.verb:set package 'cartographer' build argument 'cmake_clean_cache' from command line to 'False'
[1.064s] Level 5:colcon.colcon_core.verb:set package 'cartographer' build argument 'cmake_clean_first' from command line to 'False'
[1.064s] Level 5:colcon.colcon_core.verb:set package 'cartographer' build argument 'cmake_force_configure' from command line to 'False'
[1.064s] Level 5:colcon.colcon_core.verb:set package 'cartographer' build argument 'ament_cmake_args' from command line to 'None'
[1.064s] Level 5:colcon.colcon_core.verb:set package 'cartographer' build argument 'catkin_cmake_args' from command line to 'None'
[1.064s] Level 5:colcon.colcon_core.verb:set package 'cartographer' build argument 'catkin_skip_building_tests' from command line to 'False'
[1.064s] DEBUG:colcon.colcon_core.verb:Building package 'cartographer' with the following arguments: {'ament_cmake_args': None, 'build_base': '/home/ricardo/rm_ws/build/cartographer', 'catkin_cmake_args': None, 'catkin_skip_building_tests': False, 'cmake_args': None, 'cmake_clean_cache': False, 'cmake_clean_first': False, 'cmake_force_configure': False, 'cmake_target': None, 'cmake_target_skip_unavailable': False, 'install_base': '/home/ricardo/rm_ws/install/cartographer', 'merge_install': False, 'path': '/home/ricardo/rm_ws/src/cartographer', 'symlink_install': False, 'test_result_base': None}
[1.076s] Level 5:colcon.colcon_core.verb:set package 'cartographer_ros_msgs' build argument 'cmake_args' from command line to 'None'
[1.076s] Level 5:colcon.colcon_core.verb:set package 'cartographer_ros_msgs' build argument 'cmake_target' from command line to 'None'
[1.076s] Level 5:colcon.colcon_core.verb:set package 'cartographer_ros_msgs' build argument 'cmake_target_skip_unavailable' from command line to 'False'
[1.076s] Level 5:colcon.colcon_core.verb:set package 'cartographer_ros_msgs' build argument 'cmake_clean_cache' from command line to 'False'
[1.076s] Level 5:colcon.colcon_core.verb:set package 'cartographer_ros_msgs' build argument 'cmake_clean_first' from command line to 'False'
[1.076s] Level 5:colcon.colcon_core.verb:set package 'cartographer_ros_msgs' build argument 'cmake_force_configure' from command line to 'False'
[1.076s] Level 5:colcon.colcon_core.verb:set package 'cartographer_ros_msgs' build argument 'ament_cmake_args' from command line to 'None'
[1.076s] Level 5:colcon.colcon_core.verb:set package 'cartographer_ros_msgs' build argument 'catkin_cmake_args' from command line to 'None'
[1.076s] Level 5:colcon.colcon_core.verb:set package 'cartographer_ros_msgs' build argument 'catkin_skip_building_tests' from command line to 'False'
[1.076s] DEBUG:colcon.colcon_core.verb:Building package 'cartographer_ros_msgs' with the following arguments: {'ament_cmake_args': None, 'build_base': '/home/ricardo/rm_ws/build/cartographer_ros_msgs', 'catkin_cmake_args': None, 'catkin_skip_building_tests': False, 'cmake_args': None, 'cmake_clean_cache': False, 'cmake_clean_first': False, 'cmake_force_configure': False, 'cmake_target': None, 'cmake_target_skip_unavailable': False, 'install_base': '/home/ricardo/rm_ws/install/cartographer_ros_msgs', 'merge_install': False, 'path': '/home/ricardo/rm_ws/src/cartographer_ros/cartographer_ros_msgs', 'symlink_install': False, 'test_result_base': None}
[1.088s] Level 5:colcon.colcon_core.verb:set package 'cartographer_ros' build argument 'cmake_args' from command line to 'None'
[1.088s] Level 5:colcon.colcon_core.verb:set package 'cartographer_ros' build argument 'cmake_target' from command line to 'None'
[1.089s] Level 5:colcon.colcon_core.verb:set package 'cartographer_ros' build argument 'cmake_target_skip_unavailable' from command line to 'False'
[1.089s] Level 5:colcon.colcon_core.verb:set package 'cartographer_ros' build argument 'cmake_clean_cache' from command line to 'False'
[1.089s] Level 5:colcon.colcon_core.verb:set package 'cartographer_ros' build argument 'cmake_clean_first' from command line to 'False'
[1.089s] Level 5:colcon.colcon_core.verb:set package 'cartographer_ros' build argument 'cmake_force_configure' from command line to 'False'
[1.089s] Level 5:colcon.colcon_core.verb:set package 'cartographer_ros' build argument 'ament_cmake_args' from command line to 'None'
[1.089s] Level 5:colcon.colcon_core.verb:set package 'cartographer_ros' build argument 'catkin_cmake_args' from command line to 'None'
[1.089s] Level 5:colcon.colcon_core.verb:set package 'cartographer_ros' build argument 'catkin_skip_building_tests' from command line to 'False'
[1.089s] DEBUG:colcon.colcon_core.verb:Building package 'cartographer_ros' with the following arguments: {'ament_cmake_args': None, 'build_base': '/home/ricardo/rm_ws/build/cartographer_ros', 'catkin_cmake_args': None, 'catkin_skip_building_tests': False, 'cmake_args': None, 'cmake_clean_cache': False, 'cmake_clean_first': False, 'cmake_force_configure': False, 'cmake_target': None, 'cmake_target_skip_unavailable': False, 'install_base': '/home/ricardo/rm_ws/install/cartographer_ros', 'merge_install': False, 'path': '/home/ricardo/rm_ws/src/cartographer_ros/cartographer_ros', 'symlink_install': False, 'test_result_base': None}
[1.100s] INFO:colcon.colcon_core.executor:Executing jobs using 'parallel' executor
[1.113s] DEBUG:colcon.colcon_parallel_executor.executor.parallel:run_until_complete
[1.113s] INFO:colcon.colcon_ros.task.cmake.build:Building ROS package in '/home/ricardo/rm_ws/src/cartographer' with build type 'cmake'
[1.113s] INFO:colcon.colcon_cmake.task.cmake.build:Building CMake package in '/home/ricardo/rm_ws/src/cartographer'
[1.129s] INFO:colcon.colcon_core.plugin_system:Skipping extension 'colcon_core.shell.bat': Not used on non-Windows systems
[1.129s] INFO:colcon.colcon_core.shell:Skip shell extension 'powershell' for command environment: Not usable outside of PowerShell
[1.130s] DEBUG:colcon.colcon_core.shell:Skip shell extension 'dsv' for command environment
[1.168s] INFO:colcon.colcon_ros.task.ament_cmake.build:Building ROS package in '/home/ricardo/rm_ws/src/cartographer_ros/cartographer_ros_msgs' with build type 'ament_cmake'
[1.169s] INFO:colcon.colcon_cmake.task.cmake.build:Building CMake package in '/home/ricardo/rm_ws/src/cartographer_ros/cartographer_ros_msgs'
[1.181s] INFO:colcon.colcon_core.shell:Skip shell extension 'powershell' for command environment: Not usable outside of PowerShell
[1.181s] DEBUG:colcon.colcon_core.shell:Skip shell extension 'dsv' for command environment
[1.231s] DEBUG:colcon.colcon_core.event_handler.log_command:Invoking command in '/home/ricardo/rm_ws/build/cartographer': CMAKE_PREFIX_PATH=/home/ricardo/rm_ws/install/topic_text_video:/home/ricardo/rm_ws/install/laser_car_description:/opt/ros/humble /usr/bin/cmake /home/ricardo/rm_ws/src/cartographer -DCMAKE_INSTALL_PREFIX=/home/ricardo/rm_ws/install/cartographer
[1.234s] DEBUG:colcon.colcon_core.event_handler.log_command:Invoking command in '/home/ricardo/rm_ws/build/cartographer_ros_msgs': CMAKE_PREFIX_PATH=/home/ricardo/rm_ws/install/topic_text_video:/home/ricardo/rm_ws/install/laser_car_description:/opt/ros/humble /usr/bin/cmake /home/ricardo/rm_ws/src/cartographer_ros/cartographer_ros_msgs -DCMAKE_INSTALL_PREFIX=/home/ricardo/rm_ws/install/cartographer_ros_msgs
[2.831s] DEBUG:colcon.colcon_core.event_handler.log_command:Invoked command in '/home/ricardo/rm_ws/build/cartographer' returned '0': CMAKE_PREFIX_PATH=/home/ricardo/rm_ws/install/topic_text_video:/home/ricardo/rm_ws/install/laser_car_description:/opt/ros/humble /usr/bin/cmake /home/ricardo/rm_ws/src/cartographer -DCMAKE_INSTALL_PREFIX=/home/ricardo/rm_ws/install/cartographer
[2.832s] DEBUG:colcon.colcon_core.event_handler.log_command:Invoking command in '/home/ricardo/rm_ws/build/cartographer': CMAKE_PREFIX_PATH=/home/ricardo/rm_ws/install/topic_text_video:/home/ricardo/rm_ws/install/laser_car_description:/opt/ros/humble /usr/bin/cmake --build /home/ricardo/rm_ws/build/cartographer -- -j8 -l8
[5.250s] DEBUG:colcon.colcon_core.event_handler.log_command:Invoked command in '/home/ricardo/rm_ws/build/cartographer_ros_msgs' returned '0': CMAKE_PREFIX_PATH=/home/ricardo/rm_ws/install/topic_text_video:/home/ricardo/rm_ws/install/laser_car_description:/opt/ros/humble /usr/bin/cmake /home/ricardo/rm_ws/src/cartographer_ros/cartographer_ros_msgs -DCMAKE_INSTALL_PREFIX=/home/ricardo/rm_ws/install/cartographer_ros_msgs
[5.254s] DEBUG:colcon.colcon_core.event_handler.log_command:Invoking command in '/home/ricardo/rm_ws/build/cartographer_ros_msgs': CMAKE_PREFIX_PATH=/home/ricardo/rm_ws/install/topic_text_video:/home/ricardo/rm_ws/install/laser_car_description:/opt/ros/humble /usr/bin/cmake --build /home/ricardo/rm_ws/build/cartographer_ros_msgs -- -j8 -l8
[31.652s] DEBUG:colcon.colcon_core.event_handler.log_command:Invoked command in '/home/ricardo/rm_ws/build/cartographer_ros_msgs' returned '0': CMAKE_PREFIX_PATH=/home/ricardo/rm_ws/install/topic_text_video:/home/ricardo/rm_ws/install/laser_car_description:/opt/ros/humble /usr/bin/cmake --build /home/ricardo/rm_ws/build/cartographer_ros_msgs -- -j8 -l8
[37.745s] DEBUG:colcon.colcon_core.event_handler.log_command:Invoking command in '/home/ricardo/rm_ws/build/cartographer_ros_msgs': CMAKE_PREFIX_PATH=/home/ricardo/rm_ws/install/topic_text_video:/home/ricardo/rm_ws/install/laser_car_description:/opt/ros/humble /usr/bin/cmake --install /home/ricardo/rm_ws/build/cartographer_ros_msgs
[38.557s] Level 1:colcon.colcon_core.environment:create_environment_scripts_only(cartographer_ros_msgs)
[38.579s] DEBUG:colcon.colcon_core.event_handler.log_command:Invoked command in '/home/ricardo/rm_ws/build/cartographer_ros_msgs' returned '0': CMAKE_PREFIX_PATH=/home/ricardo/rm_ws/install/topic_text_video:/home/ricardo/rm_ws/install/laser_car_description:/opt/ros/humble /usr/bin/cmake --install /home/ricardo/rm_ws/build/cartographer_ros_msgs
[38.823s] Level 1:colcon.colcon_core.environment:checking '/home/ricardo/rm_ws/install/cartographer_ros_msgs' for CMake module files
[38.828s] Level 1:colcon.colcon_core.environment:checking '/home/ricardo/rm_ws/install/cartographer_ros_msgs' for CMake config files
[38.833s] Level 1:colcon.colcon_core.shell:create_environment_hook('cartographer_ros_msgs', 'cmake_prefix_path')
[38.868s] INFO:colcon.colcon_core.shell:Creating environment hook '/home/ricardo/rm_ws/install/cartographer_ros_msgs/share/cartographer_ros_msgs/hook/cmake_prefix_path.ps1'
[38.908s] INFO:colcon.colcon_core.shell:Creating environment descriptor '/home/ricardo/rm_ws/install/cartographer_ros_msgs/share/cartographer_ros_msgs/hook/cmake_prefix_path.dsv'
[38.912s] INFO:colcon.colcon_core.shell:Creating environment hook '/home/ricardo/rm_ws/install/cartographer_ros_msgs/share/cartographer_ros_msgs/hook/cmake_prefix_path.sh'
[38.925s] Level 1:colcon.colcon_core.environment:checking '/home/ricardo/rm_ws/install/cartographer_ros_msgs/lib'
[38.925s] Level 1:colcon.colcon_core.shell:create_environment_hook('cartographer_ros_msgs', 'ld_library_path_lib')
[39.709s] INFO:colcon.colcon_core.shell:Creating environment hook '/home/ricardo/rm_ws/install/cartographer_ros_msgs/share/cartographer_ros_msgs/hook/ld_library_path_lib.ps1'
[39.711s] INFO:colcon.colcon_core.shell:Creating environment descriptor '/home/ricardo/rm_ws/install/cartographer_ros_msgs/share/cartographer_ros_msgs/hook/ld_library_path_lib.dsv'
[39.711s] INFO:colcon.colcon_core.shell:Creating environment hook '/home/ricardo/rm_ws/install/cartographer_ros_msgs/share/cartographer_ros_msgs/hook/ld_library_path_lib.sh'
[39.712s] Level 1:colcon.colcon_core.environment:checking '/home/ricardo/rm_ws/install/cartographer_ros_msgs/bin'
[39.712s] Level 1:colcon.colcon_core.environment:checking '/home/ricardo/rm_ws/install/cartographer_ros_msgs/lib/pkgconfig/cartographer_ros_msgs.pc'
[39.715s] Level 1:colcon.colcon_core.environment:checking '/home/ricardo/rm_ws/install/cartographer_ros_msgs/lib/python3.10/site-packages'
[39.716s] Level 1:colcon.colcon_core.environment:checking '/home/ricardo/rm_ws/install/cartographer_ros_msgs/bin'
[39.748s] INFO:colcon.colcon_core.shell:Creating package script '/home/ricardo/rm_ws/install/cartographer_ros_msgs/share/cartographer_ros_msgs/package.ps1'
[39.750s] INFO:colcon.colcon_core.shell:Creating package descriptor '/home/ricardo/rm_ws/install/cartographer_ros_msgs/share/cartographer_ros_msgs/package.dsv'
[39.753s] INFO:colcon.colcon_core.shell:Creating package script '/home/ricardo/rm_ws/install/cartographer_ros_msgs/share/cartographer_ros_msgs/package.sh'
[39.755s] INFO:colcon.colcon_core.shell:Creating package script '/home/ricardo/rm_ws/install/cartographer_ros_msgs/share/cartographer_ros_msgs/package.bash'
[39.758s] INFO:colcon.colcon_core.shell:Creating package script '/home/ricardo/rm_ws/install/cartographer_ros_msgs/share/cartographer_ros_msgs/package.zsh'
[39.760s] Level 1:colcon.colcon_core.environment:create_file_with_runtime_dependencies(/home/ricardo/rm_ws/install/cartographer_ros_msgs/share/colcon-core/packages/cartographer_ros_msgs)
[45.533s] Level 1:colcon.colcon_core.environment:create_environment_scripts_only(cartographer_ros_msgs)
[45.564s] Level 1:colcon.colcon_core.environment:checking '/home/ricardo/rm_ws/install/cartographer_ros_msgs' for CMake module files
[45.565s] Level 1:colcon.colcon_core.environment:checking '/home/ricardo/rm_ws/install/cartographer_ros_msgs' for CMake config files
[45.566s] Level 1:colcon.colcon_core.shell:create_environment_hook('cartographer_ros_msgs', 'cmake_prefix_path')
[45.594s] INFO:colcon.colcon_core.shell:Creating environment hook '/home/ricardo/rm_ws/install/cartographer_ros_msgs/share/cartographer_ros_msgs/hook/cmake_prefix_path.ps1'
[45.610s] INFO:colcon.colcon_core.shell:Creating environment descriptor '/home/ricardo/rm_ws/install/cartographer_ros_msgs/share/cartographer_ros_msgs/hook/cmake_prefix_path.dsv'
[45.612s] INFO:colcon.colcon_core.shell:Creating environment hook '/home/ricardo/rm_ws/install/cartographer_ros_msgs/share/cartographer_ros_msgs/hook/cmake_prefix_path.sh'
[45.614s] Level 1:colcon.colcon_core.environment:checking '/home/ricardo/rm_ws/install/cartographer_ros_msgs/lib'
[45.615s] Level 1:colcon.colcon_core.shell:create_environment_hook('cartographer_ros_msgs', 'ld_library_path_lib')
[45.675s] INFO:colcon.colcon_core.shell:Creating environment hook '/home/ricardo/rm_ws/install/cartographer_ros_msgs/share/cartographer_ros_msgs/hook/ld_library_path_lib.ps1'
[45.676s] INFO:colcon.colcon_core.shell:Creating environment descriptor '/home/ricardo/rm_ws/install/cartographer_ros_msgs/share/cartographer_ros_msgs/hook/ld_library_path_lib.dsv'
[45.677s] INFO:colcon.colcon_core.shell:Creating environment hook '/home/ricardo/rm_ws/install/cartographer_ros_msgs/share/cartographer_ros_msgs/hook/ld_library_path_lib.sh'
[45.679s] Level 1:colcon.colcon_core.environment:checking '/home/ricardo/rm_ws/install/cartographer_ros_msgs/bin'
[45.679s] Level 1:colcon.colcon_core.environment:checking '/home/ricardo/rm_ws/install/cartographer_ros_msgs/lib/pkgconfig/cartographer_ros_msgs.pc'
[45.679s] Level 1:colcon.colcon_core.environment:checking '/home/ricardo/rm_ws/install/cartographer_ros_msgs/lib/python3.10/site-packages'
[45.680s] Level 1:colcon.colcon_core.environment:checking '/home/ricardo/rm_ws/install/cartographer_ros_msgs/bin'
[45.704s] INFO:colcon.colcon_core.shell:Creating package script '/home/ricardo/rm_ws/install/cartographer_ros_msgs/share/cartographer_ros_msgs/package.ps1'
[45.714s] INFO:colcon.colcon_core.shell:Creating package descriptor '/home/ricardo/rm_ws/install/cartographer_ros_msgs/share/cartographer_ros_msgs/package.dsv'
[45.715s] INFO:colcon.colcon_core.shell:Creating package script '/home/ricardo/rm_ws/install/cartographer_ros_msgs/share/cartographer_ros_msgs/package.sh'
[45.716s] INFO:colcon.colcon_core.shell:Creating package script '/home/ricardo/rm_ws/install/cartographer_ros_msgs/share/cartographer_ros_msgs/package.bash'
[45.722s] INFO:colcon.colcon_core.shell:Creating package script '/home/ricardo/rm_ws/install/cartographer_ros_msgs/share/cartographer_ros_msgs/package.zsh'
[45.723s] Level 1:colcon.colcon_core.environment:create_file_with_runtime_dependencies(/home/ricardo/rm_ws/install/cartographer_ros_msgs/share/colcon-core/packages/cartographer_ros_msgs)
[183.067s] DEBUG:colcon.colcon_core.event_handler.log_command:Invoked command in '/home/ricardo/rm_ws/build/cartographer' returned '0': CMAKE_PREFIX_PATH=/home/ricardo/rm_ws/install/topic_text_video:/home/ricardo/rm_ws/install/laser_car_description:/opt/ros/humble /usr/bin/cmake --build /home/ricardo/rm_ws/build/cartographer -- -j8 -l8
[184.694s] DEBUG:colcon.colcon_core.event_handler.log_command:Invoking command in '/home/ricardo/rm_ws/build/cartographer': CMAKE_PREFIX_PATH=/home/ricardo/rm_ws/install/topic_text_video:/home/ricardo/rm_ws/install/laser_car_description:/opt/ros/humble /usr/bin/cmake --install /home/ricardo/rm_ws/build/cartographer
[184.782s] DEBUG:colcon.colcon_core.event_handler.log_command:Invoked command in '/home/ricardo/rm_ws/build/cartographer' returned '0': CMAKE_PREFIX_PATH=/home/ricardo/rm_ws/install/topic_text_video:/home/ricardo/rm_ws/install/laser_car_description:/opt/ros/humble /usr/bin/cmake --install /home/ricardo/rm_ws/build/cartographer
[186.517s] Level 1:colcon.colcon_core.shell:create_environment_hook('cartographer', 'pkg_config_path')
[186.683s] INFO:colcon.colcon_core.shell:Creating environment hook '/home/ricardo/rm_ws/install/cartographer/share/cartographer/hook/pkg_config_path.ps1'
[186.684s] INFO:colcon.colcon_core.shell:Creating environment descriptor '/home/ricardo/rm_ws/install/cartographer/share/cartographer/hook/pkg_config_path.dsv'
[186.686s] INFO:colcon.colcon_core.shell:Creating environment hook '/home/ricardo/rm_ws/install/cartographer/share/cartographer/hook/pkg_config_path.sh'
[186.691s] Level 1:colcon.colcon_core.shell:create_environment_hook('cartographer', 'pkg_config_path_multiarch')
[186.703s] INFO:colcon.colcon_core.shell:Creating environment hook '/home/ricardo/rm_ws/install/cartographer/share/cartographer/hook/pkg_config_path_multiarch.ps1'
[186.704s] INFO:colcon.colcon_core.shell:Creating environment descriptor '/home/ricardo/rm_ws/install/cartographer/share/cartographer/hook/pkg_config_path_multiarch.dsv'
[186.705s] INFO:colcon.colcon_core.shell:Creating environment hook '/home/ricardo/rm_ws/install/cartographer/share/cartographer/hook/pkg_config_path_multiarch.sh'
[186.705s] Level 1:colcon.colcon_core.environment:create_environment_scripts_only(cartographer)
[186.717s] Level 1:colcon.colcon_core.environment:checking '/home/ricardo/rm_ws/install/cartographer' for CMake module files
[186.717s] Level 1:colcon.colcon_core.environment:checking '/home/ricardo/rm_ws/install/cartographer' for CMake config files
[186.718s] Level 1:colcon.colcon_core.shell:create_environment_hook('cartographer', 'cmake_prefix_path')
[186.730s] INFO:colcon.colcon_core.shell:Creating environment hook '/home/ricardo/rm_ws/install/cartographer/share/cartographer/hook/cmake_prefix_path.ps1'
[186.731s] INFO:colcon.colcon_core.shell:Creating environment descriptor '/home/ricardo/rm_ws/install/cartographer/share/cartographer/hook/cmake_prefix_path.dsv'
[186.732s] INFO:colcon.colcon_core.shell:Creating environment hook '/home/ricardo/rm_ws/install/cartographer/share/cartographer/hook/cmake_prefix_path.sh'
[186.732s] Level 1:colcon.colcon_core.environment:checking '/home/ricardo/rm_ws/install/cartographer/lib'
[186.732s] Level 1:colcon.colcon_core.environment:checking '/home/ricardo/rm_ws/install/cartographer/bin'
[186.732s] Level 1:colcon.colcon_core.shell:create_environment_hook('cartographer', 'path')
[186.744s] INFO:colcon.colcon_core.shell:Creating environment hook '/home/ricardo/rm_ws/install/cartographer/share/cartographer/hook/path.ps1'
[186.745s] INFO:colcon.colcon_core.shell:Creating environment descriptor '/home/ricardo/rm_ws/install/cartographer/share/cartographer/hook/path.dsv'
[186.745s] INFO:colcon.colcon_core.shell:Creating environment hook '/home/ricardo/rm_ws/install/cartographer/share/cartographer/hook/path.sh'
[186.746s] Level 1:colcon.colcon_core.environment:checking '/home/ricardo/rm_ws/install/cartographer/lib/pkgconfig/cartographer.pc'
[186.746s] Level 1:colcon.colcon_core.environment:checking '/home/ricardo/rm_ws/install/cartographer/lib/python3.10/site-packages'
[186.746s] Level 1:colcon.colcon_core.environment:checking '/home/ricardo/rm_ws/install/cartographer/bin'
[186.747s] Level 1:colcon.colcon_core.shell:create_environment_hook('cartographer', 'pythonscriptspath')
[186.759s] INFO:colcon.colcon_core.shell:Creating environment hook '/home/ricardo/rm_ws/install/cartographer/share/cartographer/hook/pythonscriptspath.ps1'
[186.759s] INFO:colcon.colcon_core.shell:Creating environment descriptor '/home/ricardo/rm_ws/install/cartographer/share/cartographer/hook/pythonscriptspath.dsv'
[186.762s] INFO:colcon.colcon_core.shell:Creating environment hook '/home/ricardo/rm_ws/install/cartographer/share/cartographer/hook/pythonscriptspath.sh'
[186.774s] INFO:colcon.colcon_core.shell:Creating package script '/home/ricardo/rm_ws/install/cartographer/share/cartographer/package.ps1'
[186.775s] INFO:colcon.colcon_core.shell:Creating package descriptor '/home/ricardo/rm_ws/install/cartographer/share/cartographer/package.dsv'
[186.775s] INFO:colcon.colcon_core.shell:Creating package script '/home/ricardo/rm_ws/install/cartographer/share/cartographer/package.sh'
[186.775s] INFO:colcon.colcon_core.shell:Creating package script '/home/ricardo/rm_ws/install/cartographer/share/cartographer/package.bash'
[186.778s] INFO:colcon.colcon_core.shell:Creating package script '/home/ricardo/rm_ws/install/cartographer/share/cartographer/package.zsh'
[186.779s] Level 1:colcon.colcon_core.environment:create_file_with_runtime_dependencies(/home/ricardo/rm_ws/install/cartographer/share/colcon-core/packages/cartographer)
[186.780s] INFO:colcon.colcon_ros.task.ament_cmake.build:Building ROS package in '/home/ricardo/rm_ws/src/cartographer_ros/cartographer_ros' with build type 'ament_cmake'
[186.780s] INFO:colcon.colcon_cmake.task.cmake.build:Building CMake package in '/home/ricardo/rm_ws/src/cartographer_ros/cartographer_ros'
[186.796s] INFO:colcon.colcon_core.shell:Skip shell extension 'powershell' for command environment: Not usable outside of PowerShell
[186.796s] DEBUG:colcon.colcon_core.shell:Skip shell extension 'dsv' for command environment
[186.867s] DEBUG:colcon.colcon_core.event_handler.log_command:Invoking command in '/home/ricardo/rm_ws/build/cartographer_ros': AMENT_PREFIX_PATH=/home/ricardo/rm_ws/install/cartographer_ros_msgs:${AMENT_PREFIX_PATH} CMAKE_PREFIX_PATH=/home/ricardo/rm_ws/install/cartographer_ros_msgs:/home/ricardo/rm_ws/install/cartographer:/home/ricardo/rm_ws/install/topic_text_video:/home/ricardo/rm_ws/install/laser_car_description:/opt/ros/humble LD_LIBRARY_PATH=/home/ricardo/rm_ws/install/cartographer_ros_msgs/lib:${LD_LIBRARY_PATH} PATH=/home/ricardo/rm_ws/install/cartographer/bin:${PATH} PKG_CONFIG_PATH=/home/ricardo/rm_ws/install/cartographer/lib/x86_64-linux-gnu/pkgconfig:/home/ricardo/rm_ws/install/cartographer/lib/pkgconfig PYTHONPATH=/home/ricardo/rm_ws/install/cartographer_ros_msgs/local/lib/python3.10/dist-packages:${PYTHONPATH} /usr/bin/cmake /home/ricardo/rm_ws/src/cartographer_ros/cartographer_ros -DCMAKE_INSTALL_PREFIX=/home/ricardo/rm_ws/install/cartographer_ros
[191.032s] DEBUG:colcon.colcon_core.event_handler.log_command:Invoked command in '/home/ricardo/rm_ws/build/cartographer_ros' returned '0': AMENT_PREFIX_PATH=/home/ricardo/rm_ws/install/cartographer_ros_msgs:${AMENT_PREFIX_PATH} CMAKE_PREFIX_PATH=/home/ricardo/rm_ws/install/cartographer_ros_msgs:/home/ricardo/rm_ws/install/cartographer:/home/ricardo/rm_ws/install/topic_text_video:/home/ricardo/rm_ws/install/laser_car_description:/opt/ros/humble LD_LIBRARY_PATH=/home/ricardo/rm_ws/install/cartographer_ros_msgs/lib:${LD_LIBRARY_PATH} PATH=/home/ricardo/rm_ws/install/cartographer/bin:${PATH} PKG_CONFIG_PATH=/home/ricardo/rm_ws/install/cartographer/lib/x86_64-linux-gnu/pkgconfig:/home/ricardo/rm_ws/install/cartographer/lib/pkgconfig PYTHONPATH=/home/ricardo/rm_ws/install/cartographer_ros_msgs/local/lib/python3.10/dist-packages:${PYTHONPATH} /usr/bin/cmake /home/ricardo/rm_ws/src/cartographer_ros/cartographer_ros -DCMAKE_INSTALL_PREFIX=/home/ricardo/rm_ws/install/cartographer_ros
[191.033s] DEBUG:colcon.colcon_core.event_handler.log_command:Invoking command in '/home/ricardo/rm_ws/build/cartographer_ros': AMENT_PREFIX_PATH=/home/ricardo/rm_ws/install/cartographer_ros_msgs:${AMENT_PREFIX_PATH} CMAKE_PREFIX_PATH=/home/ricardo/rm_ws/install/cartographer_ros_msgs:/home/ricardo/rm_ws/install/cartographer:/home/ricardo/rm_ws/install/topic_text_video:/home/ricardo/rm_ws/install/laser_car_description:/opt/ros/humble LD_LIBRARY_PATH=/home/ricardo/rm_ws/install/cartographer_ros_msgs/lib:${LD_LIBRARY_PATH} PATH=/home/ricardo/rm_ws/install/cartographer/bin:${PATH} PKG_CONFIG_PATH=/home/ricardo/rm_ws/install/cartographer/lib/x86_64-linux-gnu/pkgconfig:/home/ricardo/rm_ws/install/cartographer/lib/pkgconfig PYTHONPATH=/home/ricardo/rm_ws/install/cartographer_ros_msgs/local/lib/python3.10/dist-packages:${PYTHONPATH} /usr/bin/cmake --build /home/ricardo/rm_ws/build/cartographer_ros -- -j8 -l8
[262.427s] DEBUG:colcon.colcon_core.event_handler.log_command:Invoked command in '/home/ricardo/rm_ws/build/cartographer_ros' returned '0': AMENT_PREFIX_PATH=/home/ricardo/rm_ws/install/cartographer_ros_msgs:${AMENT_PREFIX_PATH} CMAKE_PREFIX_PATH=/home/ricardo/rm_ws/install/cartographer_ros_msgs:/home/ricardo/rm_ws/install/cartographer:/home/ricardo/rm_ws/install/topic_text_video:/home/ricardo/rm_ws/install/laser_car_description:/opt/ros/humble LD_LIBRARY_PATH=/home/ricardo/rm_ws/install/cartographer_ros_msgs/lib:${LD_LIBRARY_PATH} PATH=/home/ricardo/rm_ws/install/cartographer/bin:${PATH} PKG_CONFIG_PATH=/home/ricardo/rm_ws/install/cartographer/lib/x86_64-linux-gnu/pkgconfig:/home/ricardo/rm_ws/install/cartographer/lib/pkgconfig PYTHONPATH=/home/ricardo/rm_ws/install/cartographer_ros_msgs/local/lib/python3.10/dist-packages:${PYTHONPATH} /usr/bin/cmake --build /home/ricardo/rm_ws/build/cartographer_ros -- -j8 -l8
[262.628s] DEBUG:colcon.colcon_core.event_handler.log_command:Invoking command in '/home/ricardo/rm_ws/build/cartographer_ros': AMENT_PREFIX_PATH=/home/ricardo/rm_ws/install/cartographer_ros_msgs:${AMENT_PREFIX_PATH} CMAKE_PREFIX_PATH=/home/ricardo/rm_ws/install/cartographer_ros_msgs:/home/ricardo/rm_ws/install/cartographer:/home/ricardo/rm_ws/install/topic_text_video:/home/ricardo/rm_ws/install/laser_car_description:/opt/ros/humble LD_LIBRARY_PATH=/home/ricardo/rm_ws/install/cartographer_ros_msgs/lib:${LD_LIBRARY_PATH} PATH=/home/ricardo/rm_ws/install/cartographer/bin:${PATH} PKG_CONFIG_PATH=/home/ricardo/rm_ws/install/cartographer/lib/x86_64-linux-gnu/pkgconfig:/home/ricardo/rm_ws/install/cartographer/lib/pkgconfig PYTHONPATH=/home/ricardo/rm_ws/install/cartographer_ros_msgs/local/lib/python3.10/dist-packages:${PYTHONPATH} /usr/bin/cmake --install /home/ricardo/rm_ws/build/cartographer_ros
[262.827s] Level 1:colcon.colcon_core.environment:create_environment_scripts_only(cartographer_ros)
[262.829s] DEBUG:colcon.colcon_core.event_handler.log_command:Invoked command in '/home/ricardo/rm_ws/build/cartographer_ros' returned '0': AMENT_PREFIX_PATH=/home/ricardo/rm_ws/install/cartographer_ros_msgs:${AMENT_PREFIX_PATH} CMAKE_PREFIX_PATH=/home/ricardo/rm_ws/install/cartographer_ros_msgs:/home/ricardo/rm_ws/install/cartographer:/home/ricardo/rm_ws/install/topic_text_video:/home/ricardo/rm_ws/install/laser_car_description:/opt/ros/humble LD_LIBRARY_PATH=/home/ricardo/rm_ws/install/cartographer_ros_msgs/lib:${LD_LIBRARY_PATH} PATH=/home/ricardo/rm_ws/install/cartographer/bin:${PATH} PKG_CONFIG_PATH=/home/ricardo/rm_ws/install/cartographer/lib/x86_64-linux-gnu/pkgconfig:/home/ricardo/rm_ws/install/cartographer/lib/pkgconfig PYTHONPATH=/home/ricardo/rm_ws/install/cartographer_ros_msgs/local/lib/python3.10/dist-packages:${PYTHONPATH} /usr/bin/cmake --install /home/ricardo/rm_ws/build/cartographer_ros
[263.013s] Level 1:colcon.colcon_core.environment:checking '/home/ricardo/rm_ws/install/cartographer_ros' for CMake module files
[263.013s] Level 1:colcon.colcon_core.environment:checking '/home/ricardo/rm_ws/install/cartographer_ros' for CMake config files
[263.014s] Level 1:colcon.colcon_core.shell:create_environment_hook('cartographer_ros', 'cmake_prefix_path')
[263.026s] INFO:colcon.colcon_core.shell:Creating environment hook '/home/ricardo/rm_ws/install/cartographer_ros/share/cartographer_ros/hook/cmake_prefix_path.ps1'
[263.027s] INFO:colcon.colcon_core.shell:Creating environment descriptor '/home/ricardo/rm_ws/install/cartographer_ros/share/cartographer_ros/hook/cmake_prefix_path.dsv'
[263.028s] INFO:colcon.colcon_core.shell:Creating environment hook '/home/ricardo/rm_ws/install/cartographer_ros/share/cartographer_ros/hook/cmake_prefix_path.sh'
[263.033s] Level 1:colcon.colcon_core.environment:checking '/home/ricardo/rm_ws/install/cartographer_ros/lib'
[263.033s] Level 1:colcon.colcon_core.environment:checking '/home/ricardo/rm_ws/install/cartographer_ros/bin'
[263.033s] Level 1:colcon.colcon_core.environment:checking '/home/ricardo/rm_ws/install/cartographer_ros/lib/pkgconfig/cartographer_ros.pc'
[263.034s] Level 1:colcon.colcon_core.environment:checking '/home/ricardo/rm_ws/install/cartographer_ros/lib/python3.10/site-packages'
[263.034s] Level 1:colcon.colcon_core.environment:checking '/home/ricardo/rm_ws/install/cartographer_ros/bin'
[263.046s] INFO:colcon.colcon_core.shell:Creating package script '/home/ricardo/rm_ws/install/cartographer_ros/share/cartographer_ros/package.ps1'
[263.047s] INFO:colcon.colcon_core.shell:Creating package descriptor '/home/ricardo/rm_ws/install/cartographer_ros/share/cartographer_ros/package.dsv'
[263.048s] INFO:colcon.colcon_core.shell:Creating package script '/home/ricardo/rm_ws/install/cartographer_ros/share/cartographer_ros/package.sh'
[263.049s] INFO:colcon.colcon_core.shell:Creating package script '/home/ricardo/rm_ws/install/cartographer_ros/share/cartographer_ros/package.bash'
[263.051s] INFO:colcon.colcon_core.shell:Creating package script '/home/ricardo/rm_ws/install/cartographer_ros/share/cartographer_ros/package.zsh'
[263.053s] Level 1:colcon.colcon_core.environment:create_file_with_runtime_dependencies(/home/ricardo/rm_ws/install/cartographer_ros/share/colcon-core/packages/cartographer_ros)
[263.272s] Level 1:colcon.colcon_core.environment:create_environment_scripts_only(cartographer_ros)
[263.284s] Level 1:colcon.colcon_core.environment:checking '/home/ricardo/rm_ws/install/cartographer_ros' for CMake module files
[263.285s] Level 1:colcon.colcon_core.environment:checking '/home/ricardo/rm_ws/install/cartographer_ros' for CMake config files
[263.285s] Level 1:colcon.colcon_core.shell:create_environment_hook('cartographer_ros', 'cmake_prefix_path')
[263.297s] INFO:colcon.colcon_core.shell:Creating environment hook '/home/ricardo/rm_ws/install/cartographer_ros/share/cartographer_ros/hook/cmake_prefix_path.ps1'
[263.298s] INFO:colcon.colcon_core.shell:Creating environment descriptor '/home/ricardo/rm_ws/install/cartographer_ros/share/cartographer_ros/hook/cmake_prefix_path.dsv'
[263.298s] INFO:colcon.colcon_core.shell:Creating environment hook '/home/ricardo/rm_ws/install/cartographer_ros/share/cartographer_ros/hook/cmake_prefix_path.sh'
[263.299s] Level 1:colcon.colcon_core.environment:checking '/home/ricardo/rm_ws/install/cartographer_ros/lib'
[263.299s] Level 1:colcon.colcon_core.environment:checking '/home/ricardo/rm_ws/install/cartographer_ros/bin'
[263.299s] Level 1:colcon.colcon_core.environment:checking '/home/ricardo/rm_ws/install/cartographer_ros/lib/pkgconfig/cartographer_ros.pc'
[263.300s] Level 1:colcon.colcon_core.environment:checking '/home/ricardo/rm_ws/install/cartographer_ros/lib/python3.10/site-packages'
[263.300s] Level 1:colcon.colcon_core.environment:checking '/home/ricardo/rm_ws/install/cartographer_ros/bin'
[263.312s] INFO:colcon.colcon_core.shell:Creating package script '/home/ricardo/rm_ws/install/cartographer_ros/share/cartographer_ros/package.ps1'
[263.313s] INFO:colcon.colcon_core.shell:Creating package descriptor '/home/ricardo/rm_ws/install/cartographer_ros/share/cartographer_ros/package.dsv'
[263.314s] INFO:colcon.colcon_core.shell:Creating package script '/home/ricardo/rm_ws/install/cartographer_ros/share/cartographer_ros/package.sh'
[263.315s] INFO:colcon.colcon_core.shell:Creating package script '/home/ricardo/rm_ws/install/cartographer_ros/share/cartographer_ros/package.bash'
[263.316s] INFO:colcon.colcon_core.shell:Creating package script '/home/ricardo/rm_ws/install/cartographer_ros/share/cartographer_ros/package.zsh'
[263.316s] Level 1:colcon.colcon_core.environment:create_file_with_runtime_dependencies(/home/ricardo/rm_ws/install/cartographer_ros/share/colcon-core/packages/cartographer_ros)
[263.317s] DEBUG:colcon.colcon_parallel_executor.executor.parallel:closing loop
[263.317s] DEBUG:colcon.colcon_parallel_executor.executor.parallel:loop closed
[263.317s] DEBUG:colcon.colcon_parallel_executor.executor.parallel:run_until_complete finished with '0'
[263.318s] DEBUG:colcon.colcon_core.event_reactor:joining thread
[263.382s] INFO:colcon.colcon_core.plugin_system:Skipping extension 'colcon_notification.desktop_notification.terminal_notifier': Not used on non-Darwin systems
[263.382s] INFO:colcon.colcon_core.plugin_system:Skipping extension 'colcon_notification.desktop_notification.win32': Not used on non-Windows systems
[263.382s] INFO:colcon.colcon_notification.desktop_notification:Sending desktop notification using 'notify2'
[263.540s] DEBUG:colcon.colcon_core.event_reactor:joined thread
[263.556s] INFO:colcon.colcon_core.shell:Creating prefix script '/home/ricardo/rm_ws/install/local_setup.ps1'
[263.559s] INFO:colcon.colcon_core.shell:Creating prefix util module '/home/ricardo/rm_ws/install/_local_setup_util_ps1.py'
[263.562s] INFO:colcon.colcon_core.shell:Creating prefix chain script '/home/ricardo/rm_ws/install/setup.ps1'
[263.582s] INFO:colcon.colcon_core.shell:Creating prefix script '/home/ricardo/rm_ws/install/local_setup.sh'
[263.583s] INFO:colcon.colcon_core.shell:Creating prefix util module '/home/ricardo/rm_ws/install/_local_setup_util_sh.py'
[263.585s] INFO:colcon.colcon_core.shell:Creating prefix chain script '/home/ricardo/rm_ws/install/setup.sh'
[263.598s] INFO:colcon.colcon_core.shell:Creating prefix script '/home/ricardo/rm_ws/install/local_setup.bash'
[263.600s] INFO:colcon.colcon_core.shell:Creating prefix chain script '/home/ricardo/rm_ws/install/setup.bash'
[263.615s] INFO:colcon.colcon_core.shell:Creating prefix script '/home/ricardo/rm_ws/install/local_setup.zsh'
[263.617s] INFO:colcon.colcon_core.shell:Creating prefix chain script '/home/ricardo/rm_ws/install/setup.zsh'
