[0.153s] Invoking command in '/home/ricardo/rm_ws/build/costmap_queue': AMENT_PREFIX_PATH=/home/ricardo/rm_ws/install/nav2_costmap_2d:/home/ricardo/rm_ws/install/nav2_util:/home/ricardo/rm_ws/install/nav2_voxel_grid:/home/ricardo/rm_ws/install/nav2_msgs:/home/ricardo/rm_ws/install/nav2_common:${AMENT_PREFIX_PATH} CMAKE_PREFIX_PATH=/home/ricardo/rm_ws/install/nav2_costmap_2d:/home/ricardo/rm_ws/install/nav2_util:/home/ricardo/rm_ws/install/nav2_voxel_grid:/home/ricardo/rm_ws/install/nav2_msgs:/home/ricardo/rm_ws/install/nav2_common:/home/ricardo/rm_ws/install/laser_car_cartographer:/home/ricardo/rm_ws/install/cartographer_ros:/home/ricardo/rm_ws/install/cartographer_ros_msgs:/home/ricardo/rm_ws/install/cartographer:/home/ricardo/rm_ws/install/topic_text_video:/home/ricardo/rm_ws/install/laser_car_description:/opt/ros/humble LD_LIBRARY_PATH=/home/ricardo/rm_ws/install/nav2_costmap_2d/lib:/home/ricardo/rm_ws/install/nav2_util/lib:/home/ricardo/rm_ws/install/nav2_voxel_grid/lib:/home/ricardo/rm_ws/install/nav2_msgs/lib:${LD_LIBRARY_PATH} PYTHONPATH=/home/ricardo/rm_ws/install/nav2_msgs/local/lib/python3.10/dist-packages:/home/ricardo/rm_ws/install/nav2_common/local/lib/python3.10/dist-packages:${PYTHONPATH} /usr/bin/cmake /home/ricardo/rm_ws/src/navigation2/nav2_dwb_controller/costmap_queue -DCMAKE_INSTALL_PREFIX=/home/ricardo/rm_ws/install/costmap_queue
[0.402s] -- The C compiler identification is GNU 11.4.0
[0.472s] -- The CXX compiler identification is GNU 11.4.0
[0.496s] -- Detecting C compiler ABI info
[0.660s] -- Detecting C compiler ABI info - done
[0.668s] -- Check for working C compiler: /usr/bin/cc - skipped
[0.668s] -- Detecting C compile features
[0.670s] -- Detecting C compile features - done
[0.675s] -- Detecting CXX compiler ABI info
[0.878s] -- Detecting CXX compiler ABI info - done
[0.886s] -- Check for working CXX compiler: /usr/bin/c++ - skipped
[0.886s] -- Detecting CXX compile features
[0.887s] -- Detecting CXX compile features - done
[0.922s] -- Found ament_cmake: 1.3.6 (/opt/ros/humble/share/ament_cmake/cmake)
[1.484s] -- Found Python3: /usr/bin/python3.10 (found version "3.10.12") found components: Interpreter 
[1.818s] -- Found nav2_common: 1.1.12 (/home/ricardo/rm_ws/install/nav2_common/share/nav2_common/cmake)
[1.819s] -- Found nav2_costmap_2d: 1.1.12 (/home/ricardo/rm_ws/install/nav2_costmap_2d/share/nav2_costmap_2d/cmake)
[1.978s] -- Found rosidl_generator_c: 3.1.5 (/opt/ros/humble/share/rosidl_generator_c/cmake)
[2.005s] -- Found rosidl_adapter: 3.1.5 (/opt/ros/humble/share/rosidl_adapter/cmake)
[2.029s] -- Found rosidl_generator_cpp: 3.1.5 (/opt/ros/humble/share/rosidl_generator_cpp/cmake)
[2.086s] -- Using all available rosidl_typesupport_c: rosidl_typesupport_fastrtps_c;rosidl_typesupport_introspection_c
[2.130s] -- Using all available rosidl_typesupport_cpp: rosidl_typesupport_fastrtps_cpp;rosidl_typesupport_introspection_cpp
[2.424s] -- Found rmw_implementation_cmake: 6.1.1 (/opt/ros/humble/share/rmw_implementation_cmake/cmake)
[2.428s] -- Found rmw_fastrtps_cpp: 6.2.5 (/opt/ros/humble/share/rmw_fastrtps_cpp/cmake)
[2.730s] -- Found OpenSSL: /usr/lib/x86_64-linux-gnu/libcrypto.so (found version "3.0.2")  
[2.770s] -- Found FastRTPS: /opt/ros/humble/include  
[2.834s] -- Using RMW implementation 'rmw_fastrtps_cpp' as default
[2.851s] -- Looking for pthread.h
[3.126s] -- Looking for pthread.h - found
[3.126s] -- Performing Test CMAKE_HAVE_LIBC_PTHREAD
[3.445s] -- Performing Test CMAKE_HAVE_LIBC_PTHREAD - Success
[3.446s] -- Found Threads: TRUE  
[4.910s] -- Found Eigen3: TRUE (found version "3.4.0") 
[4.911s] -- Ensuring Eigen3 include directory is part of orocos-kdl CMake target
[5.987s] -- Setting build type to Release as none was specified.
[6.754s] -- Found ament_lint_auto: 0.12.9 (/opt/ros/humble/share/ament_lint_auto/cmake)
[6.999s] -- Found gtest sources under '/opt/ros/humble/src/gtest_vendor': C++ tests using 'Google Test' will be built
[8.260s] -- Added test 'cppcheck' to perform static code analysis on C / C++ code
[8.261s] -- Configured cppcheck include dirs: /home/ricardo/rm_ws/src/navigation2/nav2_dwb_controller/costmap_queue/include
[8.263s] -- Configured cppcheck exclude dirs and/or files: 
[8.263s] -- Added test 'cpplint' to check C / C++ code against the Google style
[8.264s] -- Configured cpplint exclude dirs and/or files: 
[8.265s] -- Added test 'lint_cmake' to check CMake code style
[8.266s] -- Added test 'uncrustify' to check C / C++ code style
[8.266s] -- Configured uncrustify additional arguments: 
[8.266s] -- Added test 'xmllint' to check XML markup files
[8.271s] -- Configuring done
[8.426s] -- Generating done
[8.427s] -- Build files have been written to: /home/ricardo/rm_ws/build/costmap_queue
[8.520s] Invoked command in '/home/ricardo/rm_ws/build/costmap_queue' returned '0': AMENT_PREFIX_PATH=/home/ricardo/rm_ws/install/nav2_costmap_2d:/home/ricardo/rm_ws/install/nav2_util:/home/ricardo/rm_ws/install/nav2_voxel_grid:/home/ricardo/rm_ws/install/nav2_msgs:/home/ricardo/rm_ws/install/nav2_common:${AMENT_PREFIX_PATH} CMAKE_PREFIX_PATH=/home/ricardo/rm_ws/install/nav2_costmap_2d:/home/ricardo/rm_ws/install/nav2_util:/home/ricardo/rm_ws/install/nav2_voxel_grid:/home/ricardo/rm_ws/install/nav2_msgs:/home/ricardo/rm_ws/install/nav2_common:/home/ricardo/rm_ws/install/laser_car_cartographer:/home/ricardo/rm_ws/install/cartographer_ros:/home/ricardo/rm_ws/install/cartographer_ros_msgs:/home/ricardo/rm_ws/install/cartographer:/home/ricardo/rm_ws/install/topic_text_video:/home/ricardo/rm_ws/install/laser_car_description:/opt/ros/humble LD_LIBRARY_PATH=/home/ricardo/rm_ws/install/nav2_costmap_2d/lib:/home/ricardo/rm_ws/install/nav2_util/lib:/home/ricardo/rm_ws/install/nav2_voxel_grid/lib:/home/ricardo/rm_ws/install/nav2_msgs/lib:${LD_LIBRARY_PATH} PYTHONPATH=/home/ricardo/rm_ws/install/nav2_msgs/local/lib/python3.10/dist-packages:/home/ricardo/rm_ws/install/nav2_common/local/lib/python3.10/dist-packages:${PYTHONPATH} /usr/bin/cmake /home/ricardo/rm_ws/src/navigation2/nav2_dwb_controller/costmap_queue -DCMAKE_INSTALL_PREFIX=/home/ricardo/rm_ws/install/costmap_queue
[8.527s] Invoking command in '/home/ricardo/rm_ws/build/costmap_queue': AMENT_PREFIX_PATH=/home/ricardo/rm_ws/install/nav2_costmap_2d:/home/ricardo/rm_ws/install/nav2_util:/home/ricardo/rm_ws/install/nav2_voxel_grid:/home/ricardo/rm_ws/install/nav2_msgs:/home/ricardo/rm_ws/install/nav2_common:${AMENT_PREFIX_PATH} CMAKE_PREFIX_PATH=/home/ricardo/rm_ws/install/nav2_costmap_2d:/home/ricardo/rm_ws/install/nav2_util:/home/ricardo/rm_ws/install/nav2_voxel_grid:/home/ricardo/rm_ws/install/nav2_msgs:/home/ricardo/rm_ws/install/nav2_common:/home/ricardo/rm_ws/install/laser_car_cartographer:/home/ricardo/rm_ws/install/cartographer_ros:/home/ricardo/rm_ws/install/cartographer_ros_msgs:/home/ricardo/rm_ws/install/cartographer:/home/ricardo/rm_ws/install/topic_text_video:/home/ricardo/rm_ws/install/laser_car_description:/opt/ros/humble LD_LIBRARY_PATH=/home/ricardo/rm_ws/install/nav2_costmap_2d/lib:/home/ricardo/rm_ws/install/nav2_util/lib:/home/ricardo/rm_ws/install/nav2_voxel_grid/lib:/home/ricardo/rm_ws/install/nav2_msgs/lib:${LD_LIBRARY_PATH} PYTHONPATH=/home/ricardo/rm_ws/install/nav2_msgs/local/lib/python3.10/dist-packages:/home/ricardo/rm_ws/install/nav2_common/local/lib/python3.10/dist-packages:${PYTHONPATH} /usr/bin/cmake --build /home/ricardo/rm_ws/build/costmap_queue -- -j8 -l8
[21.390s] [  9%] [32mBuilding CXX object CMakeFiles/costmap_queue.dir/src/costmap_queue.cpp.o[0m
[21.390s] [ 18%] [32mBuilding CXX object CMakeFiles/costmap_queue.dir/src/limited_costmap_queue.cpp.o[0m
[21.391s] [ 27%] [32m[1mLinking CXX static library libcostmap_queue.a[0m
[21.391s] [ 27%] Built target costmap_queue
[21.392s] [ 36%] [32mBuilding CXX object gtest/CMakeFiles/gtest.dir/src/gtest-all.cc.o[0m
[23.013s] [ 45%] [32m[1mLinking CXX static library libgtest.a[0m
[23.082s] [ 45%] Built target gtest
[23.123s] [ 54%] [32mBuilding CXX object gtest/CMakeFiles/gtest_main.dir/src/gtest_main.cc.o[0m
[24.359s] [ 63%] [32m[1mLinking CXX static library libgtest_main.a[0m
[24.415s] [ 63%] Built target gtest_main
[24.452s] [ 72%] [32mBuilding CXX object CMakeFiles/mbq_test.dir/test/mbq_test.cpp.o[0m
[26.313s] [ 81%] [32m[1mLinking CXX executable mbq_test[0m
[27.258s] [ 81%] Built target mbq_test
[27.294s] [ 90%] [32mBuilding CXX object CMakeFiles/utest.dir/test/utest.cpp.o[0m
[33.410s] [100%] [32m[1mLinking CXX executable utest[0m
[34.047s] [100%] Built target utest
[34.070s] Invoked command in '/home/ricardo/rm_ws/build/costmap_queue' returned '0': AMENT_PREFIX_PATH=/home/ricardo/rm_ws/install/nav2_costmap_2d:/home/ricardo/rm_ws/install/nav2_util:/home/ricardo/rm_ws/install/nav2_voxel_grid:/home/ricardo/rm_ws/install/nav2_msgs:/home/ricardo/rm_ws/install/nav2_common:${AMENT_PREFIX_PATH} CMAKE_PREFIX_PATH=/home/ricardo/rm_ws/install/nav2_costmap_2d:/home/ricardo/rm_ws/install/nav2_util:/home/ricardo/rm_ws/install/nav2_voxel_grid:/home/ricardo/rm_ws/install/nav2_msgs:/home/ricardo/rm_ws/install/nav2_common:/home/ricardo/rm_ws/install/laser_car_cartographer:/home/ricardo/rm_ws/install/cartographer_ros:/home/ricardo/rm_ws/install/cartographer_ros_msgs:/home/ricardo/rm_ws/install/cartographer:/home/ricardo/rm_ws/install/topic_text_video:/home/ricardo/rm_ws/install/laser_car_description:/opt/ros/humble LD_LIBRARY_PATH=/home/ricardo/rm_ws/install/nav2_costmap_2d/lib:/home/ricardo/rm_ws/install/nav2_util/lib:/home/ricardo/rm_ws/install/nav2_voxel_grid/lib:/home/ricardo/rm_ws/install/nav2_msgs/lib:${LD_LIBRARY_PATH} PYTHONPATH=/home/ricardo/rm_ws/install/nav2_msgs/local/lib/python3.10/dist-packages:/home/ricardo/rm_ws/install/nav2_common/local/lib/python3.10/dist-packages:${PYTHONPATH} /usr/bin/cmake --build /home/ricardo/rm_ws/build/costmap_queue -- -j8 -l8
[34.142s] Invoking command in '/home/ricardo/rm_ws/build/costmap_queue': AMENT_PREFIX_PATH=/home/ricardo/rm_ws/install/nav2_costmap_2d:/home/ricardo/rm_ws/install/nav2_util:/home/ricardo/rm_ws/install/nav2_voxel_grid:/home/ricardo/rm_ws/install/nav2_msgs:/home/ricardo/rm_ws/install/nav2_common:${AMENT_PREFIX_PATH} CMAKE_PREFIX_PATH=/home/ricardo/rm_ws/install/nav2_costmap_2d:/home/ricardo/rm_ws/install/nav2_util:/home/ricardo/rm_ws/install/nav2_voxel_grid:/home/ricardo/rm_ws/install/nav2_msgs:/home/ricardo/rm_ws/install/nav2_common:/home/ricardo/rm_ws/install/laser_car_cartographer:/home/ricardo/rm_ws/install/cartographer_ros:/home/ricardo/rm_ws/install/cartographer_ros_msgs:/home/ricardo/rm_ws/install/cartographer:/home/ricardo/rm_ws/install/topic_text_video:/home/ricardo/rm_ws/install/laser_car_description:/opt/ros/humble LD_LIBRARY_PATH=/home/ricardo/rm_ws/install/nav2_costmap_2d/lib:/home/ricardo/rm_ws/install/nav2_util/lib:/home/ricardo/rm_ws/install/nav2_voxel_grid/lib:/home/ricardo/rm_ws/install/nav2_msgs/lib:${LD_LIBRARY_PATH} PYTHONPATH=/home/ricardo/rm_ws/install/nav2_msgs/local/lib/python3.10/dist-packages:/home/ricardo/rm_ws/install/nav2_common/local/lib/python3.10/dist-packages:${PYTHONPATH} /usr/bin/cmake --install /home/ricardo/rm_ws/build/costmap_queue
[66.218s] -- Install configuration: "Release"
[66.220s] -- Installing: /home/ricardo/rm_ws/install/costmap_queue/lib/libcostmap_queue.a
[66.220s] -- Installing: /home/ricardo/rm_ws/install/costmap_queue/include/
[66.222s] -- Installing: /home/ricardo/rm_ws/install/costmap_queue/include//costmap_queue
[66.222s] -- Installing: /home/ricardo/rm_ws/install/costmap_queue/include//costmap_queue/costmap_queue.hpp
[66.223s] -- Installing: /home/ricardo/rm_ws/install/costmap_queue/include//costmap_queue/map_based_queue.hpp
[66.223s] -- Installing: /home/ricardo/rm_ws/install/costmap_queue/include//costmap_queue/limited_costmap_queue.hpp
[66.223s] -- Installing: /home/ricardo/rm_ws/install/costmap_queue/share/costmap_queue/environment/library_path.sh
[66.225s] -- Installing: /home/ricardo/rm_ws/install/costmap_queue/share/costmap_queue/environment/library_path.dsv
[66.225s] -- Installing: /home/ricardo/rm_ws/install/costmap_queue/share/ament_index/resource_index/package_run_dependencies/costmap_queue
[66.225s] -- Installing: /home/ricardo/rm_ws/install/costmap_queue/share/ament_index/resource_index/parent_prefix_path/costmap_queue
[66.225s] -- Installing: /home/ricardo/rm_ws/install/costmap_queue/share/costmap_queue/environment/ament_prefix_path.sh
[66.225s] -- Installing: /home/ricardo/rm_ws/install/costmap_queue/share/costmap_queue/environment/ament_prefix_path.dsv
[66.225s] -- Installing: /home/ricardo/rm_ws/install/costmap_queue/share/costmap_queue/environment/path.sh
[66.225s] -- Installing: /home/ricardo/rm_ws/install/costmap_queue/share/costmap_queue/environment/path.dsv
[66.226s] -- Installing: /home/ricardo/rm_ws/install/costmap_queue/share/costmap_queue/local_setup.bash
[66.226s] -- Installing: /home/ricardo/rm_ws/install/costmap_queue/share/costmap_queue/local_setup.sh
[66.226s] -- Installing: /home/ricardo/rm_ws/install/costmap_queue/share/costmap_queue/local_setup.zsh
[66.226s] -- Installing: /home/ricardo/rm_ws/install/costmap_queue/share/costmap_queue/local_setup.dsv
[66.226s] -- Installing: /home/ricardo/rm_ws/install/costmap_queue/share/costmap_queue/package.dsv
[66.226s] -- Installing: /home/ricardo/rm_ws/install/costmap_queue/share/ament_index/resource_index/packages/costmap_queue
[66.226s] -- Installing: /home/ricardo/rm_ws/install/costmap_queue/share/costmap_queue/cmake/ament_cmake_export_include_directories-extras.cmake
[66.226s] -- Installing: /home/ricardo/rm_ws/install/costmap_queue/share/costmap_queue/cmake/ament_cmake_export_libraries-extras.cmake
[66.226s] -- Installing: /home/ricardo/rm_ws/install/costmap_queue/share/costmap_queue/cmake/costmap_queueConfig.cmake
[66.226s] -- Installing: /home/ricardo/rm_ws/install/costmap_queue/share/costmap_queue/cmake/costmap_queueConfig-version.cmake
[66.226s] -- Installing: /home/ricardo/rm_ws/install/costmap_queue/share/costmap_queue/package.xml
[66.229s] Invoked command in '/home/ricardo/rm_ws/build/costmap_queue' returned '0': AMENT_PREFIX_PATH=/home/ricardo/rm_ws/install/nav2_costmap_2d:/home/ricardo/rm_ws/install/nav2_util:/home/ricardo/rm_ws/install/nav2_voxel_grid:/home/ricardo/rm_ws/install/nav2_msgs:/home/ricardo/rm_ws/install/nav2_common:${AMENT_PREFIX_PATH} CMAKE_PREFIX_PATH=/home/ricardo/rm_ws/install/nav2_costmap_2d:/home/ricardo/rm_ws/install/nav2_util:/home/ricardo/rm_ws/install/nav2_voxel_grid:/home/ricardo/rm_ws/install/nav2_msgs:/home/ricardo/rm_ws/install/nav2_common:/home/ricardo/rm_ws/install/laser_car_cartographer:/home/ricardo/rm_ws/install/cartographer_ros:/home/ricardo/rm_ws/install/cartographer_ros_msgs:/home/ricardo/rm_ws/install/cartographer:/home/ricardo/rm_ws/install/topic_text_video:/home/ricardo/rm_ws/install/laser_car_description:/opt/ros/humble LD_LIBRARY_PATH=/home/ricardo/rm_ws/install/nav2_costmap_2d/lib:/home/ricardo/rm_ws/install/nav2_util/lib:/home/ricardo/rm_ws/install/nav2_voxel_grid/lib:/home/ricardo/rm_ws/install/nav2_msgs/lib:${LD_LIBRARY_PATH} PYTHONPATH=/home/ricardo/rm_ws/install/nav2_msgs/local/lib/python3.10/dist-packages:/home/ricardo/rm_ws/install/nav2_common/local/lib/python3.10/dist-packages:${PYTHONPATH} /usr/bin/cmake --install /home/ricardo/rm_ws/build/costmap_queue
