[0.228s] Invoking command in '/home/ricardo/rm_ws/build/nav2_planner': AMENT_PREFIX_PATH=/home/ricardo/rm_ws/install/nav2_core:/home/ricardo/rm_ws/install/nav2_costmap_2d:/home/ricardo/rm_ws/install/nav2_util:/home/ricardo/rm_ws/install/nav2_voxel_grid:/home/ricardo/rm_ws/install/nav2_msgs:/home/ricardo/rm_ws/install/nav2_common:${AMENT_PREFIX_PATH} CMAKE_PREFIX_PATH=/home/ricardo/rm_ws/install/nav2_core:/home/ricardo/rm_ws/install/nav2_costmap_2d:/home/ricardo/rm_ws/install/nav2_util:/home/ricardo/rm_ws/install/nav2_voxel_grid:/home/ricardo/rm_ws/install/nav2_msgs:/home/ricardo/rm_ws/install/nav2_common:/home/ricardo/rm_ws/install/laser_car_cartographer:/home/ricardo/rm_ws/install/cartographer_ros:/home/ricardo/rm_ws/install/cartographer_ros_msgs:/home/ricardo/rm_ws/install/cartographer:/home/ricardo/rm_ws/install/topic_text_video:/home/ricardo/rm_ws/install/laser_car_description:/opt/ros/humble LD_LIBRARY_PATH=/home/ricardo/rm_ws/install/nav2_costmap_2d/lib:/home/ricardo/rm_ws/install/nav2_util/lib:/home/ricardo/rm_ws/install/nav2_voxel_grid/lib:/home/ricardo/rm_ws/install/nav2_msgs/lib:${LD_LIBRARY_PATH} PYTHONPATH=/home/ricardo/rm_ws/install/nav2_msgs/local/lib/python3.10/dist-packages:/home/ricardo/rm_ws/install/nav2_common/local/lib/python3.10/dist-packages:${PYTHONPATH} /usr/bin/cmake /home/ricardo/rm_ws/src/navigation2/nav2_planner -DCMAKE_INSTALL_PREFIX=/home/ricardo/rm_ws/install/nav2_planner
[0.336s] -- The C compiler identification is GNU 11.4.0
[0.443s] -- The CXX compiler identification is GNU 11.4.0
[0.454s] -- Detecting C compiler ABI info
[0.578s] -- Detecting C compiler ABI info - done
[0.586s] -- Check for working C compiler: /usr/bin/cc - skipped
[0.586s] -- Detecting C compile features
[0.587s] -- Detecting C compile features - done
[0.590s] -- Detecting CXX compiler ABI info
[0.723s] -- Detecting CXX compiler ABI info - done
[0.730s] -- Check for working CXX compiler: /usr/bin/c++ - skipped
[0.730s] -- Detecting CXX compile features
[0.731s] -- Detecting CXX compile features - done
[0.738s] -- Found ament_cmake: 1.3.6 (/opt/ros/humble/share/ament_cmake/cmake)
[0.969s] -- Found Python3: /usr/bin/python3.10 (found version "3.10.12") found components: Interpreter 
[1.095s] -- Found nav2_common: 1.1.12 (/home/ricardo/rm_ws/install/nav2_common/share/nav2_common/cmake)
[1.098s] -- Found rclcpp: 16.0.7 (/opt/ros/humble/share/rclcpp/cmake)
[1.168s] -- Found rosidl_generator_c: 3.1.5 (/opt/ros/humble/share/rosidl_generator_c/cmake)
[1.177s] -- Found rosidl_adapter: 3.1.5 (/opt/ros/humble/share/rosidl_adapter/cmake)
[1.190s] -- Found rosidl_generator_cpp: 3.1.5 (/opt/ros/humble/share/rosidl_generator_cpp/cmake)
[1.211s] -- Using all available rosidl_typesupport_c: rosidl_typesupport_fastrtps_c;rosidl_typesupport_introspection_c
[1.236s] -- Using all available rosidl_typesupport_cpp: rosidl_typesupport_fastrtps_cpp;rosidl_typesupport_introspection_cpp
[1.330s] -- Found rmw_implementation_cmake: 6.1.1 (/opt/ros/humble/share/rmw_implementation_cmake/cmake)
[1.334s] -- Found rmw_fastrtps_cpp: 6.2.5 (/opt/ros/humble/share/rmw_fastrtps_cpp/cmake)
[1.510s] -- Found OpenSSL: /usr/lib/x86_64-linux-gnu/libcrypto.so (found version "3.0.2")  
[1.542s] -- Found FastRTPS: /opt/ros/humble/include  
[1.601s] -- Using RMW implementation 'rmw_fastrtps_cpp' as default
[1.616s] -- Looking for pthread.h
[1.762s] -- Looking for pthread.h - found
[1.762s] -- Performing Test CMAKE_HAVE_LIBC_PTHREAD
[1.878s] -- Performing Test CMAKE_HAVE_LIBC_PTHREAD - Success
[1.878s] -- Found Threads: TRUE  
[2.075s] -- Found rclcpp_action: 16.0.7 (/opt/ros/humble/share/rclcpp_action/cmake)
[2.177s] -- Found rclcpp_lifecycle: 16.0.7 (/opt/ros/humble/share/rclcpp_lifecycle/cmake)
[2.225s] -- Found rclcpp_components: 16.0.7 (/opt/ros/humble/share/rclcpp_components/cmake)
[2.296s] -- Found visualization_msgs: 4.2.3 (/opt/ros/humble/share/visualization_msgs/cmake)
[2.588s] -- Found nav2_util: 1.1.12 (/home/ricardo/rm_ws/install/nav2_util/share/nav2_util/cmake)
[3.096s] -- Found eigen3_cmake_module: 0.1.1 (/opt/ros/humble/share/eigen3_cmake_module/cmake)
[3.098s] -- Found Eigen3: TRUE (found version "3.4.0") 
[3.099s] -- Ensuring Eigen3 include directory is part of orocos-kdl CMake target
[3.308s] -- Found nav2_costmap_2d: 1.1.12 (/home/ricardo/rm_ws/install/nav2_costmap_2d/share/nav2_costmap_2d/cmake)
[4.210s] -- Found nav2_core: 1.1.12 (/home/ricardo/rm_ws/install/nav2_core/share/nav2_core/cmake)
[5.002s] -- Setting build type to Release as none was specified.
[15.123s] -- Found ament_lint_auto: 0.12.9 (/opt/ros/humble/share/ament_lint_auto/cmake)
[15.127s] -- Found ament_cmake_gtest: 1.3.6 (/opt/ros/humble/share/ament_cmake_gtest/cmake)
[15.294s] -- Found gtest sources under '/opt/ros/humble/src/gtest_vendor': C++ tests using 'Google Test' will be built
[20.497s] -- Added test 'copyright' to check source files copyright and LICENSE
[20.502s] -- Added test 'cppcheck' to perform static code analysis on C / C++ code
[20.502s] -- Configured cppcheck include dirs: /home/ricardo/rm_ws/src/navigation2/nav2_planner/include
[20.502s] -- Configured cppcheck exclude dirs and/or files: 
[20.504s] -- Added test 'cpplint' to check C / C++ code against the Google style
[20.504s] -- Configured cpplint exclude dirs and/or files: 
[20.505s] -- Added test 'lint_cmake' to check CMake code style
[20.506s] -- Added test 'uncrustify' to check C / C++ code style
[20.506s] -- Configured uncrustify additional arguments: 
[20.507s] -- Added test 'xmllint' to check XML markup files
[20.511s] -- Configuring done
[20.635s] -- Generating done
[20.638s] -- Build files have been written to: /home/ricardo/rm_ws/build/nav2_planner
[20.667s] Invoked command in '/home/ricardo/rm_ws/build/nav2_planner' returned '0': AMENT_PREFIX_PATH=/home/ricardo/rm_ws/install/nav2_core:/home/ricardo/rm_ws/install/nav2_costmap_2d:/home/ricardo/rm_ws/install/nav2_util:/home/ricardo/rm_ws/install/nav2_voxel_grid:/home/ricardo/rm_ws/install/nav2_msgs:/home/ricardo/rm_ws/install/nav2_common:${AMENT_PREFIX_PATH} CMAKE_PREFIX_PATH=/home/ricardo/rm_ws/install/nav2_core:/home/ricardo/rm_ws/install/nav2_costmap_2d:/home/ricardo/rm_ws/install/nav2_util:/home/ricardo/rm_ws/install/nav2_voxel_grid:/home/ricardo/rm_ws/install/nav2_msgs:/home/ricardo/rm_ws/install/nav2_common:/home/ricardo/rm_ws/install/laser_car_cartographer:/home/ricardo/rm_ws/install/cartographer_ros:/home/ricardo/rm_ws/install/cartographer_ros_msgs:/home/ricardo/rm_ws/install/cartographer:/home/ricardo/rm_ws/install/topic_text_video:/home/ricardo/rm_ws/install/laser_car_description:/opt/ros/humble LD_LIBRARY_PATH=/home/ricardo/rm_ws/install/nav2_costmap_2d/lib:/home/ricardo/rm_ws/install/nav2_util/lib:/home/ricardo/rm_ws/install/nav2_voxel_grid/lib:/home/ricardo/rm_ws/install/nav2_msgs/lib:${LD_LIBRARY_PATH} PYTHONPATH=/home/ricardo/rm_ws/install/nav2_msgs/local/lib/python3.10/dist-packages:/home/ricardo/rm_ws/install/nav2_common/local/lib/python3.10/dist-packages:${PYTHONPATH} /usr/bin/cmake /home/ricardo/rm_ws/src/navigation2/nav2_planner -DCMAKE_INSTALL_PREFIX=/home/ricardo/rm_ws/install/nav2_planner
[20.669s] Invoking command in '/home/ricardo/rm_ws/build/nav2_planner': AMENT_PREFIX_PATH=/home/ricardo/rm_ws/install/nav2_core:/home/ricardo/rm_ws/install/nav2_costmap_2d:/home/ricardo/rm_ws/install/nav2_util:/home/ricardo/rm_ws/install/nav2_voxel_grid:/home/ricardo/rm_ws/install/nav2_msgs:/home/ricardo/rm_ws/install/nav2_common:${AMENT_PREFIX_PATH} CMAKE_PREFIX_PATH=/home/ricardo/rm_ws/install/nav2_core:/home/ricardo/rm_ws/install/nav2_costmap_2d:/home/ricardo/rm_ws/install/nav2_util:/home/ricardo/rm_ws/install/nav2_voxel_grid:/home/ricardo/rm_ws/install/nav2_msgs:/home/ricardo/rm_ws/install/nav2_common:/home/ricardo/rm_ws/install/laser_car_cartographer:/home/ricardo/rm_ws/install/cartographer_ros:/home/ricardo/rm_ws/install/cartographer_ros_msgs:/home/ricardo/rm_ws/install/cartographer:/home/ricardo/rm_ws/install/topic_text_video:/home/ricardo/rm_ws/install/laser_car_description:/opt/ros/humble LD_LIBRARY_PATH=/home/ricardo/rm_ws/install/nav2_costmap_2d/lib:/home/ricardo/rm_ws/install/nav2_util/lib:/home/ricardo/rm_ws/install/nav2_voxel_grid/lib:/home/ricardo/rm_ws/install/nav2_msgs/lib:${LD_LIBRARY_PATH} PYTHONPATH=/home/ricardo/rm_ws/install/nav2_msgs/local/lib/python3.10/dist-packages:/home/ricardo/rm_ws/install/nav2_common/local/lib/python3.10/dist-packages:${PYTHONPATH} /usr/bin/cmake --build /home/ricardo/rm_ws/build/nav2_planner -- -j8 -l8
[30.667s] [ 10%] [32mBuilding CXX object gtest/CMakeFiles/gtest_main.dir/src/gtest_main.cc.o[0m
[30.667s] [ 20%] [32mBuilding CXX object CMakeFiles/planner_server_core.dir/src/planner_server.cpp.o[0m
[30.667s] [ 30%] [32m[1mLinking CXX static library libgtest_main.a[0m
[30.667s] [ 30%] Built target gtest_main
[30.667s] [ 40%] [32mBuilding CXX object gtest/CMakeFiles/gtest.dir/src/gtest-all.cc.o[0m
[44.200s] [ 50%] [32m[1mLinking CXX static library libgtest.a[0m
[44.471s] [ 50%] Built target gtest
[64.531s] [ 60%] [32m[1mLinking CXX shared library libplanner_server_core.so[0m
[65.131s] [ 60%] Built target planner_server_core
[65.172s] [ 70%] [32mBuilding CXX object CMakeFiles/planner_server.dir/src/main.cpp.o[0m
[72.849s] [ 80%] [32m[1mLinking CXX executable planner_server[0m
[73.267s] [ 80%] Built target planner_server
[73.316s] [ 90%] [32mBuilding CXX object test/CMakeFiles/test_dynamic_parameters.dir/test_dynamic_parameters.cpp.o[0m
[83.058s] [100%] [32m[1mLinking CXX executable test_dynamic_parameters[0m
[83.736s] [100%] Built target test_dynamic_parameters
[83.848s] Invoked command in '/home/ricardo/rm_ws/build/nav2_planner' returned '0': AMENT_PREFIX_PATH=/home/ricardo/rm_ws/install/nav2_core:/home/ricardo/rm_ws/install/nav2_costmap_2d:/home/ricardo/rm_ws/install/nav2_util:/home/ricardo/rm_ws/install/nav2_voxel_grid:/home/ricardo/rm_ws/install/nav2_msgs:/home/ricardo/rm_ws/install/nav2_common:${AMENT_PREFIX_PATH} CMAKE_PREFIX_PATH=/home/ricardo/rm_ws/install/nav2_core:/home/ricardo/rm_ws/install/nav2_costmap_2d:/home/ricardo/rm_ws/install/nav2_util:/home/ricardo/rm_ws/install/nav2_voxel_grid:/home/ricardo/rm_ws/install/nav2_msgs:/home/ricardo/rm_ws/install/nav2_common:/home/ricardo/rm_ws/install/laser_car_cartographer:/home/ricardo/rm_ws/install/cartographer_ros:/home/ricardo/rm_ws/install/cartographer_ros_msgs:/home/ricardo/rm_ws/install/cartographer:/home/ricardo/rm_ws/install/topic_text_video:/home/ricardo/rm_ws/install/laser_car_description:/opt/ros/humble LD_LIBRARY_PATH=/home/ricardo/rm_ws/install/nav2_costmap_2d/lib:/home/ricardo/rm_ws/install/nav2_util/lib:/home/ricardo/rm_ws/install/nav2_voxel_grid/lib:/home/ricardo/rm_ws/install/nav2_msgs/lib:${LD_LIBRARY_PATH} PYTHONPATH=/home/ricardo/rm_ws/install/nav2_msgs/local/lib/python3.10/dist-packages:/home/ricardo/rm_ws/install/nav2_common/local/lib/python3.10/dist-packages:${PYTHONPATH} /usr/bin/cmake --build /home/ricardo/rm_ws/build/nav2_planner -- -j8 -l8
[84.340s] Invoking command in '/home/ricardo/rm_ws/build/nav2_planner': AMENT_PREFIX_PATH=/home/ricardo/rm_ws/install/nav2_core:/home/ricardo/rm_ws/install/nav2_costmap_2d:/home/ricardo/rm_ws/install/nav2_util:/home/ricardo/rm_ws/install/nav2_voxel_grid:/home/ricardo/rm_ws/install/nav2_msgs:/home/ricardo/rm_ws/install/nav2_common:${AMENT_PREFIX_PATH} CMAKE_PREFIX_PATH=/home/ricardo/rm_ws/install/nav2_core:/home/ricardo/rm_ws/install/nav2_costmap_2d:/home/ricardo/rm_ws/install/nav2_util:/home/ricardo/rm_ws/install/nav2_voxel_grid:/home/ricardo/rm_ws/install/nav2_msgs:/home/ricardo/rm_ws/install/nav2_common:/home/ricardo/rm_ws/install/laser_car_cartographer:/home/ricardo/rm_ws/install/cartographer_ros:/home/ricardo/rm_ws/install/cartographer_ros_msgs:/home/ricardo/rm_ws/install/cartographer:/home/ricardo/rm_ws/install/topic_text_video:/home/ricardo/rm_ws/install/laser_car_description:/opt/ros/humble LD_LIBRARY_PATH=/home/ricardo/rm_ws/install/nav2_costmap_2d/lib:/home/ricardo/rm_ws/install/nav2_util/lib:/home/ricardo/rm_ws/install/nav2_voxel_grid/lib:/home/ricardo/rm_ws/install/nav2_msgs/lib:${LD_LIBRARY_PATH} PYTHONPATH=/home/ricardo/rm_ws/install/nav2_msgs/local/lib/python3.10/dist-packages:/home/ricardo/rm_ws/install/nav2_common/local/lib/python3.10/dist-packages:${PYTHONPATH} /usr/bin/cmake --install /home/ricardo/rm_ws/build/nav2_planner
[84.352s] -- Install configuration: "Release"
[84.354s] -- Installing: /home/ricardo/rm_ws/install/nav2_planner/lib/libplanner_server_core.so
[84.358s] -- Set runtime path of "/home/ricardo/rm_ws/install/nav2_planner/lib/libplanner_server_core.so" to ""
[84.360s] -- Installing: /home/ricardo/rm_ws/install/nav2_planner/lib/nav2_planner/planner_server
[84.361s] -- Set runtime path of "/home/ricardo/rm_ws/install/nav2_planner/lib/nav2_planner/planner_server" to ""
[84.362s] -- Installing: /home/ricardo/rm_ws/install/nav2_planner/include/
[84.362s] -- Installing: /home/ricardo/rm_ws/install/nav2_planner/include//nav2_planner
[84.364s] -- Installing: /home/ricardo/rm_ws/install/nav2_planner/include//nav2_planner/planner_server.hpp
[84.365s] -- Installing: /home/ricardo/rm_ws/install/nav2_planner/share/nav2_planner/environment/library_path.sh
[84.365s] -- Installing: /home/ricardo/rm_ws/install/nav2_planner/share/nav2_planner/environment/library_path.dsv
[84.367s] -- Installing: /home/ricardo/rm_ws/install/nav2_planner/share/ament_index/resource_index/package_run_dependencies/nav2_planner
[84.369s] -- Installing: /home/ricardo/rm_ws/install/nav2_planner/share/ament_index/resource_index/parent_prefix_path/nav2_planner
[84.373s] -- Installing: /home/ricardo/rm_ws/install/nav2_planner/share/nav2_planner/environment/ament_prefix_path.sh
[84.373s] -- Installing: /home/ricardo/rm_ws/install/nav2_planner/share/nav2_planner/environment/ament_prefix_path.dsv
[84.377s] -- Installing: /home/ricardo/rm_ws/install/nav2_planner/share/nav2_planner/environment/path.sh
[84.377s] -- Installing: /home/ricardo/rm_ws/install/nav2_planner/share/nav2_planner/environment/path.dsv
[84.377s] -- Installing: /home/ricardo/rm_ws/install/nav2_planner/share/nav2_planner/local_setup.bash
[84.380s] -- Installing: /home/ricardo/rm_ws/install/nav2_planner/share/nav2_planner/local_setup.sh
[84.380s] -- Installing: /home/ricardo/rm_ws/install/nav2_planner/share/nav2_planner/local_setup.zsh
[84.383s] -- Installing: /home/ricardo/rm_ws/install/nav2_planner/share/nav2_planner/local_setup.dsv
[84.383s] -- Installing: /home/ricardo/rm_ws/install/nav2_planner/share/nav2_planner/package.dsv
[84.384s] -- Installing: /home/ricardo/rm_ws/install/nav2_planner/share/ament_index/resource_index/packages/nav2_planner
[84.387s] -- Installing: /home/ricardo/rm_ws/install/nav2_planner/share/ament_index/resource_index/rclcpp_components/nav2_planner
[84.392s] -- Installing: /home/ricardo/rm_ws/install/nav2_planner/share/nav2_planner/cmake/ament_cmake_export_include_directories-extras.cmake
[84.395s] -- Installing: /home/ricardo/rm_ws/install/nav2_planner/share/nav2_planner/cmake/ament_cmake_export_libraries-extras.cmake
[84.401s] -- Installing: /home/ricardo/rm_ws/install/nav2_planner/share/nav2_planner/cmake/ament_cmake_export_dependencies-extras.cmake
[84.401s] -- Installing: /home/ricardo/rm_ws/install/nav2_planner/share/nav2_planner/cmake/nav2_plannerConfig.cmake
[84.406s] -- Installing: /home/ricardo/rm_ws/install/nav2_planner/share/nav2_planner/cmake/nav2_plannerConfig-version.cmake
[84.407s] -- Installing: /home/ricardo/rm_ws/install/nav2_planner/share/nav2_planner/package.xml
[84.745s] Invoked command in '/home/ricardo/rm_ws/build/nav2_planner' returned '0': AMENT_PREFIX_PATH=/home/ricardo/rm_ws/install/nav2_core:/home/ricardo/rm_ws/install/nav2_costmap_2d:/home/ricardo/rm_ws/install/nav2_util:/home/ricardo/rm_ws/install/nav2_voxel_grid:/home/ricardo/rm_ws/install/nav2_msgs:/home/ricardo/rm_ws/install/nav2_common:${AMENT_PREFIX_PATH} CMAKE_PREFIX_PATH=/home/ricardo/rm_ws/install/nav2_core:/home/ricardo/rm_ws/install/nav2_costmap_2d:/home/ricardo/rm_ws/install/nav2_util:/home/ricardo/rm_ws/install/nav2_voxel_grid:/home/ricardo/rm_ws/install/nav2_msgs:/home/ricardo/rm_ws/install/nav2_common:/home/ricardo/rm_ws/install/laser_car_cartographer:/home/ricardo/rm_ws/install/cartographer_ros:/home/ricardo/rm_ws/install/cartographer_ros_msgs:/home/ricardo/rm_ws/install/cartographer:/home/ricardo/rm_ws/install/topic_text_video:/home/ricardo/rm_ws/install/laser_car_description:/opt/ros/humble LD_LIBRARY_PATH=/home/ricardo/rm_ws/install/nav2_costmap_2d/lib:/home/ricardo/rm_ws/install/nav2_util/lib:/home/ricardo/rm_ws/install/nav2_voxel_grid/lib:/home/ricardo/rm_ws/install/nav2_msgs/lib:${LD_LIBRARY_PATH} PYTHONPATH=/home/ricardo/rm_ws/install/nav2_msgs/local/lib/python3.10/dist-packages:/home/ricardo/rm_ws/install/nav2_common/local/lib/python3.10/dist-packages:${PYTHONPATH} /usr/bin/cmake --install /home/ricardo/rm_ws/build/nav2_planner
