[0.060s] Invoking command in '/home/ricardo/rm_ws/build/nav2_voxel_grid': AMENT_PREFIX_PATH=/home/ricardo/rm_ws/install/nav2_common:${AMENT_PREFIX_PATH} CMAKE_PREFIX_PATH=/home/ricardo/rm_ws/install/nav2_common:/home/ricardo/rm_ws/install/laser_car_cartographer:/home/ricardo/rm_ws/install/cartographer_ros:/home/ricardo/rm_ws/install/cartographer_ros_msgs:/home/ricardo/rm_ws/install/cartographer:/home/ricardo/rm_ws/install/topic_text_video:/home/ricardo/rm_ws/install/laser_car_description:/opt/ros/humble PYTHONPATH=/home/ricardo/rm_ws/install/nav2_common/local/lib/python3.10/dist-packages:${PYTHONPATH} /usr/bin/cmake /home/ricardo/rm_ws/src/navigation2/nav2_voxel_grid -DCMAKE_INSTALL_PREFIX=/home/ricardo/rm_ws/install/nav2_voxel_grid
[0.119s] -- The C compiler identification is GNU 11.4.0
[0.179s] -- The CXX compiler identification is GNU 11.4.0
[0.186s] -- Detecting C compiler ABI info
[0.266s] -- Detecting C compiler ABI info - done
[0.273s] -- Check for working C compiler: /usr/bin/cc - skipped
[0.273s] -- Detecting C compile features
[0.274s] -- Detecting C compile features - done
[0.276s] -- Detecting CXX compiler ABI info
[0.369s] -- Detecting CXX compiler ABI info - done
[0.375s] -- Check for working CXX compiler: /usr/bin/c++ - skipped
[0.376s] -- Detecting CXX compile features
[0.376s] -- Detecting CXX compile features - done
[0.379s] -- Found ament_cmake: 1.3.6 (/opt/ros/humble/share/ament_cmake/cmake)
[0.537s] -- Found Python3: /usr/bin/python3.10 (found version "3.10.12") found components: Interpreter 
[0.619s] -- Found nav2_common: 1.1.12 (/home/ricardo/rm_ws/install/nav2_common/share/nav2_common/cmake)
[0.625s] -- Found rclcpp: 16.0.7 (/opt/ros/humble/share/rclcpp/cmake)
[0.677s] -- Found rosidl_generator_c: 3.1.5 (/opt/ros/humble/share/rosidl_generator_c/cmake)
[0.682s] -- Found rosidl_adapter: 3.1.5 (/opt/ros/humble/share/rosidl_adapter/cmake)
[0.690s] -- Found rosidl_generator_cpp: 3.1.5 (/opt/ros/humble/share/rosidl_generator_cpp/cmake)
[0.703s] -- Using all available rosidl_typesupport_c: rosidl_typesupport_fastrtps_c;rosidl_typesupport_introspection_c
[0.722s] -- Using all available rosidl_typesupport_cpp: rosidl_typesupport_fastrtps_cpp;rosidl_typesupport_introspection_cpp
[0.841s] -- Found rmw_implementation_cmake: 6.1.1 (/opt/ros/humble/share/rmw_implementation_cmake/cmake)
[0.849s] -- Found rmw_fastrtps_cpp: 6.2.5 (/opt/ros/humble/share/rmw_fastrtps_cpp/cmake)
[1.023s] -- Found OpenSSL: /usr/lib/x86_64-linux-gnu/libcrypto.so (found version "3.0.2")  
[1.055s] -- Found FastRTPS: /opt/ros/humble/include  
[1.101s] -- Using RMW implementation 'rmw_fastrtps_cpp' as default
[1.127s] -- Looking for pthread.h
[1.234s] -- Looking for pthread.h - found
[1.234s] -- Performing Test CMAKE_HAVE_LIBC_PTHREAD
[1.319s] -- Performing Test CMAKE_HAVE_LIBC_PTHREAD - Success
[1.320s] -- Found Threads: TRUE  
[1.538s] -- Setting build type to Release as none was specified.
[1.542s] -- Found ament_lint_auto: 0.12.9 (/opt/ros/humble/share/ament_lint_auto/cmake)
[1.654s] -- Found gtest sources under '/opt/ros/humble/src/gtest_vendor': C++ tests using 'Google Test' will be built
[1.665s] -- Added test 'cppcheck' to perform static code analysis on C / C++ code
[1.666s] -- Configured cppcheck include dirs: /home/ricardo/rm_ws/src/navigation2/nav2_voxel_grid/include
[1.666s] -- Configured cppcheck exclude dirs and/or files: 
[1.667s] -- Added test 'cpplint' to check C / C++ code against the Google style
[1.667s] -- Configured cpplint exclude dirs and/or files: 
[1.669s] -- Added test 'lint_cmake' to check CMake code style
[1.672s] -- Added test 'uncrustify' to check C / C++ code style
[1.672s] -- Configured uncrustify additional arguments: 
[1.673s] -- Added test 'xmllint' to check XML markup files
[1.676s] -- Configuring done
[1.696s] -- Generating done
[1.698s] -- Build files have been written to: /home/ricardo/rm_ws/build/nav2_voxel_grid
[1.709s] Invoked command in '/home/ricardo/rm_ws/build/nav2_voxel_grid' returned '0': AMENT_PREFIX_PATH=/home/ricardo/rm_ws/install/nav2_common:${AMENT_PREFIX_PATH} CMAKE_PREFIX_PATH=/home/ricardo/rm_ws/install/nav2_common:/home/ricardo/rm_ws/install/laser_car_cartographer:/home/ricardo/rm_ws/install/cartographer_ros:/home/ricardo/rm_ws/install/cartographer_ros_msgs:/home/ricardo/rm_ws/install/cartographer:/home/ricardo/rm_ws/install/topic_text_video:/home/ricardo/rm_ws/install/laser_car_description:/opt/ros/humble PYTHONPATH=/home/ricardo/rm_ws/install/nav2_common/local/lib/python3.10/dist-packages:${PYTHONPATH} /usr/bin/cmake /home/ricardo/rm_ws/src/navigation2/nav2_voxel_grid -DCMAKE_INSTALL_PREFIX=/home/ricardo/rm_ws/install/nav2_voxel_grid
[1.712s] Invoking command in '/home/ricardo/rm_ws/build/nav2_voxel_grid': AMENT_PREFIX_PATH=/home/ricardo/rm_ws/install/nav2_common:${AMENT_PREFIX_PATH} CMAKE_PREFIX_PATH=/home/ricardo/rm_ws/install/nav2_common:/home/ricardo/rm_ws/install/laser_car_cartographer:/home/ricardo/rm_ws/install/cartographer_ros:/home/ricardo/rm_ws/install/cartographer_ros_msgs:/home/ricardo/rm_ws/install/cartographer:/home/ricardo/rm_ws/install/topic_text_video:/home/ricardo/rm_ws/install/laser_car_description:/opt/ros/humble PYTHONPATH=/home/ricardo/rm_ws/install/nav2_common/local/lib/python3.10/dist-packages:${PYTHONPATH} /usr/bin/cmake --build /home/ricardo/rm_ws/build/nav2_voxel_grid -- -j8 -l8
[1.774s] [ 30%] [32mBuilding CXX object CMakeFiles/voxel_grid.dir/src/voxel_grid.cpp.o[0m
[1.774s] [ 20%] [32mBuilding CXX object gtest/CMakeFiles/gtest_main.dir/src/gtest_main.cc.o[0m
[1.774s] [ 30%] [32mBuilding CXX object gtest/CMakeFiles/gtest.dir/src/gtest-all.cc.o[0m
[4.547s] [ 40%] [32m[1mLinking CXX static library libgtest_main.a[0m
[4.768s] [ 40%] Built target gtest_main
[7.320s] [ 50%] [32m[1mLinking CXX shared library libvoxel_grid.so[0m
[7.523s] [ 50%] Built target voxel_grid
[12.287s] [ 60%] [32m[1mLinking CXX static library libgtest.a[0m
[12.457s] [ 60%] Built target gtest
[12.606s] [ 70%] [32mBuilding CXX object test/CMakeFiles/voxel_grid_tests.dir/voxel_grid_tests.cpp.o[0m
[12.615s] [ 80%] [32mBuilding CXX object test/CMakeFiles/voxel_grid_bresenham_3d.dir/voxel_grid_bresenham_3d.cpp.o[0m
[22.039s] [ 90%] [32m[1mLinking CXX executable voxel_grid_tests[0m
[22.067s] [100%] [32m[1mLinking CXX executable voxel_grid_bresenham_3d[0m
[22.332s] [100%] Built target voxel_grid_tests
[22.407s] [100%] Built target voxel_grid_bresenham_3d
[22.444s] Invoked command in '/home/ricardo/rm_ws/build/nav2_voxel_grid' returned '0': AMENT_PREFIX_PATH=/home/ricardo/rm_ws/install/nav2_common:${AMENT_PREFIX_PATH} CMAKE_PREFIX_PATH=/home/ricardo/rm_ws/install/nav2_common:/home/ricardo/rm_ws/install/laser_car_cartographer:/home/ricardo/rm_ws/install/cartographer_ros:/home/ricardo/rm_ws/install/cartographer_ros_msgs:/home/ricardo/rm_ws/install/cartographer:/home/ricardo/rm_ws/install/topic_text_video:/home/ricardo/rm_ws/install/laser_car_description:/opt/ros/humble PYTHONPATH=/home/ricardo/rm_ws/install/nav2_common/local/lib/python3.10/dist-packages:${PYTHONPATH} /usr/bin/cmake --build /home/ricardo/rm_ws/build/nav2_voxel_grid -- -j8 -l8
[22.674s] Invoking command in '/home/ricardo/rm_ws/build/nav2_voxel_grid': AMENT_PREFIX_PATH=/home/ricardo/rm_ws/install/nav2_common:${AMENT_PREFIX_PATH} CMAKE_PREFIX_PATH=/home/ricardo/rm_ws/install/nav2_common:/home/ricardo/rm_ws/install/laser_car_cartographer:/home/ricardo/rm_ws/install/cartographer_ros:/home/ricardo/rm_ws/install/cartographer_ros_msgs:/home/ricardo/rm_ws/install/cartographer:/home/ricardo/rm_ws/install/topic_text_video:/home/ricardo/rm_ws/install/laser_car_description:/opt/ros/humble PYTHONPATH=/home/ricardo/rm_ws/install/nav2_common/local/lib/python3.10/dist-packages:${PYTHONPATH} /usr/bin/cmake --install /home/ricardo/rm_ws/build/nav2_voxel_grid
[22.692s] -- Install configuration: "Release"
[22.693s] -- Installing: /home/ricardo/rm_ws/install/nav2_voxel_grid/lib/libvoxel_grid.so
[22.693s] -- Set runtime path of "/home/ricardo/rm_ws/install/nav2_voxel_grid/lib/libvoxel_grid.so" to ""
[22.702s] -- Installing: /home/ricardo/rm_ws/install/nav2_voxel_grid/include
[22.703s] -- Installing: /home/ricardo/rm_ws/install/nav2_voxel_grid/include/nav2_voxel_grid
[22.704s] -- Installing: /home/ricardo/rm_ws/install/nav2_voxel_grid/include/nav2_voxel_grid/voxel_grid.hpp
[22.704s] -- Installing: /home/ricardo/rm_ws/install/nav2_voxel_grid/share/nav2_voxel_grid/environment/library_path.sh
[22.705s] -- Installing: /home/ricardo/rm_ws/install/nav2_voxel_grid/share/nav2_voxel_grid/environment/library_path.dsv
[22.705s] -- Installing: /home/ricardo/rm_ws/install/nav2_voxel_grid/share/ament_index/resource_index/package_run_dependencies/nav2_voxel_grid
[22.706s] -- Installing: /home/ricardo/rm_ws/install/nav2_voxel_grid/share/ament_index/resource_index/parent_prefix_path/nav2_voxel_grid
[22.706s] -- Installing: /home/ricardo/rm_ws/install/nav2_voxel_grid/share/nav2_voxel_grid/environment/ament_prefix_path.sh
[22.708s] -- Installing: /home/ricardo/rm_ws/install/nav2_voxel_grid/share/nav2_voxel_grid/environment/ament_prefix_path.dsv
[22.708s] -- Installing: /home/ricardo/rm_ws/install/nav2_voxel_grid/share/nav2_voxel_grid/environment/path.sh
[22.709s] -- Installing: /home/ricardo/rm_ws/install/nav2_voxel_grid/share/nav2_voxel_grid/environment/path.dsv
[22.709s] -- Installing: /home/ricardo/rm_ws/install/nav2_voxel_grid/share/nav2_voxel_grid/local_setup.bash
[22.709s] -- Installing: /home/ricardo/rm_ws/install/nav2_voxel_grid/share/nav2_voxel_grid/local_setup.sh
[22.710s] -- Installing: /home/ricardo/rm_ws/install/nav2_voxel_grid/share/nav2_voxel_grid/local_setup.zsh
[22.710s] -- Installing: /home/ricardo/rm_ws/install/nav2_voxel_grid/share/nav2_voxel_grid/local_setup.dsv
[22.710s] -- Installing: /home/ricardo/rm_ws/install/nav2_voxel_grid/share/nav2_voxel_grid/package.dsv
[22.711s] -- Installing: /home/ricardo/rm_ws/install/nav2_voxel_grid/share/ament_index/resource_index/packages/nav2_voxel_grid
[22.711s] -- Installing: /home/ricardo/rm_ws/install/nav2_voxel_grid/share/nav2_voxel_grid/cmake/ament_cmake_export_dependencies-extras.cmake
[22.712s] -- Installing: /home/ricardo/rm_ws/install/nav2_voxel_grid/share/nav2_voxel_grid/cmake/ament_cmake_export_include_directories-extras.cmake
[22.712s] -- Installing: /home/ricardo/rm_ws/install/nav2_voxel_grid/share/nav2_voxel_grid/cmake/ament_cmake_export_libraries-extras.cmake
[22.713s] -- Installing: /home/ricardo/rm_ws/install/nav2_voxel_grid/share/nav2_voxel_grid/cmake/nav2_voxel_gridConfig.cmake
[22.713s] -- Installing: /home/ricardo/rm_ws/install/nav2_voxel_grid/share/nav2_voxel_grid/cmake/nav2_voxel_gridConfig-version.cmake
[22.714s] -- Installing: /home/ricardo/rm_ws/install/nav2_voxel_grid/share/nav2_voxel_grid/package.xml
[22.716s] Invoked command in '/home/ricardo/rm_ws/build/nav2_voxel_grid' returned '0': AMENT_PREFIX_PATH=/home/ricardo/rm_ws/install/nav2_common:${AMENT_PREFIX_PATH} CMAKE_PREFIX_PATH=/home/ricardo/rm_ws/install/nav2_common:/home/ricardo/rm_ws/install/laser_car_cartographer:/home/ricardo/rm_ws/install/cartographer_ros:/home/ricardo/rm_ws/install/cartographer_ros_msgs:/home/ricardo/rm_ws/install/cartographer:/home/ricardo/rm_ws/install/topic_text_video:/home/ricardo/rm_ws/install/laser_car_description:/opt/ros/humble PYTHONPATH=/home/ricardo/rm_ws/install/nav2_common/local/lib/python3.10/dist-packages:${PYTHONPATH} /usr/bin/cmake --install /home/ricardo/rm_ws/build/nav2_voxel_grid
