[0.058s] Invoking command in '/home/ricardo/rm_ws/build/laser_car_cartographer': CMAKE_PREFIX_PATH=${CMAKE_PREFIX_PATH}:/home/ricardo/rm_ws/install/topic_text_video:/home/ricardo/rm_ws/install/laser_car_description:/opt/ros/humble /usr/bin/cmake /home/ricardo/rm_ws/src/laser_car_cartographer -DCMAKE_INSTALL_PREFIX=/home/ricardo/rm_ws/install/laser_car_cartographer
[0.221s] -- The C compiler identification is GNU 11.4.0
[0.288s] -- The CXX compiler identification is GNU 11.4.0
[0.308s] -- Detecting C compiler ABI info
[0.398s] -- Detecting C compiler ABI info - done
[0.404s] -- Check for working C compiler: /usr/bin/cc - skipped
[0.405s] -- Detecting C compile features
[0.408s] -- Detecting C compile features - done
[0.412s] -- Detecting CXX compiler ABI info
[0.499s] -- Detecting CXX compiler ABI info - done
[0.506s] -- Check for working CXX compiler: /usr/bin/c++ - skipped
[0.506s] -- Detecting CXX compile features
[0.506s] -- Detecting CXX compile features - done
[0.514s] -- Found ament_cmake: 1.3.6 (/opt/ros/humble/share/ament_cmake/cmake)
[0.688s] -- Found Python3: /usr/bin/python3.10 (found version "3.10.12") found components: Interpreter 
[0.827s] -- Found ament_lint_auto: 0.12.9 (/opt/ros/humble/share/ament_lint_auto/cmake)
[0.922s] -- Added test 'flake8' to check Python code syntax and style conventions
[0.923s] -- Added test 'lint_cmake' to check CMake code style
[0.925s] -- Added test 'pep257' to check Python code against some of the docstring style conventions in PEP 257
[0.928s] -- Added test 'xmllint' to check XML markup files
[0.932s] -- Configuring done
[0.935s] -- Generating done
[0.935s] -- Build files have been written to: /home/ricardo/rm_ws/build/laser_car_cartographer
[0.940s] Invoked command in '/home/ricardo/rm_ws/build/laser_car_cartographer' returned '0': CMAKE_PREFIX_PATH=${CMAKE_PREFIX_PATH}:/home/ricardo/rm_ws/install/topic_text_video:/home/ricardo/rm_ws/install/laser_car_description:/opt/ros/humble /usr/bin/cmake /home/ricardo/rm_ws/src/laser_car_cartographer -DCMAKE_INSTALL_PREFIX=/home/ricardo/rm_ws/install/laser_car_cartographer
[0.943s] Invoking command in '/home/ricardo/rm_ws/build/laser_car_cartographer': CMAKE_PREFIX_PATH=${CMAKE_PREFIX_PATH}:/home/ricardo/rm_ws/install/topic_text_video:/home/ricardo/rm_ws/install/laser_car_description:/opt/ros/humble /usr/bin/cmake --build /home/ricardo/rm_ws/build/laser_car_cartographer -- -j8 -l8
[0.988s] Invoked command in '/home/ricardo/rm_ws/build/laser_car_cartographer' returned '0': CMAKE_PREFIX_PATH=${CMAKE_PREFIX_PATH}:/home/ricardo/rm_ws/install/topic_text_video:/home/ricardo/rm_ws/install/laser_car_description:/opt/ros/humble /usr/bin/cmake --build /home/ricardo/rm_ws/build/laser_car_cartographer -- -j8 -l8
[1.036s] Invoking command in '/home/ricardo/rm_ws/build/laser_car_cartographer': CMAKE_PREFIX_PATH=${CMAKE_PREFIX_PATH}:/home/ricardo/rm_ws/install/topic_text_video:/home/ricardo/rm_ws/install/laser_car_description:/opt/ros/humble /usr/bin/cmake --install /home/ricardo/rm_ws/build/laser_car_cartographer
[1.043s] -- Install configuration: ""
[1.043s] -- Installing: /home/ricardo/rm_ws/install/laser_car_cartographer/share/laser_car_cartographer/config
[1.043s] -- Installing: /home/ricardo/rm_ws/install/laser_car_cartographer/share/laser_car_cartographer/config/laser_car_2d.lua
[1.044s] -- Installing: /home/ricardo/rm_ws/install/laser_car_cartographer/share/laser_car_cartographer/launch
[1.044s] -- Installing: /home/ricardo/rm_ws/install/laser_car_cartographer/share/laser_car_cartographer/launch/cartographer.launch.py
[1.044s] -- Installing: /home/ricardo/rm_ws/install/laser_car_cartographer/share/laser_car_cartographer/rviz
[1.044s] -- Installing: /home/ricardo/rm_ws/install/laser_car_cartographer/share/ament_index/resource_index/package_run_dependencies/laser_car_cartographer
[1.044s] -- Installing: /home/ricardo/rm_ws/install/laser_car_cartographer/share/ament_index/resource_index/parent_prefix_path/laser_car_cartographer
[1.045s] -- Installing: /home/ricardo/rm_ws/install/laser_car_cartographer/share/laser_car_cartographer/environment/ament_prefix_path.sh
[1.045s] -- Installing: /home/ricardo/rm_ws/install/laser_car_cartographer/share/laser_car_cartographer/environment/ament_prefix_path.dsv
[1.045s] -- Installing: /home/ricardo/rm_ws/install/laser_car_cartographer/share/laser_car_cartographer/environment/path.sh
[1.045s] -- Installing: /home/ricardo/rm_ws/install/laser_car_cartographer/share/laser_car_cartographer/environment/path.dsv
[1.045s] -- Installing: /home/ricardo/rm_ws/install/laser_car_cartographer/share/laser_car_cartographer/local_setup.bash
[1.045s] -- Installing: /home/ricardo/rm_ws/install/laser_car_cartographer/share/laser_car_cartographer/local_setup.sh
[1.046s] -- Installing: /home/ricardo/rm_ws/install/laser_car_cartographer/share/laser_car_cartographer/local_setup.zsh
[1.046s] -- Installing: /home/ricardo/rm_ws/install/laser_car_cartographer/share/laser_car_cartographer/local_setup.dsv
[1.046s] -- Installing: /home/ricardo/rm_ws/install/laser_car_cartographer/share/laser_car_cartographer/package.dsv
[1.046s] -- Installing: /home/ricardo/rm_ws/install/laser_car_cartographer/share/ament_index/resource_index/packages/laser_car_cartographer
[1.046s] -- Installing: /home/ricardo/rm_ws/install/laser_car_cartographer/share/laser_car_cartographer/cmake/laser_car_cartographerConfig.cmake
[1.046s] -- Installing: /home/ricardo/rm_ws/install/laser_car_cartographer/share/laser_car_cartographer/cmake/laser_car_cartographerConfig-version.cmake
[1.046s] -- Installing: /home/ricardo/rm_ws/install/laser_car_cartographer/share/laser_car_cartographer/package.xml
[1.048s] Invoked command in '/home/ricardo/rm_ws/build/laser_car_cartographer' returned '0': CMAKE_PREFIX_PATH=${CMAKE_PREFIX_PATH}:/home/ricardo/rm_ws/install/topic_text_video:/home/ricardo/rm_ws/install/laser_car_description:/opt/ros/humble /usr/bin/cmake --install /home/ricardo/rm_ws/build/laser_car_cartographer
