[1.037s] Invoking command in '/home/ricardo/rm_ws/src/laser_car_description': PYTHONPATH=/home/ricardo/rm_ws/build/laser_car_description/prefix_override:/home/ricardo/rm_ws/install/laser_car_description/lib/python3.10/site-packages:${PYTHONPATH} /usr/bin/python3 setup.py egg_info --egg-base ../../build/laser_car_description build --build-base /home/ricardo/rm_ws/build/laser_car_description/build install --record /home/ricardo/rm_ws/build/laser_car_description/install.log --single-version-externally-managed
[1.232s] running egg_info
[1.233s] writing ../../build/laser_car_description/laser_car_description.egg-info/PKG-INFO
[1.234s] writing dependency_links to ../../build/laser_car_description/laser_car_description.egg-info/dependency_links.txt
[1.235s] writing entry points to ../../build/laser_car_description/laser_car_description.egg-info/entry_points.txt
[1.235s] writing requirements to ../../build/laser_car_description/laser_car_description.egg-info/requires.txt
[1.236s] writing top-level names to ../../build/laser_car_description/laser_car_description.egg-info/top_level.txt
[1.237s] reading manifest file '../../build/laser_car_description/laser_car_description.egg-info/SOURCES.txt'
[1.238s] writing manifest file '../../build/laser_car_description/laser_car_description.egg-info/SOURCES.txt'
[1.239s] running build
[1.239s] running build_py
[1.240s] running install
[1.240s] /usr/lib/python3/dist-packages/setuptools/command/install.py:34: SetuptoolsDeprecationWarning: setup.py install is deprecated. Use build and pip and other standards-based tools.
[1.241s]   warnings.warn(
[1.241s] running install_lib
[1.242s] running install_data
[1.242s] copying launch/gazebo.launch.py -> /home/ricardo/rm_ws/install/laser_car_description/share/laser_car_description/launch
[1.243s] running install_egg_info
[1.244s] removing '/home/ricardo/rm_ws/install/laser_car_description/lib/python3.10/site-packages/laser_car_description-0.0.0-py3.10.egg-info' (and everything under it)
[1.248s] Copying ../../build/laser_car_description/laser_car_description.egg-info to /home/ricardo/rm_ws/install/laser_car_description/lib/python3.10/site-packages/laser_car_description-0.0.0-py3.10.egg-info
[1.248s] running install_scripts
[1.267s] Installing rotate_wheel script to /home/ricardo/rm_ws/install/laser_car_description/lib/laser_car_description
[1.268s] writing list of installed files to '/home/ricardo/rm_ws/build/laser_car_description/install.log'
[1.343s] Invoked command in '/home/ricardo/rm_ws/src/laser_car_description' returned '0': PYTHONPATH=/home/ricardo/rm_ws/build/laser_car_description/prefix_override:/home/ricardo/rm_ws/install/laser_car_description/lib/python3.10/site-packages:${PYTHONPATH} /usr/bin/python3 setup.py egg_info --egg-base ../../build/laser_car_description build --build-base /home/ricardo/rm_ws/build/laser_car_description/build install --record /home/ricardo/rm_ws/build/laser_car_description/install.log --single-version-externally-managed
