[0.960s] Invoking command in '/home/ricardo/rm_ws/src/laser_car_description': PYTHONPATH=/home/ricardo/rm_ws/build/laser_car_description/prefix_override:/home/ricardo/rm_ws/install/laser_car_description/lib/python3.10/site-packages:${PYTHONPATH} /usr/bin/python3 setup.py egg_info --egg-base ../../build/laser_car_description build --build-base /home/ricardo/rm_ws/build/laser_car_description/build install --record /home/ricardo/rm_ws/build/laser_car_description/install.log --single-version-externally-managed
[1.142s] running egg_info
[1.143s] creating ../../build/laser_car_description/laser_car_description.egg-info
[1.146s] writing ../../build/laser_car_description/laser_car_description.egg-info/PKG-INFO
[1.146s] writing dependency_links to ../../build/laser_car_description/laser_car_description.egg-info/dependency_links.txt
[1.146s] writing entry points to ../../build/laser_car_description/laser_car_description.egg-info/entry_points.txt
[1.146s] writing requirements to ../../build/laser_car_description/laser_car_description.egg-info/requires.txt
[1.147s] writing top-level names to ../../build/laser_car_description/laser_car_description.egg-info/top_level.txt
[1.148s] writing manifest file '../../build/laser_car_description/laser_car_description.egg-info/SOURCES.txt'
[1.148s] reading manifest file '../../build/laser_car_description/laser_car_description.egg-info/SOURCES.txt'
[1.149s] writing manifest file '../../build/laser_car_description/laser_car_description.egg-info/SOURCES.txt'
[1.149s] running build
[1.149s] running build_py
[1.150s] creating /home/ricardo/rm_ws/build/laser_car_description/build
[1.150s] creating /home/ricardo/rm_ws/build/laser_car_description/build/lib
[1.152s] creating /home/ricardo/rm_ws/build/laser_car_description/build/lib/laser_car_description
[1.152s] copying laser_car_description/__init__.py -> /home/ricardo/rm_ws/build/laser_car_description/build/lib/laser_car_description
[1.153s] copying laser_car_description/rotate_wheel.py -> /home/ricardo/rm_ws/build/laser_car_description/build/lib/laser_car_description
[1.153s] running install
[1.154s] /usr/lib/python3/dist-packages/setuptools/command/install.py:34: SetuptoolsDeprecationWarning: setup.py install is deprecated. Use build and pip and other standards-based tools.
[1.154s]   warnings.warn(
[1.155s] running install_lib
[1.155s] creating /home/ricardo/rm_ws/install/laser_car_description/lib/python3.10/site-packages/laser_car_description
[1.159s] copying /home/ricardo/rm_ws/build/laser_car_description/build/lib/laser_car_description/__init__.py -> /home/ricardo/rm_ws/install/laser_car_description/lib/python3.10/site-packages/laser_car_description
[1.159s] copying /home/ricardo/rm_ws/build/laser_car_description/build/lib/laser_car_description/rotate_wheel.py -> /home/ricardo/rm_ws/install/laser_car_description/lib/python3.10/site-packages/laser_car_description
[1.159s] byte-compiling /home/ricardo/rm_ws/install/laser_car_description/lib/python3.10/site-packages/laser_car_description/__init__.py to __init__.cpython-310.pyc
[1.159s] byte-compiling /home/ricardo/rm_ws/install/laser_car_description/lib/python3.10/site-packages/laser_car_description/rotate_wheel.py to rotate_wheel.cpython-310.pyc
[1.159s] running install_data
[1.159s] creating /home/ricardo/rm_ws/install/laser_car_description/share/ament_index
[1.159s] creating /home/ricardo/rm_ws/install/laser_car_description/share/ament_index/resource_index
[1.159s] creating /home/ricardo/rm_ws/install/laser_car_description/share/ament_index/resource_index/packages
[1.159s] copying resource/laser_car_description -> /home/ricardo/rm_ws/install/laser_car_description/share/ament_index/resource_index/packages
[1.159s] copying package.xml -> /home/ricardo/rm_ws/install/laser_car_description/share/laser_car_description
[1.159s] creating /home/ricardo/rm_ws/install/laser_car_description/share/laser_car_description/launch
[1.159s] copying launch/display_rviz2.launch.py -> /home/ricardo/rm_ws/install/laser_car_description/share/laser_car_description/launch
[1.159s] creating /home/ricardo/rm_ws/install/laser_car_description/share/laser_car_description/urdf
[1.159s] copying urdf/laser_car_base.urdf -> /home/ricardo/rm_ws/install/laser_car_description/share/laser_car_description/urdf
[1.159s] running install_egg_info
[1.160s] Copying ../../build/laser_car_description/laser_car_description.egg-info to /home/ricardo/rm_ws/install/laser_car_description/lib/python3.10/site-packages/laser_car_description-0.0.0-py3.10.egg-info
[1.160s] running install_scripts
[1.176s] Installing rotate_wheel script to /home/ricardo/rm_ws/install/laser_car_description/lib/laser_car_description
[1.177s] writing list of installed files to '/home/ricardo/rm_ws/build/laser_car_description/install.log'
[1.209s] Invoked command in '/home/ricardo/rm_ws/src/laser_car_description' returned '0': PYTHONPATH=/home/ricardo/rm_ws/build/laser_car_description/prefix_override:/home/ricardo/rm_ws/install/laser_car_description/lib/python3.10/site-packages:${PYTHONPATH} /usr/bin/python3 setup.py egg_info --egg-base ../../build/laser_car_description build --build-base /home/ricardo/rm_ws/build/laser_car_description/build install --record /home/ricardo/rm_ws/build/laser_car_description/install.log --single-version-externally-managed
