[0.154s] Invoking command in '/home/ricardo/rm_ws/build/dwb_plugins': AMENT_PREFIX_PATH=/home/ricardo/rm_ws/install/dwb_core:/home/ricardo/rm_ws/install/nav2_core:/home/ricardo/rm_ws/install/nav2_costmap_2d:/home/ricardo/rm_ws/install/nav_2d_utils:/home/ricardo/rm_ws/install/nav2_util:/home/ricardo/rm_ws/install/nav2_voxel_grid:/home/ricardo/rm_ws/install/nav2_msgs:/home/ricardo/rm_ws/install/dwb_msgs:/home/ricardo/rm_ws/install/nav_2d_msgs:/home/ricardo/rm_ws/install/nav2_common:${AMENT_PREFIX_PATH} CMAKE_PREFIX_PATH=/home/ricardo/rm_ws/install/dwb_core:/home/ricardo/rm_ws/install/nav2_core:/home/ricardo/rm_ws/install/nav2_costmap_2d:/home/ricardo/rm_ws/install/nav_2d_utils:/home/ricardo/rm_ws/install/nav2_util:/home/ricardo/rm_ws/install/nav2_voxel_grid:/home/ricardo/rm_ws/install/nav2_msgs:/home/ricardo/rm_ws/install/dwb_msgs:/home/ricardo/rm_ws/install/nav_2d_msgs:/home/ricardo/rm_ws/install/nav2_common:/home/ricardo/rm_ws/install/laser_car_cartographer:/home/ricardo/rm_ws/install/cartographer_ros:/home/ricardo/rm_ws/install/cartographer_ros_msgs:/home/ricardo/rm_ws/install/cartographer:/home/ricardo/rm_ws/install/topic_text_video:/home/ricardo/rm_ws/install/laser_car_description:/opt/ros/humble LD_LIBRARY_PATH=/home/ricardo/rm_ws/install/dwb_core/lib:/home/ricardo/rm_ws/install/nav2_costmap_2d/lib:/home/ricardo/rm_ws/install/nav_2d_utils/lib:/home/ricardo/rm_ws/install/nav2_util/lib:/home/ricardo/rm_ws/install/nav2_voxel_grid/lib:/home/ricardo/rm_ws/install/nav2_msgs/lib:/home/ricardo/rm_ws/install/dwb_msgs/lib:/home/ricardo/rm_ws/install/nav_2d_msgs/lib:${LD_LIBRARY_PATH} PYTHONPATH=/home/ricardo/rm_ws/install/nav2_msgs/local/lib/python3.10/dist-packages:/home/ricardo/rm_ws/install/dwb_msgs/local/lib/python3.10/dist-packages:/home/ricardo/rm_ws/install/nav_2d_msgs/local/lib/python3.10/dist-packages:/home/ricardo/rm_ws/install/nav2_common/local/lib/python3.10/dist-packages:${PYTHONPATH} /usr/bin/cmake /home/ricardo/rm_ws/src/navigation2/nav2_dwb_controller/dwb_plugins -DCMAKE_INSTALL_PREFIX=/home/ricardo/rm_ws/install/dwb_plugins
[10.108s] -- The C compiler identification is GNU 11.4.0
[10.108s] -- The CXX compiler identification is GNU 11.4.0
[10.108s] -- Detecting C compiler ABI info
[10.109s] -- Detecting C compiler ABI info - done
[10.113s] -- Check for working C compiler: /usr/bin/cc - skipped
[10.114s] -- Detecting C compile features
[10.114s] -- Detecting C compile features - done
[10.114s] -- Detecting CXX compiler ABI info
[10.114s] -- Detecting CXX compiler ABI info - done
[10.114s] -- Check for working CXX compiler: /usr/bin/c++ - skipped
[10.114s] -- Detecting CXX compile features
[10.114s] -- Detecting CXX compile features - done
[10.114s] -- Found ament_cmake: 1.3.6 (/opt/ros/humble/share/ament_cmake/cmake)
[10.114s] -- Found Python3: /usr/bin/python3.10 (found version "3.10.12") found components: Interpreter 
[10.114s] -- Found nav2_common: 1.1.12 (/home/ricardo/rm_ws/install/nav2_common/share/nav2_common/cmake)
[10.114s] -- Found angles: 1.15.0 (/opt/ros/humble/share/angles/cmake)
[10.114s] -- Found dwb_core: 1.1.12 (/home/ricardo/rm_ws/install/dwb_core/share/dwb_core/cmake)
[10.114s] -- Found rosidl_generator_c: 3.1.5 (/opt/ros/humble/share/rosidl_generator_c/cmake)
[10.114s] -- Found rosidl_adapter: 3.1.5 (/opt/ros/humble/share/rosidl_adapter/cmake)
[10.114s] -- Found rosidl_generator_cpp: 3.1.5 (/opt/ros/humble/share/rosidl_generator_cpp/cmake)
[10.114s] -- Using all available rosidl_typesupport_c: rosidl_typesupport_fastrtps_c;rosidl_typesupport_introspection_c
[10.114s] -- Using all available rosidl_typesupport_cpp: rosidl_typesupport_fastrtps_cpp;rosidl_typesupport_introspection_cpp
[10.114s] -- Found rmw_implementation_cmake: 6.1.1 (/opt/ros/humble/share/rmw_implementation_cmake/cmake)
[10.114s] -- Found rmw_fastrtps_cpp: 6.2.5 (/opt/ros/humble/share/rmw_fastrtps_cpp/cmake)
[10.114s] -- Found OpenSSL: /usr/lib/x86_64-linux-gnu/libcrypto.so (found version "3.0.2")  
[10.115s] -- Found FastRTPS: /opt/ros/humble/include  
[10.115s] -- Using RMW implementation 'rmw_fastrtps_cpp' as default
[10.115s] -- Looking for pthread.h
[10.115s] -- Looking for pthread.h - found
[10.115s] -- Performing Test CMAKE_HAVE_LIBC_PTHREAD
[10.115s] -- Performing Test CMAKE_HAVE_LIBC_PTHREAD - Success
[10.115s] -- Found Threads: TRUE  
[10.115s] -- Found Eigen3: TRUE (found version "3.4.0") 
[10.115s] -- Ensuring Eigen3 include directory is part of orocos-kdl CMake target
[10.115s] -- Setting build type to Release as none was specified.
[19.654s] -- Found ament_lint_auto: 0.12.9 (/opt/ros/humble/share/ament_lint_auto/cmake)
[20.094s] -- Found gtest sources under '/opt/ros/humble/src/gtest_vendor': C++ tests using 'Google Test' will be built
[20.220s] -- Added test 'cppcheck' to perform static code analysis on C / C++ code
[20.220s] -- Configured cppcheck include dirs: /home/ricardo/rm_ws/src/navigation2/nav2_dwb_controller/dwb_plugins/include
[20.220s] -- Configured cppcheck exclude dirs and/or files: 
[20.222s] -- Added test 'cpplint' to check C / C++ code against the Google style
[20.222s] -- Configured cpplint exclude dirs and/or files: 
[20.224s] -- Added test 'lint_cmake' to check CMake code style
[20.225s] -- Added test 'uncrustify' to check C / C++ code style
[20.226s] -- Configured uncrustify additional arguments: 
[20.227s] -- Added test 'xmllint' to check XML markup files
[20.250s] -- Configuring done
[20.794s] -- Generating done
[20.800s] -- Build files have been written to: /home/ricardo/rm_ws/build/dwb_plugins
[20.904s] Invoked command in '/home/ricardo/rm_ws/build/dwb_plugins' returned '0': AMENT_PREFIX_PATH=/home/ricardo/rm_ws/install/dwb_core:/home/ricardo/rm_ws/install/nav2_core:/home/ricardo/rm_ws/install/nav2_costmap_2d:/home/ricardo/rm_ws/install/nav_2d_utils:/home/ricardo/rm_ws/install/nav2_util:/home/ricardo/rm_ws/install/nav2_voxel_grid:/home/ricardo/rm_ws/install/nav2_msgs:/home/ricardo/rm_ws/install/dwb_msgs:/home/ricardo/rm_ws/install/nav_2d_msgs:/home/ricardo/rm_ws/install/nav2_common:${AMENT_PREFIX_PATH} CMAKE_PREFIX_PATH=/home/ricardo/rm_ws/install/dwb_core:/home/ricardo/rm_ws/install/nav2_core:/home/ricardo/rm_ws/install/nav2_costmap_2d:/home/ricardo/rm_ws/install/nav_2d_utils:/home/ricardo/rm_ws/install/nav2_util:/home/ricardo/rm_ws/install/nav2_voxel_grid:/home/ricardo/rm_ws/install/nav2_msgs:/home/ricardo/rm_ws/install/dwb_msgs:/home/ricardo/rm_ws/install/nav_2d_msgs:/home/ricardo/rm_ws/install/nav2_common:/home/ricardo/rm_ws/install/laser_car_cartographer:/home/ricardo/rm_ws/install/cartographer_ros:/home/ricardo/rm_ws/install/cartographer_ros_msgs:/home/ricardo/rm_ws/install/cartographer:/home/ricardo/rm_ws/install/topic_text_video:/home/ricardo/rm_ws/install/laser_car_description:/opt/ros/humble LD_LIBRARY_PATH=/home/ricardo/rm_ws/install/dwb_core/lib:/home/ricardo/rm_ws/install/nav2_costmap_2d/lib:/home/ricardo/rm_ws/install/nav_2d_utils/lib:/home/ricardo/rm_ws/install/nav2_util/lib:/home/ricardo/rm_ws/install/nav2_voxel_grid/lib:/home/ricardo/rm_ws/install/nav2_msgs/lib:/home/ricardo/rm_ws/install/dwb_msgs/lib:/home/ricardo/rm_ws/install/nav_2d_msgs/lib:${LD_LIBRARY_PATH} PYTHONPATH=/home/ricardo/rm_ws/install/nav2_msgs/local/lib/python3.10/dist-packages:/home/ricardo/rm_ws/install/dwb_msgs/local/lib/python3.10/dist-packages:/home/ricardo/rm_ws/install/nav_2d_msgs/local/lib/python3.10/dist-packages:/home/ricardo/rm_ws/install/nav2_common/local/lib/python3.10/dist-packages:${PYTHONPATH} /usr/bin/cmake /home/ricardo/rm_ws/src/navigation2/nav2_dwb_controller/dwb_plugins -DCMAKE_INSTALL_PREFIX=/home/ricardo/rm_ws/install/dwb_plugins
[20.905s] Invoking command in '/home/ricardo/rm_ws/build/dwb_plugins': AMENT_PREFIX_PATH=/home/ricardo/rm_ws/install/dwb_core:/home/ricardo/rm_ws/install/nav2_core:/home/ricardo/rm_ws/install/nav2_costmap_2d:/home/ricardo/rm_ws/install/nav_2d_utils:/home/ricardo/rm_ws/install/nav2_util:/home/ricardo/rm_ws/install/nav2_voxel_grid:/home/ricardo/rm_ws/install/nav2_msgs:/home/ricardo/rm_ws/install/dwb_msgs:/home/ricardo/rm_ws/install/nav_2d_msgs:/home/ricardo/rm_ws/install/nav2_common:${AMENT_PREFIX_PATH} CMAKE_PREFIX_PATH=/home/ricardo/rm_ws/install/dwb_core:/home/ricardo/rm_ws/install/nav2_core:/home/ricardo/rm_ws/install/nav2_costmap_2d:/home/ricardo/rm_ws/install/nav_2d_utils:/home/ricardo/rm_ws/install/nav2_util:/home/ricardo/rm_ws/install/nav2_voxel_grid:/home/ricardo/rm_ws/install/nav2_msgs:/home/ricardo/rm_ws/install/dwb_msgs:/home/ricardo/rm_ws/install/nav_2d_msgs:/home/ricardo/rm_ws/install/nav2_common:/home/ricardo/rm_ws/install/laser_car_cartographer:/home/ricardo/rm_ws/install/cartographer_ros:/home/ricardo/rm_ws/install/cartographer_ros_msgs:/home/ricardo/rm_ws/install/cartographer:/home/ricardo/rm_ws/install/topic_text_video:/home/ricardo/rm_ws/install/laser_car_description:/opt/ros/humble LD_LIBRARY_PATH=/home/ricardo/rm_ws/install/dwb_core/lib:/home/ricardo/rm_ws/install/nav2_costmap_2d/lib:/home/ricardo/rm_ws/install/nav_2d_utils/lib:/home/ricardo/rm_ws/install/nav2_util/lib:/home/ricardo/rm_ws/install/nav2_voxel_grid/lib:/home/ricardo/rm_ws/install/nav2_msgs/lib:/home/ricardo/rm_ws/install/dwb_msgs/lib:/home/ricardo/rm_ws/install/nav_2d_msgs/lib:${LD_LIBRARY_PATH} PYTHONPATH=/home/ricardo/rm_ws/install/nav2_msgs/local/lib/python3.10/dist-packages:/home/ricardo/rm_ws/install/dwb_msgs/local/lib/python3.10/dist-packages:/home/ricardo/rm_ws/install/nav_2d_msgs/local/lib/python3.10/dist-packages:/home/ricardo/rm_ws/install/nav2_common/local/lib/python3.10/dist-packages:${PYTHONPATH} /usr/bin/cmake --build /home/ricardo/rm_ws/build/dwb_plugins -- -j8 -l8
[72.842s] [  5%] [32mBuilding CXX object CMakeFiles/standard_traj_generator.dir/src/standard_traj_generator.cpp.o[0m
[72.844s] [ 11%] [32mBuilding CXX object CMakeFiles/standard_traj_generator.dir/src/xy_theta_iterator.cpp.o[0m
[72.844s] [ 17%] [32mBuilding CXX object CMakeFiles/standard_traj_generator.dir/src/kinematic_parameters.cpp.o[0m
[72.846s] [ 23%] [32mBuilding CXX object CMakeFiles/standard_traj_generator.dir/src/limited_accel_generator.cpp.o[0m
[72.847s] [ 29%] [32m[1mLinking CXX shared library libstandard_traj_generator.so[0m
[72.847s] [ 29%] Built target standard_traj_generator
[72.847s] [ 35%] [32mBuilding CXX object gtest/CMakeFiles/gtest.dir/src/gtest-all.cc.o[0m
[72.847s] [ 41%] [32m[1mLinking CXX static library libgtest.a[0m
[72.847s] [ 41%] Built target gtest
[72.848s] [ 47%] [32mBuilding CXX object gtest/CMakeFiles/gtest_main.dir/src/gtest_main.cc.o[0m
[72.848s] [ 52%] [32m[1mLinking CXX static library libgtest_main.a[0m
[72.849s] [ 52%] Built target gtest_main
[72.849s] [ 58%] [32mBuilding CXX object test/CMakeFiles/vtest.dir/velocity_iterator_test.cpp.o[0m
[72.849s] [ 64%] [32m[1mLinking CXX executable vtest[0m
[72.850s] [ 64%] Built target vtest
[72.851s] [ 70%] [32mBuilding CXX object test/CMakeFiles/speed_limit_test.dir/speed_limit_test.cpp.o[0m
[74.292s] [ 76%] [32m[1mLinking CXX executable speed_limit_test[0m
[74.675s] [ 76%] Built target speed_limit_test
[74.728s] [ 82%] [32mBuilding CXX object test/CMakeFiles/kinematic_parameters_test.dir/kinematic_parameters_test.cpp.o[0m
[81.265s] [ 88%] [32m[1mLinking CXX executable kinematic_parameters_test[0m
[81.658s] [ 88%] Built target kinematic_parameters_test
[81.697s] [ 94%] [32mBuilding CXX object test/CMakeFiles/twist_gen_test.dir/twist_gen.cpp.o[0m
[91.268s] [100%] [32m[1mLinking CXX executable twist_gen_test[0m
[91.754s] [100%] Built target twist_gen_test
[91.777s] Invoked command in '/home/ricardo/rm_ws/build/dwb_plugins' returned '0': AMENT_PREFIX_PATH=/home/ricardo/rm_ws/install/dwb_core:/home/ricardo/rm_ws/install/nav2_core:/home/ricardo/rm_ws/install/nav2_costmap_2d:/home/ricardo/rm_ws/install/nav_2d_utils:/home/ricardo/rm_ws/install/nav2_util:/home/ricardo/rm_ws/install/nav2_voxel_grid:/home/ricardo/rm_ws/install/nav2_msgs:/home/ricardo/rm_ws/install/dwb_msgs:/home/ricardo/rm_ws/install/nav_2d_msgs:/home/ricardo/rm_ws/install/nav2_common:${AMENT_PREFIX_PATH} CMAKE_PREFIX_PATH=/home/ricardo/rm_ws/install/dwb_core:/home/ricardo/rm_ws/install/nav2_core:/home/ricardo/rm_ws/install/nav2_costmap_2d:/home/ricardo/rm_ws/install/nav_2d_utils:/home/ricardo/rm_ws/install/nav2_util:/home/ricardo/rm_ws/install/nav2_voxel_grid:/home/ricardo/rm_ws/install/nav2_msgs:/home/ricardo/rm_ws/install/dwb_msgs:/home/ricardo/rm_ws/install/nav_2d_msgs:/home/ricardo/rm_ws/install/nav2_common:/home/ricardo/rm_ws/install/laser_car_cartographer:/home/ricardo/rm_ws/install/cartographer_ros:/home/ricardo/rm_ws/install/cartographer_ros_msgs:/home/ricardo/rm_ws/install/cartographer:/home/ricardo/rm_ws/install/topic_text_video:/home/ricardo/rm_ws/install/laser_car_description:/opt/ros/humble LD_LIBRARY_PATH=/home/ricardo/rm_ws/install/dwb_core/lib:/home/ricardo/rm_ws/install/nav2_costmap_2d/lib:/home/ricardo/rm_ws/install/nav_2d_utils/lib:/home/ricardo/rm_ws/install/nav2_util/lib:/home/ricardo/rm_ws/install/nav2_voxel_grid/lib:/home/ricardo/rm_ws/install/nav2_msgs/lib:/home/ricardo/rm_ws/install/dwb_msgs/lib:/home/ricardo/rm_ws/install/nav_2d_msgs/lib:${LD_LIBRARY_PATH} PYTHONPATH=/home/ricardo/rm_ws/install/nav2_msgs/local/lib/python3.10/dist-packages:/home/ricardo/rm_ws/install/dwb_msgs/local/lib/python3.10/dist-packages:/home/ricardo/rm_ws/install/nav_2d_msgs/local/lib/python3.10/dist-packages:/home/ricardo/rm_ws/install/nav2_common/local/lib/python3.10/dist-packages:${PYTHONPATH} /usr/bin/cmake --build /home/ricardo/rm_ws/build/dwb_plugins -- -j8 -l8
[91.895s] Invoking command in '/home/ricardo/rm_ws/build/dwb_plugins': AMENT_PREFIX_PATH=/home/ricardo/rm_ws/install/dwb_core:/home/ricardo/rm_ws/install/nav2_core:/home/ricardo/rm_ws/install/nav2_costmap_2d:/home/ricardo/rm_ws/install/nav_2d_utils:/home/ricardo/rm_ws/install/nav2_util:/home/ricardo/rm_ws/install/nav2_voxel_grid:/home/ricardo/rm_ws/install/nav2_msgs:/home/ricardo/rm_ws/install/dwb_msgs:/home/ricardo/rm_ws/install/nav_2d_msgs:/home/ricardo/rm_ws/install/nav2_common:${AMENT_PREFIX_PATH} CMAKE_PREFIX_PATH=/home/ricardo/rm_ws/install/dwb_core:/home/ricardo/rm_ws/install/nav2_core:/home/ricardo/rm_ws/install/nav2_costmap_2d:/home/ricardo/rm_ws/install/nav_2d_utils:/home/ricardo/rm_ws/install/nav2_util:/home/ricardo/rm_ws/install/nav2_voxel_grid:/home/ricardo/rm_ws/install/nav2_msgs:/home/ricardo/rm_ws/install/dwb_msgs:/home/ricardo/rm_ws/install/nav_2d_msgs:/home/ricardo/rm_ws/install/nav2_common:/home/ricardo/rm_ws/install/laser_car_cartographer:/home/ricardo/rm_ws/install/cartographer_ros:/home/ricardo/rm_ws/install/cartographer_ros_msgs:/home/ricardo/rm_ws/install/cartographer:/home/ricardo/rm_ws/install/topic_text_video:/home/ricardo/rm_ws/install/laser_car_description:/opt/ros/humble LD_LIBRARY_PATH=/home/ricardo/rm_ws/install/dwb_core/lib:/home/ricardo/rm_ws/install/nav2_costmap_2d/lib:/home/ricardo/rm_ws/install/nav_2d_utils/lib:/home/ricardo/rm_ws/install/nav2_util/lib:/home/ricardo/rm_ws/install/nav2_voxel_grid/lib:/home/ricardo/rm_ws/install/nav2_msgs/lib:/home/ricardo/rm_ws/install/dwb_msgs/lib:/home/ricardo/rm_ws/install/nav_2d_msgs/lib:${LD_LIBRARY_PATH} PYTHONPATH=/home/ricardo/rm_ws/install/nav2_msgs/local/lib/python3.10/dist-packages:/home/ricardo/rm_ws/install/dwb_msgs/local/lib/python3.10/dist-packages:/home/ricardo/rm_ws/install/nav_2d_msgs/local/lib/python3.10/dist-packages:/home/ricardo/rm_ws/install/nav2_common/local/lib/python3.10/dist-packages:${PYTHONPATH} /usr/bin/cmake --install /home/ricardo/rm_ws/build/dwb_plugins
[97.745s] -- Install configuration: "Release"
[97.746s] -- Installing: /home/ricardo/rm_ws/install/dwb_plugins/lib/libstandard_traj_generator.so
[97.746s] -- Set runtime path of "/home/ricardo/rm_ws/install/dwb_plugins/lib/libstandard_traj_generator.so" to ""
[97.746s] -- Installing: /home/ricardo/rm_ws/install/dwb_plugins/include/
[97.746s] -- Installing: /home/ricardo/rm_ws/install/dwb_plugins/include//dwb_plugins
[97.747s] -- Installing: /home/ricardo/rm_ws/install/dwb_plugins/include//dwb_plugins/xy_theta_iterator.hpp
[97.747s] -- Installing: /home/ricardo/rm_ws/install/dwb_plugins/include//dwb_plugins/kinematic_parameters.hpp
[97.748s] -- Installing: /home/ricardo/rm_ws/install/dwb_plugins/include//dwb_plugins/limited_accel_generator.hpp
[97.748s] -- Installing: /home/ricardo/rm_ws/install/dwb_plugins/include//dwb_plugins/velocity_iterator.hpp
[97.749s] -- Installing: /home/ricardo/rm_ws/install/dwb_plugins/include//dwb_plugins/standard_traj_generator.hpp
[97.749s] -- Installing: /home/ricardo/rm_ws/install/dwb_plugins/include//dwb_plugins/one_d_velocity_iterator.hpp
[97.749s] -- Installing: /home/ricardo/rm_ws/install/dwb_plugins/share/dwb_plugins/plugins.xml
[97.749s] -- Installing: /home/ricardo/rm_ws/install/dwb_plugins/share/dwb_plugins/environment/library_path.sh
[97.749s] -- Installing: /home/ricardo/rm_ws/install/dwb_plugins/share/dwb_plugins/environment/library_path.dsv
[97.750s] -- Up-to-date: /home/ricardo/rm_ws/install/dwb_plugins/share/dwb_plugins/plugins.xml
[97.750s] -- Installing: /home/ricardo/rm_ws/install/dwb_plugins/share/ament_index/resource_index/package_run_dependencies/dwb_plugins
[97.750s] -- Installing: /home/ricardo/rm_ws/install/dwb_plugins/share/ament_index/resource_index/parent_prefix_path/dwb_plugins
[97.751s] -- Installing: /home/ricardo/rm_ws/install/dwb_plugins/share/dwb_plugins/environment/ament_prefix_path.sh
[97.751s] -- Installing: /home/ricardo/rm_ws/install/dwb_plugins/share/dwb_plugins/environment/ament_prefix_path.dsv
[97.752s] -- Installing: /home/ricardo/rm_ws/install/dwb_plugins/share/dwb_plugins/environment/path.sh
[97.752s] -- Installing: /home/ricardo/rm_ws/install/dwb_plugins/share/dwb_plugins/environment/path.dsv
[97.753s] -- Installing: /home/ricardo/rm_ws/install/dwb_plugins/share/dwb_plugins/local_setup.bash
[97.753s] -- Installing: /home/ricardo/rm_ws/install/dwb_plugins/share/dwb_plugins/local_setup.sh
[97.753s] -- Installing: /home/ricardo/rm_ws/install/dwb_plugins/share/dwb_plugins/local_setup.zsh
[97.754s] -- Installing: /home/ricardo/rm_ws/install/dwb_plugins/share/dwb_plugins/local_setup.dsv
[97.754s] -- Installing: /home/ricardo/rm_ws/install/dwb_plugins/share/dwb_plugins/package.dsv
[97.754s] -- Installing: /home/ricardo/rm_ws/install/dwb_plugins/share/ament_index/resource_index/packages/dwb_plugins
[97.755s] -- Installing: /home/ricardo/rm_ws/install/dwb_plugins/share/ament_index/resource_index/dwb_core__pluginlib__plugin/dwb_plugins
[97.755s] -- Installing: /home/ricardo/rm_ws/install/dwb_plugins/share/dwb_plugins/cmake/ament_cmake_export_include_directories-extras.cmake
[97.755s] -- Installing: /home/ricardo/rm_ws/install/dwb_plugins/share/dwb_plugins/cmake/ament_cmake_export_libraries-extras.cmake
[97.755s] -- Installing: /home/ricardo/rm_ws/install/dwb_plugins/share/dwb_plugins/cmake/dwb_pluginsConfig.cmake
[97.755s] -- Installing: /home/ricardo/rm_ws/install/dwb_plugins/share/dwb_plugins/cmake/dwb_pluginsConfig-version.cmake
[97.755s] -- Installing: /home/ricardo/rm_ws/install/dwb_plugins/share/dwb_plugins/package.xml
[97.756s] Invoked command in '/home/ricardo/rm_ws/build/dwb_plugins' returned '0': AMENT_PREFIX_PATH=/home/ricardo/rm_ws/install/dwb_core:/home/ricardo/rm_ws/install/nav2_core:/home/ricardo/rm_ws/install/nav2_costmap_2d:/home/ricardo/rm_ws/install/nav_2d_utils:/home/ricardo/rm_ws/install/nav2_util:/home/ricardo/rm_ws/install/nav2_voxel_grid:/home/ricardo/rm_ws/install/nav2_msgs:/home/ricardo/rm_ws/install/dwb_msgs:/home/ricardo/rm_ws/install/nav_2d_msgs:/home/ricardo/rm_ws/install/nav2_common:${AMENT_PREFIX_PATH} CMAKE_PREFIX_PATH=/home/ricardo/rm_ws/install/dwb_core:/home/ricardo/rm_ws/install/nav2_core:/home/ricardo/rm_ws/install/nav2_costmap_2d:/home/ricardo/rm_ws/install/nav_2d_utils:/home/ricardo/rm_ws/install/nav2_util:/home/ricardo/rm_ws/install/nav2_voxel_grid:/home/ricardo/rm_ws/install/nav2_msgs:/home/ricardo/rm_ws/install/dwb_msgs:/home/ricardo/rm_ws/install/nav_2d_msgs:/home/ricardo/rm_ws/install/nav2_common:/home/ricardo/rm_ws/install/laser_car_cartographer:/home/ricardo/rm_ws/install/cartographer_ros:/home/ricardo/rm_ws/install/cartographer_ros_msgs:/home/ricardo/rm_ws/install/cartographer:/home/ricardo/rm_ws/install/topic_text_video:/home/ricardo/rm_ws/install/laser_car_description:/opt/ros/humble LD_LIBRARY_PATH=/home/ricardo/rm_ws/install/dwb_core/lib:/home/ricardo/rm_ws/install/nav2_costmap_2d/lib:/home/ricardo/rm_ws/install/nav_2d_utils/lib:/home/ricardo/rm_ws/install/nav2_util/lib:/home/ricardo/rm_ws/install/nav2_voxel_grid/lib:/home/ricardo/rm_ws/install/nav2_msgs/lib:/home/ricardo/rm_ws/install/dwb_msgs/lib:/home/ricardo/rm_ws/install/nav_2d_msgs/lib:${LD_LIBRARY_PATH} PYTHONPATH=/home/ricardo/rm_ws/install/nav2_msgs/local/lib/python3.10/dist-packages:/home/ricardo/rm_ws/install/dwb_msgs/local/lib/python3.10/dist-packages:/home/ricardo/rm_ws/install/nav_2d_msgs/local/lib/python3.10/dist-packages:/home/ricardo/rm_ws/install/nav2_common/local/lib/python3.10/dist-packages:${PYTHONPATH} /usr/bin/cmake --install /home/ricardo/rm_ws/build/dwb_plugins
