[0.076s] Invoking command in '/home/ricardo/rm_ws/build/nav_2d_msgs': CMAKE_PREFIX_PATH=${CMAKE_PREFIX_PATH}:/home/ricardo/rm_ws/install/topic_text_video:/home/ricardo/rm_ws/install/nav2_simple_commander:/home/ricardo/rm_ws/install/laser_car_description:/opt/ros/humble /usr/bin/cmake --build /home/ricardo/rm_ws/build/nav_2d_msgs -- -j8 -l8
[0.189s] [35m[1mConsolidate compiler generated dependencies of target nav_2d_msgs__rosidl_generator_c[0m
[0.192s] [  1%] Built target nav_2d_msgs__cpp
[0.220s] [  1%] Built target ament_cmake_python_copy_nav_2d_msgs
[0.224s] [35m[1mConsolidate compiler generated dependencies of target nav_2d_msgs__rosidl_typesupport_introspection_cpp[0m
[0.232s] [35m[1mConsolidate compiler generated dependencies of target nav_2d_msgs__rosidl_typesupport_cpp[0m
[0.232s] [35m[1mConsolidate compiler generated dependencies of target nav_2d_msgs__rosidl_typesupport_fastrtps_cpp[0m
[0.233s] [ 12%] Built target nav_2d_msgs__rosidl_generator_c
[0.260s] [35m[1mConsolidate compiler generated dependencies of target nav_2d_msgs__rosidl_typesupport_introspection_c[0m
[0.260s] [35m[1mConsolidate compiler generated dependencies of target nav_2d_msgs__rosidl_typesupport_fastrtps_c[0m
[0.260s] [ 23%] Built target nav_2d_msgs__rosidl_typesupport_cpp
[0.263s] [ 35%] Built target nav_2d_msgs__rosidl_typesupport_fastrtps_cpp
[0.272s] [ 46%] Built target nav_2d_msgs__rosidl_typesupport_introspection_cpp
[0.278s] [35m[1mConsolidate compiler generated dependencies of target nav_2d_msgs__rosidl_typesupport_c[0m
[0.281s] [ 57%] Built target nav_2d_msgs__rosidl_typesupport_introspection_c
[0.289s] [ 69%] Built target nav_2d_msgs__rosidl_typesupport_fastrtps_c
[0.298s] [ 80%] Built target nav_2d_msgs__rosidl_typesupport_c
[0.334s] [ 80%] Built target nav_2d_msgs
[0.384s] [ 81%] Built target nav_2d_msgs__py
[0.424s] [35m[1mConsolidate compiler generated dependencies of target nav_2d_msgs__rosidl_generator_py[0m
[0.448s] [ 91%] Built target nav_2d_msgs__rosidl_generator_py
[0.471s] [35m[1mConsolidate compiler generated dependencies of target nav_2d_msgs__rosidl_typesupport_fastrtps_c__pyext[0m
[0.472s] [35m[1mConsolidate compiler generated dependencies of target nav_2d_msgs__rosidl_typesupport_introspection_c__pyext[0m
[0.476s] [35m[1mConsolidate compiler generated dependencies of target nav_2d_msgs__rosidl_typesupport_c__pyext[0m
[0.486s] running egg_info
[0.487s] writing nav_2d_msgs.egg-info/PKG-INFO
[0.487s] writing dependency_links to nav_2d_msgs.egg-info/dependency_links.txt
[0.488s] writing top-level names to nav_2d_msgs.egg-info/top_level.txt
[0.492s] reading manifest file 'nav_2d_msgs.egg-info/SOURCES.txt'
[0.493s] writing manifest file 'nav_2d_msgs.egg-info/SOURCES.txt'
[0.497s] [100%] Built target nav_2d_msgs__rosidl_typesupport_c__pyext
[0.497s] [100%] Built target nav_2d_msgs__rosidl_typesupport_fastrtps_c__pyext
[0.497s] [100%] Built target nav_2d_msgs__rosidl_typesupport_introspection_c__pyext
[0.532s] [100%] Built target ament_cmake_python_build_nav_2d_msgs_egg
[0.549s] Invoked command in '/home/ricardo/rm_ws/build/nav_2d_msgs' returned '0': CMAKE_PREFIX_PATH=${CMAKE_PREFIX_PATH}:/home/ricardo/rm_ws/install/topic_text_video:/home/ricardo/rm_ws/install/nav2_simple_commander:/home/ricardo/rm_ws/install/laser_car_description:/opt/ros/humble /usr/bin/cmake --build /home/ricardo/rm_ws/build/nav_2d_msgs -- -j8 -l8
[1.032s] Invoking command in '/home/ricardo/rm_ws/build/nav_2d_msgs': CMAKE_PREFIX_PATH=${CMAKE_PREFIX_PATH}:/home/ricardo/rm_ws/install/topic_text_video:/home/ricardo/rm_ws/install/nav2_simple_commander:/home/ricardo/rm_ws/install/laser_car_description:/opt/ros/humble /usr/bin/cmake --install /home/ricardo/rm_ws/build/nav_2d_msgs
[1.046s] -- Install configuration: ""
[1.046s] -- Up-to-date: /home/ricardo/rm_ws/install/nav_2d_msgs/share/ament_index/resource_index/rosidl_interfaces/nav_2d_msgs
[1.046s] -- Up-to-date: /home/ricardo/rm_ws/install/nav_2d_msgs/include/nav_2d_msgs/nav_2d_msgs
[1.047s] -- Up-to-date: /home/ricardo/rm_ws/install/nav_2d_msgs/include/nav_2d_msgs/nav_2d_msgs/msg
[1.047s] -- Up-to-date: /home/ricardo/rm_ws/install/nav_2d_msgs/include/nav_2d_msgs/nav_2d_msgs/msg/path2_d.h
[1.047s] -- Up-to-date: /home/ricardo/rm_ws/install/nav_2d_msgs/include/nav_2d_msgs/nav_2d_msgs/msg/pose2_d32.h
[1.047s] -- Up-to-date: /home/ricardo/rm_ws/install/nav_2d_msgs/include/nav_2d_msgs/nav_2d_msgs/msg/twist2_d_stamped.h
[1.047s] -- Up-to-date: /home/ricardo/rm_ws/install/nav_2d_msgs/include/nav_2d_msgs/nav_2d_msgs/msg/pose2_d_stamped.h
[1.047s] -- Up-to-date: /home/ricardo/rm_ws/install/nav_2d_msgs/include/nav_2d_msgs/nav_2d_msgs/msg/detail
[1.047s] -- Up-to-date: /home/ricardo/rm_ws/install/nav_2d_msgs/include/nav_2d_msgs/nav_2d_msgs/msg/detail/twist2_d32__functions.c
[1.047s] -- Up-to-date: /home/ricardo/rm_ws/install/nav_2d_msgs/include/nav_2d_msgs/nav_2d_msgs/msg/detail/twist2_d_stamped__functions.h
[1.047s] -- Up-to-date: /home/ricardo/rm_ws/install/nav_2d_msgs/include/nav_2d_msgs/nav_2d_msgs/msg/detail/pose2_d32__functions.h
[1.047s] -- Up-to-date: /home/ricardo/rm_ws/install/nav_2d_msgs/include/nav_2d_msgs/nav_2d_msgs/msg/detail/twist2_d32__functions.h
[1.047s] -- Up-to-date: /home/ricardo/rm_ws/install/nav_2d_msgs/include/nav_2d_msgs/nav_2d_msgs/msg/detail/twist2_d_stamped__struct.h
[1.048s] -- Up-to-date: /home/ricardo/rm_ws/install/nav_2d_msgs/include/nav_2d_msgs/nav_2d_msgs/msg/detail/pose2_d_stamped__functions.c
[1.048s] -- Up-to-date: /home/ricardo/rm_ws/install/nav_2d_msgs/include/nav_2d_msgs/nav_2d_msgs/msg/detail/twist2_d__type_support.h
[1.048s] -- Up-to-date: /home/ricardo/rm_ws/install/nav_2d_msgs/include/nav_2d_msgs/nav_2d_msgs/msg/detail/twist2_d__functions.h
[1.048s] -- Up-to-date: /home/ricardo/rm_ws/install/nav_2d_msgs/include/nav_2d_msgs/nav_2d_msgs/msg/detail/pose2_d_stamped__functions.h
[1.048s] -- Up-to-date: /home/ricardo/rm_ws/install/nav_2d_msgs/include/nav_2d_msgs/nav_2d_msgs/msg/detail/path2_d__type_support.h
[1.048s] -- Up-to-date: /home/ricardo/rm_ws/install/nav_2d_msgs/include/nav_2d_msgs/nav_2d_msgs/msg/detail/twist2_d__struct.h
[1.048s] -- Up-to-date: /home/ricardo/rm_ws/install/nav_2d_msgs/include/nav_2d_msgs/nav_2d_msgs/msg/detail/twist2_d_stamped__type_support.h
[1.048s] -- Up-to-date: /home/ricardo/rm_ws/install/nav_2d_msgs/include/nav_2d_msgs/nav_2d_msgs/msg/detail/pose2_d32__functions.c
[1.048s] -- Up-to-date: /home/ricardo/rm_ws/install/nav_2d_msgs/include/nav_2d_msgs/nav_2d_msgs/msg/detail/path2_d__functions.c
[1.048s] -- Up-to-date: /home/ricardo/rm_ws/install/nav_2d_msgs/include/nav_2d_msgs/nav_2d_msgs/msg/detail/pose2_d32__struct.h
[1.048s] -- Up-to-date: /home/ricardo/rm_ws/install/nav_2d_msgs/include/nav_2d_msgs/nav_2d_msgs/msg/detail/pose2_d32__type_support.h
[1.048s] -- Up-to-date: /home/ricardo/rm_ws/install/nav_2d_msgs/include/nav_2d_msgs/nav_2d_msgs/msg/detail/twist2_d32__struct.h
[1.048s] -- Up-to-date: /home/ricardo/rm_ws/install/nav_2d_msgs/include/nav_2d_msgs/nav_2d_msgs/msg/detail/twist2_d_stamped__functions.c
[1.048s] -- Up-to-date: /home/ricardo/rm_ws/install/nav_2d_msgs/include/nav_2d_msgs/nav_2d_msgs/msg/detail/path2_d__struct.h
[1.048s] -- Up-to-date: /home/ricardo/rm_ws/install/nav_2d_msgs/include/nav_2d_msgs/nav_2d_msgs/msg/detail/path2_d__functions.h
[1.048s] -- Up-to-date: /home/ricardo/rm_ws/install/nav_2d_msgs/include/nav_2d_msgs/nav_2d_msgs/msg/detail/pose2_d_stamped__type_support.h
[1.048s] -- Up-to-date: /home/ricardo/rm_ws/install/nav_2d_msgs/include/nav_2d_msgs/nav_2d_msgs/msg/detail/twist2_d32__type_support.h
[1.048s] -- Up-to-date: /home/ricardo/rm_ws/install/nav_2d_msgs/include/nav_2d_msgs/nav_2d_msgs/msg/detail/twist2_d__functions.c
[1.048s] -- Up-to-date: /home/ricardo/rm_ws/install/nav_2d_msgs/include/nav_2d_msgs/nav_2d_msgs/msg/detail/pose2_d_stamped__struct.h
[1.049s] -- Up-to-date: /home/ricardo/rm_ws/install/nav_2d_msgs/include/nav_2d_msgs/nav_2d_msgs/msg/twist2_d.h
[1.049s] -- Up-to-date: /home/ricardo/rm_ws/install/nav_2d_msgs/include/nav_2d_msgs/nav_2d_msgs/msg/rosidl_generator_c__visibility_control.h
[1.049s] -- Up-to-date: /home/ricardo/rm_ws/install/nav_2d_msgs/include/nav_2d_msgs/nav_2d_msgs/msg/twist2_d32.h
[1.049s] -- Up-to-date: /home/ricardo/rm_ws/install/nav_2d_msgs/share/nav_2d_msgs/environment/library_path.sh
[1.050s] -- Up-to-date: /home/ricardo/rm_ws/install/nav_2d_msgs/share/nav_2d_msgs/environment/library_path.dsv
[1.050s] -- Up-to-date: /home/ricardo/rm_ws/install/nav_2d_msgs/lib/libnav_2d_msgs__rosidl_generator_c.so
[1.050s] -- Up-to-date: /home/ricardo/rm_ws/install/nav_2d_msgs/include/nav_2d_msgs/nav_2d_msgs
[1.050s] -- Up-to-date: /home/ricardo/rm_ws/install/nav_2d_msgs/include/nav_2d_msgs/nav_2d_msgs/msg
[1.051s] -- Up-to-date: /home/ricardo/rm_ws/install/nav_2d_msgs/include/nav_2d_msgs/nav_2d_msgs/msg/detail
[1.051s] -- Up-to-date: /home/ricardo/rm_ws/install/nav_2d_msgs/include/nav_2d_msgs/nav_2d_msgs/msg/detail/twist2_d32__rosidl_typesupport_fastrtps_c.h
[1.051s] -- Up-to-date: /home/ricardo/rm_ws/install/nav_2d_msgs/include/nav_2d_msgs/nav_2d_msgs/msg/detail/twist2_d__rosidl_typesupport_fastrtps_c.h
[1.051s] -- Up-to-date: /home/ricardo/rm_ws/install/nav_2d_msgs/include/nav_2d_msgs/nav_2d_msgs/msg/detail/twist2_d_stamped__rosidl_typesupport_fastrtps_c.h
[1.051s] -- Up-to-date: /home/ricardo/rm_ws/install/nav_2d_msgs/include/nav_2d_msgs/nav_2d_msgs/msg/detail/pose2_d_stamped__rosidl_typesupport_fastrtps_c.h
[1.051s] -- Up-to-date: /home/ricardo/rm_ws/install/nav_2d_msgs/include/nav_2d_msgs/nav_2d_msgs/msg/detail/path2_d__rosidl_typesupport_fastrtps_c.h
[1.051s] -- Up-to-date: /home/ricardo/rm_ws/install/nav_2d_msgs/include/nav_2d_msgs/nav_2d_msgs/msg/detail/pose2_d32__rosidl_typesupport_fastrtps_c.h
[1.051s] -- Up-to-date: /home/ricardo/rm_ws/install/nav_2d_msgs/include/nav_2d_msgs/nav_2d_msgs/msg/rosidl_typesupport_fastrtps_c__visibility_control.h
[1.052s] -- Up-to-date: /home/ricardo/rm_ws/install/nav_2d_msgs/lib/libnav_2d_msgs__rosidl_typesupport_fastrtps_c.so
[1.052s] -- Up-to-date: /home/ricardo/rm_ws/install/nav_2d_msgs/include/nav_2d_msgs/nav_2d_msgs
[1.053s] -- Up-to-date: /home/ricardo/rm_ws/install/nav_2d_msgs/include/nav_2d_msgs/nav_2d_msgs/msg
[1.053s] -- Up-to-date: /home/ricardo/rm_ws/install/nav_2d_msgs/include/nav_2d_msgs/nav_2d_msgs/msg/pose2_d32.hpp
[1.053s] -- Up-to-date: /home/ricardo/rm_ws/install/nav_2d_msgs/include/nav_2d_msgs/nav_2d_msgs/msg/path2_d.hpp
[1.053s] -- Up-to-date: /home/ricardo/rm_ws/install/nav_2d_msgs/include/nav_2d_msgs/nav_2d_msgs/msg/twist2_d.hpp
[1.053s] -- Up-to-date: /home/ricardo/rm_ws/install/nav_2d_msgs/include/nav_2d_msgs/nav_2d_msgs/msg/detail
[1.053s] -- Up-to-date: /home/ricardo/rm_ws/install/nav_2d_msgs/include/nav_2d_msgs/nav_2d_msgs/msg/detail/pose2_d_stamped__struct.hpp
[1.053s] -- Up-to-date: /home/ricardo/rm_ws/install/nav_2d_msgs/include/nav_2d_msgs/nav_2d_msgs/msg/detail/twist2_d_stamped__traits.hpp
[1.053s] -- Up-to-date: /home/ricardo/rm_ws/install/nav_2d_msgs/include/nav_2d_msgs/nav_2d_msgs/msg/detail/pose2_d32__builder.hpp
[1.054s] -- Up-to-date: /home/ricardo/rm_ws/install/nav_2d_msgs/include/nav_2d_msgs/nav_2d_msgs/msg/detail/path2_d__traits.hpp
[1.054s] -- Up-to-date: /home/ricardo/rm_ws/install/nav_2d_msgs/include/nav_2d_msgs/nav_2d_msgs/msg/detail/pose2_d32__traits.hpp
[1.054s] -- Up-to-date: /home/ricardo/rm_ws/install/nav_2d_msgs/include/nav_2d_msgs/nav_2d_msgs/msg/detail/twist2_d_stamped__builder.hpp
[1.054s] -- Up-to-date: /home/ricardo/rm_ws/install/nav_2d_msgs/include/nav_2d_msgs/nav_2d_msgs/msg/detail/pose2_d32__struct.hpp
[1.054s] -- Up-to-date: /home/ricardo/rm_ws/install/nav_2d_msgs/include/nav_2d_msgs/nav_2d_msgs/msg/detail/pose2_d_stamped__traits.hpp
[1.054s] -- Up-to-date: /home/ricardo/rm_ws/install/nav_2d_msgs/include/nav_2d_msgs/nav_2d_msgs/msg/detail/pose2_d_stamped__builder.hpp
[1.054s] -- Up-to-date: /home/ricardo/rm_ws/install/nav_2d_msgs/include/nav_2d_msgs/nav_2d_msgs/msg/detail/path2_d__struct.hpp
[1.054s] -- Up-to-date: /home/ricardo/rm_ws/install/nav_2d_msgs/include/nav_2d_msgs/nav_2d_msgs/msg/detail/twist2_d__builder.hpp
[1.054s] -- Up-to-date: /home/ricardo/rm_ws/install/nav_2d_msgs/include/nav_2d_msgs/nav_2d_msgs/msg/detail/twist2_d32__traits.hpp
[1.054s] -- Up-to-date: /home/ricardo/rm_ws/install/nav_2d_msgs/include/nav_2d_msgs/nav_2d_msgs/msg/detail/path2_d__builder.hpp
[1.054s] -- Up-to-date: /home/ricardo/rm_ws/install/nav_2d_msgs/include/nav_2d_msgs/nav_2d_msgs/msg/detail/twist2_d_stamped__struct.hpp
[1.054s] -- Up-to-date: /home/ricardo/rm_ws/install/nav_2d_msgs/include/nav_2d_msgs/nav_2d_msgs/msg/detail/twist2_d__struct.hpp
[1.054s] -- Up-to-date: /home/ricardo/rm_ws/install/nav_2d_msgs/include/nav_2d_msgs/nav_2d_msgs/msg/detail/twist2_d32__struct.hpp
[1.054s] -- Up-to-date: /home/ricardo/rm_ws/install/nav_2d_msgs/include/nav_2d_msgs/nav_2d_msgs/msg/detail/twist2_d32__builder.hpp
[1.054s] -- Up-to-date: /home/ricardo/rm_ws/install/nav_2d_msgs/include/nav_2d_msgs/nav_2d_msgs/msg/detail/twist2_d__traits.hpp
[1.054s] -- Up-to-date: /home/ricardo/rm_ws/install/nav_2d_msgs/include/nav_2d_msgs/nav_2d_msgs/msg/twist2_d_stamped.hpp
[1.054s] -- Up-to-date: /home/ricardo/rm_ws/install/nav_2d_msgs/include/nav_2d_msgs/nav_2d_msgs/msg/twist2_d32.hpp
[1.054s] -- Up-to-date: /home/ricardo/rm_ws/install/nav_2d_msgs/include/nav_2d_msgs/nav_2d_msgs/msg/pose2_d_stamped.hpp
[1.054s] -- Up-to-date: /home/ricardo/rm_ws/install/nav_2d_msgs/include/nav_2d_msgs/nav_2d_msgs
[1.055s] -- Up-to-date: /home/ricardo/rm_ws/install/nav_2d_msgs/include/nav_2d_msgs/nav_2d_msgs/msg
[1.055s] -- Up-to-date: /home/ricardo/rm_ws/install/nav_2d_msgs/include/nav_2d_msgs/nav_2d_msgs/msg/rosidl_typesupport_fastrtps_cpp__visibility_control.h
[1.055s] -- Up-to-date: /home/ricardo/rm_ws/install/nav_2d_msgs/include/nav_2d_msgs/nav_2d_msgs/msg/detail
[1.055s] -- Up-to-date: /home/ricardo/rm_ws/install/nav_2d_msgs/include/nav_2d_msgs/nav_2d_msgs/msg/detail/path2_d__rosidl_typesupport_fastrtps_cpp.hpp
[1.055s] -- Up-to-date: /home/ricardo/rm_ws/install/nav_2d_msgs/include/nav_2d_msgs/nav_2d_msgs/msg/detail/pose2_d32__rosidl_typesupport_fastrtps_cpp.hpp
[1.055s] -- Up-to-date: /home/ricardo/rm_ws/install/nav_2d_msgs/include/nav_2d_msgs/nav_2d_msgs/msg/detail/twist2_d__rosidl_typesupport_fastrtps_cpp.hpp
[1.056s] -- Up-to-date: /home/ricardo/rm_ws/install/nav_2d_msgs/include/nav_2d_msgs/nav_2d_msgs/msg/detail/dds_fastrtps
[1.056s] -- Up-to-date: /home/ricardo/rm_ws/install/nav_2d_msgs/include/nav_2d_msgs/nav_2d_msgs/msg/detail/pose2_d_stamped__rosidl_typesupport_fastrtps_cpp.hpp
[1.056s] -- Up-to-date: /home/ricardo/rm_ws/install/nav_2d_msgs/include/nav_2d_msgs/nav_2d_msgs/msg/detail/twist2_d32__rosidl_typesupport_fastrtps_cpp.hpp
[1.056s] -- Up-to-date: /home/ricardo/rm_ws/install/nav_2d_msgs/include/nav_2d_msgs/nav_2d_msgs/msg/detail/twist2_d_stamped__rosidl_typesupport_fastrtps_cpp.hpp
[1.056s] -- Up-to-date: /home/ricardo/rm_ws/install/nav_2d_msgs/lib/libnav_2d_msgs__rosidl_typesupport_fastrtps_cpp.so
[1.057s] -- Up-to-date: /home/ricardo/rm_ws/install/nav_2d_msgs/include/nav_2d_msgs/nav_2d_msgs
[1.058s] -- Up-to-date: /home/ricardo/rm_ws/install/nav_2d_msgs/include/nav_2d_msgs/nav_2d_msgs/msg
[1.058s] -- Up-to-date: /home/ricardo/rm_ws/install/nav_2d_msgs/include/nav_2d_msgs/nav_2d_msgs/msg/detail
[1.058s] -- Up-to-date: /home/ricardo/rm_ws/install/nav_2d_msgs/include/nav_2d_msgs/nav_2d_msgs/msg/detail/pose2_d32__type_support.c
[1.058s] -- Up-to-date: /home/ricardo/rm_ws/install/nav_2d_msgs/include/nav_2d_msgs/nav_2d_msgs/msg/detail/twist2_d32__rosidl_typesupport_introspection_c.h
[1.058s] -- Up-to-date: /home/ricardo/rm_ws/install/nav_2d_msgs/include/nav_2d_msgs/nav_2d_msgs/msg/detail/pose2_d32__rosidl_typesupport_introspection_c.h
[1.058s] -- Up-to-date: /home/ricardo/rm_ws/install/nav_2d_msgs/include/nav_2d_msgs/nav_2d_msgs/msg/detail/twist2_d32__type_support.c
[1.058s] -- Up-to-date: /home/ricardo/rm_ws/install/nav_2d_msgs/include/nav_2d_msgs/nav_2d_msgs/msg/detail/twist2_d_stamped__type_support.c
[1.058s] -- Up-to-date: /home/ricardo/rm_ws/install/nav_2d_msgs/include/nav_2d_msgs/nav_2d_msgs/msg/detail/path2_d__type_support.c
[1.058s] -- Up-to-date: /home/ricardo/rm_ws/install/nav_2d_msgs/include/nav_2d_msgs/nav_2d_msgs/msg/detail/pose2_d_stamped__rosidl_typesupport_introspection_c.h
[1.058s] -- Up-to-date: /home/ricardo/rm_ws/install/nav_2d_msgs/include/nav_2d_msgs/nav_2d_msgs/msg/detail/twist2_d__type_support.c
[1.058s] -- Up-to-date: /home/ricardo/rm_ws/install/nav_2d_msgs/include/nav_2d_msgs/nav_2d_msgs/msg/detail/twist2_d__rosidl_typesupport_introspection_c.h
[1.058s] -- Up-to-date: /home/ricardo/rm_ws/install/nav_2d_msgs/include/nav_2d_msgs/nav_2d_msgs/msg/detail/path2_d__rosidl_typesupport_introspection_c.h
[1.058s] -- Up-to-date: /home/ricardo/rm_ws/install/nav_2d_msgs/include/nav_2d_msgs/nav_2d_msgs/msg/detail/twist2_d_stamped__rosidl_typesupport_introspection_c.h
[1.058s] -- Up-to-date: /home/ricardo/rm_ws/install/nav_2d_msgs/include/nav_2d_msgs/nav_2d_msgs/msg/detail/pose2_d_stamped__type_support.c
[1.058s] -- Up-to-date: /home/ricardo/rm_ws/install/nav_2d_msgs/include/nav_2d_msgs/nav_2d_msgs/msg/rosidl_typesupport_introspection_c__visibility_control.h
[1.059s] -- Up-to-date: /home/ricardo/rm_ws/install/nav_2d_msgs/lib/libnav_2d_msgs__rosidl_typesupport_introspection_c.so
[1.061s] -- Up-to-date: /home/ricardo/rm_ws/install/nav_2d_msgs/lib/libnav_2d_msgs__rosidl_typesupport_c.so
[1.061s] -- Up-to-date: /home/ricardo/rm_ws/install/nav_2d_msgs/include/nav_2d_msgs/nav_2d_msgs
[1.061s] -- Up-to-date: /home/ricardo/rm_ws/install/nav_2d_msgs/include/nav_2d_msgs/nav_2d_msgs/msg
[1.062s] -- Up-to-date: /home/ricardo/rm_ws/install/nav_2d_msgs/include/nav_2d_msgs/nav_2d_msgs/msg/detail
[1.062s] -- Up-to-date: /home/ricardo/rm_ws/install/nav_2d_msgs/include/nav_2d_msgs/nav_2d_msgs/msg/detail/path2_d__rosidl_typesupport_introspection_cpp.hpp
[1.062s] -- Up-to-date: /home/ricardo/rm_ws/install/nav_2d_msgs/include/nav_2d_msgs/nav_2d_msgs/msg/detail/path2_d__type_support.cpp
[1.062s] -- Up-to-date: /home/ricardo/rm_ws/install/nav_2d_msgs/include/nav_2d_msgs/nav_2d_msgs/msg/detail/pose2_d_stamped__type_support.cpp
[1.062s] -- Up-to-date: /home/ricardo/rm_ws/install/nav_2d_msgs/include/nav_2d_msgs/nav_2d_msgs/msg/detail/twist2_d32__type_support.cpp
[1.062s] -- Up-to-date: /home/ricardo/rm_ws/install/nav_2d_msgs/include/nav_2d_msgs/nav_2d_msgs/msg/detail/twist2_d__type_support.cpp
[1.063s] -- Up-to-date: /home/ricardo/rm_ws/install/nav_2d_msgs/include/nav_2d_msgs/nav_2d_msgs/msg/detail/twist2_d_stamped__type_support.cpp
[1.063s] -- Up-to-date: /home/ricardo/rm_ws/install/nav_2d_msgs/include/nav_2d_msgs/nav_2d_msgs/msg/detail/pose2_d32__type_support.cpp
[1.063s] -- Up-to-date: /home/ricardo/rm_ws/install/nav_2d_msgs/include/nav_2d_msgs/nav_2d_msgs/msg/detail/pose2_d32__rosidl_typesupport_introspection_cpp.hpp
[1.063s] -- Up-to-date: /home/ricardo/rm_ws/install/nav_2d_msgs/include/nav_2d_msgs/nav_2d_msgs/msg/detail/pose2_d_stamped__rosidl_typesupport_introspection_cpp.hpp
[1.063s] -- Up-to-date: /home/ricardo/rm_ws/install/nav_2d_msgs/include/nav_2d_msgs/nav_2d_msgs/msg/detail/twist2_d_stamped__rosidl_typesupport_introspection_cpp.hpp
[1.063s] -- Up-to-date: /home/ricardo/rm_ws/install/nav_2d_msgs/include/nav_2d_msgs/nav_2d_msgs/msg/detail/twist2_d__rosidl_typesupport_introspection_cpp.hpp
[1.063s] -- Up-to-date: /home/ricardo/rm_ws/install/nav_2d_msgs/include/nav_2d_msgs/nav_2d_msgs/msg/detail/twist2_d32__rosidl_typesupport_introspection_cpp.hpp
[1.065s] -- Up-to-date: /home/ricardo/rm_ws/install/nav_2d_msgs/lib/libnav_2d_msgs__rosidl_typesupport_introspection_cpp.so
[1.068s] -- Up-to-date: /home/ricardo/rm_ws/install/nav_2d_msgs/lib/libnav_2d_msgs__rosidl_typesupport_cpp.so
[1.068s] -- Up-to-date: /home/ricardo/rm_ws/install/nav_2d_msgs/share/nav_2d_msgs/environment/pythonpath.sh
[1.068s] -- Up-to-date: /home/ricardo/rm_ws/install/nav_2d_msgs/share/nav_2d_msgs/environment/pythonpath.dsv
[1.068s] -- Up-to-date: /home/ricardo/rm_ws/install/nav_2d_msgs/local/lib/python3.10/dist-packages/nav_2d_msgs-1.1.12-py3.10.egg-info
[1.068s] -- Installing: /home/ricardo/rm_ws/install/nav_2d_msgs/local/lib/python3.10/dist-packages/nav_2d_msgs-1.1.12-py3.10.egg-info/dependency_links.txt
[1.069s] -- Installing: /home/ricardo/rm_ws/install/nav_2d_msgs/local/lib/python3.10/dist-packages/nav_2d_msgs-1.1.12-py3.10.egg-info/PKG-INFO
[1.069s] -- Installing: /home/ricardo/rm_ws/install/nav_2d_msgs/local/lib/python3.10/dist-packages/nav_2d_msgs-1.1.12-py3.10.egg-info/SOURCES.txt
[1.069s] -- Installing: /home/ricardo/rm_ws/install/nav_2d_msgs/local/lib/python3.10/dist-packages/nav_2d_msgs-1.1.12-py3.10.egg-info/top_level.txt
[1.069s] -- Up-to-date: /home/ricardo/rm_ws/install/nav_2d_msgs/local/lib/python3.10/dist-packages/nav_2d_msgs
[1.069s] -- Up-to-date: /home/ricardo/rm_ws/install/nav_2d_msgs/local/lib/python3.10/dist-packages/nav_2d_msgs/_nav_2d_msgs_s.ep.rosidl_typesupport_c.c
[1.070s] -- Up-to-date: /home/ricardo/rm_ws/install/nav_2d_msgs/local/lib/python3.10/dist-packages/nav_2d_msgs/libnav_2d_msgs__rosidl_generator_py.so
[1.070s] -- Up-to-date: /home/ricardo/rm_ws/install/nav_2d_msgs/local/lib/python3.10/dist-packages/nav_2d_msgs/__init__.py
[1.070s] -- Up-to-date: /home/ricardo/rm_ws/install/nav_2d_msgs/local/lib/python3.10/dist-packages/nav_2d_msgs/_nav_2d_msgs_s.ep.rosidl_typesupport_fastrtps_c.c
[1.070s] -- Up-to-date: /home/ricardo/rm_ws/install/nav_2d_msgs/local/lib/python3.10/dist-packages/nav_2d_msgs/nav_2d_msgs_s__rosidl_typesupport_c.cpython-310-x86_64-linux-gnu.so
[1.070s] -- Up-to-date: /home/ricardo/rm_ws/install/nav_2d_msgs/local/lib/python3.10/dist-packages/nav_2d_msgs/_nav_2d_msgs_s.ep.rosidl_typesupport_introspection_c.c
[1.070s] -- Up-to-date: /home/ricardo/rm_ws/install/nav_2d_msgs/local/lib/python3.10/dist-packages/nav_2d_msgs/msg
[1.070s] -- Up-to-date: /home/ricardo/rm_ws/install/nav_2d_msgs/local/lib/python3.10/dist-packages/nav_2d_msgs/msg/_twist2_d32.py
[1.070s] -- Up-to-date: /home/ricardo/rm_ws/install/nav_2d_msgs/local/lib/python3.10/dist-packages/nav_2d_msgs/msg/__init__.py
[1.070s] -- Up-to-date: /home/ricardo/rm_ws/install/nav_2d_msgs/local/lib/python3.10/dist-packages/nav_2d_msgs/msg/_pose2_d32_s.c
[1.070s] -- Up-to-date: /home/ricardo/rm_ws/install/nav_2d_msgs/local/lib/python3.10/dist-packages/nav_2d_msgs/msg/_pose2_d_stamped_s.c
[1.070s] -- Up-to-date: /home/ricardo/rm_ws/install/nav_2d_msgs/local/lib/python3.10/dist-packages/nav_2d_msgs/msg/_pose2_d32.py
[1.070s] -- Up-to-date: /home/ricardo/rm_ws/install/nav_2d_msgs/local/lib/python3.10/dist-packages/nav_2d_msgs/msg/_twist2_d_stamped.py
[1.071s] -- Up-to-date: /home/ricardo/rm_ws/install/nav_2d_msgs/local/lib/python3.10/dist-packages/nav_2d_msgs/msg/_twist2_d_stamped_s.c
[1.071s] -- Up-to-date: /home/ricardo/rm_ws/install/nav_2d_msgs/local/lib/python3.10/dist-packages/nav_2d_msgs/msg/_twist2_d32_s.c
[1.071s] -- Up-to-date: /home/ricardo/rm_ws/install/nav_2d_msgs/local/lib/python3.10/dist-packages/nav_2d_msgs/msg/_twist2_d_s.c
[1.071s] -- Up-to-date: /home/ricardo/rm_ws/install/nav_2d_msgs/local/lib/python3.10/dist-packages/nav_2d_msgs/msg/_twist2_d.py
[1.071s] -- Up-to-date: /home/ricardo/rm_ws/install/nav_2d_msgs/local/lib/python3.10/dist-packages/nav_2d_msgs/msg/_path2_d_s.c
[1.071s] -- Up-to-date: /home/ricardo/rm_ws/install/nav_2d_msgs/local/lib/python3.10/dist-packages/nav_2d_msgs/msg/_pose2_d_stamped.py
[1.071s] -- Up-to-date: /home/ricardo/rm_ws/install/nav_2d_msgs/local/lib/python3.10/dist-packages/nav_2d_msgs/msg/_path2_d.py
[1.071s] -- Up-to-date: /home/ricardo/rm_ws/install/nav_2d_msgs/local/lib/python3.10/dist-packages/nav_2d_msgs/nav_2d_msgs_s__rosidl_typesupport_fastrtps_c.cpython-310-x86_64-linux-gnu.so
[1.071s] -- Up-to-date: /home/ricardo/rm_ws/install/nav_2d_msgs/local/lib/python3.10/dist-packages/nav_2d_msgs/nav_2d_msgs_s__rosidl_typesupport_introspection_c.cpython-310-x86_64-linux-gnu.so
[1.213s] Listing '/home/ricardo/rm_ws/install/nav_2d_msgs/local/lib/python3.10/dist-packages/nav_2d_msgs'...
[1.213s] Listing '/home/ricardo/rm_ws/install/nav_2d_msgs/local/lib/python3.10/dist-packages/nav_2d_msgs/msg'...
[1.219s] -- Up-to-date: /home/ricardo/rm_ws/install/nav_2d_msgs/local/lib/python3.10/dist-packages/nav_2d_msgs/nav_2d_msgs_s__rosidl_typesupport_fastrtps_c.cpython-310-x86_64-linux-gnu.so
[1.221s] -- Up-to-date: /home/ricardo/rm_ws/install/nav_2d_msgs/local/lib/python3.10/dist-packages/nav_2d_msgs/nav_2d_msgs_s__rosidl_typesupport_introspection_c.cpython-310-x86_64-linux-gnu.so
[1.230s] -- Up-to-date: /home/ricardo/rm_ws/install/nav_2d_msgs/local/lib/python3.10/dist-packages/nav_2d_msgs/nav_2d_msgs_s__rosidl_typesupport_c.cpython-310-x86_64-linux-gnu.so
[1.230s] -- Up-to-date: /home/ricardo/rm_ws/install/nav_2d_msgs/lib/libnav_2d_msgs__rosidl_generator_py.so
[1.230s] -- Up-to-date: /home/ricardo/rm_ws/install/nav_2d_msgs/share/nav_2d_msgs/msg/Path2D.idl
[1.230s] -- Up-to-date: /home/ricardo/rm_ws/install/nav_2d_msgs/share/nav_2d_msgs/msg/Pose2D32.idl
[1.230s] -- Up-to-date: /home/ricardo/rm_ws/install/nav_2d_msgs/share/nav_2d_msgs/msg/Pose2DStamped.idl
[1.230s] -- Up-to-date: /home/ricardo/rm_ws/install/nav_2d_msgs/share/nav_2d_msgs/msg/Twist2D.idl
[1.230s] -- Up-to-date: /home/ricardo/rm_ws/install/nav_2d_msgs/share/nav_2d_msgs/msg/Twist2D32.idl
[1.230s] -- Up-to-date: /home/ricardo/rm_ws/install/nav_2d_msgs/share/nav_2d_msgs/msg/Twist2DStamped.idl
[1.230s] -- Up-to-date: /home/ricardo/rm_ws/install/nav_2d_msgs/share/nav_2d_msgs/msg/Path2D.msg
[1.230s] -- Up-to-date: /home/ricardo/rm_ws/install/nav_2d_msgs/share/nav_2d_msgs/msg/Pose2D32.msg
[1.230s] -- Up-to-date: /home/ricardo/rm_ws/install/nav_2d_msgs/share/nav_2d_msgs/msg/Pose2DStamped.msg
[1.230s] -- Up-to-date: /home/ricardo/rm_ws/install/nav_2d_msgs/share/nav_2d_msgs/msg/Twist2D.msg
[1.231s] -- Up-to-date: /home/ricardo/rm_ws/install/nav_2d_msgs/share/nav_2d_msgs/msg/Twist2D32.msg
[1.231s] -- Up-to-date: /home/ricardo/rm_ws/install/nav_2d_msgs/share/nav_2d_msgs/msg/Twist2DStamped.msg
[1.231s] -- Up-to-date: /home/ricardo/rm_ws/install/nav_2d_msgs/share/ament_index/resource_index/package_run_dependencies/nav_2d_msgs
[1.231s] -- Up-to-date: /home/ricardo/rm_ws/install/nav_2d_msgs/share/ament_index/resource_index/parent_prefix_path/nav_2d_msgs
[1.231s] -- Up-to-date: /home/ricardo/rm_ws/install/nav_2d_msgs/share/nav_2d_msgs/environment/ament_prefix_path.sh
[1.231s] -- Up-to-date: /home/ricardo/rm_ws/install/nav_2d_msgs/share/nav_2d_msgs/environment/ament_prefix_path.dsv
[1.231s] -- Up-to-date: /home/ricardo/rm_ws/install/nav_2d_msgs/share/nav_2d_msgs/environment/path.sh
[1.231s] -- Up-to-date: /home/ricardo/rm_ws/install/nav_2d_msgs/share/nav_2d_msgs/environment/path.dsv
[1.231s] -- Up-to-date: /home/ricardo/rm_ws/install/nav_2d_msgs/share/nav_2d_msgs/local_setup.bash
[1.231s] -- Up-to-date: /home/ricardo/rm_ws/install/nav_2d_msgs/share/nav_2d_msgs/local_setup.sh
[1.231s] -- Up-to-date: /home/ricardo/rm_ws/install/nav_2d_msgs/share/nav_2d_msgs/local_setup.zsh
[1.231s] -- Up-to-date: /home/ricardo/rm_ws/install/nav_2d_msgs/share/nav_2d_msgs/local_setup.dsv
[1.231s] -- Installing: /home/ricardo/rm_ws/install/nav_2d_msgs/share/nav_2d_msgs/package.dsv
[1.231s] -- Up-to-date: /home/ricardo/rm_ws/install/nav_2d_msgs/share/ament_index/resource_index/packages/nav_2d_msgs
[1.237s] -- Up-to-date: /home/ricardo/rm_ws/install/nav_2d_msgs/share/nav_2d_msgs/cmake/export_nav_2d_msgs__rosidl_generator_cExport.cmake
[1.237s] -- Up-to-date: /home/ricardo/rm_ws/install/nav_2d_msgs/share/nav_2d_msgs/cmake/export_nav_2d_msgs__rosidl_generator_cExport-noconfig.cmake
[1.237s] -- Up-to-date: /home/ricardo/rm_ws/install/nav_2d_msgs/share/nav_2d_msgs/cmake/export_nav_2d_msgs__rosidl_typesupport_fastrtps_cExport.cmake
[1.237s] -- Up-to-date: /home/ricardo/rm_ws/install/nav_2d_msgs/share/nav_2d_msgs/cmake/export_nav_2d_msgs__rosidl_typesupport_fastrtps_cExport-noconfig.cmake
[1.237s] -- Up-to-date: /home/ricardo/rm_ws/install/nav_2d_msgs/share/nav_2d_msgs/cmake/export_nav_2d_msgs__rosidl_generator_cppExport.cmake
[1.237s] -- Up-to-date: /home/ricardo/rm_ws/install/nav_2d_msgs/share/nav_2d_msgs/cmake/export_nav_2d_msgs__rosidl_typesupport_fastrtps_cppExport.cmake
[1.237s] -- Up-to-date: /home/ricardo/rm_ws/install/nav_2d_msgs/share/nav_2d_msgs/cmake/export_nav_2d_msgs__rosidl_typesupport_fastrtps_cppExport-noconfig.cmake
[1.238s] -- Up-to-date: /home/ricardo/rm_ws/install/nav_2d_msgs/share/nav_2d_msgs/cmake/nav_2d_msgs__rosidl_typesupport_introspection_cExport.cmake
[1.239s] -- Up-to-date: /home/ricardo/rm_ws/install/nav_2d_msgs/share/nav_2d_msgs/cmake/nav_2d_msgs__rosidl_typesupport_introspection_cExport-noconfig.cmake
[1.240s] -- Up-to-date: /home/ricardo/rm_ws/install/nav_2d_msgs/share/nav_2d_msgs/cmake/nav_2d_msgs__rosidl_typesupport_cExport.cmake
[1.241s] -- Up-to-date: /home/ricardo/rm_ws/install/nav_2d_msgs/share/nav_2d_msgs/cmake/nav_2d_msgs__rosidl_typesupport_cExport-noconfig.cmake
[1.247s] -- Up-to-date: /home/ricardo/rm_ws/install/nav_2d_msgs/share/nav_2d_msgs/cmake/nav_2d_msgs__rosidl_typesupport_introspection_cppExport.cmake
[1.247s] -- Up-to-date: /home/ricardo/rm_ws/install/nav_2d_msgs/share/nav_2d_msgs/cmake/nav_2d_msgs__rosidl_typesupport_introspection_cppExport-noconfig.cmake
[1.253s] -- Up-to-date: /home/ricardo/rm_ws/install/nav_2d_msgs/share/nav_2d_msgs/cmake/nav_2d_msgs__rosidl_typesupport_cppExport.cmake
[1.253s] -- Up-to-date: /home/ricardo/rm_ws/install/nav_2d_msgs/share/nav_2d_msgs/cmake/nav_2d_msgs__rosidl_typesupport_cppExport-noconfig.cmake
[1.253s] -- Up-to-date: /home/ricardo/rm_ws/install/nav_2d_msgs/share/nav_2d_msgs/cmake/export_nav_2d_msgs__rosidl_generator_pyExport.cmake
[1.253s] -- Up-to-date: /home/ricardo/rm_ws/install/nav_2d_msgs/share/nav_2d_msgs/cmake/export_nav_2d_msgs__rosidl_generator_pyExport-noconfig.cmake
[1.253s] -- Up-to-date: /home/ricardo/rm_ws/install/nav_2d_msgs/share/nav_2d_msgs/cmake/rosidl_cmake-extras.cmake
[1.253s] -- Up-to-date: /home/ricardo/rm_ws/install/nav_2d_msgs/share/nav_2d_msgs/cmake/ament_cmake_export_dependencies-extras.cmake
[1.253s] -- Up-to-date: /home/ricardo/rm_ws/install/nav_2d_msgs/share/nav_2d_msgs/cmake/ament_cmake_export_include_directories-extras.cmake
[1.253s] -- Up-to-date: /home/ricardo/rm_ws/install/nav_2d_msgs/share/nav_2d_msgs/cmake/ament_cmake_export_libraries-extras.cmake
[1.253s] -- Up-to-date: /home/ricardo/rm_ws/install/nav_2d_msgs/share/nav_2d_msgs/cmake/ament_cmake_export_targets-extras.cmake
[1.254s] -- Up-to-date: /home/ricardo/rm_ws/install/nav_2d_msgs/share/nav_2d_msgs/cmake/rosidl_cmake_export_typesupport_targets-extras.cmake
[1.254s] -- Up-to-date: /home/ricardo/rm_ws/install/nav_2d_msgs/share/nav_2d_msgs/cmake/rosidl_cmake_export_typesupport_libraries-extras.cmake
[1.254s] -- Up-to-date: /home/ricardo/rm_ws/install/nav_2d_msgs/share/nav_2d_msgs/cmake/nav_2d_msgsConfig.cmake
[1.254s] -- Up-to-date: /home/ricardo/rm_ws/install/nav_2d_msgs/share/nav_2d_msgs/cmake/nav_2d_msgsConfig-version.cmake
[1.254s] -- Up-to-date: /home/ricardo/rm_ws/install/nav_2d_msgs/share/nav_2d_msgs/package.xml
[1.274s] Invoked command in '/home/ricardo/rm_ws/build/nav_2d_msgs' returned '0': CMAKE_PREFIX_PATH=${CMAKE_PREFIX_PATH}:/home/ricardo/rm_ws/install/topic_text_video:/home/ricardo/rm_ws/install/nav2_simple_commander:/home/ricardo/rm_ws/install/laser_car_description:/opt/ros/humble /usr/bin/cmake --install /home/ricardo/rm_ws/build/nav_2d_msgs
