[0.071s] Invoking command in '/home/ricardo/rm_ws/build/nav_2d_msgs': CMAKE_PREFIX_PATH=${CMAKE_PREFIX_PATH}:/home/ricardo/rm_ws/install/topic_text_video:/home/ricardo/rm_ws/install/nav2_simple_commander:/home/ricardo/rm_ws/install/laser_car_description:/opt/ros/humble /usr/bin/cmake --build /home/ricardo/rm_ws/build/nav_2d_msgs -- -j8 -l8
[0.146s] [ 12%] Built target nav_2d_msgs__cpp
[0.147s] [ 12%] Built target nav_2d_msgs__rosidl_generator_c
[0.162s] [ 12%] Built target ament_cmake_python_copy_nav_2d_msgs
[0.183s] [ 23%] Built target nav_2d_msgs__rosidl_typesupport_cpp
[0.186s] [ 40%] Built target nav_2d_msgs__rosidl_typesupport_fastrtps_c
[0.186s] [ 54%] Built target nav_2d_msgs__rosidl_typesupport_introspection_c
[0.187s] [ 57%] Built target nav_2d_msgs__rosidl_typesupport_fastrtps_cpp
[0.189s] [ 69%] Built target nav_2d_msgs__rosidl_typesupport_c
[0.191s] [ 80%] Built target nav_2d_msgs__rosidl_typesupport_introspection_cpp
[0.226s] [ 80%] Built target nav_2d_msgs
[0.263s] [ 81%] Built target nav_2d_msgs__py
[0.301s] [ 91%] Built target nav_2d_msgs__rosidl_generator_py
[0.336s] [ 95%] Built target nav_2d_msgs__rosidl_typesupport_fastrtps_c__pyext
[0.336s] [ 97%] Built target nav_2d_msgs__rosidl_typesupport_introspection_c__pyext
[0.339s] [100%] Built target nav_2d_msgs__rosidl_typesupport_c__pyext
[0.384s] running egg_info
[0.385s] writing nav_2d_msgs.egg-info/PKG-INFO
[0.385s] writing dependency_links to nav_2d_msgs.egg-info/dependency_links.txt
[0.386s] writing top-level names to nav_2d_msgs.egg-info/top_level.txt
[0.388s] reading manifest file 'nav_2d_msgs.egg-info/SOURCES.txt'
[0.390s] writing manifest file 'nav_2d_msgs.egg-info/SOURCES.txt'
[0.428s] [100%] Built target ament_cmake_python_build_nav_2d_msgs_egg
[0.443s] Invoked command in '/home/ricardo/rm_ws/build/nav_2d_msgs' returned '0': CMAKE_PREFIX_PATH=${CMAKE_PREFIX_PATH}:/home/ricardo/rm_ws/install/topic_text_video:/home/ricardo/rm_ws/install/nav2_simple_commander:/home/ricardo/rm_ws/install/laser_car_description:/opt/ros/humble /usr/bin/cmake --build /home/ricardo/rm_ws/build/nav_2d_msgs -- -j8 -l8
[0.937s] Invoking command in '/home/ricardo/rm_ws/build/nav_2d_msgs': CMAKE_PREFIX_PATH=${CMAKE_PREFIX_PATH}:/home/ricardo/rm_ws/install/topic_text_video:/home/ricardo/rm_ws/install/nav2_simple_commander:/home/ricardo/rm_ws/install/laser_car_description:/opt/ros/humble /usr/bin/cmake --install /home/ricardo/rm_ws/build/nav_2d_msgs
[0.951s] -- Install configuration: ""
[0.951s] -- Up-to-date: /home/ricardo/rm_ws/install/nav_2d_msgs/share/ament_index/resource_index/rosidl_interfaces/nav_2d_msgs
[0.952s] -- Up-to-date: /home/ricardo/rm_ws/install/nav_2d_msgs/include/nav_2d_msgs/nav_2d_msgs
[0.952s] -- Up-to-date: /home/ricardo/rm_ws/install/nav_2d_msgs/include/nav_2d_msgs/nav_2d_msgs/msg
[0.952s] -- Up-to-date: /home/ricardo/rm_ws/install/nav_2d_msgs/include/nav_2d_msgs/nav_2d_msgs/msg/path2_d.h
[0.952s] -- Up-to-date: /home/ricardo/rm_ws/install/nav_2d_msgs/include/nav_2d_msgs/nav_2d_msgs/msg/pose2_d32.h
[0.952s] -- Up-to-date: /home/ricardo/rm_ws/install/nav_2d_msgs/include/nav_2d_msgs/nav_2d_msgs/msg/twist2_d_stamped.h
[0.952s] -- Up-to-date: /home/ricardo/rm_ws/install/nav_2d_msgs/include/nav_2d_msgs/nav_2d_msgs/msg/pose2_d_stamped.h
[0.952s] -- Up-to-date: /home/ricardo/rm_ws/install/nav_2d_msgs/include/nav_2d_msgs/nav_2d_msgs/msg/detail
[0.952s] -- Up-to-date: /home/ricardo/rm_ws/install/nav_2d_msgs/include/nav_2d_msgs/nav_2d_msgs/msg/detail/twist2_d32__functions.c
[0.952s] -- Up-to-date: /home/ricardo/rm_ws/install/nav_2d_msgs/include/nav_2d_msgs/nav_2d_msgs/msg/detail/twist2_d_stamped__functions.h
[0.952s] -- Up-to-date: /home/ricardo/rm_ws/install/nav_2d_msgs/include/nav_2d_msgs/nav_2d_msgs/msg/detail/pose2_d32__functions.h
[0.952s] -- Up-to-date: /home/ricardo/rm_ws/install/nav_2d_msgs/include/nav_2d_msgs/nav_2d_msgs/msg/detail/twist2_d32__functions.h
[0.953s] -- Up-to-date: /home/ricardo/rm_ws/install/nav_2d_msgs/include/nav_2d_msgs/nav_2d_msgs/msg/detail/twist2_d_stamped__struct.h
[0.953s] -- Up-to-date: /home/ricardo/rm_ws/install/nav_2d_msgs/include/nav_2d_msgs/nav_2d_msgs/msg/detail/pose2_d_stamped__functions.c
[0.953s] -- Up-to-date: /home/ricardo/rm_ws/install/nav_2d_msgs/include/nav_2d_msgs/nav_2d_msgs/msg/detail/twist2_d__type_support.h
[0.953s] -- Up-to-date: /home/ricardo/rm_ws/install/nav_2d_msgs/include/nav_2d_msgs/nav_2d_msgs/msg/detail/twist2_d__functions.h
[0.953s] -- Up-to-date: /home/ricardo/rm_ws/install/nav_2d_msgs/include/nav_2d_msgs/nav_2d_msgs/msg/detail/pose2_d_stamped__functions.h
[0.953s] -- Up-to-date: /home/ricardo/rm_ws/install/nav_2d_msgs/include/nav_2d_msgs/nav_2d_msgs/msg/detail/path2_d__type_support.h
[0.953s] -- Up-to-date: /home/ricardo/rm_ws/install/nav_2d_msgs/include/nav_2d_msgs/nav_2d_msgs/msg/detail/twist2_d__struct.h
[0.953s] -- Up-to-date: /home/ricardo/rm_ws/install/nav_2d_msgs/include/nav_2d_msgs/nav_2d_msgs/msg/detail/twist2_d_stamped__type_support.h
[0.953s] -- Up-to-date: /home/ricardo/rm_ws/install/nav_2d_msgs/include/nav_2d_msgs/nav_2d_msgs/msg/detail/pose2_d32__functions.c
[0.953s] -- Up-to-date: /home/ricardo/rm_ws/install/nav_2d_msgs/include/nav_2d_msgs/nav_2d_msgs/msg/detail/path2_d__functions.c
[0.953s] -- Up-to-date: /home/ricardo/rm_ws/install/nav_2d_msgs/include/nav_2d_msgs/nav_2d_msgs/msg/detail/pose2_d32__struct.h
[0.953s] -- Up-to-date: /home/ricardo/rm_ws/install/nav_2d_msgs/include/nav_2d_msgs/nav_2d_msgs/msg/detail/pose2_d32__type_support.h
[0.953s] -- Up-to-date: /home/ricardo/rm_ws/install/nav_2d_msgs/include/nav_2d_msgs/nav_2d_msgs/msg/detail/twist2_d32__struct.h
[0.953s] -- Up-to-date: /home/ricardo/rm_ws/install/nav_2d_msgs/include/nav_2d_msgs/nav_2d_msgs/msg/detail/twist2_d_stamped__functions.c
[0.953s] -- Up-to-date: /home/ricardo/rm_ws/install/nav_2d_msgs/include/nav_2d_msgs/nav_2d_msgs/msg/detail/path2_d__struct.h
[0.953s] -- Up-to-date: /home/ricardo/rm_ws/install/nav_2d_msgs/include/nav_2d_msgs/nav_2d_msgs/msg/detail/path2_d__functions.h
[0.953s] -- Up-to-date: /home/ricardo/rm_ws/install/nav_2d_msgs/include/nav_2d_msgs/nav_2d_msgs/msg/detail/pose2_d_stamped__type_support.h
[0.953s] -- Up-to-date: /home/ricardo/rm_ws/install/nav_2d_msgs/include/nav_2d_msgs/nav_2d_msgs/msg/detail/twist2_d32__type_support.h
[0.953s] -- Up-to-date: /home/ricardo/rm_ws/install/nav_2d_msgs/include/nav_2d_msgs/nav_2d_msgs/msg/detail/twist2_d__functions.c
[0.953s] -- Up-to-date: /home/ricardo/rm_ws/install/nav_2d_msgs/include/nav_2d_msgs/nav_2d_msgs/msg/detail/pose2_d_stamped__struct.h
[0.954s] -- Up-to-date: /home/ricardo/rm_ws/install/nav_2d_msgs/include/nav_2d_msgs/nav_2d_msgs/msg/twist2_d.h
[0.954s] -- Up-to-date: /home/ricardo/rm_ws/install/nav_2d_msgs/include/nav_2d_msgs/nav_2d_msgs/msg/rosidl_generator_c__visibility_control.h
[0.954s] -- Up-to-date: /home/ricardo/rm_ws/install/nav_2d_msgs/include/nav_2d_msgs/nav_2d_msgs/msg/twist2_d32.h
[0.954s] -- Up-to-date: /home/ricardo/rm_ws/install/nav_2d_msgs/share/nav_2d_msgs/environment/library_path.sh
[0.954s] -- Up-to-date: /home/ricardo/rm_ws/install/nav_2d_msgs/share/nav_2d_msgs/environment/library_path.dsv
[0.954s] -- Up-to-date: /home/ricardo/rm_ws/install/nav_2d_msgs/lib/libnav_2d_msgs__rosidl_generator_c.so
[0.954s] -- Up-to-date: /home/ricardo/rm_ws/install/nav_2d_msgs/include/nav_2d_msgs/nav_2d_msgs
[0.954s] -- Up-to-date: /home/ricardo/rm_ws/install/nav_2d_msgs/include/nav_2d_msgs/nav_2d_msgs/msg
[0.954s] -- Up-to-date: /home/ricardo/rm_ws/install/nav_2d_msgs/include/nav_2d_msgs/nav_2d_msgs/msg/detail
[0.954s] -- Up-to-date: /home/ricardo/rm_ws/install/nav_2d_msgs/include/nav_2d_msgs/nav_2d_msgs/msg/detail/twist2_d32__rosidl_typesupport_fastrtps_c.h
[0.954s] -- Up-to-date: /home/ricardo/rm_ws/install/nav_2d_msgs/include/nav_2d_msgs/nav_2d_msgs/msg/detail/twist2_d__rosidl_typesupport_fastrtps_c.h
[0.955s] -- Up-to-date: /home/ricardo/rm_ws/install/nav_2d_msgs/include/nav_2d_msgs/nav_2d_msgs/msg/detail/twist2_d_stamped__rosidl_typesupport_fastrtps_c.h
[0.955s] -- Up-to-date: /home/ricardo/rm_ws/install/nav_2d_msgs/include/nav_2d_msgs/nav_2d_msgs/msg/detail/pose2_d_stamped__rosidl_typesupport_fastrtps_c.h
[0.955s] -- Up-to-date: /home/ricardo/rm_ws/install/nav_2d_msgs/include/nav_2d_msgs/nav_2d_msgs/msg/detail/path2_d__rosidl_typesupport_fastrtps_c.h
[0.955s] -- Up-to-date: /home/ricardo/rm_ws/install/nav_2d_msgs/include/nav_2d_msgs/nav_2d_msgs/msg/detail/pose2_d32__rosidl_typesupport_fastrtps_c.h
[0.955s] -- Up-to-date: /home/ricardo/rm_ws/install/nav_2d_msgs/include/nav_2d_msgs/nav_2d_msgs/msg/rosidl_typesupport_fastrtps_c__visibility_control.h
[0.955s] -- Up-to-date: /home/ricardo/rm_ws/install/nav_2d_msgs/lib/libnav_2d_msgs__rosidl_typesupport_fastrtps_c.so
[0.955s] -- Up-to-date: /home/ricardo/rm_ws/install/nav_2d_msgs/include/nav_2d_msgs/nav_2d_msgs
[0.955s] -- Up-to-date: /home/ricardo/rm_ws/install/nav_2d_msgs/include/nav_2d_msgs/nav_2d_msgs/msg
[0.955s] -- Up-to-date: /home/ricardo/rm_ws/install/nav_2d_msgs/include/nav_2d_msgs/nav_2d_msgs/msg/pose2_d32.hpp
[0.955s] -- Up-to-date: /home/ricardo/rm_ws/install/nav_2d_msgs/include/nav_2d_msgs/nav_2d_msgs/msg/path2_d.hpp
[0.955s] -- Up-to-date: /home/ricardo/rm_ws/install/nav_2d_msgs/include/nav_2d_msgs/nav_2d_msgs/msg/twist2_d.hpp
[0.955s] -- Up-to-date: /home/ricardo/rm_ws/install/nav_2d_msgs/include/nav_2d_msgs/nav_2d_msgs/msg/detail
[0.955s] -- Up-to-date: /home/ricardo/rm_ws/install/nav_2d_msgs/include/nav_2d_msgs/nav_2d_msgs/msg/detail/pose2_d_stamped__struct.hpp
[0.955s] -- Up-to-date: /home/ricardo/rm_ws/install/nav_2d_msgs/include/nav_2d_msgs/nav_2d_msgs/msg/detail/twist2_d_stamped__traits.hpp
[0.955s] -- Up-to-date: /home/ricardo/rm_ws/install/nav_2d_msgs/include/nav_2d_msgs/nav_2d_msgs/msg/detail/pose2_d32__builder.hpp
[0.955s] -- Up-to-date: /home/ricardo/rm_ws/install/nav_2d_msgs/include/nav_2d_msgs/nav_2d_msgs/msg/detail/path2_d__traits.hpp
[0.955s] -- Up-to-date: /home/ricardo/rm_ws/install/nav_2d_msgs/include/nav_2d_msgs/nav_2d_msgs/msg/detail/pose2_d32__traits.hpp
[0.955s] -- Up-to-date: /home/ricardo/rm_ws/install/nav_2d_msgs/include/nav_2d_msgs/nav_2d_msgs/msg/detail/twist2_d_stamped__builder.hpp
[0.955s] -- Up-to-date: /home/ricardo/rm_ws/install/nav_2d_msgs/include/nav_2d_msgs/nav_2d_msgs/msg/detail/pose2_d32__struct.hpp
[0.956s] -- Up-to-date: /home/ricardo/rm_ws/install/nav_2d_msgs/include/nav_2d_msgs/nav_2d_msgs/msg/detail/pose2_d_stamped__traits.hpp
[0.956s] -- Up-to-date: /home/ricardo/rm_ws/install/nav_2d_msgs/include/nav_2d_msgs/nav_2d_msgs/msg/detail/pose2_d_stamped__builder.hpp
[0.956s] -- Up-to-date: /home/ricardo/rm_ws/install/nav_2d_msgs/include/nav_2d_msgs/nav_2d_msgs/msg/detail/path2_d__struct.hpp
[0.956s] -- Up-to-date: /home/ricardo/rm_ws/install/nav_2d_msgs/include/nav_2d_msgs/nav_2d_msgs/msg/detail/twist2_d__builder.hpp
[0.957s] -- Up-to-date: /home/ricardo/rm_ws/install/nav_2d_msgs/include/nav_2d_msgs/nav_2d_msgs/msg/detail/twist2_d32__traits.hpp
[0.957s] -- Up-to-date: /home/ricardo/rm_ws/install/nav_2d_msgs/include/nav_2d_msgs/nav_2d_msgs/msg/detail/path2_d__builder.hpp
[0.958s] -- Up-to-date: /home/ricardo/rm_ws/install/nav_2d_msgs/include/nav_2d_msgs/nav_2d_msgs/msg/detail/twist2_d_stamped__struct.hpp
[0.958s] -- Up-to-date: /home/ricardo/rm_ws/install/nav_2d_msgs/include/nav_2d_msgs/nav_2d_msgs/msg/detail/twist2_d__struct.hpp
[0.958s] -- Up-to-date: /home/ricardo/rm_ws/install/nav_2d_msgs/include/nav_2d_msgs/nav_2d_msgs/msg/detail/twist2_d32__struct.hpp
[0.958s] -- Up-to-date: /home/ricardo/rm_ws/install/nav_2d_msgs/include/nav_2d_msgs/nav_2d_msgs/msg/detail/twist2_d32__builder.hpp
[0.958s] -- Up-to-date: /home/ricardo/rm_ws/install/nav_2d_msgs/include/nav_2d_msgs/nav_2d_msgs/msg/detail/twist2_d__traits.hpp
[0.958s] -- Up-to-date: /home/ricardo/rm_ws/install/nav_2d_msgs/include/nav_2d_msgs/nav_2d_msgs/msg/twist2_d_stamped.hpp
[0.958s] -- Up-to-date: /home/ricardo/rm_ws/install/nav_2d_msgs/include/nav_2d_msgs/nav_2d_msgs/msg/twist2_d32.hpp
[0.958s] -- Up-to-date: /home/ricardo/rm_ws/install/nav_2d_msgs/include/nav_2d_msgs/nav_2d_msgs/msg/pose2_d_stamped.hpp
[0.958s] -- Up-to-date: /home/ricardo/rm_ws/install/nav_2d_msgs/include/nav_2d_msgs/nav_2d_msgs
[0.959s] -- Up-to-date: /home/ricardo/rm_ws/install/nav_2d_msgs/include/nav_2d_msgs/nav_2d_msgs/msg
[0.959s] -- Up-to-date: /home/ricardo/rm_ws/install/nav_2d_msgs/include/nav_2d_msgs/nav_2d_msgs/msg/rosidl_typesupport_fastrtps_cpp__visibility_control.h
[0.959s] -- Up-to-date: /home/ricardo/rm_ws/install/nav_2d_msgs/include/nav_2d_msgs/nav_2d_msgs/msg/detail
[0.959s] -- Up-to-date: /home/ricardo/rm_ws/install/nav_2d_msgs/include/nav_2d_msgs/nav_2d_msgs/msg/detail/path2_d__rosidl_typesupport_fastrtps_cpp.hpp
[0.959s] -- Up-to-date: /home/ricardo/rm_ws/install/nav_2d_msgs/include/nav_2d_msgs/nav_2d_msgs/msg/detail/pose2_d32__rosidl_typesupport_fastrtps_cpp.hpp
[0.959s] -- Up-to-date: /home/ricardo/rm_ws/install/nav_2d_msgs/include/nav_2d_msgs/nav_2d_msgs/msg/detail/twist2_d__rosidl_typesupport_fastrtps_cpp.hpp
[0.959s] -- Up-to-date: /home/ricardo/rm_ws/install/nav_2d_msgs/include/nav_2d_msgs/nav_2d_msgs/msg/detail/dds_fastrtps
[0.959s] -- Up-to-date: /home/ricardo/rm_ws/install/nav_2d_msgs/include/nav_2d_msgs/nav_2d_msgs/msg/detail/pose2_d_stamped__rosidl_typesupport_fastrtps_cpp.hpp
[0.959s] -- Up-to-date: /home/ricardo/rm_ws/install/nav_2d_msgs/include/nav_2d_msgs/nav_2d_msgs/msg/detail/twist2_d32__rosidl_typesupport_fastrtps_cpp.hpp
[0.959s] -- Up-to-date: /home/ricardo/rm_ws/install/nav_2d_msgs/include/nav_2d_msgs/nav_2d_msgs/msg/detail/twist2_d_stamped__rosidl_typesupport_fastrtps_cpp.hpp
[0.959s] -- Up-to-date: /home/ricardo/rm_ws/install/nav_2d_msgs/lib/libnav_2d_msgs__rosidl_typesupport_fastrtps_cpp.so
[0.959s] -- Up-to-date: /home/ricardo/rm_ws/install/nav_2d_msgs/include/nav_2d_msgs/nav_2d_msgs
[0.960s] -- Up-to-date: /home/ricardo/rm_ws/install/nav_2d_msgs/include/nav_2d_msgs/nav_2d_msgs/msg
[0.960s] -- Up-to-date: /home/ricardo/rm_ws/install/nav_2d_msgs/include/nav_2d_msgs/nav_2d_msgs/msg/detail
[0.960s] -- Up-to-date: /home/ricardo/rm_ws/install/nav_2d_msgs/include/nav_2d_msgs/nav_2d_msgs/msg/detail/pose2_d32__type_support.c
[0.960s] -- Up-to-date: /home/ricardo/rm_ws/install/nav_2d_msgs/include/nav_2d_msgs/nav_2d_msgs/msg/detail/twist2_d32__rosidl_typesupport_introspection_c.h
[0.960s] -- Up-to-date: /home/ricardo/rm_ws/install/nav_2d_msgs/include/nav_2d_msgs/nav_2d_msgs/msg/detail/pose2_d32__rosidl_typesupport_introspection_c.h
[0.960s] -- Up-to-date: /home/ricardo/rm_ws/install/nav_2d_msgs/include/nav_2d_msgs/nav_2d_msgs/msg/detail/twist2_d32__type_support.c
[0.960s] -- Up-to-date: /home/ricardo/rm_ws/install/nav_2d_msgs/include/nav_2d_msgs/nav_2d_msgs/msg/detail/twist2_d_stamped__type_support.c
[0.960s] -- Up-to-date: /home/ricardo/rm_ws/install/nav_2d_msgs/include/nav_2d_msgs/nav_2d_msgs/msg/detail/path2_d__type_support.c
[0.960s] -- Up-to-date: /home/ricardo/rm_ws/install/nav_2d_msgs/include/nav_2d_msgs/nav_2d_msgs/msg/detail/pose2_d_stamped__rosidl_typesupport_introspection_c.h
[0.960s] -- Up-to-date: /home/ricardo/rm_ws/install/nav_2d_msgs/include/nav_2d_msgs/nav_2d_msgs/msg/detail/twist2_d__type_support.c
[0.960s] -- Up-to-date: /home/ricardo/rm_ws/install/nav_2d_msgs/include/nav_2d_msgs/nav_2d_msgs/msg/detail/twist2_d__rosidl_typesupport_introspection_c.h
[0.960s] -- Up-to-date: /home/ricardo/rm_ws/install/nav_2d_msgs/include/nav_2d_msgs/nav_2d_msgs/msg/detail/path2_d__rosidl_typesupport_introspection_c.h
[0.960s] -- Up-to-date: /home/ricardo/rm_ws/install/nav_2d_msgs/include/nav_2d_msgs/nav_2d_msgs/msg/detail/twist2_d_stamped__rosidl_typesupport_introspection_c.h
[0.960s] -- Up-to-date: /home/ricardo/rm_ws/install/nav_2d_msgs/include/nav_2d_msgs/nav_2d_msgs/msg/detail/pose2_d_stamped__type_support.c
[0.960s] -- Up-to-date: /home/ricardo/rm_ws/install/nav_2d_msgs/include/nav_2d_msgs/nav_2d_msgs/msg/rosidl_typesupport_introspection_c__visibility_control.h
[0.960s] -- Up-to-date: /home/ricardo/rm_ws/install/nav_2d_msgs/lib/libnav_2d_msgs__rosidl_typesupport_introspection_c.so
[0.961s] -- Up-to-date: /home/ricardo/rm_ws/install/nav_2d_msgs/lib/libnav_2d_msgs__rosidl_typesupport_c.so
[0.961s] -- Up-to-date: /home/ricardo/rm_ws/install/nav_2d_msgs/include/nav_2d_msgs/nav_2d_msgs
[0.961s] -- Up-to-date: /home/ricardo/rm_ws/install/nav_2d_msgs/include/nav_2d_msgs/nav_2d_msgs/msg
[0.961s] -- Up-to-date: /home/ricardo/rm_ws/install/nav_2d_msgs/include/nav_2d_msgs/nav_2d_msgs/msg/detail
[0.961s] -- Up-to-date: /home/ricardo/rm_ws/install/nav_2d_msgs/include/nav_2d_msgs/nav_2d_msgs/msg/detail/path2_d__rosidl_typesupport_introspection_cpp.hpp
[0.961s] -- Up-to-date: /home/ricardo/rm_ws/install/nav_2d_msgs/include/nav_2d_msgs/nav_2d_msgs/msg/detail/path2_d__type_support.cpp
[0.961s] -- Up-to-date: /home/ricardo/rm_ws/install/nav_2d_msgs/include/nav_2d_msgs/nav_2d_msgs/msg/detail/pose2_d_stamped__type_support.cpp
[0.961s] -- Up-to-date: /home/ricardo/rm_ws/install/nav_2d_msgs/include/nav_2d_msgs/nav_2d_msgs/msg/detail/twist2_d32__type_support.cpp
[0.961s] -- Up-to-date: /home/ricardo/rm_ws/install/nav_2d_msgs/include/nav_2d_msgs/nav_2d_msgs/msg/detail/twist2_d__type_support.cpp
[0.961s] -- Up-to-date: /home/ricardo/rm_ws/install/nav_2d_msgs/include/nav_2d_msgs/nav_2d_msgs/msg/detail/twist2_d_stamped__type_support.cpp
[0.961s] -- Up-to-date: /home/ricardo/rm_ws/install/nav_2d_msgs/include/nav_2d_msgs/nav_2d_msgs/msg/detail/pose2_d32__type_support.cpp
[0.961s] -- Up-to-date: /home/ricardo/rm_ws/install/nav_2d_msgs/include/nav_2d_msgs/nav_2d_msgs/msg/detail/pose2_d32__rosidl_typesupport_introspection_cpp.hpp
[0.961s] -- Up-to-date: /home/ricardo/rm_ws/install/nav_2d_msgs/include/nav_2d_msgs/nav_2d_msgs/msg/detail/pose2_d_stamped__rosidl_typesupport_introspection_cpp.hpp
[0.961s] -- Up-to-date: /home/ricardo/rm_ws/install/nav_2d_msgs/include/nav_2d_msgs/nav_2d_msgs/msg/detail/twist2_d_stamped__rosidl_typesupport_introspection_cpp.hpp
[0.961s] -- Up-to-date: /home/ricardo/rm_ws/install/nav_2d_msgs/include/nav_2d_msgs/nav_2d_msgs/msg/detail/twist2_d__rosidl_typesupport_introspection_cpp.hpp
[0.961s] -- Up-to-date: /home/ricardo/rm_ws/install/nav_2d_msgs/include/nav_2d_msgs/nav_2d_msgs/msg/detail/twist2_d32__rosidl_typesupport_introspection_cpp.hpp
[0.961s] -- Up-to-date: /home/ricardo/rm_ws/install/nav_2d_msgs/lib/libnav_2d_msgs__rosidl_typesupport_introspection_cpp.so
[0.961s] -- Up-to-date: /home/ricardo/rm_ws/install/nav_2d_msgs/lib/libnav_2d_msgs__rosidl_typesupport_cpp.so
[0.961s] -- Up-to-date: /home/ricardo/rm_ws/install/nav_2d_msgs/share/nav_2d_msgs/environment/pythonpath.sh
[0.961s] -- Up-to-date: /home/ricardo/rm_ws/install/nav_2d_msgs/share/nav_2d_msgs/environment/pythonpath.dsv
[0.962s] -- Up-to-date: /home/ricardo/rm_ws/install/nav_2d_msgs/local/lib/python3.10/dist-packages/nav_2d_msgs-1.1.12-py3.10.egg-info
[0.962s] -- Installing: /home/ricardo/rm_ws/install/nav_2d_msgs/local/lib/python3.10/dist-packages/nav_2d_msgs-1.1.12-py3.10.egg-info/dependency_links.txt
[0.962s] -- Installing: /home/ricardo/rm_ws/install/nav_2d_msgs/local/lib/python3.10/dist-packages/nav_2d_msgs-1.1.12-py3.10.egg-info/PKG-INFO
[0.962s] -- Installing: /home/ricardo/rm_ws/install/nav_2d_msgs/local/lib/python3.10/dist-packages/nav_2d_msgs-1.1.12-py3.10.egg-info/SOURCES.txt
[0.962s] -- Installing: /home/ricardo/rm_ws/install/nav_2d_msgs/local/lib/python3.10/dist-packages/nav_2d_msgs-1.1.12-py3.10.egg-info/top_level.txt
[0.962s] -- Up-to-date: /home/ricardo/rm_ws/install/nav_2d_msgs/local/lib/python3.10/dist-packages/nav_2d_msgs
[0.962s] -- Up-to-date: /home/ricardo/rm_ws/install/nav_2d_msgs/local/lib/python3.10/dist-packages/nav_2d_msgs/_nav_2d_msgs_s.ep.rosidl_typesupport_c.c
[0.962s] -- Up-to-date: /home/ricardo/rm_ws/install/nav_2d_msgs/local/lib/python3.10/dist-packages/nav_2d_msgs/libnav_2d_msgs__rosidl_generator_py.so
[0.962s] -- Up-to-date: /home/ricardo/rm_ws/install/nav_2d_msgs/local/lib/python3.10/dist-packages/nav_2d_msgs/__init__.py
[0.962s] -- Up-to-date: /home/ricardo/rm_ws/install/nav_2d_msgs/local/lib/python3.10/dist-packages/nav_2d_msgs/_nav_2d_msgs_s.ep.rosidl_typesupport_fastrtps_c.c
[0.962s] -- Up-to-date: /home/ricardo/rm_ws/install/nav_2d_msgs/local/lib/python3.10/dist-packages/nav_2d_msgs/nav_2d_msgs_s__rosidl_typesupport_c.cpython-310-x86_64-linux-gnu.so
[0.962s] -- Up-to-date: /home/ricardo/rm_ws/install/nav_2d_msgs/local/lib/python3.10/dist-packages/nav_2d_msgs/_nav_2d_msgs_s.ep.rosidl_typesupport_introspection_c.c
[0.962s] -- Up-to-date: /home/ricardo/rm_ws/install/nav_2d_msgs/local/lib/python3.10/dist-packages/nav_2d_msgs/msg
[0.962s] -- Up-to-date: /home/ricardo/rm_ws/install/nav_2d_msgs/local/lib/python3.10/dist-packages/nav_2d_msgs/msg/_twist2_d32.py
[0.962s] -- Up-to-date: /home/ricardo/rm_ws/install/nav_2d_msgs/local/lib/python3.10/dist-packages/nav_2d_msgs/msg/__init__.py
[0.963s] -- Up-to-date: /home/ricardo/rm_ws/install/nav_2d_msgs/local/lib/python3.10/dist-packages/nav_2d_msgs/msg/_pose2_d32_s.c
[0.963s] -- Up-to-date: /home/ricardo/rm_ws/install/nav_2d_msgs/local/lib/python3.10/dist-packages/nav_2d_msgs/msg/_pose2_d_stamped_s.c
[0.963s] -- Up-to-date: /home/ricardo/rm_ws/install/nav_2d_msgs/local/lib/python3.10/dist-packages/nav_2d_msgs/msg/_pose2_d32.py
[0.963s] -- Up-to-date: /home/ricardo/rm_ws/install/nav_2d_msgs/local/lib/python3.10/dist-packages/nav_2d_msgs/msg/_twist2_d_stamped.py
[0.963s] -- Up-to-date: /home/ricardo/rm_ws/install/nav_2d_msgs/local/lib/python3.10/dist-packages/nav_2d_msgs/msg/_twist2_d_stamped_s.c
[0.963s] -- Up-to-date: /home/ricardo/rm_ws/install/nav_2d_msgs/local/lib/python3.10/dist-packages/nav_2d_msgs/msg/_twist2_d32_s.c
[0.963s] -- Up-to-date: /home/ricardo/rm_ws/install/nav_2d_msgs/local/lib/python3.10/dist-packages/nav_2d_msgs/msg/_twist2_d_s.c
[0.963s] -- Up-to-date: /home/ricardo/rm_ws/install/nav_2d_msgs/local/lib/python3.10/dist-packages/nav_2d_msgs/msg/_twist2_d.py
[0.963s] -- Up-to-date: /home/ricardo/rm_ws/install/nav_2d_msgs/local/lib/python3.10/dist-packages/nav_2d_msgs/msg/_path2_d_s.c
[0.963s] -- Up-to-date: /home/ricardo/rm_ws/install/nav_2d_msgs/local/lib/python3.10/dist-packages/nav_2d_msgs/msg/_pose2_d_stamped.py
[0.963s] -- Up-to-date: /home/ricardo/rm_ws/install/nav_2d_msgs/local/lib/python3.10/dist-packages/nav_2d_msgs/msg/_path2_d.py
[0.963s] -- Up-to-date: /home/ricardo/rm_ws/install/nav_2d_msgs/local/lib/python3.10/dist-packages/nav_2d_msgs/nav_2d_msgs_s__rosidl_typesupport_fastrtps_c.cpython-310-x86_64-linux-gnu.so
[0.963s] -- Up-to-date: /home/ricardo/rm_ws/install/nav_2d_msgs/local/lib/python3.10/dist-packages/nav_2d_msgs/nav_2d_msgs_s__rosidl_typesupport_introspection_c.cpython-310-x86_64-linux-gnu.so
[0.997s] Listing '/home/ricardo/rm_ws/install/nav_2d_msgs/local/lib/python3.10/dist-packages/nav_2d_msgs'...
[0.997s] Listing '/home/ricardo/rm_ws/install/nav_2d_msgs/local/lib/python3.10/dist-packages/nav_2d_msgs/msg'...
[1.003s] -- Up-to-date: /home/ricardo/rm_ws/install/nav_2d_msgs/local/lib/python3.10/dist-packages/nav_2d_msgs/nav_2d_msgs_s__rosidl_typesupport_fastrtps_c.cpython-310-x86_64-linux-gnu.so
[1.003s] -- Up-to-date: /home/ricardo/rm_ws/install/nav_2d_msgs/local/lib/python3.10/dist-packages/nav_2d_msgs/nav_2d_msgs_s__rosidl_typesupport_introspection_c.cpython-310-x86_64-linux-gnu.so
[1.004s] -- Up-to-date: /home/ricardo/rm_ws/install/nav_2d_msgs/local/lib/python3.10/dist-packages/nav_2d_msgs/nav_2d_msgs_s__rosidl_typesupport_c.cpython-310-x86_64-linux-gnu.so
[1.004s] -- Up-to-date: /home/ricardo/rm_ws/install/nav_2d_msgs/lib/libnav_2d_msgs__rosidl_generator_py.so
[1.004s] -- Up-to-date: /home/ricardo/rm_ws/install/nav_2d_msgs/share/nav_2d_msgs/msg/Path2D.idl
[1.004s] -- Up-to-date: /home/ricardo/rm_ws/install/nav_2d_msgs/share/nav_2d_msgs/msg/Pose2D32.idl
[1.004s] -- Up-to-date: /home/ricardo/rm_ws/install/nav_2d_msgs/share/nav_2d_msgs/msg/Pose2DStamped.idl
[1.004s] -- Up-to-date: /home/ricardo/rm_ws/install/nav_2d_msgs/share/nav_2d_msgs/msg/Twist2D.idl
[1.004s] -- Up-to-date: /home/ricardo/rm_ws/install/nav_2d_msgs/share/nav_2d_msgs/msg/Twist2D32.idl
[1.004s] -- Up-to-date: /home/ricardo/rm_ws/install/nav_2d_msgs/share/nav_2d_msgs/msg/Twist2DStamped.idl
[1.005s] -- Up-to-date: /home/ricardo/rm_ws/install/nav_2d_msgs/share/nav_2d_msgs/msg/Path2D.msg
[1.005s] -- Up-to-date: /home/ricardo/rm_ws/install/nav_2d_msgs/share/nav_2d_msgs/msg/Pose2D32.msg
[1.005s] -- Up-to-date: /home/ricardo/rm_ws/install/nav_2d_msgs/share/nav_2d_msgs/msg/Pose2DStamped.msg
[1.005s] -- Up-to-date: /home/ricardo/rm_ws/install/nav_2d_msgs/share/nav_2d_msgs/msg/Twist2D.msg
[1.005s] -- Up-to-date: /home/ricardo/rm_ws/install/nav_2d_msgs/share/nav_2d_msgs/msg/Twist2D32.msg
[1.005s] -- Up-to-date: /home/ricardo/rm_ws/install/nav_2d_msgs/share/nav_2d_msgs/msg/Twist2DStamped.msg
[1.005s] -- Up-to-date: /home/ricardo/rm_ws/install/nav_2d_msgs/share/ament_index/resource_index/package_run_dependencies/nav_2d_msgs
[1.005s] -- Up-to-date: /home/ricardo/rm_ws/install/nav_2d_msgs/share/ament_index/resource_index/parent_prefix_path/nav_2d_msgs
[1.005s] -- Up-to-date: /home/ricardo/rm_ws/install/nav_2d_msgs/share/nav_2d_msgs/environment/ament_prefix_path.sh
[1.006s] -- Up-to-date: /home/ricardo/rm_ws/install/nav_2d_msgs/share/nav_2d_msgs/environment/ament_prefix_path.dsv
[1.006s] -- Up-to-date: /home/ricardo/rm_ws/install/nav_2d_msgs/share/nav_2d_msgs/environment/path.sh
[1.006s] -- Up-to-date: /home/ricardo/rm_ws/install/nav_2d_msgs/share/nav_2d_msgs/environment/path.dsv
[1.006s] -- Up-to-date: /home/ricardo/rm_ws/install/nav_2d_msgs/share/nav_2d_msgs/local_setup.bash
[1.006s] -- Up-to-date: /home/ricardo/rm_ws/install/nav_2d_msgs/share/nav_2d_msgs/local_setup.sh
[1.006s] -- Up-to-date: /home/ricardo/rm_ws/install/nav_2d_msgs/share/nav_2d_msgs/local_setup.zsh
[1.006s] -- Up-to-date: /home/ricardo/rm_ws/install/nav_2d_msgs/share/nav_2d_msgs/local_setup.dsv
[1.006s] -- Installing: /home/ricardo/rm_ws/install/nav_2d_msgs/share/nav_2d_msgs/package.dsv
[1.006s] -- Up-to-date: /home/ricardo/rm_ws/install/nav_2d_msgs/share/ament_index/resource_index/packages/nav_2d_msgs
[1.006s] -- Up-to-date: /home/ricardo/rm_ws/install/nav_2d_msgs/share/nav_2d_msgs/cmake/export_nav_2d_msgs__rosidl_generator_cExport.cmake
[1.007s] -- Up-to-date: /home/ricardo/rm_ws/install/nav_2d_msgs/share/nav_2d_msgs/cmake/export_nav_2d_msgs__rosidl_generator_cExport-noconfig.cmake
[1.007s] -- Up-to-date: /home/ricardo/rm_ws/install/nav_2d_msgs/share/nav_2d_msgs/cmake/export_nav_2d_msgs__rosidl_typesupport_fastrtps_cExport.cmake
[1.007s] -- Up-to-date: /home/ricardo/rm_ws/install/nav_2d_msgs/share/nav_2d_msgs/cmake/export_nav_2d_msgs__rosidl_typesupport_fastrtps_cExport-noconfig.cmake
[1.007s] -- Up-to-date: /home/ricardo/rm_ws/install/nav_2d_msgs/share/nav_2d_msgs/cmake/export_nav_2d_msgs__rosidl_generator_cppExport.cmake
[1.007s] -- Up-to-date: /home/ricardo/rm_ws/install/nav_2d_msgs/share/nav_2d_msgs/cmake/export_nav_2d_msgs__rosidl_typesupport_fastrtps_cppExport.cmake
[1.007s] -- Up-to-date: /home/ricardo/rm_ws/install/nav_2d_msgs/share/nav_2d_msgs/cmake/export_nav_2d_msgs__rosidl_typesupport_fastrtps_cppExport-noconfig.cmake
[1.007s] -- Up-to-date: /home/ricardo/rm_ws/install/nav_2d_msgs/share/nav_2d_msgs/cmake/nav_2d_msgs__rosidl_typesupport_introspection_cExport.cmake
[1.007s] -- Up-to-date: /home/ricardo/rm_ws/install/nav_2d_msgs/share/nav_2d_msgs/cmake/nav_2d_msgs__rosidl_typesupport_introspection_cExport-noconfig.cmake
[1.007s] -- Up-to-date: /home/ricardo/rm_ws/install/nav_2d_msgs/share/nav_2d_msgs/cmake/nav_2d_msgs__rosidl_typesupport_cExport.cmake
[1.007s] -- Up-to-date: /home/ricardo/rm_ws/install/nav_2d_msgs/share/nav_2d_msgs/cmake/nav_2d_msgs__rosidl_typesupport_cExport-noconfig.cmake
[1.007s] -- Up-to-date: /home/ricardo/rm_ws/install/nav_2d_msgs/share/nav_2d_msgs/cmake/nav_2d_msgs__rosidl_typesupport_introspection_cppExport.cmake
[1.007s] -- Up-to-date: /home/ricardo/rm_ws/install/nav_2d_msgs/share/nav_2d_msgs/cmake/nav_2d_msgs__rosidl_typesupport_introspection_cppExport-noconfig.cmake
[1.007s] -- Up-to-date: /home/ricardo/rm_ws/install/nav_2d_msgs/share/nav_2d_msgs/cmake/nav_2d_msgs__rosidl_typesupport_cppExport.cmake
[1.007s] -- Up-to-date: /home/ricardo/rm_ws/install/nav_2d_msgs/share/nav_2d_msgs/cmake/nav_2d_msgs__rosidl_typesupport_cppExport-noconfig.cmake
[1.008s] -- Up-to-date: /home/ricardo/rm_ws/install/nav_2d_msgs/share/nav_2d_msgs/cmake/export_nav_2d_msgs__rosidl_generator_pyExport.cmake
[1.008s] -- Up-to-date: /home/ricardo/rm_ws/install/nav_2d_msgs/share/nav_2d_msgs/cmake/export_nav_2d_msgs__rosidl_generator_pyExport-noconfig.cmake
[1.008s] -- Up-to-date: /home/ricardo/rm_ws/install/nav_2d_msgs/share/nav_2d_msgs/cmake/rosidl_cmake-extras.cmake
[1.008s] -- Up-to-date: /home/ricardo/rm_ws/install/nav_2d_msgs/share/nav_2d_msgs/cmake/ament_cmake_export_dependencies-extras.cmake
[1.011s] -- Up-to-date: /home/ricardo/rm_ws/install/nav_2d_msgs/share/nav_2d_msgs/cmake/ament_cmake_export_include_directories-extras.cmake
[1.011s] -- Up-to-date: /home/ricardo/rm_ws/install/nav_2d_msgs/share/nav_2d_msgs/cmake/ament_cmake_export_libraries-extras.cmake
[1.011s] -- Up-to-date: /home/ricardo/rm_ws/install/nav_2d_msgs/share/nav_2d_msgs/cmake/ament_cmake_export_targets-extras.cmake
[1.013s] -- Up-to-date: /home/ricardo/rm_ws/install/nav_2d_msgs/share/nav_2d_msgs/cmake/rosidl_cmake_export_typesupport_targets-extras.cmake
[1.013s] -- Up-to-date: /home/ricardo/rm_ws/install/nav_2d_msgs/share/nav_2d_msgs/cmake/rosidl_cmake_export_typesupport_libraries-extras.cmake
[1.013s] -- Up-to-date: /home/ricardo/rm_ws/install/nav_2d_msgs/share/nav_2d_msgs/cmake/nav_2d_msgsConfig.cmake
[1.013s] -- Up-to-date: /home/ricardo/rm_ws/install/nav_2d_msgs/share/nav_2d_msgs/cmake/nav_2d_msgsConfig-version.cmake
[1.013s] -- Up-to-date: /home/ricardo/rm_ws/install/nav_2d_msgs/share/nav_2d_msgs/package.xml
[1.014s] Invoked command in '/home/ricardo/rm_ws/build/nav_2d_msgs' returned '0': CMAKE_PREFIX_PATH=${CMAKE_PREFIX_PATH}:/home/ricardo/rm_ws/install/topic_text_video:/home/ricardo/rm_ws/install/nav2_simple_commander:/home/ricardo/rm_ws/install/laser_car_description:/opt/ros/humble /usr/bin/cmake --install /home/ricardo/rm_ws/build/nav_2d_msgs
