[0.442s] Invoking command in '/home/ricardo/rm_ws/build/nav2_smac_planner': CMAKE_PREFIX_PATH=/home/ricardo/rm_ws/install/nav2_core:/home/ricardo/rm_ws/install/nav2_costmap_2d:/home/ricardo/rm_ws/install/nav2_util:/home/ricardo/rm_ws/install/nav2_voxel_grid:/home/ricardo/rm_ws/install/nav2_msgs:/home/ricardo/rm_ws/install/nav2_common:/home/ricardo/rm_ws/install/navigation2:/home/ricardo/rm_ws/install/nav2_smoother:/home/ricardo/rm_ws/install/nav2_dwb_controller:/home/ricardo/rm_ws/install/nav2_controller:/home/ricardo/rm_ws/install/dwb_plugins:/home/ricardo/rm_ws/install/dwb_critics:/home/ricardo/rm_ws/install/dwb_core:/home/ricardo/rm_ws/install/nav_2d_utils:/home/ricardo/rm_ws/install/dwb_msgs:/home/ricardo/rm_ws/install/nav_2d_msgs:/home/ricardo/rm_ws/install/nav2_waypoint_follower:/home/ricardo/rm_ws/install/nav2_theta_star_planner:/home/ricardo/rm_ws/install/nav2_smac_planner:/home/ricardo/rm_ws/install/nav2_rotation_shim_controller:/home/ricardo/rm_ws/install/nav2_regulated_pure_pursuit_controller:/home/ricardo/rm_ws/install/nav2_planner:/home/ricardo/rm_ws/install/nav2_navfn_planner:/home/ricardo/rm_ws/install/nav2_mppi_controller:/home/ricardo/rm_ws/install/nav2_constrained_smoother:/home/ricardo/rm_ws/install/nav2_bt_navigator:/home/ricardo/rm_ws/install/nav2_behaviors:/home/ricardo/rm_ws/install/nav2_collision_monitor:/home/ricardo/rm_ws/install/costmap_queue:/home/ricardo/rm_ws/install/nav2_velocity_smoother:/home/ricardo/rm_ws/install/nav2_rviz_plugins:/home/ricardo/rm_ws/install/nav2_map_server:/home/ricardo/rm_ws/install/nav2_lifecycle_manager:/home/ricardo/rm_ws/install/nav2_behavior_tree:/home/ricardo/rm_ws/install/nav2_amcl:/home/ricardo/rm_ws/install/laser_car_cartographer:/home/ricardo/rm_ws/install/cartographer_ros:/home/ricardo/rm_ws/install/cartographer_ros_msgs:/home/ricardo/rm_ws/install/cartographer:/home/ricardo/rm_ws/install/topic_text_video:/home/ricardo/rm_ws/install/nav2_simple_commander:/home/ricardo/rm_ws/install/laser_car_description:/opt/ros/humble LD_LIBRARY_PATH=/home/ricardo/rm_ws/install/nav2_costmap_2d/lib:/home/ricardo/rm_ws/install/nav2_util/lib:/home/ricardo/rm_ws/install/nav2_voxel_grid/lib:/home/ricardo/rm_ws/install/nav2_msgs/lib:/home/ricardo/rm_ws/install/nav2_smoother/lib:/home/ricardo/rm_ws/install/nav2_controller/lib:/home/ricardo/rm_ws/install/dwb_plugins/lib:/home/ricardo/rm_ws/install/dwb_critics/lib:/home/ricardo/rm_ws/install/dwb_core/lib:/home/ricardo/rm_ws/install/nav_2d_utils/lib:/home/ricardo/rm_ws/install/dwb_msgs/lib:/home/ricardo/rm_ws/install/nav_2d_msgs/lib:/home/ricardo/rm_ws/install/nav2_waypoint_follower/lib:/home/ricardo/rm_ws/install/nav2_theta_star_planner/lib:/home/ricardo/rm_ws/install/nav2_smac_planner/lib:/home/ricardo/rm_ws/install/nav2_rotation_shim_controller/lib:/home/ricardo/rm_ws/install/nav2_regulated_pure_pursuit_controller/lib:/home/ricardo/rm_ws/install/nav2_planner/lib:/home/ricardo/rm_ws/install/nav2_navfn_planner/lib:/home/ricardo/rm_ws/install/nav2_mppi_controller/lib:/home/ricardo/rm_ws/install/nav2_constrained_smoother/lib:/home/ricardo/rm_ws/install/nav2_bt_navigator/lib:/home/ricardo/rm_ws/install/nav2_behaviors/lib:/home/ricardo/rm_ws/install/nav2_collision_monitor/lib:/home/ricardo/rm_ws/install/costmap_queue/lib:/home/ricardo/rm_ws/install/nav2_velocity_smoother/lib:/home/ricardo/rm_ws/install/nav2_rviz_plugins/lib:/home/ricardo/rm_ws/install/nav2_map_server/lib:/home/ricardo/rm_ws/install/nav2_lifecycle_manager/lib:/home/ricardo/rm_ws/install/nav2_behavior_tree/lib:/home/ricardo/rm_ws/install/nav2_amcl/lib:/home/ricardo/rm_ws/install/cartographer_ros/lib:/home/ricardo/rm_ws/install/cartographer_ros_msgs/lib:/usr/lib/x86_64-linux-gnu/gazebo-11/plugins:/opt/ros/humble/opt/rviz_ogre_vendor/lib:/opt/ros/humble/lib/x86_64-linux-gnu:/opt/ros/humble/lib /usr/bin/cmake --build /home/ricardo/rm_ws/build/nav2_smac_planner -- -j8 -l8
[0.714s] [  3%] Built target gtest
[0.719s] [ 25%] Built target nav2_smac_planner_2d
[0.720s] [ 25%] Built target gtest_main
[0.751s] [ 44%] Built target nav2_smac_planner_lattice
[0.762s] [ 62%] Built target nav2_smac_planner
[0.871s] [ 67%] Built target test_costmap_downsampler
[0.871s] [ 69%] Built target test_smac_2d
[0.873s] [ 72%] Built target test_smac_lattice
[0.881s] [ 76%] Built target test_node2d
[0.981s] [ 79%] Built target test_nodehybrid
[0.986s] [ 83%] Built target test_nodebasic
[0.993s] [ 86%] Built target test_lattice_node
[0.998s] [ 89%] Built target test_collision_checker
[1.006s] [ 93%] Built target test_smoother
[1.007s] [ 96%] Built target test_smac_hybrid
[1.015s] [100%] Built target test_a_star
[1.041s] Invoked command in '/home/ricardo/rm_ws/build/nav2_smac_planner' returned '0': CMAKE_PREFIX_PATH=/home/ricardo/rm_ws/install/nav2_core:/home/ricardo/rm_ws/install/nav2_costmap_2d:/home/ricardo/rm_ws/install/nav2_util:/home/ricardo/rm_ws/install/nav2_voxel_grid:/home/ricardo/rm_ws/install/nav2_msgs:/home/ricardo/rm_ws/install/nav2_common:/home/ricardo/rm_ws/install/navigation2:/home/ricardo/rm_ws/install/nav2_smoother:/home/ricardo/rm_ws/install/nav2_dwb_controller:/home/ricardo/rm_ws/install/nav2_controller:/home/ricardo/rm_ws/install/dwb_plugins:/home/ricardo/rm_ws/install/dwb_critics:/home/ricardo/rm_ws/install/dwb_core:/home/ricardo/rm_ws/install/nav_2d_utils:/home/ricardo/rm_ws/install/dwb_msgs:/home/ricardo/rm_ws/install/nav_2d_msgs:/home/ricardo/rm_ws/install/nav2_waypoint_follower:/home/ricardo/rm_ws/install/nav2_theta_star_planner:/home/ricardo/rm_ws/install/nav2_smac_planner:/home/ricardo/rm_ws/install/nav2_rotation_shim_controller:/home/ricardo/rm_ws/install/nav2_regulated_pure_pursuit_controller:/home/ricardo/rm_ws/install/nav2_planner:/home/ricardo/rm_ws/install/nav2_navfn_planner:/home/ricardo/rm_ws/install/nav2_mppi_controller:/home/ricardo/rm_ws/install/nav2_constrained_smoother:/home/ricardo/rm_ws/install/nav2_bt_navigator:/home/ricardo/rm_ws/install/nav2_behaviors:/home/ricardo/rm_ws/install/nav2_collision_monitor:/home/ricardo/rm_ws/install/costmap_queue:/home/ricardo/rm_ws/install/nav2_velocity_smoother:/home/ricardo/rm_ws/install/nav2_rviz_plugins:/home/ricardo/rm_ws/install/nav2_map_server:/home/ricardo/rm_ws/install/nav2_lifecycle_manager:/home/ricardo/rm_ws/install/nav2_behavior_tree:/home/ricardo/rm_ws/install/nav2_amcl:/home/ricardo/rm_ws/install/laser_car_cartographer:/home/ricardo/rm_ws/install/cartographer_ros:/home/ricardo/rm_ws/install/cartographer_ros_msgs:/home/ricardo/rm_ws/install/cartographer:/home/ricardo/rm_ws/install/topic_text_video:/home/ricardo/rm_ws/install/nav2_simple_commander:/home/ricardo/rm_ws/install/laser_car_description:/opt/ros/humble LD_LIBRARY_PATH=/home/ricardo/rm_ws/install/nav2_costmap_2d/lib:/home/ricardo/rm_ws/install/nav2_util/lib:/home/ricardo/rm_ws/install/nav2_voxel_grid/lib:/home/ricardo/rm_ws/install/nav2_msgs/lib:/home/ricardo/rm_ws/install/nav2_smoother/lib:/home/ricardo/rm_ws/install/nav2_controller/lib:/home/ricardo/rm_ws/install/dwb_plugins/lib:/home/ricardo/rm_ws/install/dwb_critics/lib:/home/ricardo/rm_ws/install/dwb_core/lib:/home/ricardo/rm_ws/install/nav_2d_utils/lib:/home/ricardo/rm_ws/install/dwb_msgs/lib:/home/ricardo/rm_ws/install/nav_2d_msgs/lib:/home/ricardo/rm_ws/install/nav2_waypoint_follower/lib:/home/ricardo/rm_ws/install/nav2_theta_star_planner/lib:/home/ricardo/rm_ws/install/nav2_smac_planner/lib:/home/ricardo/rm_ws/install/nav2_rotation_shim_controller/lib:/home/ricardo/rm_ws/install/nav2_regulated_pure_pursuit_controller/lib:/home/ricardo/rm_ws/install/nav2_planner/lib:/home/ricardo/rm_ws/install/nav2_navfn_planner/lib:/home/ricardo/rm_ws/install/nav2_mppi_controller/lib:/home/ricardo/rm_ws/install/nav2_constrained_smoother/lib:/home/ricardo/rm_ws/install/nav2_bt_navigator/lib:/home/ricardo/rm_ws/install/nav2_behaviors/lib:/home/ricardo/rm_ws/install/nav2_collision_monitor/lib:/home/ricardo/rm_ws/install/costmap_queue/lib:/home/ricardo/rm_ws/install/nav2_velocity_smoother/lib:/home/ricardo/rm_ws/install/nav2_rviz_plugins/lib:/home/ricardo/rm_ws/install/nav2_map_server/lib:/home/ricardo/rm_ws/install/nav2_lifecycle_manager/lib:/home/ricardo/rm_ws/install/nav2_behavior_tree/lib:/home/ricardo/rm_ws/install/nav2_amcl/lib:/home/ricardo/rm_ws/install/cartographer_ros/lib:/home/ricardo/rm_ws/install/cartographer_ros_msgs/lib:/usr/lib/x86_64-linux-gnu/gazebo-11/plugins:/opt/ros/humble/opt/rviz_ogre_vendor/lib:/opt/ros/humble/lib/x86_64-linux-gnu:/opt/ros/humble/lib /usr/bin/cmake --build /home/ricardo/rm_ws/build/nav2_smac_planner -- -j8 -l8
[1.691s] Invoking command in '/home/ricardo/rm_ws/build/nav2_smac_planner': CMAKE_PREFIX_PATH=/home/ricardo/rm_ws/install/nav2_core:/home/ricardo/rm_ws/install/nav2_costmap_2d:/home/ricardo/rm_ws/install/nav2_util:/home/ricardo/rm_ws/install/nav2_voxel_grid:/home/ricardo/rm_ws/install/nav2_msgs:/home/ricardo/rm_ws/install/nav2_common:/home/ricardo/rm_ws/install/navigation2:/home/ricardo/rm_ws/install/nav2_smoother:/home/ricardo/rm_ws/install/nav2_dwb_controller:/home/ricardo/rm_ws/install/nav2_controller:/home/ricardo/rm_ws/install/dwb_plugins:/home/ricardo/rm_ws/install/dwb_critics:/home/ricardo/rm_ws/install/dwb_core:/home/ricardo/rm_ws/install/nav_2d_utils:/home/ricardo/rm_ws/install/dwb_msgs:/home/ricardo/rm_ws/install/nav_2d_msgs:/home/ricardo/rm_ws/install/nav2_waypoint_follower:/home/ricardo/rm_ws/install/nav2_theta_star_planner:/home/ricardo/rm_ws/install/nav2_smac_planner:/home/ricardo/rm_ws/install/nav2_rotation_shim_controller:/home/ricardo/rm_ws/install/nav2_regulated_pure_pursuit_controller:/home/ricardo/rm_ws/install/nav2_planner:/home/ricardo/rm_ws/install/nav2_navfn_planner:/home/ricardo/rm_ws/install/nav2_mppi_controller:/home/ricardo/rm_ws/install/nav2_constrained_smoother:/home/ricardo/rm_ws/install/nav2_bt_navigator:/home/ricardo/rm_ws/install/nav2_behaviors:/home/ricardo/rm_ws/install/nav2_collision_monitor:/home/ricardo/rm_ws/install/costmap_queue:/home/ricardo/rm_ws/install/nav2_velocity_smoother:/home/ricardo/rm_ws/install/nav2_rviz_plugins:/home/ricardo/rm_ws/install/nav2_map_server:/home/ricardo/rm_ws/install/nav2_lifecycle_manager:/home/ricardo/rm_ws/install/nav2_behavior_tree:/home/ricardo/rm_ws/install/nav2_amcl:/home/ricardo/rm_ws/install/laser_car_cartographer:/home/ricardo/rm_ws/install/cartographer_ros:/home/ricardo/rm_ws/install/cartographer_ros_msgs:/home/ricardo/rm_ws/install/cartographer:/home/ricardo/rm_ws/install/topic_text_video:/home/ricardo/rm_ws/install/nav2_simple_commander:/home/ricardo/rm_ws/install/laser_car_description:/opt/ros/humble LD_LIBRARY_PATH=/home/ricardo/rm_ws/install/nav2_costmap_2d/lib:/home/ricardo/rm_ws/install/nav2_util/lib:/home/ricardo/rm_ws/install/nav2_voxel_grid/lib:/home/ricardo/rm_ws/install/nav2_msgs/lib:/home/ricardo/rm_ws/install/nav2_smoother/lib:/home/ricardo/rm_ws/install/nav2_controller/lib:/home/ricardo/rm_ws/install/dwb_plugins/lib:/home/ricardo/rm_ws/install/dwb_critics/lib:/home/ricardo/rm_ws/install/dwb_core/lib:/home/ricardo/rm_ws/install/nav_2d_utils/lib:/home/ricardo/rm_ws/install/dwb_msgs/lib:/home/ricardo/rm_ws/install/nav_2d_msgs/lib:/home/ricardo/rm_ws/install/nav2_waypoint_follower/lib:/home/ricardo/rm_ws/install/nav2_theta_star_planner/lib:/home/ricardo/rm_ws/install/nav2_smac_planner/lib:/home/ricardo/rm_ws/install/nav2_rotation_shim_controller/lib:/home/ricardo/rm_ws/install/nav2_regulated_pure_pursuit_controller/lib:/home/ricardo/rm_ws/install/nav2_planner/lib:/home/ricardo/rm_ws/install/nav2_navfn_planner/lib:/home/ricardo/rm_ws/install/nav2_mppi_controller/lib:/home/ricardo/rm_ws/install/nav2_constrained_smoother/lib:/home/ricardo/rm_ws/install/nav2_bt_navigator/lib:/home/ricardo/rm_ws/install/nav2_behaviors/lib:/home/ricardo/rm_ws/install/nav2_collision_monitor/lib:/home/ricardo/rm_ws/install/costmap_queue/lib:/home/ricardo/rm_ws/install/nav2_velocity_smoother/lib:/home/ricardo/rm_ws/install/nav2_rviz_plugins/lib:/home/ricardo/rm_ws/install/nav2_map_server/lib:/home/ricardo/rm_ws/install/nav2_lifecycle_manager/lib:/home/ricardo/rm_ws/install/nav2_behavior_tree/lib:/home/ricardo/rm_ws/install/nav2_amcl/lib:/home/ricardo/rm_ws/install/cartographer_ros/lib:/home/ricardo/rm_ws/install/cartographer_ros_msgs/lib:/usr/lib/x86_64-linux-gnu/gazebo-11/plugins:/opt/ros/humble/opt/rviz_ogre_vendor/lib:/opt/ros/humble/lib/x86_64-linux-gnu:/opt/ros/humble/lib /usr/bin/cmake --install /home/ricardo/rm_ws/build/nav2_smac_planner
[1.813s] -- Install configuration: "Release"
[1.814s] -- Up-to-date: /home/ricardo/rm_ws/install/nav2_smac_planner/share/nav2_smac_planner/smac_plugin_hybrid.xml
[1.816s] -- Up-to-date: /home/ricardo/rm_ws/install/nav2_smac_planner/share/nav2_smac_planner/smac_plugin_2d.xml
[1.816s] -- Up-to-date: /home/ricardo/rm_ws/install/nav2_smac_planner/share/nav2_smac_planner/smac_plugin_lattice.xml
[1.816s] -- Up-to-date: /home/ricardo/rm_ws/install/nav2_smac_planner/lib/libnav2_smac_planner.so
[1.817s] -- Up-to-date: /home/ricardo/rm_ws/install/nav2_smac_planner/lib/libnav2_smac_planner_2d.so
[1.817s] -- Up-to-date: /home/ricardo/rm_ws/install/nav2_smac_planner/lib/libnav2_smac_planner_lattice.so
[1.817s] -- Up-to-date: /home/ricardo/rm_ws/install/nav2_smac_planner/include/
[1.817s] -- Up-to-date: /home/ricardo/rm_ws/install/nav2_smac_planner/include//nav2_smac_planner
[1.817s] -- Up-to-date: /home/ricardo/rm_ws/install/nav2_smac_planner/include//nav2_smac_planner/collision_checker.hpp
[1.817s] -- Up-to-date: /home/ricardo/rm_ws/install/nav2_smac_planner/include//nav2_smac_planner/a_star.hpp
[1.817s] -- Up-to-date: /home/ricardo/rm_ws/install/nav2_smac_planner/include//nav2_smac_planner/thirdparty
[1.817s] -- Up-to-date: /home/ricardo/rm_ws/install/nav2_smac_planner/include//nav2_smac_planner/thirdparty/robin_hood.h
[1.817s] -- Up-to-date: /home/ricardo/rm_ws/install/nav2_smac_planner/include//nav2_smac_planner/smoother.hpp
[1.817s] -- Up-to-date: /home/ricardo/rm_ws/install/nav2_smac_planner/include//nav2_smac_planner/node_2d.hpp
[1.818s] -- Up-to-date: /home/ricardo/rm_ws/install/nav2_smac_planner/include//nav2_smac_planner/utils.hpp
[1.818s] -- Up-to-date: /home/ricardo/rm_ws/install/nav2_smac_planner/include//nav2_smac_planner/node_hybrid.hpp
[1.822s] -- Up-to-date: /home/ricardo/rm_ws/install/nav2_smac_planner/include//nav2_smac_planner/constants.hpp
[1.822s] -- Up-to-date: /home/ricardo/rm_ws/install/nav2_smac_planner/include//nav2_smac_planner/node_lattice.hpp
[1.823s] -- Up-to-date: /home/ricardo/rm_ws/install/nav2_smac_planner/include//nav2_smac_planner/costmap_downsampler.hpp
[1.823s] -- Up-to-date: /home/ricardo/rm_ws/install/nav2_smac_planner/include//nav2_smac_planner/smac_planner_lattice.hpp
[1.823s] -- Up-to-date: /home/ricardo/rm_ws/install/nav2_smac_planner/include//nav2_smac_planner/smac_planner_2d.hpp
[1.823s] -- Up-to-date: /home/ricardo/rm_ws/install/nav2_smac_planner/include//nav2_smac_planner/types.hpp
[1.823s] -- Up-to-date: /home/ricardo/rm_ws/install/nav2_smac_planner/include//nav2_smac_planner/analytic_expansion.hpp
[1.823s] -- Up-to-date: /home/ricardo/rm_ws/install/nav2_smac_planner/include//nav2_smac_planner/node_basic.hpp
[1.823s] -- Up-to-date: /home/ricardo/rm_ws/install/nav2_smac_planner/include//nav2_smac_planner/smac_planner_hybrid.hpp
[1.823s] -- Up-to-date: /home/ricardo/rm_ws/install/nav2_smac_planner/share/nav2_smac_planner/sample_primitives
[1.823s] -- Up-to-date: /home/ricardo/rm_ws/install/nav2_smac_planner/share/nav2_smac_planner/sample_primitives/5cm_resolution
[1.823s] -- Up-to-date: /home/ricardo/rm_ws/install/nav2_smac_planner/share/nav2_smac_planner/sample_primitives/5cm_resolution/1m_turning_radius
[1.823s] -- Up-to-date: /home/ricardo/rm_ws/install/nav2_smac_planner/share/nav2_smac_planner/sample_primitives/5cm_resolution/1m_turning_radius/ackermann
[1.823s] -- Up-to-date: /home/ricardo/rm_ws/install/nav2_smac_planner/share/nav2_smac_planner/sample_primitives/5cm_resolution/1m_turning_radius/ackermann/output.json
[1.823s] -- Up-to-date: /home/ricardo/rm_ws/install/nav2_smac_planner/share/nav2_smac_planner/sample_primitives/5cm_resolution/1m_turning_radius/diff
[1.823s] -- Up-to-date: /home/ricardo/rm_ws/install/nav2_smac_planner/share/nav2_smac_planner/sample_primitives/5cm_resolution/1m_turning_radius/diff/output.json
[1.830s] -- Up-to-date: /home/ricardo/rm_ws/install/nav2_smac_planner/share/nav2_smac_planner/sample_primitives/5cm_resolution/1m_turning_radius/omni
[1.830s] -- Up-to-date: /home/ricardo/rm_ws/install/nav2_smac_planner/share/nav2_smac_planner/sample_primitives/5cm_resolution/1m_turning_radius/omni/output.json
[1.831s] -- Up-to-date: /home/ricardo/rm_ws/install/nav2_smac_planner/share/nav2_smac_planner/sample_primitives/5cm_resolution/1m_turning_radius/all_trajectories.png
[1.831s] -- Up-to-date: /home/ricardo/rm_ws/install/nav2_smac_planner/share/nav2_smac_planner/sample_primitives/5cm_resolution/0.5m_turning_radius
[1.833s] -- Up-to-date: /home/ricardo/rm_ws/install/nav2_smac_planner/share/nav2_smac_planner/sample_primitives/5cm_resolution/0.5m_turning_radius/ackermann
[1.833s] -- Up-to-date: /home/ricardo/rm_ws/install/nav2_smac_planner/share/nav2_smac_planner/sample_primitives/5cm_resolution/0.5m_turning_radius/ackermann/output.json
[1.833s] -- Up-to-date: /home/ricardo/rm_ws/install/nav2_smac_planner/share/nav2_smac_planner/sample_primitives/5cm_resolution/0.5m_turning_radius/diff
[1.834s] -- Up-to-date: /home/ricardo/rm_ws/install/nav2_smac_planner/share/nav2_smac_planner/sample_primitives/5cm_resolution/0.5m_turning_radius/diff/output.json
[1.834s] -- Up-to-date: /home/ricardo/rm_ws/install/nav2_smac_planner/share/nav2_smac_planner/sample_primitives/5cm_resolution/0.5m_turning_radius/omni
[1.834s] -- Up-to-date: /home/ricardo/rm_ws/install/nav2_smac_planner/share/nav2_smac_planner/sample_primitives/5cm_resolution/0.5m_turning_radius/omni/output.json
[1.834s] -- Up-to-date: /home/ricardo/rm_ws/install/nav2_smac_planner/share/nav2_smac_planner/sample_primitives/5cm_resolution/0.5m_turning_radius/all_trajectories.png
[1.834s] -- Up-to-date: /home/ricardo/rm_ws/install/nav2_smac_planner/share/nav2_smac_planner/environment/library_path.sh
[1.834s] -- Up-to-date: /home/ricardo/rm_ws/install/nav2_smac_planner/share/nav2_smac_planner/environment/library_path.dsv
[1.838s] -- Up-to-date: /home/ricardo/rm_ws/install/nav2_smac_planner/share/ament_index/resource_index/package_run_dependencies/nav2_smac_planner
[1.838s] -- Up-to-date: /home/ricardo/rm_ws/install/nav2_smac_planner/share/ament_index/resource_index/parent_prefix_path/nav2_smac_planner
[1.838s] -- Up-to-date: /home/ricardo/rm_ws/install/nav2_smac_planner/share/nav2_smac_planner/environment/ament_prefix_path.sh
[1.838s] -- Up-to-date: /home/ricardo/rm_ws/install/nav2_smac_planner/share/nav2_smac_planner/environment/ament_prefix_path.dsv
[1.838s] -- Up-to-date: /home/ricardo/rm_ws/install/nav2_smac_planner/share/nav2_smac_planner/environment/path.sh
[1.840s] -- Up-to-date: /home/ricardo/rm_ws/install/nav2_smac_planner/share/nav2_smac_planner/environment/path.dsv
[1.840s] -- Up-to-date: /home/ricardo/rm_ws/install/nav2_smac_planner/share/nav2_smac_planner/local_setup.bash
[1.841s] -- Up-to-date: /home/ricardo/rm_ws/install/nav2_smac_planner/share/nav2_smac_planner/local_setup.sh
[1.841s] -- Up-to-date: /home/ricardo/rm_ws/install/nav2_smac_planner/share/nav2_smac_planner/local_setup.zsh
[1.841s] -- Up-to-date: /home/ricardo/rm_ws/install/nav2_smac_planner/share/nav2_smac_planner/local_setup.dsv
[1.841s] -- Installing: /home/ricardo/rm_ws/install/nav2_smac_planner/share/nav2_smac_planner/package.dsv
[1.846s] -- Up-to-date: /home/ricardo/rm_ws/install/nav2_smac_planner/share/ament_index/resource_index/packages/nav2_smac_planner
[1.846s] -- Up-to-date: /home/ricardo/rm_ws/install/nav2_smac_planner/share/ament_index/resource_index/nav2_core__pluginlib__plugin/nav2_smac_planner
[1.847s] -- Up-to-date: /home/ricardo/rm_ws/install/nav2_smac_planner/share/nav2_smac_planner/cmake/ament_cmake_export_include_directories-extras.cmake
[1.847s] -- Up-to-date: /home/ricardo/rm_ws/install/nav2_smac_planner/share/nav2_smac_planner/cmake/ament_cmake_export_libraries-extras.cmake
[1.847s] -- Up-to-date: /home/ricardo/rm_ws/install/nav2_smac_planner/share/nav2_smac_planner/cmake/ament_cmake_export_dependencies-extras.cmake
[1.847s] -- Up-to-date: /home/ricardo/rm_ws/install/nav2_smac_planner/share/nav2_smac_planner/cmake/nav2_smac_plannerConfig.cmake
[1.847s] -- Up-to-date: /home/ricardo/rm_ws/install/nav2_smac_planner/share/nav2_smac_planner/cmake/nav2_smac_plannerConfig-version.cmake
[1.847s] -- Up-to-date: /home/ricardo/rm_ws/install/nav2_smac_planner/share/nav2_smac_planner/package.xml
[1.979s] Invoked command in '/home/ricardo/rm_ws/build/nav2_smac_planner' returned '0': CMAKE_PREFIX_PATH=/home/ricardo/rm_ws/install/nav2_core:/home/ricardo/rm_ws/install/nav2_costmap_2d:/home/ricardo/rm_ws/install/nav2_util:/home/ricardo/rm_ws/install/nav2_voxel_grid:/home/ricardo/rm_ws/install/nav2_msgs:/home/ricardo/rm_ws/install/nav2_common:/home/ricardo/rm_ws/install/navigation2:/home/ricardo/rm_ws/install/nav2_smoother:/home/ricardo/rm_ws/install/nav2_dwb_controller:/home/ricardo/rm_ws/install/nav2_controller:/home/ricardo/rm_ws/install/dwb_plugins:/home/ricardo/rm_ws/install/dwb_critics:/home/ricardo/rm_ws/install/dwb_core:/home/ricardo/rm_ws/install/nav_2d_utils:/home/ricardo/rm_ws/install/dwb_msgs:/home/ricardo/rm_ws/install/nav_2d_msgs:/home/ricardo/rm_ws/install/nav2_waypoint_follower:/home/ricardo/rm_ws/install/nav2_theta_star_planner:/home/ricardo/rm_ws/install/nav2_smac_planner:/home/ricardo/rm_ws/install/nav2_rotation_shim_controller:/home/ricardo/rm_ws/install/nav2_regulated_pure_pursuit_controller:/home/ricardo/rm_ws/install/nav2_planner:/home/ricardo/rm_ws/install/nav2_navfn_planner:/home/ricardo/rm_ws/install/nav2_mppi_controller:/home/ricardo/rm_ws/install/nav2_constrained_smoother:/home/ricardo/rm_ws/install/nav2_bt_navigator:/home/ricardo/rm_ws/install/nav2_behaviors:/home/ricardo/rm_ws/install/nav2_collision_monitor:/home/ricardo/rm_ws/install/costmap_queue:/home/ricardo/rm_ws/install/nav2_velocity_smoother:/home/ricardo/rm_ws/install/nav2_rviz_plugins:/home/ricardo/rm_ws/install/nav2_map_server:/home/ricardo/rm_ws/install/nav2_lifecycle_manager:/home/ricardo/rm_ws/install/nav2_behavior_tree:/home/ricardo/rm_ws/install/nav2_amcl:/home/ricardo/rm_ws/install/laser_car_cartographer:/home/ricardo/rm_ws/install/cartographer_ros:/home/ricardo/rm_ws/install/cartographer_ros_msgs:/home/ricardo/rm_ws/install/cartographer:/home/ricardo/rm_ws/install/topic_text_video:/home/ricardo/rm_ws/install/nav2_simple_commander:/home/ricardo/rm_ws/install/laser_car_description:/opt/ros/humble LD_LIBRARY_PATH=/home/ricardo/rm_ws/install/nav2_costmap_2d/lib:/home/ricardo/rm_ws/install/nav2_util/lib:/home/ricardo/rm_ws/install/nav2_voxel_grid/lib:/home/ricardo/rm_ws/install/nav2_msgs/lib:/home/ricardo/rm_ws/install/nav2_smoother/lib:/home/ricardo/rm_ws/install/nav2_controller/lib:/home/ricardo/rm_ws/install/dwb_plugins/lib:/home/ricardo/rm_ws/install/dwb_critics/lib:/home/ricardo/rm_ws/install/dwb_core/lib:/home/ricardo/rm_ws/install/nav_2d_utils/lib:/home/ricardo/rm_ws/install/dwb_msgs/lib:/home/ricardo/rm_ws/install/nav_2d_msgs/lib:/home/ricardo/rm_ws/install/nav2_waypoint_follower/lib:/home/ricardo/rm_ws/install/nav2_theta_star_planner/lib:/home/ricardo/rm_ws/install/nav2_smac_planner/lib:/home/ricardo/rm_ws/install/nav2_rotation_shim_controller/lib:/home/ricardo/rm_ws/install/nav2_regulated_pure_pursuit_controller/lib:/home/ricardo/rm_ws/install/nav2_planner/lib:/home/ricardo/rm_ws/install/nav2_navfn_planner/lib:/home/ricardo/rm_ws/install/nav2_mppi_controller/lib:/home/ricardo/rm_ws/install/nav2_constrained_smoother/lib:/home/ricardo/rm_ws/install/nav2_bt_navigator/lib:/home/ricardo/rm_ws/install/nav2_behaviors/lib:/home/ricardo/rm_ws/install/nav2_collision_monitor/lib:/home/ricardo/rm_ws/install/costmap_queue/lib:/home/ricardo/rm_ws/install/nav2_velocity_smoother/lib:/home/ricardo/rm_ws/install/nav2_rviz_plugins/lib:/home/ricardo/rm_ws/install/nav2_map_server/lib:/home/ricardo/rm_ws/install/nav2_lifecycle_manager/lib:/home/ricardo/rm_ws/install/nav2_behavior_tree/lib:/home/ricardo/rm_ws/install/nav2_amcl/lib:/home/ricardo/rm_ws/install/cartographer_ros/lib:/home/ricardo/rm_ws/install/cartographer_ros_msgs/lib:/usr/lib/x86_64-linux-gnu/gazebo-11/plugins:/opt/ros/humble/opt/rviz_ogre_vendor/lib:/opt/ros/humble/lib/x86_64-linux-gnu:/opt/ros/humble/lib /usr/bin/cmake --install /home/ricardo/rm_ws/build/nav2_smac_planner
