[1.416s] Invoking command in '/home/ricardo/rm_ws/src/laser_car_description': PYTHONPATH=/home/ricardo/rm_ws/build/laser_car_description/prefix_override:/home/ricardo/rm_ws/install/laser_car_description/lib/python3.10/site-packages:${PYTHONPATH} /usr/bin/python3 setup.py egg_info --egg-base ../../build/laser_car_description build --build-base /home/ricardo/rm_ws/build/laser_car_description/build install --record /home/ricardo/rm_ws/build/laser_car_description/install.log --single-version-externally-managed
[1.617s] running egg_info
[1.618s] writing ../../build/laser_car_description/laser_car_description.egg-info/PKG-INFO
[1.619s] writing dependency_links to ../../build/laser_car_description/laser_car_description.egg-info/dependency_links.txt
[1.619s] writing entry points to ../../build/laser_car_description/laser_car_description.egg-info/entry_points.txt
[1.620s] writing requirements to ../../build/laser_car_description/laser_car_description.egg-info/requires.txt
[1.620s] writing top-level names to ../../build/laser_car_description/laser_car_description.egg-info/top_level.txt
[1.622s] reading manifest file '../../build/laser_car_description/laser_car_description.egg-info/SOURCES.txt'
[1.624s] writing manifest file '../../build/laser_car_description/laser_car_description.egg-info/SOURCES.txt'
[1.625s] running build
[1.625s] running build_py
[1.625s] running install
[1.626s] /usr/lib/python3/dist-packages/setuptools/command/install.py:34: SetuptoolsDeprecationWarning: setup.py install is deprecated. Use build and pip and other standards-based tools.
[1.626s]   warnings.warn(
[1.626s] running install_lib
[1.627s] running install_data
[1.628s] copying launch/rviz_gazebo.launch.py -> /home/ricardo/rm_ws/install/laser_car_description/share/laser_car_description/launch
[1.628s] running install_egg_info
[1.631s] removing '/home/ricardo/rm_ws/install/laser_car_description/lib/python3.10/site-packages/laser_car_description-0.0.0-py3.10.egg-info' (and everything under it)
[1.632s] Copying ../../build/laser_car_description/laser_car_description.egg-info to /home/ricardo/rm_ws/install/laser_car_description/lib/python3.10/site-packages/laser_car_description-0.0.0-py3.10.egg-info
[1.634s] running install_scripts
[1.656s] Installing rotate_wheel script to /home/ricardo/rm_ws/install/laser_car_description/lib/laser_car_description
[1.656s] writing list of installed files to '/home/ricardo/rm_ws/build/laser_car_description/install.log'
[1.697s] Invoked command in '/home/ricardo/rm_ws/src/laser_car_description' returned '0': PYTHONPATH=/home/ricardo/rm_ws/build/laser_car_description/prefix_override:/home/ricardo/rm_ws/install/laser_car_description/lib/python3.10/site-packages:${PYTHONPATH} /usr/bin/python3 setup.py egg_info --egg-base ../../build/laser_car_description build --build-base /home/ricardo/rm_ws/build/laser_car_description/build install --record /home/ricardo/rm_ws/build/laser_car_description/install.log --single-version-externally-managed
