[0.754s] Invoking command in '/home/ricardo/rm_ws/src/navigation2_cmd': PYTHONPATH=/home/ricardo/rm_ws/build/navigation2_cmd/prefix_override:/home/ricardo/rm_ws/install/navigation2_cmd/lib/python3.10/site-packages:${PYTHONPATH} /usr/bin/python3 setup.py egg_info --egg-base ../../build/navigation2_cmd build --build-base /home/ricardo/rm_ws/build/navigation2_cmd/build install --record /home/ricardo/rm_ws/build/navigation2_cmd/install.log --single-version-externally-managed
[0.942s] running egg_info
[0.942s] writing ../../build/navigation2_cmd/navigation2_cmd.egg-info/PKG-INFO
[0.943s] writing dependency_links to ../../build/navigation2_cmd/navigation2_cmd.egg-info/dependency_links.txt
[0.943s] writing entry points to ../../build/navigation2_cmd/navigation2_cmd.egg-info/entry_points.txt
[0.944s] writing requirements to ../../build/navigation2_cmd/navigation2_cmd.egg-info/requires.txt
[0.944s] writing top-level names to ../../build/navigation2_cmd/navigation2_cmd.egg-info/top_level.txt
[0.947s] reading manifest file '../../build/navigation2_cmd/navigation2_cmd.egg-info/SOURCES.txt'
[0.947s] writing manifest file '../../build/navigation2_cmd/navigation2_cmd.egg-info/SOURCES.txt'
[0.947s] running build
[0.948s] running build_py
[0.948s] copying navigation2_cmd/set_up_inspection_points.py -> /home/ricardo/rm_ws/build/navigation2_cmd/build/lib/navigation2_cmd
[0.948s] copying navigation2_cmd/start_patrol.py -> /home/ricardo/rm_ws/build/navigation2_cmd/build/lib/navigation2_cmd
[0.948s] running install
[0.948s] /usr/lib/python3/dist-packages/setuptools/command/install.py:34: SetuptoolsDeprecationWarning: setup.py install is deprecated. Use build and pip and other standards-based tools.
[0.948s]   warnings.warn(
[0.948s] running install_lib
[0.949s] copying /home/ricardo/rm_ws/build/navigation2_cmd/build/lib/navigation2_cmd/set_up_inspection_points.py -> /home/ricardo/rm_ws/install/navigation2_cmd/lib/python3.10/site-packages/navigation2_cmd
[0.949s] copying /home/ricardo/rm_ws/build/navigation2_cmd/build/lib/navigation2_cmd/start_patrol.py -> /home/ricardo/rm_ws/install/navigation2_cmd/lib/python3.10/site-packages/navigation2_cmd
[0.950s] byte-compiling /home/ricardo/rm_ws/install/navigation2_cmd/lib/python3.10/site-packages/navigation2_cmd/set_up_inspection_points.py to set_up_inspection_points.cpython-310.pyc
[0.950s] byte-compiling /home/ricardo/rm_ws/install/navigation2_cmd/lib/python3.10/site-packages/navigation2_cmd/start_patrol.py to start_patrol.cpython-310.pyc
[0.951s] running install_data
[0.951s] running install_egg_info
[0.953s] removing '/home/ricardo/rm_ws/install/navigation2_cmd/lib/python3.10/site-packages/navigation2_cmd-0.0.0-py3.10.egg-info' (and everything under it)
[0.953s] Copying ../../build/navigation2_cmd/navigation2_cmd.egg-info to /home/ricardo/rm_ws/install/navigation2_cmd/lib/python3.10/site-packages/navigation2_cmd-0.0.0-py3.10.egg-info
[0.954s] running install_scripts
[0.972s] Installing init_robot_pose script to /home/ricardo/rm_ws/install/navigation2_cmd/lib/navigation2_cmd
[0.972s] Installing set_up_inspection_points script to /home/ricardo/rm_ws/install/navigation2_cmd/lib/navigation2_cmd
[0.973s] Installing start_patrol script to /home/ricardo/rm_ws/install/navigation2_cmd/lib/navigation2_cmd
[0.973s] writing list of installed files to '/home/ricardo/rm_ws/build/navigation2_cmd/install.log'
[1.001s] Invoked command in '/home/ricardo/rm_ws/src/navigation2_cmd' returned '0': PYTHONPATH=/home/ricardo/rm_ws/build/navigation2_cmd/prefix_override:/home/ricardo/rm_ws/install/navigation2_cmd/lib/python3.10/site-packages:${PYTHONPATH} /usr/bin/python3 setup.py egg_info --egg-base ../../build/navigation2_cmd build --build-base /home/ricardo/rm_ws/build/navigation2_cmd/build install --record /home/ricardo/rm_ws/build/navigation2_cmd/install.log --single-version-externally-managed
