[0.113s] Invoking command in '/home/ricardo/rm_ws/build/nav2_common': CMAKE_PREFIX_PATH=${CMAKE_PREFIX_PATH}:/home/ricardo/rm_ws/install/topic_text_video:/home/ricardo/rm_ws/install/laser_car_description:/opt/ros/humble /usr/bin/cmake /home/ricardo/rm_ws/src/navigation2/nav2_common -DCMAKE_INSTALL_PREFIX=/home/ricardo/rm_ws/install/nav2_common
[0.197s] -- Found ament_cmake_core: 1.3.6 (/opt/ros/humble/share/ament_cmake_core/cmake)
[0.381s] -- Found Python3: /usr/bin/python3.10 (found version "3.10.12") found components: Interpreter 
[0.471s] -- Found ament_cmake_python: 1.3.6 (/opt/ros/humble/share/ament_cmake_python/cmake)
[0.616s] -- Configuring done
[0.618s] -- Generating done
[0.620s] -- Build files have been written to: /home/ricardo/rm_ws/build/nav2_common
[0.625s] Invoked command in '/home/ricardo/rm_ws/build/nav2_common' returned '0': CMAKE_PREFIX_PATH=${CMAKE_PREFIX_PATH}:/home/ricardo/rm_ws/install/topic_text_video:/home/ricardo/rm_ws/install/laser_car_description:/opt/ros/humble /usr/bin/cmake /home/ricardo/rm_ws/src/navigation2/nav2_common -DCMAKE_INSTALL_PREFIX=/home/ricardo/rm_ws/install/nav2_common
[0.626s] Invoking command in '/home/ricardo/rm_ws/build/nav2_common': CMAKE_PREFIX_PATH=${CMAKE_PREFIX_PATH}:/home/ricardo/rm_ws/install/topic_text_video:/home/ricardo/rm_ws/install/laser_car_description:/opt/ros/humble /usr/bin/cmake --build /home/ricardo/rm_ws/build/nav2_common -- -j8 -l8
[0.688s] Built target ament_cmake_python_copy_nav2_common
[0.896s] running egg_info
[0.897s] creating nav2_common.egg-info
[0.897s] writing nav2_common.egg-info/PKG-INFO
[0.897s] writing dependency_links to nav2_common.egg-info/dependency_links.txt
[0.897s] writing top-level names to nav2_common.egg-info/top_level.txt
[0.898s] writing manifest file 'nav2_common.egg-info/SOURCES.txt'
[0.901s] reading manifest file 'nav2_common.egg-info/SOURCES.txt'
[0.902s] writing manifest file 'nav2_common.egg-info/SOURCES.txt'
[0.935s] Built target ament_cmake_python_build_nav2_common_egg
[0.946s] Invoked command in '/home/ricardo/rm_ws/build/nav2_common' returned '0': CMAKE_PREFIX_PATH=${CMAKE_PREFIX_PATH}:/home/ricardo/rm_ws/install/topic_text_video:/home/ricardo/rm_ws/install/laser_car_description:/opt/ros/humble /usr/bin/cmake --build /home/ricardo/rm_ws/build/nav2_common -- -j8 -l8
[0.992s] Invoking command in '/home/ricardo/rm_ws/build/nav2_common': CMAKE_PREFIX_PATH=${CMAKE_PREFIX_PATH}:/home/ricardo/rm_ws/install/topic_text_video:/home/ricardo/rm_ws/install/laser_car_description:/opt/ros/humble /usr/bin/cmake --install /home/ricardo/rm_ws/build/nav2_common
[1.002s] -- Install configuration: ""
[1.002s] -- Installing: /home/ricardo/rm_ws/install/nav2_common/share/nav2_common/environment/pythonpath.sh
[1.002s] -- Installing: /home/ricardo/rm_ws/install/nav2_common/share/nav2_common/environment/pythonpath.dsv
[1.002s] -- Installing: /home/ricardo/rm_ws/install/nav2_common/local/lib/python3.10/dist-packages/nav2_common-1.1.12-py3.10.egg-info
[1.003s] -- Installing: /home/ricardo/rm_ws/install/nav2_common/local/lib/python3.10/dist-packages/nav2_common-1.1.12-py3.10.egg-info/dependency_links.txt
[1.003s] -- Installing: /home/ricardo/rm_ws/install/nav2_common/local/lib/python3.10/dist-packages/nav2_common-1.1.12-py3.10.egg-info/PKG-INFO
[1.004s] -- Installing: /home/ricardo/rm_ws/install/nav2_common/local/lib/python3.10/dist-packages/nav2_common-1.1.12-py3.10.egg-info/SOURCES.txt
[1.004s] -- Installing: /home/ricardo/rm_ws/install/nav2_common/local/lib/python3.10/dist-packages/nav2_common-1.1.12-py3.10.egg-info/top_level.txt
[1.004s] -- Installing: /home/ricardo/rm_ws/install/nav2_common/local/lib/python3.10/dist-packages/nav2_common
[1.005s] -- Installing: /home/ricardo/rm_ws/install/nav2_common/local/lib/python3.10/dist-packages/nav2_common/__init__.py
[1.005s] -- Installing: /home/ricardo/rm_ws/install/nav2_common/local/lib/python3.10/dist-packages/nav2_common/launch
[1.005s] -- Installing: /home/ricardo/rm_ws/install/nav2_common/local/lib/python3.10/dist-packages/nav2_common/launch/__init__.py
[1.005s] -- Installing: /home/ricardo/rm_ws/install/nav2_common/local/lib/python3.10/dist-packages/nav2_common/launch/has_node_params.py
[1.006s] -- Installing: /home/ricardo/rm_ws/install/nav2_common/local/lib/python3.10/dist-packages/nav2_common/launch/parse_multirobot_pose.py
[1.006s] -- Installing: /home/ricardo/rm_ws/install/nav2_common/local/lib/python3.10/dist-packages/nav2_common/launch/replace_string.py
[1.007s] -- Installing: /home/ricardo/rm_ws/install/nav2_common/local/lib/python3.10/dist-packages/nav2_common/launch/rewritten_yaml.py
[1.040s] Listing '/home/ricardo/rm_ws/install/nav2_common/local/lib/python3.10/dist-packages/nav2_common'...
[1.040s] Compiling '/home/ricardo/rm_ws/install/nav2_common/local/lib/python3.10/dist-packages/nav2_common/__init__.py'...
[1.040s] Listing '/home/ricardo/rm_ws/install/nav2_common/local/lib/python3.10/dist-packages/nav2_common/launch'...
[1.040s] Compiling '/home/ricardo/rm_ws/install/nav2_common/local/lib/python3.10/dist-packages/nav2_common/launch/__init__.py'...
[1.040s] Compiling '/home/ricardo/rm_ws/install/nav2_common/local/lib/python3.10/dist-packages/nav2_common/launch/has_node_params.py'...
[1.041s] Compiling '/home/ricardo/rm_ws/install/nav2_common/local/lib/python3.10/dist-packages/nav2_common/launch/parse_multirobot_pose.py'...
[1.041s] Compiling '/home/ricardo/rm_ws/install/nav2_common/local/lib/python3.10/dist-packages/nav2_common/launch/replace_string.py'...
[1.041s] Compiling '/home/ricardo/rm_ws/install/nav2_common/local/lib/python3.10/dist-packages/nav2_common/launch/rewritten_yaml.py'...
[1.044s] -- Installing: /home/ricardo/rm_ws/install/nav2_common/share/ament_index/resource_index/package_run_dependencies/nav2_common
[1.044s] -- Installing: /home/ricardo/rm_ws/install/nav2_common/share/ament_index/resource_index/parent_prefix_path/nav2_common
[1.044s] -- Installing: /home/ricardo/rm_ws/install/nav2_common/share/nav2_common/environment/ament_prefix_path.sh
[1.044s] -- Installing: /home/ricardo/rm_ws/install/nav2_common/share/nav2_common/environment/ament_prefix_path.dsv
[1.045s] -- Installing: /home/ricardo/rm_ws/install/nav2_common/share/nav2_common/environment/path.sh
[1.045s] -- Installing: /home/ricardo/rm_ws/install/nav2_common/share/nav2_common/environment/path.dsv
[1.046s] -- Installing: /home/ricardo/rm_ws/install/nav2_common/share/nav2_common/local_setup.bash
[1.046s] -- Installing: /home/ricardo/rm_ws/install/nav2_common/share/nav2_common/local_setup.sh
[1.046s] -- Installing: /home/ricardo/rm_ws/install/nav2_common/share/nav2_common/local_setup.zsh
[1.047s] -- Installing: /home/ricardo/rm_ws/install/nav2_common/share/nav2_common/local_setup.dsv
[1.047s] -- Installing: /home/ricardo/rm_ws/install/nav2_common/share/nav2_common/package.dsv
[1.048s] -- Installing: /home/ricardo/rm_ws/install/nav2_common/share/ament_index/resource_index/packages/nav2_common
[1.048s] -- Installing: /home/ricardo/rm_ws/install/nav2_common/share/nav2_common/cmake/nav2_common-extras.cmake
[1.048s] -- Installing: /home/ricardo/rm_ws/install/nav2_common/share/nav2_common/cmake/nav2_commonConfig.cmake
[1.048s] -- Installing: /home/ricardo/rm_ws/install/nav2_common/share/nav2_common/cmake/nav2_commonConfig-version.cmake
[1.049s] -- Installing: /home/ricardo/rm_ws/install/nav2_common/share/nav2_common/package.xml
[1.049s] -- Up-to-date: /home/ricardo/rm_ws/install/nav2_common/share/nav2_common/cmake
[1.050s] -- Installing: /home/ricardo/rm_ws/install/nav2_common/share/nav2_common/cmake/nav2_package.cmake
[1.054s] Invoked command in '/home/ricardo/rm_ws/build/nav2_common' returned '0': CMAKE_PREFIX_PATH=${CMAKE_PREFIX_PATH}:/home/ricardo/rm_ws/install/topic_text_video:/home/ricardo/rm_ws/install/laser_car_description:/opt/ros/humble /usr/bin/cmake --install /home/ricardo/rm_ws/build/nav2_common
