/home/ricardo/rm_ws/install/navigation2_cmd/lib/python3.10/site-packages/navigation2_cmd/__init__.py
/home/ricardo/rm_ws/install/navigation2_cmd/lib/python3.10/site-packages/navigation2_cmd/set_up_inspection_points.py
/home/ricardo/rm_ws/install/navigation2_cmd/lib/python3.10/site-packages/navigation2_cmd/start_patrol.py
/home/ricardo/rm_ws/install/navigation2_cmd/lib/python3.10/site-packages/navigation2_cmd/init_robot_pose.py
/home/ricardo/rm_ws/install/navigation2_cmd/lib/python3.10/site-packages/navigation2_cmd/__pycache__/__init__.cpython-310.pyc
/home/ricardo/rm_ws/install/navigation2_cmd/lib/python3.10/site-packages/navigation2_cmd/__pycache__/set_up_inspection_points.cpython-310.pyc
/home/ricardo/rm_ws/install/navigation2_cmd/lib/python3.10/site-packages/navigation2_cmd/__pycache__/start_patrol.cpython-310.pyc
/home/ricardo/rm_ws/install/navigation2_cmd/lib/python3.10/site-packages/navigation2_cmd/__pycache__/init_robot_pose.cpython-310.pyc
/home/ricardo/rm_ws/install/navigation2_cmd/share/ament_index/resource_index/packages/navigation2_cmd
/home/ricardo/rm_ws/install/navigation2_cmd/share/navigation2_cmd/package.xml
/home/ricardo/rm_ws/install/navigation2_cmd/lib/python3.10/site-packages/navigation2_cmd-0.0.0-py3.10.egg-info/zip-safe
/home/ricardo/rm_ws/install/navigation2_cmd/lib/python3.10/site-packages/navigation2_cmd-0.0.0-py3.10.egg-info/dependency_links.txt
/home/ricardo/rm_ws/install/navigation2_cmd/lib/python3.10/site-packages/navigation2_cmd-0.0.0-py3.10.egg-info/PKG-INFO
/home/ricardo/rm_ws/install/navigation2_cmd/lib/python3.10/site-packages/navigation2_cmd-0.0.0-py3.10.egg-info/entry_points.txt
/home/ricardo/rm_ws/install/navigation2_cmd/lib/python3.10/site-packages/navigation2_cmd-0.0.0-py3.10.egg-info/requires.txt
/home/ricardo/rm_ws/install/navigation2_cmd/lib/python3.10/site-packages/navigation2_cmd-0.0.0-py3.10.egg-info/SOURCES.txt
/home/ricardo/rm_ws/install/navigation2_cmd/lib/python3.10/site-packages/navigation2_cmd-0.0.0-py3.10.egg-info/top_level.txt
/home/ricardo/rm_ws/install/navigation2_cmd/lib/navigation2_cmd/init_robot_pose
/home/ricardo/rm_ws/install/navigation2_cmd/lib/navigation2_cmd/set_up_inspection_points
/home/ricardo/rm_ws/install/navigation2_cmd/lib/navigation2_cmd/start_patrol
