[0.082s] Invoking command in '/home/ricardo/rm_ws/build/cartographer_ros': AMENT_PREFIX_PATH=/home/ricardo/rm_ws/install/cartographer_ros_msgs:${AMENT_PREFIX_PATH} CMAKE_PREFIX_PATH=/home/ricardo/rm_ws/install/cartographer_ros_msgs:/home/ricardo/rm_ws/install/cartographer:/home/ricardo/rm_ws/install/topic_text_video:/home/ricardo/rm_ws/install/laser_car_description:/opt/ros/humble LD_LIBRARY_PATH=/home/ricardo/rm_ws/install/cartographer_ros_msgs/lib:${LD_LIBRARY_PATH} PATH=/home/ricardo/rm_ws/install/cartographer/bin:${PATH} PKG_CONFIG_PATH=/home/ricardo/rm_ws/install/cartographer/lib/x86_64-linux-gnu/pkgconfig:/home/ricardo/rm_ws/install/cartographer/lib/pkgconfig PYTHONPATH=/home/ricardo/rm_ws/install/cartographer_ros_msgs/local/lib/python3.10/dist-packages:${PYTHONPATH} /usr/bin/cmake /home/ricardo/rm_ws/src/cartographer_ros/cartographer_ros -DCMAKE_INSTALL_PREFIX=/home/ricardo/rm_ws/install/cartographer_ros
[0.174s] -- The C compiler identification is GNU 11.4.0
[0.240s] -- The CXX compiler identification is GNU 11.4.0
[0.250s] -- Detecting C compiler ABI info
[0.336s] -- Detecting C compiler ABI info - done
[0.344s] -- Check for working C compiler: /usr/bin/cc - skipped
[0.344s] -- Detecting C compile features
[0.344s] -- Detecting C compile features - done
[0.346s] -- Detecting CXX compiler ABI info
[0.437s] -- Detecting CXX compiler ABI info - done
[0.445s] -- Check for working CXX compiler: /usr/bin/c++ - skipped
[0.445s] -- Detecting CXX compile features
[0.445s] -- Detecting CXX compile features - done
[0.472s] -- Found ament_cmake: 1.3.6 (/opt/ros/humble/share/ament_cmake/cmake)
[0.651s] -- Found Python3: /usr/bin/python3.10 (found version "3.10.12") found components: Interpreter 
[0.791s] -- Found builtin_interfaces: 1.2.1 (/opt/ros/humble/share/builtin_interfaces/cmake)
[0.848s] -- Found rosidl_generator_c: 3.1.5 (/opt/ros/humble/share/rosidl_generator_c/cmake)
[0.857s] -- Found rosidl_adapter: 3.1.5 (/opt/ros/humble/share/rosidl_adapter/cmake)
[0.871s] -- Found rosidl_generator_cpp: 3.1.5 (/opt/ros/humble/share/rosidl_generator_cpp/cmake)
[0.898s] -- Using all available rosidl_typesupport_c: rosidl_typesupport_fastrtps_c;rosidl_typesupport_introspection_c
[0.926s] -- Using all available rosidl_typesupport_cpp: rosidl_typesupport_fastrtps_cpp;rosidl_typesupport_introspection_cpp
[0.956s] -- Looking for pthread.h
[1.056s] -- Looking for pthread.h - found
[1.056s] -- Performing Test CMAKE_HAVE_LIBC_PTHREAD
[1.143s] -- Performing Test CMAKE_HAVE_LIBC_PTHREAD - Success
[1.144s] -- Found Threads: TRUE  
[1.152s] -- Found required Ceres dependency: Eigen version 3.4.0 in /usr/include/eigen3
[1.160s] -- Found required Ceres dependency: glog
[1.160s] -- Found required Ceres dependency: gflags
[1.162s] -- Found Ceres version: 2.0.0 installed in: /usr with components: [EigenSparse, SparseLinearAlgebraLibrary, LAPACK, SuiteSparse, CXSparse, SchurSpecializations, Multithreading]
[1.174s] -- Found cartographer_ros_msgs: 2.0.9001 (/home/ricardo/rm_ws/install/cartographer_ros_msgs/share/cartographer_ros_msgs/cmake)
[1.438s] -- Checking for module 'eigen3'
[1.462s] --   Found eigen3, version 3.4.0
[1.516s] -- Found Eigen: /usr/include/eigen3 (Required is at least version "3.1") 
[1.516s] -- Eigen found (include: /usr/include/eigen3, version: 3.4.0)
[1.554s] -- Found Boost: /usr/lib/x86_64-linux-gnu/cmake/Boost-1.74.0/BoostConfig.cmake (found suitable version "1.74.0", minimum required is "1.65.0") found components: system filesystem date_time iostreams serialization 
[1.555s] -- looking for PCL_COMMON
[1.556s] -- Found PCL_COMMON: /usr/lib/x86_64-linux-gnu/libpcl_common.so  
[1.556s] -- Found PCL: pcl_common;Boost::system;Boost::filesystem;Boost::date_time;Boost::iostreams;Boost::serialization  
[1.561s] -- Found nav_msgs: 4.2.3 (/opt/ros/humble/share/nav_msgs/cmake)
[1.660s] -- Found pcl_conversions: 2.4.0 (/opt/ros/humble/share/pcl_conversions/cmake)
[1.817s] -- Found rmw_implementation_cmake: 6.1.1 (/opt/ros/humble/share/rmw_implementation_cmake/cmake)
[1.825s] -- Found rmw_fastrtps_cpp: 6.2.5 (/opt/ros/humble/share/rmw_fastrtps_cpp/cmake)
[2.014s] -- Found OpenSSL: /usr/lib/x86_64-linux-gnu/libcrypto.so (found version "3.0.2")  
[2.047s] -- Found FastRTPS: /opt/ros/humble/include  
[2.096s] -- Using RMW implementation 'rmw_fastrtps_cpp' as default
[2.585s] -- Found rosbag2_cpp: 0.15.8 (/opt/ros/humble/share/rosbag2_cpp/cmake)
[2.685s] -- Found tf2: 0.25.5 (/opt/ros/humble/share/tf2/cmake)
[2.699s] -- Found tf2_eigen: 0.25.5 (/opt/ros/humble/share/tf2_eigen/cmake)
[3.125s] -- Found urdf: 2.6.0 (/opt/ros/humble/share/urdf/cmake)
[3.148s] -- Found visualization_msgs: 4.2.3 (/opt/ros/humble/share/visualization_msgs/cmake)
[4.022s] -- Configuring done
[4.228s] -- Generating done
[4.231s] -- Build files have been written to: /home/ricardo/rm_ws/build/cartographer_ros
[4.245s] Invoked command in '/home/ricardo/rm_ws/build/cartographer_ros' returned '0': AMENT_PREFIX_PATH=/home/ricardo/rm_ws/install/cartographer_ros_msgs:${AMENT_PREFIX_PATH} CMAKE_PREFIX_PATH=/home/ricardo/rm_ws/install/cartographer_ros_msgs:/home/ricardo/rm_ws/install/cartographer:/home/ricardo/rm_ws/install/topic_text_video:/home/ricardo/rm_ws/install/laser_car_description:/opt/ros/humble LD_LIBRARY_PATH=/home/ricardo/rm_ws/install/cartographer_ros_msgs/lib:${LD_LIBRARY_PATH} PATH=/home/ricardo/rm_ws/install/cartographer/bin:${PATH} PKG_CONFIG_PATH=/home/ricardo/rm_ws/install/cartographer/lib/x86_64-linux-gnu/pkgconfig:/home/ricardo/rm_ws/install/cartographer/lib/pkgconfig PYTHONPATH=/home/ricardo/rm_ws/install/cartographer_ros_msgs/local/lib/python3.10/dist-packages:${PYTHONPATH} /usr/bin/cmake /home/ricardo/rm_ws/src/cartographer_ros/cartographer_ros -DCMAKE_INSTALL_PREFIX=/home/ricardo/rm_ws/install/cartographer_ros
[4.248s] Invoking command in '/home/ricardo/rm_ws/build/cartographer_ros': AMENT_PREFIX_PATH=/home/ricardo/rm_ws/install/cartographer_ros_msgs:${AMENT_PREFIX_PATH} CMAKE_PREFIX_PATH=/home/ricardo/rm_ws/install/cartographer_ros_msgs:/home/ricardo/rm_ws/install/cartographer:/home/ricardo/rm_ws/install/topic_text_video:/home/ricardo/rm_ws/install/laser_car_description:/opt/ros/humble LD_LIBRARY_PATH=/home/ricardo/rm_ws/install/cartographer_ros_msgs/lib:${LD_LIBRARY_PATH} PATH=/home/ricardo/rm_ws/install/cartographer/bin:${PATH} PKG_CONFIG_PATH=/home/ricardo/rm_ws/install/cartographer/lib/x86_64-linux-gnu/pkgconfig:/home/ricardo/rm_ws/install/cartographer/lib/pkgconfig PYTHONPATH=/home/ricardo/rm_ws/install/cartographer_ros_msgs/local/lib/python3.10/dist-packages:${PYTHONPATH} /usr/bin/cmake --build /home/ricardo/rm_ws/build/cartographer_ros -- -j8 -l8
[4.314s] [  2%] [32mBuilding CXX object CMakeFiles/cartographer_ros.dir/src/msg_conversion.cpp.o[0m
[4.314s] [  8%] [32mBuilding CXX object CMakeFiles/cartographer_ros.dir/src/map_builder_bridge.cpp.o[0m
[4.314s] [  8%] [32mBuilding CXX object CMakeFiles/cartographer_ros.dir/src/node_constants.cpp.o[0m
[4.316s] [ 11%] [32mBuilding CXX object CMakeFiles/cartographer_ros.dir/src/assets_writer.cpp.o[0m
[4.316s] [ 14%] [32mBuilding CXX object CMakeFiles/cartographer_ros.dir/src/node.cpp.o[0m
[4.317s] [ 17%] [32mBuilding CXX object CMakeFiles/cartographer_ros.dir/src/offline_node.cpp.o[0m
[4.323s] [ 20%] [32mBuilding CXX object CMakeFiles/cartographer_ros.dir/src/playable_bag.cpp.o[0m
[4.325s] [ 22%] [32mBuilding CXX object CMakeFiles/cartographer_ros.dir/src/node_options.cpp.o[0m
[4.881s] [ 25%] [32mBuilding CXX object CMakeFiles/cartographer_ros.dir/src/ros_log_sink.cpp.o[0m
[8.719s] [ 28%] [32mBuilding CXX object CMakeFiles/cartographer_ros.dir/src/ros_map.cpp.o[0m
[8.851s] [ 31%] [32mBuilding CXX object CMakeFiles/cartographer_ros.dir/src/ros_map_writing_points_processor.cpp.o[0m
[13.555s] [ 34%] [32mBuilding CXX object CMakeFiles/cartographer_ros.dir/src/sensor_bridge.cpp.o[0m
[13.761s] [ 37%] [32mBuilding CXX object CMakeFiles/cartographer_ros.dir/src/submap.cpp.o[0m
[14.354s] [ 40%] [32mBuilding CXX object CMakeFiles/cartographer_ros.dir/src/tf_bridge.cpp.o[0m
[18.378s] [ 42%] [32mBuilding CXX object CMakeFiles/cartographer_ros.dir/src/time_conversion.cpp.o[0m
[20.513s] [ 45%] [32mBuilding CXX object CMakeFiles/cartographer_ros.dir/src/trajectory_options.cpp.o[0m
[20.938s] [ 48%] [32mBuilding CXX object CMakeFiles/cartographer_ros.dir/src/urdf_reader.cpp.o[0m
[24.485s] [ 51%] [32mBuilding CXX object CMakeFiles/cartographer_ros.dir/src/metrics/family_factory.cpp.o[0m
[25.210s] [ 54%] [32mBuilding CXX object CMakeFiles/cartographer_ros.dir/src/metrics/internal/family.cpp.o[0m
[25.225s] [ 57%] [32mBuilding CXX object CMakeFiles/cartographer_ros.dir/src/metrics/internal/histogram.cpp.o[0m
[54.889s] [ 60%] [32m[1mLinking CXX static library libcartographer_ros.a[0m
[55.971s] [ 60%] Built target cartographer_ros
[56.013s] [ 62%] [32mBuilding CXX object CMakeFiles/cartographer_node.dir/src/node_main.cpp.o[0m
[56.022s] [ 65%] [32mBuilding CXX object CMakeFiles/cartographer_assets_writer.dir/src/assets_writer_main.cpp.o[0m
[56.024s] [ 68%] [32mBuilding CXX object CMakeFiles/cartographer_pbstream_map_publisher.dir/src/pbstream_map_publisher_main.cpp.o[0m
[56.024s] [ 74%] [32mBuilding CXX object CMakeFiles/cartographer_rosbag_validate.dir/src/rosbag_validate_main.cpp.o[0m
[56.024s] [ 74%] [32mBuilding CXX object CMakeFiles/cartographer_occupancy_grid_node.dir/src/occupancy_grid_node_main.cpp.o[0m
[56.029s] [ 77%] [32mBuilding CXX object CMakeFiles/cartographer_pbstream_to_ros_map.dir/src/pbstream_to_ros_map_main.cpp.o[0m
[56.034s] [ 80%] [32mBuilding CXX object CMakeFiles/cartographer_offline_node.dir/src/offline_node_main.cpp.o[0m
[63.567s] [ 82%] [32m[1mLinking CXX executable cartographer_offline_node[0m
[64.381s] [ 85%] [32m[1mLinking CXX executable cartographer_pbstream_to_ros_map[0m
[65.570s] [ 85%] Built target cartographer_pbstream_to_ros_map
[65.589s] [ 88%] [32m[1mLinking CXX executable cartographer_assets_writer[0m
[66.857s] [ 91%] [32m[1mLinking CXX executable cartographer_node[0m
[67.069s] [ 91%] Built target cartographer_assets_writer
[68.064s] [ 94%] [32m[1mLinking CXX executable cartographer_pbstream_map_publisher[0m
[69.175s] [ 94%] Built target cartographer_pbstream_map_publisher
[70.086s] [ 97%] [32m[1mLinking CXX executable cartographer_rosbag_validate[0m
[70.099s] [ 97%] Built target cartographer_offline_node
[70.708s] [ 97%] Built target cartographer_rosbag_validate
[72.413s] [ 97%] Built target cartographer_node
[74.276s] [100%] [32m[1mLinking CXX executable cartographer_occupancy_grid_node[0m
[75.549s] [100%] Built target cartographer_occupancy_grid_node
[75.641s] Invoked command in '/home/ricardo/rm_ws/build/cartographer_ros' returned '0': AMENT_PREFIX_PATH=/home/ricardo/rm_ws/install/cartographer_ros_msgs:${AMENT_PREFIX_PATH} CMAKE_PREFIX_PATH=/home/ricardo/rm_ws/install/cartographer_ros_msgs:/home/ricardo/rm_ws/install/cartographer:/home/ricardo/rm_ws/install/topic_text_video:/home/ricardo/rm_ws/install/laser_car_description:/opt/ros/humble LD_LIBRARY_PATH=/home/ricardo/rm_ws/install/cartographer_ros_msgs/lib:${LD_LIBRARY_PATH} PATH=/home/ricardo/rm_ws/install/cartographer/bin:${PATH} PKG_CONFIG_PATH=/home/ricardo/rm_ws/install/cartographer/lib/x86_64-linux-gnu/pkgconfig:/home/ricardo/rm_ws/install/cartographer/lib/pkgconfig PYTHONPATH=/home/ricardo/rm_ws/install/cartographer_ros_msgs/local/lib/python3.10/dist-packages:${PYTHONPATH} /usr/bin/cmake --build /home/ricardo/rm_ws/build/cartographer_ros -- -j8 -l8
[75.843s] Invoking command in '/home/ricardo/rm_ws/build/cartographer_ros': AMENT_PREFIX_PATH=/home/ricardo/rm_ws/install/cartographer_ros_msgs:${AMENT_PREFIX_PATH} CMAKE_PREFIX_PATH=/home/ricardo/rm_ws/install/cartographer_ros_msgs:/home/ricardo/rm_ws/install/cartographer:/home/ricardo/rm_ws/install/topic_text_video:/home/ricardo/rm_ws/install/laser_car_description:/opt/ros/humble LD_LIBRARY_PATH=/home/ricardo/rm_ws/install/cartographer_ros_msgs/lib:${LD_LIBRARY_PATH} PATH=/home/ricardo/rm_ws/install/cartographer/bin:${PATH} PKG_CONFIG_PATH=/home/ricardo/rm_ws/install/cartographer/lib/x86_64-linux-gnu/pkgconfig:/home/ricardo/rm_ws/install/cartographer/lib/pkgconfig PYTHONPATH=/home/ricardo/rm_ws/install/cartographer_ros_msgs/local/lib/python3.10/dist-packages:${PYTHONPATH} /usr/bin/cmake --install /home/ricardo/rm_ws/build/cartographer_ros
[75.853s] -- Install configuration: ""
[75.854s] -- Installing: /home/ricardo/rm_ws/install/cartographer_ros/lib/libcartographer_ros.a
[75.917s] -- Installing: /home/ricardo/rm_ws/install/cartographer_ros/lib/cartographer_ros/cartographer_node
[75.938s] -- Set runtime path of "/home/ricardo/rm_ws/install/cartographer_ros/lib/cartographer_ros/cartographer_node" to ""
[75.938s] -- Installing: /home/ricardo/rm_ws/install/cartographer_ros/lib/cartographer_ros/cartographer_occupancy_grid_node
[75.943s] -- Set runtime path of "/home/ricardo/rm_ws/install/cartographer_ros/lib/cartographer_ros/cartographer_occupancy_grid_node" to ""
[75.943s] -- Installing: /home/ricardo/rm_ws/install/cartographer_ros/lib/cartographer_ros/cartographer_offline_node
[75.965s] -- Set runtime path of "/home/ricardo/rm_ws/install/cartographer_ros/lib/cartographer_ros/cartographer_offline_node" to ""
[75.966s] -- Installing: /home/ricardo/rm_ws/install/cartographer_ros/lib/cartographer_ros/cartographer_assets_writer
[75.968s] -- Set runtime path of "/home/ricardo/rm_ws/install/cartographer_ros/lib/cartographer_ros/cartographer_assets_writer" to ""
[75.968s] -- Installing: /home/ricardo/rm_ws/install/cartographer_ros/lib/cartographer_ros/cartographer_pbstream_map_publisher
[75.972s] -- Set runtime path of "/home/ricardo/rm_ws/install/cartographer_ros/lib/cartographer_ros/cartographer_pbstream_map_publisher" to ""
[75.972s] -- Installing: /home/ricardo/rm_ws/install/cartographer_ros/lib/cartographer_ros/cartographer_pbstream_to_ros_map
[75.974s] -- Set runtime path of "/home/ricardo/rm_ws/install/cartographer_ros/lib/cartographer_ros/cartographer_pbstream_to_ros_map" to ""
[75.974s] -- Installing: /home/ricardo/rm_ws/install/cartographer_ros/lib/cartographer_ros/cartographer_rosbag_validate
[75.976s] -- Set runtime path of "/home/ricardo/rm_ws/install/cartographer_ros/lib/cartographer_ros/cartographer_rosbag_validate" to ""
[75.976s] -- Installing: /home/ricardo/rm_ws/install/cartographer_ros/include/
[75.976s] -- Installing: /home/ricardo/rm_ws/install/cartographer_ros/include//cartographer_ros
[75.976s] -- Installing: /home/ricardo/rm_ws/install/cartographer_ros/include//cartographer_ros/submap.h
[75.976s] -- Installing: /home/ricardo/rm_ws/install/cartographer_ros/include//cartographer_ros/map_builder_bridge.h
[75.977s] -- Installing: /home/ricardo/rm_ws/install/cartographer_ros/include//cartographer_ros/offline_node.h
[75.978s] -- Installing: /home/ricardo/rm_ws/install/cartographer_ros/include//cartographer_ros/time_conversion.h
[75.978s] -- Installing: /home/ricardo/rm_ws/install/cartographer_ros/include//cartographer_ros/trajectory_options.h
[75.978s] -- Installing: /home/ricardo/rm_ws/install/cartographer_ros/include//cartographer_ros/tf_bridge.h
[75.978s] -- Installing: /home/ricardo/rm_ws/install/cartographer_ros/include//cartographer_ros/metrics
[75.979s] -- Installing: /home/ricardo/rm_ws/install/cartographer_ros/include//cartographer_ros/metrics/family_factory.h
[75.979s] -- Installing: /home/ricardo/rm_ws/install/cartographer_ros/include//cartographer_ros/metrics/internal
[75.980s] -- Installing: /home/ricardo/rm_ws/install/cartographer_ros/include//cartographer_ros/metrics/internal/histogram.h
[75.980s] -- Installing: /home/ricardo/rm_ws/install/cartographer_ros/include//cartographer_ros/metrics/internal/family.h
[75.980s] -- Installing: /home/ricardo/rm_ws/install/cartographer_ros/include//cartographer_ros/metrics/internal/gauge.h
[75.980s] -- Installing: /home/ricardo/rm_ws/install/cartographer_ros/include//cartographer_ros/metrics/internal/counter.h
[75.980s] -- Installing: /home/ricardo/rm_ws/install/cartographer_ros/include//cartographer_ros/node_constants.h
[75.980s] -- Installing: /home/ricardo/rm_ws/install/cartographer_ros/include//cartographer_ros/node_options.h
[75.980s] -- Installing: /home/ricardo/rm_ws/install/cartographer_ros/include//cartographer_ros/playable_bag.h
[75.980s] -- Installing: /home/ricardo/rm_ws/install/cartographer_ros/include//cartographer_ros/node.h
[75.980s] -- Installing: /home/ricardo/rm_ws/install/cartographer_ros/include//cartographer_ros/ros_map_writing_points_processor.h
[75.981s] -- Installing: /home/ricardo/rm_ws/install/cartographer_ros/include//cartographer_ros/urdf_reader.h
[75.981s] -- Installing: /home/ricardo/rm_ws/install/cartographer_ros/include//cartographer_ros/sensor_bridge.h
[75.981s] -- Installing: /home/ricardo/rm_ws/install/cartographer_ros/include//cartographer_ros/ros_map.h
[75.981s] -- Installing: /home/ricardo/rm_ws/install/cartographer_ros/include//cartographer_ros/assets_writer.h
[75.981s] -- Installing: /home/ricardo/rm_ws/install/cartographer_ros/include//cartographer_ros/msg_conversion.h
[75.981s] -- Installing: /home/ricardo/rm_ws/install/cartographer_ros/include//cartographer_ros/ros_log_sink.h
[75.981s] -- Installing: /home/ricardo/rm_ws/install/cartographer_ros/share/cartographer_ros//configuration_files
[75.982s] -- Installing: /home/ricardo/rm_ws/install/cartographer_ros/share/cartographer_ros//configuration_files/assets_writer_backpack_2d.lua
[75.984s] -- Installing: /home/ricardo/rm_ws/install/cartographer_ros/share/cartographer_ros//configuration_files/backpack_3d_localization.lua
[75.984s] -- Installing: /home/ricardo/rm_ws/install/cartographer_ros/share/cartographer_ros//configuration_files/visualize_pbstream.lua
[75.984s] -- Installing: /home/ricardo/rm_ws/install/cartographer_ros/share/cartographer_ros//configuration_files/revo_lds.lua
[75.984s] -- Installing: /home/ricardo/rm_ws/install/cartographer_ros/share/cartographer_ros//configuration_files/assets_writer_ros_map.lua
[75.985s] -- Installing: /home/ricardo/rm_ws/install/cartographer_ros/share/cartographer_ros//configuration_files/assets_writer_backpack_2d_ci.lua
[75.986s] -- Installing: /home/ricardo/rm_ws/install/cartographer_ros/share/cartographer_ros//configuration_files/demo_2d.rviz
[75.986s] -- Installing: /home/ricardo/rm_ws/install/cartographer_ros/share/cartographer_ros//configuration_files/backpack_2d_localization_evaluation.lua
[75.987s] -- Installing: /home/ricardo/rm_ws/install/cartographer_ros/share/cartographer_ros//configuration_files/backpack_3d.lua
[75.988s] -- Installing: /home/ricardo/rm_ws/install/cartographer_ros/share/cartographer_ros//configuration_files/pr2.lua
[75.989s] -- Installing: /home/ricardo/rm_ws/install/cartographer_ros/share/cartographer_ros//configuration_files/backpack_2d_server.lua
[75.989s] -- Installing: /home/ricardo/rm_ws/install/cartographer_ros/share/cartographer_ros//configuration_files/transform.lua
[75.990s] -- Installing: /home/ricardo/rm_ws/install/cartographer_ros/share/cartographer_ros//configuration_files/taurob_tracker.lua
[75.991s] -- Installing: /home/ricardo/rm_ws/install/cartographer_ros/share/cartographer_ros//configuration_files/backpack_2d.lua
[75.992s] -- Installing: /home/ricardo/rm_ws/install/cartographer_ros/share/cartographer_ros//configuration_files/demo_3d.rviz
[75.993s] -- Installing: /home/ricardo/rm_ws/install/cartographer_ros/share/cartographer_ros//configuration_files/backpack_2d_localization.lua
[75.993s] -- Installing: /home/ricardo/rm_ws/install/cartographer_ros/share/cartographer_ros//configuration_files/mir-100-mapping.lua
[75.994s] -- Installing: /home/ricardo/rm_ws/install/cartographer_ros/share/cartographer_ros//configuration_files/assets_writer_backpack_3d.lua
[75.995s] -- Installing: /home/ricardo/rm_ws/install/cartographer_ros/share/cartographer_ros//urdf
[75.996s] -- Installing: /home/ricardo/rm_ws/install/cartographer_ros/share/cartographer_ros//urdf/backpack_3d.urdf
[75.996s] -- Installing: /home/ricardo/rm_ws/install/cartographer_ros/share/cartographer_ros//urdf/mir-100.urdf
[75.997s] -- Installing: /home/ricardo/rm_ws/install/cartographer_ros/share/cartographer_ros//urdf/backpack_2d.urdf
[75.998s] -- Installing: /home/ricardo/rm_ws/install/cartographer_ros/share/cartographer_ros//launch
[75.998s] -- Installing: /home/ricardo/rm_ws/install/cartographer_ros/share/cartographer_ros//launch/backpack_2d.launch.py
[76.000s] -- Installing: /home/ricardo/rm_ws/install/cartographer_ros/share/cartographer_ros//launch/demo_taurob_tracker.launch.py
[76.001s] -- Installing: /home/ricardo/rm_ws/install/cartographer_ros/share/cartographer_ros//launch/assets_writer_backpack_2d.launch.py
[76.002s] -- Installing: /home/ricardo/rm_ws/install/cartographer_ros/share/cartographer_ros//launch/offline_backpack_2d.launch.py
[76.003s] -- Installing: /home/ricardo/rm_ws/install/cartographer_ros/share/cartographer_ros//launch/demo_backpack_2d_localization.launch.py
[76.004s] -- Installing: /home/ricardo/rm_ws/install/cartographer_ros/share/cartographer_ros//launch/grpc_demo_backpack_2d_localization.launch
[76.004s] -- Installing: /home/ricardo/rm_ws/install/cartographer_ros/share/cartographer_ros//launch/demo_revo_lds.launch.py
[76.005s] -- Installing: /home/ricardo/rm_ws/install/cartographer_ros/share/cartographer_ros//launch/assets_writer_backpack_3d.launch.py
[76.006s] -- Installing: /home/ricardo/rm_ws/install/cartographer_ros/share/cartographer_ros//launch/offline_node.launch.py
[76.006s] -- Installing: /home/ricardo/rm_ws/install/cartographer_ros/share/cartographer_ros//launch/offline_backpack_3d.launch.py
[76.007s] -- Installing: /home/ricardo/rm_ws/install/cartographer_ros/share/cartographer_ros//launch/taurob_tracker.launch.py
[76.008s] -- Installing: /home/ricardo/rm_ws/install/cartographer_ros/share/cartographer_ros//launch/demo_pr2.launch
[76.009s] -- Installing: /home/ricardo/rm_ws/install/cartographer_ros/share/cartographer_ros//launch/grpc_demo_backpack_2d.launch
[76.011s] -- Installing: /home/ricardo/rm_ws/install/cartographer_ros/share/cartographer_ros//launch/assets_writer_ros_map.launch.py
[76.012s] -- Installing: /home/ricardo/rm_ws/install/cartographer_ros/share/cartographer_ros//launch/demo_backpack_3d_localization.launch.py
[76.012s] -- Installing: /home/ricardo/rm_ws/install/cartographer_ros/share/cartographer_ros//launch/offline_mir_100_rviz.launch.py
[76.013s] -- Installing: /home/ricardo/rm_ws/install/cartographer_ros/share/cartographer_ros//launch/backpack_3d.launch.py
[76.014s] -- Installing: /home/ricardo/rm_ws/install/cartographer_ros/share/cartographer_ros//launch/demo_backpack_2d.launch.py
[76.015s] -- Installing: /home/ricardo/rm_ws/install/cartographer_ros/share/cartographer_ros//launch/visualize_pbstream.launch.py
[76.015s] -- Installing: /home/ricardo/rm_ws/install/cartographer_ros/share/cartographer_ros//launch/demo_backpack_3d.launch.py
[76.016s] -- Installing: /home/ricardo/rm_ws/install/cartographer_ros/share/cartographer_ros/environment/library_path.sh
[76.018s] -- Installing: /home/ricardo/rm_ws/install/cartographer_ros/share/cartographer_ros/environment/library_path.dsv
[76.020s] -- Installing: /home/ricardo/rm_ws/install/cartographer_ros/share/ament_index/resource_index/package_run_dependencies/cartographer_ros
[76.021s] -- Installing: /home/ricardo/rm_ws/install/cartographer_ros/share/ament_index/resource_index/parent_prefix_path/cartographer_ros
[76.025s] -- Installing: /home/ricardo/rm_ws/install/cartographer_ros/share/cartographer_ros/environment/ament_prefix_path.sh
[76.025s] -- Installing: /home/ricardo/rm_ws/install/cartographer_ros/share/cartographer_ros/environment/ament_prefix_path.dsv
[76.026s] -- Installing: /home/ricardo/rm_ws/install/cartographer_ros/share/cartographer_ros/environment/path.sh
[76.027s] -- Installing: /home/ricardo/rm_ws/install/cartographer_ros/share/cartographer_ros/environment/path.dsv
[76.028s] -- Installing: /home/ricardo/rm_ws/install/cartographer_ros/share/cartographer_ros/local_setup.bash
[76.029s] -- Installing: /home/ricardo/rm_ws/install/cartographer_ros/share/cartographer_ros/local_setup.sh
[76.029s] -- Installing: /home/ricardo/rm_ws/install/cartographer_ros/share/cartographer_ros/local_setup.zsh
[76.030s] -- Installing: /home/ricardo/rm_ws/install/cartographer_ros/share/cartographer_ros/local_setup.dsv
[76.031s] -- Installing: /home/ricardo/rm_ws/install/cartographer_ros/share/cartographer_ros/package.dsv
[76.032s] -- Installing: /home/ricardo/rm_ws/install/cartographer_ros/share/ament_index/resource_index/packages/cartographer_ros
[76.033s] -- Installing: /home/ricardo/rm_ws/install/cartographer_ros/share/cartographer_ros/cmake/ament_cmake_export_include_directories-extras.cmake
[76.035s] -- Installing: /home/ricardo/rm_ws/install/cartographer_ros/share/cartographer_ros/cmake/ament_cmake_export_libraries-extras.cmake
[76.036s] -- Installing: /home/ricardo/rm_ws/install/cartographer_ros/share/cartographer_ros/cmake/ament_cmake_export_dependencies-extras.cmake
[76.037s] -- Installing: /home/ricardo/rm_ws/install/cartographer_ros/share/cartographer_ros/cmake/cartographer_rosConfig.cmake
[76.038s] -- Installing: /home/ricardo/rm_ws/install/cartographer_ros/share/cartographer_ros/cmake/cartographer_rosConfig-version.cmake
[76.039s] -- Installing: /home/ricardo/rm_ws/install/cartographer_ros/share/cartographer_ros/package.xml
[76.044s] Invoked command in '/home/ricardo/rm_ws/build/cartographer_ros' returned '0': AMENT_PREFIX_PATH=/home/ricardo/rm_ws/install/cartographer_ros_msgs:${AMENT_PREFIX_PATH} CMAKE_PREFIX_PATH=/home/ricardo/rm_ws/install/cartographer_ros_msgs:/home/ricardo/rm_ws/install/cartographer:/home/ricardo/rm_ws/install/topic_text_video:/home/ricardo/rm_ws/install/laser_car_description:/opt/ros/humble LD_LIBRARY_PATH=/home/ricardo/rm_ws/install/cartographer_ros_msgs/lib:${LD_LIBRARY_PATH} PATH=/home/ricardo/rm_ws/install/cartographer/bin:${PATH} PKG_CONFIG_PATH=/home/ricardo/rm_ws/install/cartographer/lib/x86_64-linux-gnu/pkgconfig:/home/ricardo/rm_ws/install/cartographer/lib/pkgconfig PYTHONPATH=/home/ricardo/rm_ws/install/cartographer_ros_msgs/local/lib/python3.10/dist-packages:${PYTHONPATH} /usr/bin/cmake --install /home/ricardo/rm_ws/build/cartographer_ros
