[0.763s] Invoking command in '/home/ricardo/rm_ws/src/navigation2_cmd': PYTHONPATH=/home/ricardo/rm_ws/build/navigation2_cmd/prefix_override:/home/ricardo/rm_ws/install/navigation2_cmd/lib/python3.10/site-packages:${PYTHONPATH} /usr/bin/python3 setup.py egg_info --egg-base ../../build/navigation2_cmd build --build-base /home/ricardo/rm_ws/build/navigation2_cmd/build install --record /home/ricardo/rm_ws/build/navigation2_cmd/install.log --single-version-externally-managed
[0.963s] running egg_info
[0.964s] writing ../../build/navigation2_cmd/navigation2_cmd.egg-info/PKG-INFO
[0.964s] writing dependency_links to ../../build/navigation2_cmd/navigation2_cmd.egg-info/dependency_links.txt
[0.965s] writing entry points to ../../build/navigation2_cmd/navigation2_cmd.egg-info/entry_points.txt
[0.965s] writing requirements to ../../build/navigation2_cmd/navigation2_cmd.egg-info/requires.txt
[0.966s] writing top-level names to ../../build/navigation2_cmd/navigation2_cmd.egg-info/top_level.txt
[0.968s] reading manifest file '../../build/navigation2_cmd/navigation2_cmd.egg-info/SOURCES.txt'
[0.968s] writing manifest file '../../build/navigation2_cmd/navigation2_cmd.egg-info/SOURCES.txt'
[0.970s] running build
[0.970s] running build_py
[0.970s] copying navigation2_cmd/receive_point_queue.py -> /home/ricardo/rm_ws/build/navigation2_cmd/build/lib/navigation2_cmd
[0.971s] /usr/lib/python3/dist-packages/setuptools/command/install.py:34: SetuptoolsDeprecationWarning: setup.py install is deprecated. Use build and pip and other standards-based tools.
[0.971s]   warnings.warn(
[0.971s] copying navigation2_cmd/loop.py -> /home/ricardo/rm_ws/build/navigation2_cmd/build/lib/navigation2_cmd
[0.971s] running install
[0.971s] running install_lib
[0.971s] copying /home/ricardo/rm_ws/build/navigation2_cmd/build/lib/navigation2_cmd/receive_point_queue.py -> /home/ricardo/rm_ws/install/navigation2_cmd/lib/python3.10/site-packages/navigation2_cmd
[0.971s] copying /home/ricardo/rm_ws/build/navigation2_cmd/build/lib/navigation2_cmd/loop.py -> /home/ricardo/rm_ws/install/navigation2_cmd/lib/python3.10/site-packages/navigation2_cmd
[0.971s] byte-compiling /home/ricardo/rm_ws/install/navigation2_cmd/lib/python3.10/site-packages/navigation2_cmd/receive_point_queue.py to receive_point_queue.cpython-310.pyc
[0.973s] byte-compiling /home/ricardo/rm_ws/install/navigation2_cmd/lib/python3.10/site-packages/navigation2_cmd/loop.py to loop.cpython-310.pyc
[0.973s] running install_data
[0.974s] running install_egg_info
[0.976s] removing '/home/ricardo/rm_ws/install/navigation2_cmd/lib/python3.10/site-packages/navigation2_cmd-0.0.0-py3.10.egg-info' (and everything under it)
[0.976s] Copying ../../build/navigation2_cmd/navigation2_cmd.egg-info to /home/ricardo/rm_ws/install/navigation2_cmd/lib/python3.10/site-packages/navigation2_cmd-0.0.0-py3.10.egg-info
[0.977s] running install_scripts
[0.995s] Installing init_robot_pose script to /home/ricardo/rm_ws/install/navigation2_cmd/lib/navigation2_cmd
[0.995s] Installing loop script to /home/ricardo/rm_ws/install/navigation2_cmd/lib/navigation2_cmd
[0.995s] Installing receive_point_queue script to /home/ricardo/rm_ws/install/navigation2_cmd/lib/navigation2_cmd
[0.996s] writing list of installed files to '/home/ricardo/rm_ws/build/navigation2_cmd/install.log'
[1.027s] Invoked command in '/home/ricardo/rm_ws/src/navigation2_cmd' returned '0': PYTHONPATH=/home/ricardo/rm_ws/build/navigation2_cmd/prefix_override:/home/ricardo/rm_ws/install/navigation2_cmd/lib/python3.10/site-packages:${PYTHONPATH} /usr/bin/python3 setup.py egg_info --egg-base ../../build/navigation2_cmd build --build-base /home/ricardo/rm_ws/build/navigation2_cmd/build install --record /home/ricardo/rm_ws/build/navigation2_cmd/install.log --single-version-externally-managed
