[0.968s] Invoking command in '/home/ricardo/rm_ws/src/laser_car_description': PYTHONPATH=/home/ricardo/rm_ws/build/laser_car_description/prefix_override:/home/ricardo/rm_ws/install/laser_car_description/lib/python3.10/site-packages:${PYTHONPATH} /usr/bin/python3 setup.py egg_info --egg-base ../../build/laser_car_description build --build-base /home/ricardo/rm_ws/build/laser_car_description/build install --record /home/ricardo/rm_ws/build/laser_car_description/install.log --single-version-externally-managed
[1.162s] running egg_info
[1.162s] writing ../../build/laser_car_description/laser_car_description.egg-info/PKG-INFO
[1.163s] writing dependency_links to ../../build/laser_car_description/laser_car_description.egg-info/dependency_links.txt
[1.164s] writing entry points to ../../build/laser_car_description/laser_car_description.egg-info/entry_points.txt
[1.164s] writing requirements to ../../build/laser_car_description/laser_car_description.egg-info/requires.txt
[1.165s] writing top-level names to ../../build/laser_car_description/laser_car_description.egg-info/top_level.txt
[1.166s] reading manifest file '../../build/laser_car_description/laser_car_description.egg-info/SOURCES.txt'
[1.167s] writing manifest file '../../build/laser_car_description/laser_car_description.egg-info/SOURCES.txt'
[1.168s] running build
[1.169s] running build_py
[1.172s] copying laser_car_description/rotate_wheel.py -> /home/ricardo/rm_ws/build/laser_car_description/build/lib/laser_car_description
[1.173s] running install
[1.175s] /usr/lib/python3/dist-packages/setuptools/command/install.py:34: SetuptoolsDeprecationWarning: setup.py install is deprecated. Use build and pip and other standards-based tools.
[1.175s]   warnings.warn(
[1.176s] running install_lib
[1.176s] copying /home/ricardo/rm_ws/build/laser_car_description/build/lib/laser_car_description/rotate_wheel.py -> /home/ricardo/rm_ws/install/laser_car_description/lib/python3.10/site-packages/laser_car_description
[1.176s] byte-compiling /home/ricardo/rm_ws/install/laser_car_description/lib/python3.10/site-packages/laser_car_description/rotate_wheel.py to rotate_wheel.cpython-310.pyc
[1.177s] running install_data
[1.177s] copying urdf/laser_car_base.urdf -> /home/ricardo/rm_ws/install/laser_car_description/share/laser_car_description/urdf
[1.178s] running install_egg_info
[1.179s] removing '/home/ricardo/rm_ws/install/laser_car_description/lib/python3.10/site-packages/laser_car_description-0.0.0-py3.10.egg-info' (and everything under it)
[1.179s] Copying ../../build/laser_car_description/laser_car_description.egg-info to /home/ricardo/rm_ws/install/laser_car_description/lib/python3.10/site-packages/laser_car_description-0.0.0-py3.10.egg-info
[1.180s] running install_scripts
[1.196s] Installing rotate_wheel script to /home/ricardo/rm_ws/install/laser_car_description/lib/laser_car_description
[1.197s] writing list of installed files to '/home/ricardo/rm_ws/build/laser_car_description/install.log'
[1.291s] Invoked command in '/home/ricardo/rm_ws/src/laser_car_description' returned '0': PYTHONPATH=/home/ricardo/rm_ws/build/laser_car_description/prefix_override:/home/ricardo/rm_ws/install/laser_car_description/lib/python3.10/site-packages:${PYTHONPATH} /usr/bin/python3 setup.py egg_info --egg-base ../../build/laser_car_description build --build-base /home/ricardo/rm_ws/build/laser_car_description/build install --record /home/ricardo/rm_ws/build/laser_car_description/install.log --single-version-externally-managed
