[0.332s] Invoking command in '/home/ricardo/rm_ws/build/nav2_behavior_tree': CMAKE_PREFIX_PATH=/home/ricardo/rm_ws/install/nav2_util:/home/ricardo/rm_ws/install/nav2_msgs:/home/ricardo/rm_ws/install/nav2_common:/home/ricardo/rm_ws/install/navigation2:/home/ricardo/rm_ws/install/nav2_smoother:/home/ricardo/rm_ws/install/nav2_dwb_controller:/home/ricardo/rm_ws/install/nav2_controller:/home/ricardo/rm_ws/install/dwb_plugins:/home/ricardo/rm_ws/install/dwb_critics:/home/ricardo/rm_ws/install/dwb_core:/home/ricardo/rm_ws/install/nav_2d_utils:/home/ricardo/rm_ws/install/dwb_msgs:/home/ricardo/rm_ws/install/nav_2d_msgs:/home/ricardo/rm_ws/install/nav2_waypoint_follower:/home/ricardo/rm_ws/install/nav2_theta_star_planner:/home/ricardo/rm_ws/install/nav2_smac_planner:/home/ricardo/rm_ws/install/nav2_rotation_shim_controller:/home/ricardo/rm_ws/install/nav2_regulated_pure_pursuit_controller:/home/ricardo/rm_ws/install/nav2_planner:/home/ricardo/rm_ws/install/nav2_navfn_planner:/home/ricardo/rm_ws/install/nav2_mppi_controller:/home/ricardo/rm_ws/install/nav2_constrained_smoother:/home/ricardo/rm_ws/install/nav2_bt_navigator:/home/ricardo/rm_ws/install/nav2_behaviors:/home/ricardo/rm_ws/install/nav2_core:/home/ricardo/rm_ws/install/nav2_collision_monitor:/home/ricardo/rm_ws/install/costmap_queue:/home/ricardo/rm_ws/install/nav2_costmap_2d:/home/ricardo/rm_ws/install/nav2_voxel_grid:/home/ricardo/rm_ws/install/nav2_velocity_smoother:/home/ricardo/rm_ws/install/nav2_rviz_plugins:/home/ricardo/rm_ws/install/nav2_map_server:/home/ricardo/rm_ws/install/nav2_lifecycle_manager:/home/ricardo/rm_ws/install/nav2_behavior_tree:/home/ricardo/rm_ws/install/nav2_amcl:/home/ricardo/rm_ws/install/laser_car_cartographer:/home/ricardo/rm_ws/install/cartographer_ros:/home/ricardo/rm_ws/install/cartographer_ros_msgs:/home/ricardo/rm_ws/install/cartographer:/home/ricardo/rm_ws/install/topic_text_video:/home/ricardo/rm_ws/install/nav2_simple_commander:/home/ricardo/rm_ws/install/laser_car_description:/opt/ros/humble LD_LIBRARY_PATH=/home/ricardo/rm_ws/install/nav2_util/lib:/home/ricardo/rm_ws/install/nav2_msgs/lib:/home/ricardo/rm_ws/install/nav2_smoother/lib:/home/ricardo/rm_ws/install/nav2_controller/lib:/home/ricardo/rm_ws/install/dwb_plugins/lib:/home/ricardo/rm_ws/install/dwb_critics/lib:/home/ricardo/rm_ws/install/dwb_core/lib:/home/ricardo/rm_ws/install/nav_2d_utils/lib:/home/ricardo/rm_ws/install/dwb_msgs/lib:/home/ricardo/rm_ws/install/nav_2d_msgs/lib:/home/ricardo/rm_ws/install/nav2_waypoint_follower/lib:/home/ricardo/rm_ws/install/nav2_theta_star_planner/lib:/home/ricardo/rm_ws/install/nav2_smac_planner/lib:/home/ricardo/rm_ws/install/nav2_rotation_shim_controller/lib:/home/ricardo/rm_ws/install/nav2_regulated_pure_pursuit_controller/lib:/home/ricardo/rm_ws/install/nav2_planner/lib:/home/ricardo/rm_ws/install/nav2_navfn_planner/lib:/home/ricardo/rm_ws/install/nav2_mppi_controller/lib:/home/ricardo/rm_ws/install/nav2_constrained_smoother/lib:/home/ricardo/rm_ws/install/nav2_bt_navigator/lib:/home/ricardo/rm_ws/install/nav2_behaviors/lib:/home/ricardo/rm_ws/install/nav2_collision_monitor/lib:/home/ricardo/rm_ws/install/costmap_queue/lib:/home/ricardo/rm_ws/install/nav2_costmap_2d/lib:/home/ricardo/rm_ws/install/nav2_voxel_grid/lib:/home/ricardo/rm_ws/install/nav2_velocity_smoother/lib:/home/ricardo/rm_ws/install/nav2_rviz_plugins/lib:/home/ricardo/rm_ws/install/nav2_map_server/lib:/home/ricardo/rm_ws/install/nav2_lifecycle_manager/lib:/home/ricardo/rm_ws/install/nav2_behavior_tree/lib:/home/ricardo/rm_ws/install/nav2_amcl/lib:/home/ricardo/rm_ws/install/cartographer_ros/lib:/home/ricardo/rm_ws/install/cartographer_ros_msgs/lib:/usr/lib/x86_64-linux-gnu/gazebo-11/plugins:/opt/ros/humble/opt/rviz_ogre_vendor/lib:/opt/ros/humble/lib/x86_64-linux-gnu:/opt/ros/humble/lib /usr/bin/cmake --build /home/ricardo/rm_ws/build/nav2_behavior_tree -- -j8 -l8
[0.487s] [  1%] Built target nav2_behavior_tree
[0.488s] [  2%] Built target nav2_compute_path_to_pose_action_bt_node
[0.599s] [  3%] Built target nav2_compute_path_through_poses_action_bt_node
[0.628s] [  4%] Built target nav2_controller_cancel_bt_node
[0.641s] [  5%] Built target nav2_spin_cancel_bt_node
[0.660s] [  6%] Built target nav2_wait_cancel_bt_node
[0.701s] [  7%] Built target nav2_assisted_teleop_cancel_bt_node
[0.729s] [  8%] Built target nav2_back_up_cancel_bt_node
[0.807s] [  9%] Built target nav2_drive_on_heading_cancel_bt_node
[0.820s] [ 10%] Built target nav2_follow_path_action_bt_node
[0.821s] [ 11%] Built target nav2_smooth_path_action_bt_node
[0.831s] [ 12%] Built target nav2_back_up_action_bt_node
[0.852s] [ 13%] Built target nav2_drive_on_heading_bt_node
[0.872s] [ 14%] Built target nav2_assisted_teleop_action_bt_node
[0.873s] [ 15%] Built target nav2_spin_action_bt_node
[0.881s] [ 16%] Built target nav2_wait_action_bt_node
[0.977s] [ 17%] Built target nav2_clear_costmap_service_bt_node
[0.981s] [ 18%] Built target nav2_transform_available_condition_bt_node
[0.981s] [ 19%] Built target nav2_is_stuck_condition_bt_node
[0.981s] [ 20%] Built target nav2_goal_reached_condition_bt_node
[1.001s] [ 21%] Built target nav2_goal_updated_condition_bt_node
[1.001s] [ 22%] Built target nav2_globally_updated_goal_condition_bt_node
[1.007s] [ 23%] Built target nav2_is_path_valid_condition_bt_node
[1.080s] [ 24%] Built target nav2_is_battery_charging_condition_bt_node
[1.080s] [ 25%] Built target nav2_path_expiring_timer_condition
[1.117s] [ 27%] Built target nav2_distance_traveled_condition_bt_node
[1.117s] [ 27%] Built target nav2_time_expired_condition_bt_node
[1.138s] [ 28%] Built target nav2_initial_pose_received_condition_bt_node
[1.138s] [ 29%] Built target nav2_is_battery_low_condition_bt_node
[1.139s] [ 30%] Built target nav2_reinitialize_global_localization_service_bt_node
[1.154s] [ 31%] Built target nav2_rate_controller_bt_node
[1.173s] [ 32%] Built target nav2_speed_controller_bt_node
[1.178s] [ 33%] Built target nav2_distance_controller_bt_node
[1.218s] [ 34%] Built target nav2_truncate_path_local_action_bt_node
[1.223s] [ 35%] Built target nav2_recovery_node_bt_node
[1.223s] [ 36%] Built target nav2_truncate_path_action_bt_node
[1.234s] [ 38%] Built target nav2_path_longer_on_approach_bt_node
[1.238s] [ 38%] Built target nav2_goal_updater_node_bt_node
[1.239s] [ 39%] Built target nav2_navigate_to_pose_action_bt_node
[1.309s] [ 40%] Built target nav2_navigate_through_poses_action_bt_node
[1.311s] [ 41%] Built target nav2_remove_passed_goals_action_bt_node
[1.314s] [ 42%] Built target nav2_single_trigger_bt_node
[1.314s] [ 43%] Built target nav2_pipeline_sequence_bt_node
[1.330s] [ 45%] Built target nav2_controller_selector_bt_node
[1.330s] [ 45%] Built target nav2_planner_selector_bt_node
[1.330s] [ 46%] Built target nav2_smoother_selector_bt_node
[1.339s] [ 47%] Built target nav2_round_robin_node_bt_node
[1.377s] [ 48%] Built target gtest_main
[1.395s] [ 49%] Built target nav2_goal_updated_controller_bt_node
[1.399s] [ 50%] Built target nav2_goal_checker_selector_bt_node
[1.399s] [ 50%] Built target gtest
[1.457s] [ 51%] Built target test_condition_distance_traveled
[1.468s] [ 52%] Built target test_bt_conversions
[1.478s] [ 53%] Built target test_condition_time_expired
[1.484s] [ 54%] Built target test_condition_goal_reached
[1.490s] [ 55%] Built target test_condition_globally_updated_goal
[1.490s] [ 56%] Built target test_condition_path_expiring_timer
[1.490s] [ 57%] Built target test_condition_goal_updated
[1.523s] [ 58%] Built target test_condition_initial_pose_received
[1.568s] [ 59%] Built target test_condition_transform_available
[1.575s] [ 60%] Built target test_condition_is_stuck
[1.579s] [ 61%] Built target test_condition_is_path_valid
[1.580s] [ 62%] Built target test_condition_is_battery_charging
[1.591s] [ 63%] Built target test_condition_is_battery_low
[1.591s] [ 64%] Built target test_decorator_distance_controller
[1.642s] [ 65%] Built target test_decorator_rate_controller
[1.665s] [ 66%] Built target test_decorator_path_longer_on_approach
[1.665s] [ 67%] Built target test_single_trigger_node
[1.670s] [ 68%] Built target test_goal_updater_node
[1.671s] [ 69%] Built target test_decorator_speed_controller
[1.675s] [ 70%] Built target test_control_recovery_node
[1.678s] [ 71%] Built target test_goal_updated_controller
[1.691s] [ 72%] Built target test_control_pipeline_sequence
[1.742s] [ 73%] Built target test_control_round_robin_node
[1.742s] [ 74%] Built target test_bt_action_node
[1.742s] [ 75%] Built target test_action_back_up_action
[1.747s] [ 76%] Built target test_action_spin_action
[1.752s] [ 78%] Built target test_action_drive_on_heading
[1.752s] [ 78%] Built target test_action_wait_action
[1.765s] [ 79%] Built target test_action_assisted_teleop_action
[1.773s] [ 80%] Built target test_action_controller_cancel_action
[1.800s] [ 82%] Built target test_action_wait_cancel_action
[1.806s] [ 81%] Built target test_action_spin_cancel_action
[1.829s] [ 83%] Built target test_action_assisted_teleop_cancel_action
[1.839s] [ 85%] Built target test_action_drive_on_heading_cancel_action
[1.839s] [ 85%] Built target test_action_back_up_cancel_action
[1.843s] [ 86%] Built target test_action_clear_costmap_service
[1.859s] [ 87%] Built target test_action_compute_path_to_pose_action
[1.860s] [ 88%] Built target test_action_reinitialize_global_localization_service
[1.878s] [ 89%] Built target test_action_compute_path_through_poses_action
[1.895s] [ 90%] Built target test_action_smooth_path_action
[1.927s] [ 92%] Built target test_action_follow_path_action
[1.927s] [ 92%] Built target test_action_navigate_to_pose_action
[1.936s] [ 93%] Built target test_action_navigate_through_poses_action
[1.943s] [ 95%] Built target test_truncate_path_local_action
[1.943s] [ 95%] Built target test_truncate_path_action
[1.944s] [ 96%] Built target test_remove_passed_goals_action
[1.945s] [ 97%] Built target test_planner_selector_node
[1.982s] [ 98%] Built target test_controller_selector_node
[1.988s] [ 99%] Built target test_smoother_selector_node
[1.994s] [100%] Built target test_goal_checker_selector_node
[2.146s] Invoked command in '/home/ricardo/rm_ws/build/nav2_behavior_tree' returned '0': CMAKE_PREFIX_PATH=/home/ricardo/rm_ws/install/nav2_util:/home/ricardo/rm_ws/install/nav2_msgs:/home/ricardo/rm_ws/install/nav2_common:/home/ricardo/rm_ws/install/navigation2:/home/ricardo/rm_ws/install/nav2_smoother:/home/ricardo/rm_ws/install/nav2_dwb_controller:/home/ricardo/rm_ws/install/nav2_controller:/home/ricardo/rm_ws/install/dwb_plugins:/home/ricardo/rm_ws/install/dwb_critics:/home/ricardo/rm_ws/install/dwb_core:/home/ricardo/rm_ws/install/nav_2d_utils:/home/ricardo/rm_ws/install/dwb_msgs:/home/ricardo/rm_ws/install/nav_2d_msgs:/home/ricardo/rm_ws/install/nav2_waypoint_follower:/home/ricardo/rm_ws/install/nav2_theta_star_planner:/home/ricardo/rm_ws/install/nav2_smac_planner:/home/ricardo/rm_ws/install/nav2_rotation_shim_controller:/home/ricardo/rm_ws/install/nav2_regulated_pure_pursuit_controller:/home/ricardo/rm_ws/install/nav2_planner:/home/ricardo/rm_ws/install/nav2_navfn_planner:/home/ricardo/rm_ws/install/nav2_mppi_controller:/home/ricardo/rm_ws/install/nav2_constrained_smoother:/home/ricardo/rm_ws/install/nav2_bt_navigator:/home/ricardo/rm_ws/install/nav2_behaviors:/home/ricardo/rm_ws/install/nav2_core:/home/ricardo/rm_ws/install/nav2_collision_monitor:/home/ricardo/rm_ws/install/costmap_queue:/home/ricardo/rm_ws/install/nav2_costmap_2d:/home/ricardo/rm_ws/install/nav2_voxel_grid:/home/ricardo/rm_ws/install/nav2_velocity_smoother:/home/ricardo/rm_ws/install/nav2_rviz_plugins:/home/ricardo/rm_ws/install/nav2_map_server:/home/ricardo/rm_ws/install/nav2_lifecycle_manager:/home/ricardo/rm_ws/install/nav2_behavior_tree:/home/ricardo/rm_ws/install/nav2_amcl:/home/ricardo/rm_ws/install/laser_car_cartographer:/home/ricardo/rm_ws/install/cartographer_ros:/home/ricardo/rm_ws/install/cartographer_ros_msgs:/home/ricardo/rm_ws/install/cartographer:/home/ricardo/rm_ws/install/topic_text_video:/home/ricardo/rm_ws/install/nav2_simple_commander:/home/ricardo/rm_ws/install/laser_car_description:/opt/ros/humble LD_LIBRARY_PATH=/home/ricardo/rm_ws/install/nav2_util/lib:/home/ricardo/rm_ws/install/nav2_msgs/lib:/home/ricardo/rm_ws/install/nav2_smoother/lib:/home/ricardo/rm_ws/install/nav2_controller/lib:/home/ricardo/rm_ws/install/dwb_plugins/lib:/home/ricardo/rm_ws/install/dwb_critics/lib:/home/ricardo/rm_ws/install/dwb_core/lib:/home/ricardo/rm_ws/install/nav_2d_utils/lib:/home/ricardo/rm_ws/install/dwb_msgs/lib:/home/ricardo/rm_ws/install/nav_2d_msgs/lib:/home/ricardo/rm_ws/install/nav2_waypoint_follower/lib:/home/ricardo/rm_ws/install/nav2_theta_star_planner/lib:/home/ricardo/rm_ws/install/nav2_smac_planner/lib:/home/ricardo/rm_ws/install/nav2_rotation_shim_controller/lib:/home/ricardo/rm_ws/install/nav2_regulated_pure_pursuit_controller/lib:/home/ricardo/rm_ws/install/nav2_planner/lib:/home/ricardo/rm_ws/install/nav2_navfn_planner/lib:/home/ricardo/rm_ws/install/nav2_mppi_controller/lib:/home/ricardo/rm_ws/install/nav2_constrained_smoother/lib:/home/ricardo/rm_ws/install/nav2_bt_navigator/lib:/home/ricardo/rm_ws/install/nav2_behaviors/lib:/home/ricardo/rm_ws/install/nav2_collision_monitor/lib:/home/ricardo/rm_ws/install/costmap_queue/lib:/home/ricardo/rm_ws/install/nav2_costmap_2d/lib:/home/ricardo/rm_ws/install/nav2_voxel_grid/lib:/home/ricardo/rm_ws/install/nav2_velocity_smoother/lib:/home/ricardo/rm_ws/install/nav2_rviz_plugins/lib:/home/ricardo/rm_ws/install/nav2_map_server/lib:/home/ricardo/rm_ws/install/nav2_lifecycle_manager/lib:/home/ricardo/rm_ws/install/nav2_behavior_tree/lib:/home/ricardo/rm_ws/install/nav2_amcl/lib:/home/ricardo/rm_ws/install/cartographer_ros/lib:/home/ricardo/rm_ws/install/cartographer_ros_msgs/lib:/usr/lib/x86_64-linux-gnu/gazebo-11/plugins:/opt/ros/humble/opt/rviz_ogre_vendor/lib:/opt/ros/humble/lib/x86_64-linux-gnu:/opt/ros/humble/lib /usr/bin/cmake --build /home/ricardo/rm_ws/build/nav2_behavior_tree -- -j8 -l8
[3.079s] Invoking command in '/home/ricardo/rm_ws/build/nav2_behavior_tree': CMAKE_PREFIX_PATH=/home/ricardo/rm_ws/install/nav2_util:/home/ricardo/rm_ws/install/nav2_msgs:/home/ricardo/rm_ws/install/nav2_common:/home/ricardo/rm_ws/install/navigation2:/home/ricardo/rm_ws/install/nav2_smoother:/home/ricardo/rm_ws/install/nav2_dwb_controller:/home/ricardo/rm_ws/install/nav2_controller:/home/ricardo/rm_ws/install/dwb_plugins:/home/ricardo/rm_ws/install/dwb_critics:/home/ricardo/rm_ws/install/dwb_core:/home/ricardo/rm_ws/install/nav_2d_utils:/home/ricardo/rm_ws/install/dwb_msgs:/home/ricardo/rm_ws/install/nav_2d_msgs:/home/ricardo/rm_ws/install/nav2_waypoint_follower:/home/ricardo/rm_ws/install/nav2_theta_star_planner:/home/ricardo/rm_ws/install/nav2_smac_planner:/home/ricardo/rm_ws/install/nav2_rotation_shim_controller:/home/ricardo/rm_ws/install/nav2_regulated_pure_pursuit_controller:/home/ricardo/rm_ws/install/nav2_planner:/home/ricardo/rm_ws/install/nav2_navfn_planner:/home/ricardo/rm_ws/install/nav2_mppi_controller:/home/ricardo/rm_ws/install/nav2_constrained_smoother:/home/ricardo/rm_ws/install/nav2_bt_navigator:/home/ricardo/rm_ws/install/nav2_behaviors:/home/ricardo/rm_ws/install/nav2_core:/home/ricardo/rm_ws/install/nav2_collision_monitor:/home/ricardo/rm_ws/install/costmap_queue:/home/ricardo/rm_ws/install/nav2_costmap_2d:/home/ricardo/rm_ws/install/nav2_voxel_grid:/home/ricardo/rm_ws/install/nav2_velocity_smoother:/home/ricardo/rm_ws/install/nav2_rviz_plugins:/home/ricardo/rm_ws/install/nav2_map_server:/home/ricardo/rm_ws/install/nav2_lifecycle_manager:/home/ricardo/rm_ws/install/nav2_behavior_tree:/home/ricardo/rm_ws/install/nav2_amcl:/home/ricardo/rm_ws/install/laser_car_cartographer:/home/ricardo/rm_ws/install/cartographer_ros:/home/ricardo/rm_ws/install/cartographer_ros_msgs:/home/ricardo/rm_ws/install/cartographer:/home/ricardo/rm_ws/install/topic_text_video:/home/ricardo/rm_ws/install/nav2_simple_commander:/home/ricardo/rm_ws/install/laser_car_description:/opt/ros/humble LD_LIBRARY_PATH=/home/ricardo/rm_ws/install/nav2_util/lib:/home/ricardo/rm_ws/install/nav2_msgs/lib:/home/ricardo/rm_ws/install/nav2_smoother/lib:/home/ricardo/rm_ws/install/nav2_controller/lib:/home/ricardo/rm_ws/install/dwb_plugins/lib:/home/ricardo/rm_ws/install/dwb_critics/lib:/home/ricardo/rm_ws/install/dwb_core/lib:/home/ricardo/rm_ws/install/nav_2d_utils/lib:/home/ricardo/rm_ws/install/dwb_msgs/lib:/home/ricardo/rm_ws/install/nav_2d_msgs/lib:/home/ricardo/rm_ws/install/nav2_waypoint_follower/lib:/home/ricardo/rm_ws/install/nav2_theta_star_planner/lib:/home/ricardo/rm_ws/install/nav2_smac_planner/lib:/home/ricardo/rm_ws/install/nav2_rotation_shim_controller/lib:/home/ricardo/rm_ws/install/nav2_regulated_pure_pursuit_controller/lib:/home/ricardo/rm_ws/install/nav2_planner/lib:/home/ricardo/rm_ws/install/nav2_navfn_planner/lib:/home/ricardo/rm_ws/install/nav2_mppi_controller/lib:/home/ricardo/rm_ws/install/nav2_constrained_smoother/lib:/home/ricardo/rm_ws/install/nav2_bt_navigator/lib:/home/ricardo/rm_ws/install/nav2_behaviors/lib:/home/ricardo/rm_ws/install/nav2_collision_monitor/lib:/home/ricardo/rm_ws/install/costmap_queue/lib:/home/ricardo/rm_ws/install/nav2_costmap_2d/lib:/home/ricardo/rm_ws/install/nav2_voxel_grid/lib:/home/ricardo/rm_ws/install/nav2_velocity_smoother/lib:/home/ricardo/rm_ws/install/nav2_rviz_plugins/lib:/home/ricardo/rm_ws/install/nav2_map_server/lib:/home/ricardo/rm_ws/install/nav2_lifecycle_manager/lib:/home/ricardo/rm_ws/install/nav2_behavior_tree/lib:/home/ricardo/rm_ws/install/nav2_amcl/lib:/home/ricardo/rm_ws/install/cartographer_ros/lib:/home/ricardo/rm_ws/install/cartographer_ros_msgs/lib:/usr/lib/x86_64-linux-gnu/gazebo-11/plugins:/opt/ros/humble/opt/rviz_ogre_vendor/lib:/opt/ros/humble/lib/x86_64-linux-gnu:/opt/ros/humble/lib /usr/bin/cmake --install /home/ricardo/rm_ws/build/nav2_behavior_tree
[3.110s] -- Install configuration: "Release"
[3.110s] -- Up-to-date: /home/ricardo/rm_ws/install/nav2_behavior_tree/lib/libnav2_behavior_tree.so
[3.111s] -- Up-to-date: /home/ricardo/rm_ws/install/nav2_behavior_tree/lib/libnav2_compute_path_to_pose_action_bt_node.so
[3.112s] -- Up-to-date: /home/ricardo/rm_ws/install/nav2_behavior_tree/lib/libnav2_compute_path_through_poses_action_bt_node.so
[3.112s] -- Up-to-date: /home/ricardo/rm_ws/install/nav2_behavior_tree/lib/libnav2_controller_cancel_bt_node.so
[3.112s] -- Up-to-date: /home/ricardo/rm_ws/install/nav2_behavior_tree/lib/libnav2_wait_cancel_bt_node.so
[3.112s] -- Up-to-date: /home/ricardo/rm_ws/install/nav2_behavior_tree/lib/libnav2_spin_cancel_bt_node.so
[3.112s] -- Up-to-date: /home/ricardo/rm_ws/install/nav2_behavior_tree/lib/libnav2_back_up_cancel_bt_node.so
[3.113s] -- Up-to-date: /home/ricardo/rm_ws/install/nav2_behavior_tree/lib/libnav2_assisted_teleop_cancel_bt_node.so
[3.113s] -- Up-to-date: /home/ricardo/rm_ws/install/nav2_behavior_tree/lib/libnav2_drive_on_heading_cancel_bt_node.so
[3.113s] -- Up-to-date: /home/ricardo/rm_ws/install/nav2_behavior_tree/lib/libnav2_smooth_path_action_bt_node.so
[3.113s] -- Up-to-date: /home/ricardo/rm_ws/install/nav2_behavior_tree/lib/libnav2_follow_path_action_bt_node.so
[3.115s] -- Up-to-date: /home/ricardo/rm_ws/install/nav2_behavior_tree/lib/libnav2_back_up_action_bt_node.so
[3.115s] -- Up-to-date: /home/ricardo/rm_ws/install/nav2_behavior_tree/lib/libnav2_drive_on_heading_bt_node.so
[3.115s] -- Up-to-date: /home/ricardo/rm_ws/install/nav2_behavior_tree/lib/libnav2_spin_action_bt_node.so
[3.115s] -- Up-to-date: /home/ricardo/rm_ws/install/nav2_behavior_tree/lib/libnav2_wait_action_bt_node.so
[3.115s] -- Up-to-date: /home/ricardo/rm_ws/install/nav2_behavior_tree/lib/libnav2_assisted_teleop_action_bt_node.so
[3.116s] -- Up-to-date: /home/ricardo/rm_ws/install/nav2_behavior_tree/lib/libnav2_clear_costmap_service_bt_node.so
[3.116s] -- Up-to-date: /home/ricardo/rm_ws/install/nav2_behavior_tree/lib/libnav2_is_stuck_condition_bt_node.so
[3.116s] -- Up-to-date: /home/ricardo/rm_ws/install/nav2_behavior_tree/lib/libnav2_transform_available_condition_bt_node.so
[3.116s] -- Up-to-date: /home/ricardo/rm_ws/install/nav2_behavior_tree/lib/libnav2_goal_reached_condition_bt_node.so
[3.116s] -- Up-to-date: /home/ricardo/rm_ws/install/nav2_behavior_tree/lib/libnav2_globally_updated_goal_condition_bt_node.so
[3.116s] -- Up-to-date: /home/ricardo/rm_ws/install/nav2_behavior_tree/lib/libnav2_goal_updated_condition_bt_node.so
[3.116s] -- Up-to-date: /home/ricardo/rm_ws/install/nav2_behavior_tree/lib/libnav2_is_path_valid_condition_bt_node.so
[3.117s] -- Up-to-date: /home/ricardo/rm_ws/install/nav2_behavior_tree/lib/libnav2_time_expired_condition_bt_node.so
[3.117s] -- Up-to-date: /home/ricardo/rm_ws/install/nav2_behavior_tree/lib/libnav2_path_expiring_timer_condition.so
[3.117s] -- Up-to-date: /home/ricardo/rm_ws/install/nav2_behavior_tree/lib/libnav2_distance_traveled_condition_bt_node.so
[3.117s] -- Up-to-date: /home/ricardo/rm_ws/install/nav2_behavior_tree/lib/libnav2_initial_pose_received_condition_bt_node.so
[3.117s] -- Up-to-date: /home/ricardo/rm_ws/install/nav2_behavior_tree/lib/libnav2_is_battery_charging_condition_bt_node.so
[3.117s] -- Up-to-date: /home/ricardo/rm_ws/install/nav2_behavior_tree/lib/libnav2_is_battery_low_condition_bt_node.so
[3.118s] -- Up-to-date: /home/ricardo/rm_ws/install/nav2_behavior_tree/lib/libnav2_reinitialize_global_localization_service_bt_node.so
[3.118s] -- Up-to-date: /home/ricardo/rm_ws/install/nav2_behavior_tree/lib/libnav2_rate_controller_bt_node.so
[3.118s] -- Up-to-date: /home/ricardo/rm_ws/install/nav2_behavior_tree/lib/libnav2_distance_controller_bt_node.so
[3.118s] -- Up-to-date: /home/ricardo/rm_ws/install/nav2_behavior_tree/lib/libnav2_speed_controller_bt_node.so
[3.119s] -- Up-to-date: /home/ricardo/rm_ws/install/nav2_behavior_tree/lib/libnav2_truncate_path_action_bt_node.so
[3.119s] -- Up-to-date: /home/ricardo/rm_ws/install/nav2_behavior_tree/lib/libnav2_truncate_path_local_action_bt_node.so
[3.119s] -- Up-to-date: /home/ricardo/rm_ws/install/nav2_behavior_tree/lib/libnav2_goal_updater_node_bt_node.so
[3.119s] -- Up-to-date: /home/ricardo/rm_ws/install/nav2_behavior_tree/lib/libnav2_path_longer_on_approach_bt_node.so
[3.120s] -- Up-to-date: /home/ricardo/rm_ws/install/nav2_behavior_tree/lib/libnav2_recovery_node_bt_node.so
[3.120s] -- Up-to-date: /home/ricardo/rm_ws/install/nav2_behavior_tree/lib/libnav2_navigate_to_pose_action_bt_node.so
[3.120s] -- Up-to-date: /home/ricardo/rm_ws/install/nav2_behavior_tree/lib/libnav2_navigate_through_poses_action_bt_node.so
[3.120s] -- Up-to-date: /home/ricardo/rm_ws/install/nav2_behavior_tree/lib/libnav2_remove_passed_goals_action_bt_node.so
[3.121s] -- Up-to-date: /home/ricardo/rm_ws/install/nav2_behavior_tree/lib/libnav2_pipeline_sequence_bt_node.so
[3.122s] -- Up-to-date: /home/ricardo/rm_ws/install/nav2_behavior_tree/lib/libnav2_round_robin_node_bt_node.so
[3.122s] -- Up-to-date: /home/ricardo/rm_ws/install/nav2_behavior_tree/lib/libnav2_single_trigger_bt_node.so
[3.122s] -- Up-to-date: /home/ricardo/rm_ws/install/nav2_behavior_tree/lib/libnav2_planner_selector_bt_node.so
[3.122s] -- Up-to-date: /home/ricardo/rm_ws/install/nav2_behavior_tree/lib/libnav2_controller_selector_bt_node.so
[3.123s] -- Up-to-date: /home/ricardo/rm_ws/install/nav2_behavior_tree/lib/libnav2_smoother_selector_bt_node.so
[3.123s] -- Up-to-date: /home/ricardo/rm_ws/install/nav2_behavior_tree/lib/libnav2_goal_checker_selector_bt_node.so
[3.123s] -- Up-to-date: /home/ricardo/rm_ws/install/nav2_behavior_tree/lib/libnav2_goal_updated_controller_bt_node.so
[3.124s] -- Up-to-date: /home/ricardo/rm_ws/install/nav2_behavior_tree/include/
[3.125s] -- Up-to-date: /home/ricardo/rm_ws/install/nav2_behavior_tree/include//nav2_behavior_tree
[3.125s] -- Up-to-date: /home/ricardo/rm_ws/install/nav2_behavior_tree/include//nav2_behavior_tree/bt_action_server_impl.hpp
[3.125s] -- Up-to-date: /home/ricardo/rm_ws/install/nav2_behavior_tree/include//nav2_behavior_tree/behavior_tree_engine.hpp
[3.126s] -- Up-to-date: /home/ricardo/rm_ws/install/nav2_behavior_tree/include//nav2_behavior_tree/bt_action_node.hpp
[3.126s] -- Up-to-date: /home/ricardo/rm_ws/install/nav2_behavior_tree/include//nav2_behavior_tree/bt_service_node.hpp
[3.126s] -- Up-to-date: /home/ricardo/rm_ws/install/nav2_behavior_tree/include//nav2_behavior_tree/plugins
[3.126s] -- Up-to-date: /home/ricardo/rm_ws/install/nav2_behavior_tree/include//nav2_behavior_tree/plugins/action
[3.126s] -- Up-to-date: /home/ricardo/rm_ws/install/nav2_behavior_tree/include//nav2_behavior_tree/plugins/action/controller_cancel_node.hpp
[3.126s] -- Up-to-date: /home/ricardo/rm_ws/install/nav2_behavior_tree/include//nav2_behavior_tree/plugins/action/clear_costmap_service.hpp
[3.126s] -- Up-to-date: /home/ricardo/rm_ws/install/nav2_behavior_tree/include//nav2_behavior_tree/plugins/action/back_up_cancel_node.hpp
[3.127s] -- Up-to-date: /home/ricardo/rm_ws/install/nav2_behavior_tree/include//nav2_behavior_tree/plugins/action/controller_selector_node.hpp
[3.127s] -- Up-to-date: /home/ricardo/rm_ws/install/nav2_behavior_tree/include//nav2_behavior_tree/plugins/action/back_up_action.hpp
[3.127s] -- Up-to-date: /home/ricardo/rm_ws/install/nav2_behavior_tree/include//nav2_behavior_tree/plugins/action/spin_cancel_node.hpp
[3.127s] -- Up-to-date: /home/ricardo/rm_ws/install/nav2_behavior_tree/include//nav2_behavior_tree/plugins/action/navigate_through_poses_action.hpp
[3.128s] -- Up-to-date: /home/ricardo/rm_ws/install/nav2_behavior_tree/include//nav2_behavior_tree/plugins/action/wait_action.hpp
[3.128s] -- Up-to-date: /home/ricardo/rm_ws/install/nav2_behavior_tree/include//nav2_behavior_tree/plugins/action/navigate_to_pose_action.hpp
[3.128s] -- Up-to-date: /home/ricardo/rm_ws/install/nav2_behavior_tree/include//nav2_behavior_tree/plugins/action/drive_on_heading_action.hpp
[3.128s] -- Up-to-date: /home/ricardo/rm_ws/install/nav2_behavior_tree/include//nav2_behavior_tree/plugins/action/planner_selector_node.hpp
[3.128s] -- Up-to-date: /home/ricardo/rm_ws/install/nav2_behavior_tree/include//nav2_behavior_tree/plugins/action/remove_passed_goals_action.hpp
[3.129s] -- Up-to-date: /home/ricardo/rm_ws/install/nav2_behavior_tree/include//nav2_behavior_tree/plugins/action/goal_checker_selector_node.hpp
[3.129s] -- Up-to-date: /home/ricardo/rm_ws/install/nav2_behavior_tree/include//nav2_behavior_tree/plugins/action/follow_path_action.hpp
[3.129s] -- Up-to-date: /home/ricardo/rm_ws/install/nav2_behavior_tree/include//nav2_behavior_tree/plugins/action/assisted_teleop_cancel_node.hpp
[3.129s] -- Up-to-date: /home/ricardo/rm_ws/install/nav2_behavior_tree/include//nav2_behavior_tree/plugins/action/assisted_teleop_action.hpp
[3.129s] -- Up-to-date: /home/ricardo/rm_ws/install/nav2_behavior_tree/include//nav2_behavior_tree/plugins/action/wait_cancel_node.hpp
[3.129s] -- Up-to-date: /home/ricardo/rm_ws/install/nav2_behavior_tree/include//nav2_behavior_tree/plugins/action/truncate_path_local_action.hpp
[3.129s] -- Up-to-date: /home/ricardo/rm_ws/install/nav2_behavior_tree/include//nav2_behavior_tree/plugins/action/smooth_path_action.hpp
[3.129s] -- Up-to-date: /home/ricardo/rm_ws/install/nav2_behavior_tree/include//nav2_behavior_tree/plugins/action/truncate_path_action.hpp
[3.129s] -- Up-to-date: /home/ricardo/rm_ws/install/nav2_behavior_tree/include//nav2_behavior_tree/plugins/action/spin_action.hpp
[3.129s] -- Up-to-date: /home/ricardo/rm_ws/install/nav2_behavior_tree/include//nav2_behavior_tree/plugins/action/compute_path_through_poses_action.hpp
[3.129s] -- Up-to-date: /home/ricardo/rm_ws/install/nav2_behavior_tree/include//nav2_behavior_tree/plugins/action/drive_on_heading_cancel_node.hpp
[3.129s] -- Up-to-date: /home/ricardo/rm_ws/install/nav2_behavior_tree/include//nav2_behavior_tree/plugins/action/reinitialize_global_localization_service.hpp
[3.129s] -- Up-to-date: /home/ricardo/rm_ws/install/nav2_behavior_tree/include//nav2_behavior_tree/plugins/action/smoother_selector_node.hpp
[3.129s] -- Up-to-date: /home/ricardo/rm_ws/install/nav2_behavior_tree/include//nav2_behavior_tree/plugins/action/compute_path_to_pose_action.hpp
[3.129s] -- Up-to-date: /home/ricardo/rm_ws/install/nav2_behavior_tree/include//nav2_behavior_tree/plugins/decorator
[3.129s] -- Up-to-date: /home/ricardo/rm_ws/install/nav2_behavior_tree/include//nav2_behavior_tree/plugins/decorator/goal_updated_controller.hpp
[3.129s] -- Up-to-date: /home/ricardo/rm_ws/install/nav2_behavior_tree/include//nav2_behavior_tree/plugins/decorator/rate_controller.hpp
[3.129s] -- Up-to-date: /home/ricardo/rm_ws/install/nav2_behavior_tree/include//nav2_behavior_tree/plugins/decorator/speed_controller.hpp
[3.129s] -- Up-to-date: /home/ricardo/rm_ws/install/nav2_behavior_tree/include//nav2_behavior_tree/plugins/decorator/single_trigger_node.hpp
[3.129s] -- Up-to-date: /home/ricardo/rm_ws/install/nav2_behavior_tree/include//nav2_behavior_tree/plugins/decorator/goal_updater_node.hpp
[3.130s] -- Up-to-date: /home/ricardo/rm_ws/install/nav2_behavior_tree/include//nav2_behavior_tree/plugins/decorator/path_longer_on_approach.hpp
[3.130s] -- Up-to-date: /home/ricardo/rm_ws/install/nav2_behavior_tree/include//nav2_behavior_tree/plugins/decorator/distance_controller.hpp
[3.130s] -- Up-to-date: /home/ricardo/rm_ws/install/nav2_behavior_tree/include//nav2_behavior_tree/plugins/condition
[3.130s] -- Up-to-date: /home/ricardo/rm_ws/install/nav2_behavior_tree/include//nav2_behavior_tree/plugins/condition/is_stuck_condition.hpp
[3.130s] -- Up-to-date: /home/ricardo/rm_ws/install/nav2_behavior_tree/include//nav2_behavior_tree/plugins/condition/globally_updated_goal_condition.hpp
[3.130s] -- Up-to-date: /home/ricardo/rm_ws/install/nav2_behavior_tree/include//nav2_behavior_tree/plugins/condition/distance_traveled_condition.hpp
[3.130s] -- Up-to-date: /home/ricardo/rm_ws/install/nav2_behavior_tree/include//nav2_behavior_tree/plugins/condition/goal_updated_condition.hpp
[3.130s] -- Up-to-date: /home/ricardo/rm_ws/install/nav2_behavior_tree/include//nav2_behavior_tree/plugins/condition/initial_pose_received_condition.hpp
[3.130s] -- Up-to-date: /home/ricardo/rm_ws/install/nav2_behavior_tree/include//nav2_behavior_tree/plugins/condition/time_expired_condition.hpp
[3.130s] -- Up-to-date: /home/ricardo/rm_ws/install/nav2_behavior_tree/include//nav2_behavior_tree/plugins/condition/goal_reached_condition.hpp
[3.130s] -- Up-to-date: /home/ricardo/rm_ws/install/nav2_behavior_tree/include//nav2_behavior_tree/plugins/condition/is_battery_low_condition.hpp
[3.130s] -- Up-to-date: /home/ricardo/rm_ws/install/nav2_behavior_tree/include//nav2_behavior_tree/plugins/condition/is_battery_charging_condition.hpp
[3.131s] -- Up-to-date: /home/ricardo/rm_ws/install/nav2_behavior_tree/include//nav2_behavior_tree/plugins/condition/is_path_valid_condition.hpp
[3.131s] -- Up-to-date: /home/ricardo/rm_ws/install/nav2_behavior_tree/include//nav2_behavior_tree/plugins/condition/transform_available_condition.hpp
[3.133s] -- Up-to-date: /home/ricardo/rm_ws/install/nav2_behavior_tree/include//nav2_behavior_tree/plugins/condition/path_expiring_timer_condition.hpp
[3.133s] -- Up-to-date: /home/ricardo/rm_ws/install/nav2_behavior_tree/include//nav2_behavior_tree/plugins/control
[3.133s] -- Up-to-date: /home/ricardo/rm_ws/install/nav2_behavior_tree/include//nav2_behavior_tree/plugins/control/recovery_node.hpp
[3.133s] -- Up-to-date: /home/ricardo/rm_ws/install/nav2_behavior_tree/include//nav2_behavior_tree/plugins/control/round_robin_node.hpp
[3.133s] -- Up-to-date: /home/ricardo/rm_ws/install/nav2_behavior_tree/include//nav2_behavior_tree/plugins/control/pipeline_sequence.hpp
[3.133s] -- Up-to-date: /home/ricardo/rm_ws/install/nav2_behavior_tree/include//nav2_behavior_tree/bt_conversions.hpp
[3.134s] -- Up-to-date: /home/ricardo/rm_ws/install/nav2_behavior_tree/include//nav2_behavior_tree/bt_action_server.hpp
[3.134s] -- Up-to-date: /home/ricardo/rm_ws/install/nav2_behavior_tree/include//nav2_behavior_tree/bt_cancel_action_node.hpp
[3.134s] -- Up-to-date: /home/ricardo/rm_ws/install/nav2_behavior_tree/include//nav2_behavior_tree/ros_topic_logger.hpp
[3.134s] -- Up-to-date: /home/ricardo/rm_ws/install/nav2_behavior_tree/share/nav2_behavior_tree/nav2_tree_nodes.xml
[3.134s] -- Up-to-date: /home/ricardo/rm_ws/install/nav2_behavior_tree/share/nav2_behavior_tree/environment/library_path.sh
[3.134s] -- Up-to-date: /home/ricardo/rm_ws/install/nav2_behavior_tree/share/nav2_behavior_tree/environment/library_path.dsv
[3.134s] -- Up-to-date: /home/ricardo/rm_ws/install/nav2_behavior_tree/share/ament_index/resource_index/package_run_dependencies/nav2_behavior_tree
[3.136s] -- Up-to-date: /home/ricardo/rm_ws/install/nav2_behavior_tree/share/ament_index/resource_index/parent_prefix_path/nav2_behavior_tree
[3.137s] -- Up-to-date: /home/ricardo/rm_ws/install/nav2_behavior_tree/share/nav2_behavior_tree/environment/ament_prefix_path.sh
[3.137s] -- Up-to-date: /home/ricardo/rm_ws/install/nav2_behavior_tree/share/nav2_behavior_tree/environment/ament_prefix_path.dsv
[3.137s] -- Up-to-date: /home/ricardo/rm_ws/install/nav2_behavior_tree/share/nav2_behavior_tree/environment/path.sh
[3.137s] -- Up-to-date: /home/ricardo/rm_ws/install/nav2_behavior_tree/share/nav2_behavior_tree/environment/path.dsv
[3.137s] -- Up-to-date: /home/ricardo/rm_ws/install/nav2_behavior_tree/share/nav2_behavior_tree/local_setup.bash
[3.137s] -- Up-to-date: /home/ricardo/rm_ws/install/nav2_behavior_tree/share/nav2_behavior_tree/local_setup.sh
[3.138s] -- Up-to-date: /home/ricardo/rm_ws/install/nav2_behavior_tree/share/nav2_behavior_tree/local_setup.zsh
[3.138s] -- Up-to-date: /home/ricardo/rm_ws/install/nav2_behavior_tree/share/nav2_behavior_tree/local_setup.dsv
[3.138s] -- Installing: /home/ricardo/rm_ws/install/nav2_behavior_tree/share/nav2_behavior_tree/package.dsv
[3.138s] -- Up-to-date: /home/ricardo/rm_ws/install/nav2_behavior_tree/share/ament_index/resource_index/packages/nav2_behavior_tree
[3.139s] -- Up-to-date: /home/ricardo/rm_ws/install/nav2_behavior_tree/share/nav2_behavior_tree/cmake/ament_cmake_export_include_directories-extras.cmake
[3.139s] -- Up-to-date: /home/ricardo/rm_ws/install/nav2_behavior_tree/share/nav2_behavior_tree/cmake/ament_cmake_export_libraries-extras.cmake
[3.139s] -- Up-to-date: /home/ricardo/rm_ws/install/nav2_behavior_tree/share/nav2_behavior_tree/cmake/ament_cmake_export_dependencies-extras.cmake
[3.139s] -- Up-to-date: /home/ricardo/rm_ws/install/nav2_behavior_tree/share/nav2_behavior_tree/cmake/nav2_behavior_treeConfig.cmake
[3.139s] -- Up-to-date: /home/ricardo/rm_ws/install/nav2_behavior_tree/share/nav2_behavior_tree/cmake/nav2_behavior_treeConfig-version.cmake
[3.139s] -- Up-to-date: /home/ricardo/rm_ws/install/nav2_behavior_tree/share/nav2_behavior_tree/package.xml
[3.140s] Invoked command in '/home/ricardo/rm_ws/build/nav2_behavior_tree' returned '0': CMAKE_PREFIX_PATH=/home/ricardo/rm_ws/install/nav2_util:/home/ricardo/rm_ws/install/nav2_msgs:/home/ricardo/rm_ws/install/nav2_common:/home/ricardo/rm_ws/install/navigation2:/home/ricardo/rm_ws/install/nav2_smoother:/home/ricardo/rm_ws/install/nav2_dwb_controller:/home/ricardo/rm_ws/install/nav2_controller:/home/ricardo/rm_ws/install/dwb_plugins:/home/ricardo/rm_ws/install/dwb_critics:/home/ricardo/rm_ws/install/dwb_core:/home/ricardo/rm_ws/install/nav_2d_utils:/home/ricardo/rm_ws/install/dwb_msgs:/home/ricardo/rm_ws/install/nav_2d_msgs:/home/ricardo/rm_ws/install/nav2_waypoint_follower:/home/ricardo/rm_ws/install/nav2_theta_star_planner:/home/ricardo/rm_ws/install/nav2_smac_planner:/home/ricardo/rm_ws/install/nav2_rotation_shim_controller:/home/ricardo/rm_ws/install/nav2_regulated_pure_pursuit_controller:/home/ricardo/rm_ws/install/nav2_planner:/home/ricardo/rm_ws/install/nav2_navfn_planner:/home/ricardo/rm_ws/install/nav2_mppi_controller:/home/ricardo/rm_ws/install/nav2_constrained_smoother:/home/ricardo/rm_ws/install/nav2_bt_navigator:/home/ricardo/rm_ws/install/nav2_behaviors:/home/ricardo/rm_ws/install/nav2_core:/home/ricardo/rm_ws/install/nav2_collision_monitor:/home/ricardo/rm_ws/install/costmap_queue:/home/ricardo/rm_ws/install/nav2_costmap_2d:/home/ricardo/rm_ws/install/nav2_voxel_grid:/home/ricardo/rm_ws/install/nav2_velocity_smoother:/home/ricardo/rm_ws/install/nav2_rviz_plugins:/home/ricardo/rm_ws/install/nav2_map_server:/home/ricardo/rm_ws/install/nav2_lifecycle_manager:/home/ricardo/rm_ws/install/nav2_behavior_tree:/home/ricardo/rm_ws/install/nav2_amcl:/home/ricardo/rm_ws/install/laser_car_cartographer:/home/ricardo/rm_ws/install/cartographer_ros:/home/ricardo/rm_ws/install/cartographer_ros_msgs:/home/ricardo/rm_ws/install/cartographer:/home/ricardo/rm_ws/install/topic_text_video:/home/ricardo/rm_ws/install/nav2_simple_commander:/home/ricardo/rm_ws/install/laser_car_description:/opt/ros/humble LD_LIBRARY_PATH=/home/ricardo/rm_ws/install/nav2_util/lib:/home/ricardo/rm_ws/install/nav2_msgs/lib:/home/ricardo/rm_ws/install/nav2_smoother/lib:/home/ricardo/rm_ws/install/nav2_controller/lib:/home/ricardo/rm_ws/install/dwb_plugins/lib:/home/ricardo/rm_ws/install/dwb_critics/lib:/home/ricardo/rm_ws/install/dwb_core/lib:/home/ricardo/rm_ws/install/nav_2d_utils/lib:/home/ricardo/rm_ws/install/dwb_msgs/lib:/home/ricardo/rm_ws/install/nav_2d_msgs/lib:/home/ricardo/rm_ws/install/nav2_waypoint_follower/lib:/home/ricardo/rm_ws/install/nav2_theta_star_planner/lib:/home/ricardo/rm_ws/install/nav2_smac_planner/lib:/home/ricardo/rm_ws/install/nav2_rotation_shim_controller/lib:/home/ricardo/rm_ws/install/nav2_regulated_pure_pursuit_controller/lib:/home/ricardo/rm_ws/install/nav2_planner/lib:/home/ricardo/rm_ws/install/nav2_navfn_planner/lib:/home/ricardo/rm_ws/install/nav2_mppi_controller/lib:/home/ricardo/rm_ws/install/nav2_constrained_smoother/lib:/home/ricardo/rm_ws/install/nav2_bt_navigator/lib:/home/ricardo/rm_ws/install/nav2_behaviors/lib:/home/ricardo/rm_ws/install/nav2_collision_monitor/lib:/home/ricardo/rm_ws/install/costmap_queue/lib:/home/ricardo/rm_ws/install/nav2_costmap_2d/lib:/home/ricardo/rm_ws/install/nav2_voxel_grid/lib:/home/ricardo/rm_ws/install/nav2_velocity_smoother/lib:/home/ricardo/rm_ws/install/nav2_rviz_plugins/lib:/home/ricardo/rm_ws/install/nav2_map_server/lib:/home/ricardo/rm_ws/install/nav2_lifecycle_manager/lib:/home/ricardo/rm_ws/install/nav2_behavior_tree/lib:/home/ricardo/rm_ws/install/nav2_amcl/lib:/home/ricardo/rm_ws/install/cartographer_ros/lib:/home/ricardo/rm_ws/install/cartographer_ros_msgs/lib:/usr/lib/x86_64-linux-gnu/gazebo-11/plugins:/opt/ros/humble/opt/rviz_ogre_vendor/lib:/opt/ros/humble/lib/x86_64-linux-gnu:/opt/ros/humble/lib /usr/bin/cmake --install /home/ricardo/rm_ws/build/nav2_behavior_tree
