running egg_info
writing ../../build/lazer_car_description/lazer_car_description.egg-info/PKG-INFO
writing dependency_links to ../../build/lazer_car_description/lazer_car_description.egg-info/dependency_links.txt
writing entry points to ../../build/lazer_car_description/lazer_car_description.egg-info/entry_points.txt
writing requirements to ../../build/lazer_car_description/lazer_car_description.egg-info/requires.txt
writing top-level names to ../../build/lazer_car_description/lazer_car_description.egg-info/top_level.txt
reading manifest file '../../build/lazer_car_description/lazer_car_description.egg-info/SOURCES.txt'
writing manifest file '../../build/lazer_car_description/lazer_car_description.egg-info/SOURCES.txt'
running build
running build_py
/usr/lib/python3/dist-packages/setuptools/command/install.py:34: SetuptoolsDeprecationWarning: setup.py install is deprecated. Use build and pip and other standards-based tools.
  warnings.warn(
running install
running install_lib
running install_data
copying urdf/lazer_car_base.urdf -> /home/ricardo/rm_ws/install/lazer_car_description/share/lazer_car_description/urdf
running install_egg_info
removing '/home/ricardo/rm_ws/install/lazer_car_description/lib/python3.10/site-packages/lazer_car_description-0.0.0-py3.10.egg-info' (and everything under it)
Copying ../../build/lazer_car_description/lazer_car_description.egg-info to /home/ricardo/rm_ws/install/lazer_car_description/lib/python3.10/site-packages/lazer_car_description-0.0.0-py3.10.egg-info
running install_scripts
writing list of installed files to '/home/ricardo/rm_ws/build/lazer_car_description/install.log'
