[0.823s] DEBUG:colcon:Command line arguments: ['/usr/bin/colcon', 'build']
[0.824s] DEBUG:colcon:Parsed command line arguments: Namespace(log_base=None, log_level=None, verb_name='build', build_base='build', install_base='install', merge_install=False, symlink_install=False, test_result_base=None, continue_on_error=False, executor='parallel', parallel_workers=8, event_handlers=None, ignore_user_meta=False, metas=['./colcon.meta'], base_paths=['.'], packages_ignore=None, packages_ignore_regex=None, paths=None, packages_up_to=None, packages_up_to_regex=None, packages_above=None, packages_above_and_dependencies=None, packages_above_depth=None, packages_select_by_dep=None, packages_skip_by_dep=None, packages_skip_up_to=None, packages_select_build_failed=False, packages_skip_build_finished=False, packages_select_test_failures=False, packages_skip_test_passed=False, packages_select=None, packages_skip=None, packages_select_regex=None, packages_skip_regex=None, packages_start=None, packages_end=None, allow_overriding=[], cmake_args=None, cmake_target=None, cmake_target_skip_unavailable=False, cmake_clean_cache=False, cmake_clean_first=False, cmake_force_configure=False, ament_cmake_args=None, catkin_cmake_args=None, catkin_skip_building_tests=False, verb_parser=<colcon_defaults.argument_parser.defaults.DefaultArgumentsDecorator object at 0x7fdb918246d0>, verb_extension=<colcon_core.verb.build.BuildVerb object at 0x7fdb919a0c70>, main=<bound method BuildVerb.main of <colcon_core.verb.build.BuildVerb object at 0x7fdb919a0c70>>)
[0.865s] Level 1:colcon.colcon_core.package_discovery:discover_packages(colcon_meta) check parameters
[0.865s] Level 1:colcon.colcon_core.package_discovery:discover_packages(recursive) check parameters
[0.865s] Level 1:colcon.colcon_core.package_discovery:discover_packages(ignore) check parameters
[0.865s] Level 1:colcon.colcon_core.package_discovery:discover_packages(path) check parameters
[0.865s] Level 1:colcon.colcon_core.package_discovery:discover_packages(colcon_meta) discover
[0.865s] Level 1:colcon.colcon_core.package_discovery:discover_packages(recursive) discover
[0.865s] INFO:colcon.colcon_core.package_discovery:Crawling recursively for packages in '/home/ricardo/rm_ws'
[0.865s] Level 1:colcon.colcon_core.package_identification:_identify(.) by extensions ['ignore', 'ignore_ament_install']
[0.865s] Level 1:colcon.colcon_core.package_identification:_identify(.) by extension 'ignore'
[0.865s] Level 1:colcon.colcon_core.package_identification:_identify(.) by extension 'ignore_ament_install'
[0.865s] Level 1:colcon.colcon_core.package_identification:_identify(.) by extensions ['colcon_pkg']
[0.866s] Level 1:colcon.colcon_core.package_identification:_identify(.) by extension 'colcon_pkg'
[0.866s] Level 1:colcon.colcon_core.package_identification:_identify(.) by extensions ['colcon_meta']
[0.866s] Level 1:colcon.colcon_core.package_identification:_identify(.) by extension 'colcon_meta'
[0.866s] Level 1:colcon.colcon_core.package_identification:_identify(.) by extensions ['ros']
[0.866s] Level 1:colcon.colcon_core.package_identification:_identify(.) by extension 'ros'
[0.875s] Level 1:colcon.colcon_core.package_identification:_identify(.) by extensions ['cmake', 'python']
[0.876s] Level 1:colcon.colcon_core.package_identification:_identify(.) by extension 'cmake'
[0.876s] Level 1:colcon.colcon_core.package_identification:_identify(.) by extension 'python'
[0.876s] Level 1:colcon.colcon_core.package_identification:_identify(.) by extensions ['python_setup_py']
[0.876s] Level 1:colcon.colcon_core.package_identification:_identify(.) by extension 'python_setup_py'
[0.876s] Level 1:colcon.colcon_core.package_identification:_identify(build) by extensions ['ignore', 'ignore_ament_install']
[0.876s] Level 1:colcon.colcon_core.package_identification:_identify(build) by extension 'ignore'
[0.876s] Level 1:colcon.colcon_core.package_identification:_identify(build) ignored
[0.876s] Level 1:colcon.colcon_core.package_identification:_identify(install) by extensions ['ignore', 'ignore_ament_install']
[0.876s] Level 1:colcon.colcon_core.package_identification:_identify(install) by extension 'ignore'
[0.876s] Level 1:colcon.colcon_core.package_identification:_identify(install) ignored
[0.876s] Level 1:colcon.colcon_core.package_identification:_identify(log) by extensions ['ignore', 'ignore_ament_install']
[0.876s] Level 1:colcon.colcon_core.package_identification:_identify(log) by extension 'ignore'
[0.877s] Level 1:colcon.colcon_core.package_identification:_identify(log) ignored
[0.877s] Level 1:colcon.colcon_core.package_identification:_identify(src) by extensions ['ignore', 'ignore_ament_install']
[0.877s] Level 1:colcon.colcon_core.package_identification:_identify(src) by extension 'ignore'
[0.877s] Level 1:colcon.colcon_core.package_identification:_identify(src) by extension 'ignore_ament_install'
[0.877s] Level 1:colcon.colcon_core.package_identification:_identify(src) by extensions ['colcon_pkg']
[0.877s] Level 1:colcon.colcon_core.package_identification:_identify(src) by extension 'colcon_pkg'
[0.877s] Level 1:colcon.colcon_core.package_identification:_identify(src) by extensions ['colcon_meta']
[0.877s] Level 1:colcon.colcon_core.package_identification:_identify(src) by extension 'colcon_meta'
[0.877s] Level 1:colcon.colcon_core.package_identification:_identify(src) by extensions ['ros']
[0.877s] Level 1:colcon.colcon_core.package_identification:_identify(src) by extension 'ros'
[0.877s] Level 1:colcon.colcon_core.package_identification:_identify(src) by extensions ['cmake', 'python']
[0.877s] Level 1:colcon.colcon_core.package_identification:_identify(src) by extension 'cmake'
[0.877s] Level 1:colcon.colcon_core.package_identification:_identify(src) by extension 'python'
[0.877s] Level 1:colcon.colcon_core.package_identification:_identify(src) by extensions ['python_setup_py']
[0.877s] Level 1:colcon.colcon_core.package_identification:_identify(src) by extension 'python_setup_py'
[0.877s] Level 1:colcon.colcon_core.package_identification:_identify(src/laser_car_description) by extensions ['ignore', 'ignore_ament_install']
[0.877s] Level 1:colcon.colcon_core.package_identification:_identify(src/laser_car_description) by extension 'ignore'
[0.877s] Level 1:colcon.colcon_core.package_identification:_identify(src/laser_car_description) by extension 'ignore_ament_install'
[0.878s] Level 1:colcon.colcon_core.package_identification:_identify(src/laser_car_description) by extensions ['colcon_pkg']
[0.878s] Level 1:colcon.colcon_core.package_identification:_identify(src/laser_car_description) by extension 'colcon_pkg'
[0.878s] Level 1:colcon.colcon_core.package_identification:_identify(src/laser_car_description) by extensions ['colcon_meta']
[0.878s] Level 1:colcon.colcon_core.package_identification:_identify(src/laser_car_description) by extension 'colcon_meta'
[0.878s] Level 1:colcon.colcon_core.package_identification:_identify(src/laser_car_description) by extensions ['ros']
[0.878s] Level 1:colcon.colcon_core.package_identification:_identify(src/laser_car_description) by extension 'ros'
[0.881s] DEBUG:colcon.colcon_core.package_identification:Package 'src/laser_car_description' with type 'ros.ament_python' and name 'laser_car_description'
[0.881s] Level 1:colcon.colcon_core.package_identification:_identify(src/topic_text_video) by extensions ['ignore', 'ignore_ament_install']
[0.881s] Level 1:colcon.colcon_core.package_identification:_identify(src/topic_text_video) by extension 'ignore'
[0.881s] Level 1:colcon.colcon_core.package_identification:_identify(src/topic_text_video) by extension 'ignore_ament_install'
[0.881s] Level 1:colcon.colcon_core.package_identification:_identify(src/topic_text_video) by extensions ['colcon_pkg']
[0.881s] Level 1:colcon.colcon_core.package_identification:_identify(src/topic_text_video) by extension 'colcon_pkg'
[0.881s] Level 1:colcon.colcon_core.package_identification:_identify(src/topic_text_video) by extensions ['colcon_meta']
[0.882s] Level 1:colcon.colcon_core.package_identification:_identify(src/topic_text_video) by extension 'colcon_meta'
[0.882s] Level 1:colcon.colcon_core.package_identification:_identify(src/topic_text_video) by extensions ['ros']
[0.882s] Level 1:colcon.colcon_core.package_identification:_identify(src/topic_text_video) by extension 'ros'
[0.883s] DEBUG:colcon.colcon_core.package_identification:Package 'src/topic_text_video' with type 'ros.ament_python' and name 'topic_text_video'
[0.883s] Level 1:colcon.colcon_core.package_discovery:discover_packages(recursive) using defaults
[0.883s] Level 1:colcon.colcon_core.package_discovery:discover_packages(ignore) discover
[0.883s] Level 1:colcon.colcon_core.package_discovery:discover_packages(ignore) using defaults
[0.883s] Level 1:colcon.colcon_core.package_discovery:discover_packages(path) discover
[0.883s] Level 1:colcon.colcon_core.package_discovery:discover_packages(path) using defaults
[0.959s] Level 1:colcon.colcon_core.package_discovery:discover_packages(prefix_path) check parameters
[0.960s] Level 1:colcon.colcon_core.package_discovery:discover_packages(prefix_path) discover
[0.984s] DEBUG:colcon.colcon_installed_package_information.package_discovery:Found 2 installed packages in /home/ricardo/rm_ws/install
[0.997s] DEBUG:colcon.colcon_installed_package_information.package_discovery:Found 324 installed packages in /opt/ros/humble
[0.998s] Level 1:colcon.colcon_core.package_discovery:discover_packages(prefix_path) using defaults
[1.083s] Level 5:colcon.colcon_core.verb:set package 'laser_car_description' build argument 'cmake_args' from command line to 'None'
[1.083s] Level 5:colcon.colcon_core.verb:set package 'laser_car_description' build argument 'cmake_target' from command line to 'None'
[1.083s] Level 5:colcon.colcon_core.verb:set package 'laser_car_description' build argument 'cmake_target_skip_unavailable' from command line to 'False'
[1.083s] Level 5:colcon.colcon_core.verb:set package 'laser_car_description' build argument 'cmake_clean_cache' from command line to 'False'
[1.083s] Level 5:colcon.colcon_core.verb:set package 'laser_car_description' build argument 'cmake_clean_first' from command line to 'False'
[1.083s] Level 5:colcon.colcon_core.verb:set package 'laser_car_description' build argument 'cmake_force_configure' from command line to 'False'
[1.083s] Level 5:colcon.colcon_core.verb:set package 'laser_car_description' build argument 'ament_cmake_args' from command line to 'None'
[1.083s] Level 5:colcon.colcon_core.verb:set package 'laser_car_description' build argument 'catkin_cmake_args' from command line to 'None'
[1.083s] Level 5:colcon.colcon_core.verb:set package 'laser_car_description' build argument 'catkin_skip_building_tests' from command line to 'False'
[1.083s] DEBUG:colcon.colcon_core.verb:Building package 'laser_car_description' with the following arguments: {'ament_cmake_args': None, 'build_base': '/home/ricardo/rm_ws/build/laser_car_description', 'catkin_cmake_args': None, 'catkin_skip_building_tests': False, 'cmake_args': None, 'cmake_clean_cache': False, 'cmake_clean_first': False, 'cmake_force_configure': False, 'cmake_target': None, 'cmake_target_skip_unavailable': False, 'install_base': '/home/ricardo/rm_ws/install/laser_car_description', 'merge_install': False, 'path': '/home/ricardo/rm_ws/src/laser_car_description', 'symlink_install': False, 'test_result_base': None}
[1.097s] Level 5:colcon.colcon_core.verb:set package 'topic_text_video' build argument 'cmake_args' from command line to 'None'
[1.097s] Level 5:colcon.colcon_core.verb:set package 'topic_text_video' build argument 'cmake_target' from command line to 'None'
[1.097s] Level 5:colcon.colcon_core.verb:set package 'topic_text_video' build argument 'cmake_target_skip_unavailable' from command line to 'False'
[1.097s] Level 5:colcon.colcon_core.verb:set package 'topic_text_video' build argument 'cmake_clean_cache' from command line to 'False'
[1.097s] Level 5:colcon.colcon_core.verb:set package 'topic_text_video' build argument 'cmake_clean_first' from command line to 'False'
[1.097s] Level 5:colcon.colcon_core.verb:set package 'topic_text_video' build argument 'cmake_force_configure' from command line to 'False'
[1.097s] Level 5:colcon.colcon_core.verb:set package 'topic_text_video' build argument 'ament_cmake_args' from command line to 'None'
[1.097s] Level 5:colcon.colcon_core.verb:set package 'topic_text_video' build argument 'catkin_cmake_args' from command line to 'None'
[1.097s] Level 5:colcon.colcon_core.verb:set package 'topic_text_video' build argument 'catkin_skip_building_tests' from command line to 'False'
[1.097s] DEBUG:colcon.colcon_core.verb:Building package 'topic_text_video' with the following arguments: {'ament_cmake_args': None, 'build_base': '/home/ricardo/rm_ws/build/topic_text_video', 'catkin_cmake_args': None, 'catkin_skip_building_tests': False, 'cmake_args': None, 'cmake_clean_cache': False, 'cmake_clean_first': False, 'cmake_force_configure': False, 'cmake_target': None, 'cmake_target_skip_unavailable': False, 'install_base': '/home/ricardo/rm_ws/install/topic_text_video', 'merge_install': False, 'path': '/home/ricardo/rm_ws/src/topic_text_video', 'symlink_install': False, 'test_result_base': None}
[1.109s] INFO:colcon.colcon_core.executor:Executing jobs using 'parallel' executor
[1.123s] DEBUG:colcon.colcon_parallel_executor.executor.parallel:run_until_complete
[1.123s] INFO:colcon.colcon_ros.task.ament_python.build:Building ROS package in '/home/ricardo/rm_ws/src/laser_car_description' with build type 'ament_python'
[1.123s] Level 1:colcon.colcon_core.shell:create_environment_hook('laser_car_description', 'ament_prefix_path')
[1.142s] INFO:colcon.colcon_core.plugin_system:Skipping extension 'colcon_core.shell.bat': Not used on non-Windows systems
[1.143s] INFO:colcon.colcon_core.shell:Creating environment hook '/home/ricardo/rm_ws/install/laser_car_description/share/laser_car_description/hook/ament_prefix_path.ps1'
[1.143s] INFO:colcon.colcon_core.shell:Creating environment descriptor '/home/ricardo/rm_ws/install/laser_car_description/share/laser_car_description/hook/ament_prefix_path.dsv'
[1.144s] INFO:colcon.colcon_core.shell:Creating environment hook '/home/ricardo/rm_ws/install/laser_car_description/share/laser_car_description/hook/ament_prefix_path.sh'
[1.159s] INFO:colcon.colcon_core.shell:Skip shell extension 'powershell' for command environment: Not usable outside of PowerShell
[1.159s] DEBUG:colcon.colcon_core.shell:Skip shell extension 'dsv' for command environment
[1.204s] INFO:colcon.colcon_ros.task.ament_python.build:Building ROS package in '/home/ricardo/rm_ws/src/topic_text_video' with build type 'ament_python'
[1.204s] Level 1:colcon.colcon_core.shell:create_environment_hook('topic_text_video', 'ament_prefix_path')
[1.218s] INFO:colcon.colcon_core.shell:Creating environment hook '/home/ricardo/rm_ws/install/topic_text_video/share/topic_text_video/hook/ament_prefix_path.ps1'
[1.219s] INFO:colcon.colcon_core.shell:Creating environment descriptor '/home/ricardo/rm_ws/install/topic_text_video/share/topic_text_video/hook/ament_prefix_path.dsv'
[1.219s] INFO:colcon.colcon_core.shell:Creating environment hook '/home/ricardo/rm_ws/install/topic_text_video/share/topic_text_video/hook/ament_prefix_path.sh'
[1.233s] INFO:colcon.colcon_core.shell:Skip shell extension 'powershell' for command environment: Not usable outside of PowerShell
[1.234s] DEBUG:colcon.colcon_core.shell:Skip shell extension 'dsv' for command environment
[1.510s] INFO:colcon.colcon_core.task.python.build:Building Python package in '/home/ricardo/rm_ws/src/laser_car_description'
[1.524s] INFO:colcon.colcon_core.shell:Skip shell extension 'powershell' for command environment: Not usable outside of PowerShell
[1.524s] DEBUG:colcon.colcon_core.shell:Skip shell extension 'dsv' for command environment
[1.808s] INFO:colcon.colcon_core.task.python.build:Building Python package in '/home/ricardo/rm_ws/src/topic_text_video'
[1.821s] INFO:colcon.colcon_core.shell:Skip shell extension 'powershell' for command environment: Not usable outside of PowerShell
[1.821s] DEBUG:colcon.colcon_core.shell:Skip shell extension 'dsv' for command environment
[2.200s] DEBUG:colcon.colcon_core.event_handler.log_command:Invoking command in '/home/ricardo/rm_ws/src/laser_car_description': PYTHONPATH=/home/ricardo/rm_ws/build/laser_car_description/prefix_override:/home/ricardo/rm_ws/install/laser_car_description/lib/python3.10/site-packages:${PYTHONPATH} /usr/bin/python3 setup.py egg_info --egg-base ../../build/laser_car_description build --build-base /home/ricardo/rm_ws/build/laser_car_description/build install --record /home/ricardo/rm_ws/build/laser_car_description/install.log --single-version-externally-managed
[2.211s] DEBUG:colcon.colcon_core.event_handler.log_command:Invoking command in '/home/ricardo/rm_ws/src/topic_text_video': PYTHONPATH=/home/ricardo/rm_ws/build/topic_text_video/prefix_override:/home/ricardo/rm_ws/install/topic_text_video/lib/python3.10/site-packages:${PYTHONPATH} /usr/bin/python3 setup.py egg_info --egg-base ../../build/topic_text_video build --build-base /home/ricardo/rm_ws/build/topic_text_video/build install --record /home/ricardo/rm_ws/build/topic_text_video/install.log --single-version-externally-managed
[2.465s] DEBUG:colcon.colcon_core.event_handler.log_command:Invoked command in '/home/ricardo/rm_ws/src/laser_car_description' returned '0': PYTHONPATH=/home/ricardo/rm_ws/build/laser_car_description/prefix_override:/home/ricardo/rm_ws/install/laser_car_description/lib/python3.10/site-packages:${PYTHONPATH} /usr/bin/python3 setup.py egg_info --egg-base ../../build/laser_car_description build --build-base /home/ricardo/rm_ws/build/laser_car_description/build install --record /home/ricardo/rm_ws/build/laser_car_description/install.log --single-version-externally-managed
[2.480s] Level 1:colcon.colcon_core.environment:checking '/home/ricardo/rm_ws/install/laser_car_description' for CMake module files
[2.480s] Level 1:colcon.colcon_core.environment:checking '/home/ricardo/rm_ws/install/laser_car_description' for CMake config files
[2.481s] Level 1:colcon.colcon_core.environment:checking '/home/ricardo/rm_ws/install/laser_car_description/lib'
[2.481s] Level 1:colcon.colcon_core.environment:checking '/home/ricardo/rm_ws/install/laser_car_description/bin'
[2.482s] Level 1:colcon.colcon_core.environment:checking '/home/ricardo/rm_ws/install/laser_car_description/lib/pkgconfig/laser_car_description.pc'
[2.482s] Level 1:colcon.colcon_core.environment:checking '/home/ricardo/rm_ws/install/laser_car_description/lib/python3.10/site-packages'
[2.482s] Level 1:colcon.colcon_core.shell:create_environment_hook('laser_car_description', 'pythonpath')
[2.494s] INFO:colcon.colcon_core.shell:Creating environment hook '/home/ricardo/rm_ws/install/laser_car_description/share/laser_car_description/hook/pythonpath.ps1'
[2.495s] INFO:colcon.colcon_core.shell:Creating environment descriptor '/home/ricardo/rm_ws/install/laser_car_description/share/laser_car_description/hook/pythonpath.dsv'
[2.496s] INFO:colcon.colcon_core.shell:Creating environment hook '/home/ricardo/rm_ws/install/laser_car_description/share/laser_car_description/hook/pythonpath.sh'
[2.498s] Level 1:colcon.colcon_core.environment:checking '/home/ricardo/rm_ws/install/laser_car_description/bin'
[2.498s] Level 1:colcon.colcon_core.environment:create_environment_scripts_only(laser_car_description)
[2.509s] INFO:colcon.colcon_core.shell:Creating package script '/home/ricardo/rm_ws/install/laser_car_description/share/laser_car_description/package.ps1'
[2.511s] INFO:colcon.colcon_core.shell:Creating package descriptor '/home/ricardo/rm_ws/install/laser_car_description/share/laser_car_description/package.dsv'
[2.512s] INFO:colcon.colcon_core.shell:Creating package script '/home/ricardo/rm_ws/install/laser_car_description/share/laser_car_description/package.sh'
[2.514s] INFO:colcon.colcon_core.shell:Creating package script '/home/ricardo/rm_ws/install/laser_car_description/share/laser_car_description/package.bash'
[2.515s] INFO:colcon.colcon_core.shell:Creating package script '/home/ricardo/rm_ws/install/laser_car_description/share/laser_car_description/package.zsh'
[2.516s] Level 1:colcon.colcon_core.environment:create_file_with_runtime_dependencies(/home/ricardo/rm_ws/install/laser_car_description/share/colcon-core/packages/laser_car_description)
[2.520s] DEBUG:colcon.colcon_core.event_handler.log_command:Invoked command in '/home/ricardo/rm_ws/src/topic_text_video' returned '0': PYTHONPATH=/home/ricardo/rm_ws/build/topic_text_video/prefix_override:/home/ricardo/rm_ws/install/topic_text_video/lib/python3.10/site-packages:${PYTHONPATH} /usr/bin/python3 setup.py egg_info --egg-base ../../build/topic_text_video build --build-base /home/ricardo/rm_ws/build/topic_text_video/build install --record /home/ricardo/rm_ws/build/topic_text_video/install.log --single-version-externally-managed
[2.532s] Level 1:colcon.colcon_core.environment:checking '/home/ricardo/rm_ws/install/topic_text_video' for CMake module files
[2.532s] Level 1:colcon.colcon_core.environment:checking '/home/ricardo/rm_ws/install/topic_text_video' for CMake config files
[2.533s] Level 1:colcon.colcon_core.environment:checking '/home/ricardo/rm_ws/install/topic_text_video/lib'
[2.533s] Level 1:colcon.colcon_core.environment:checking '/home/ricardo/rm_ws/install/topic_text_video/bin'
[2.533s] Level 1:colcon.colcon_core.environment:checking '/home/ricardo/rm_ws/install/topic_text_video/lib/pkgconfig/topic_text_video.pc'
[2.534s] Level 1:colcon.colcon_core.environment:checking '/home/ricardo/rm_ws/install/topic_text_video/lib/python3.10/site-packages'
[2.534s] Level 1:colcon.colcon_core.shell:create_environment_hook('topic_text_video', 'pythonpath')
[2.548s] INFO:colcon.colcon_core.shell:Creating environment hook '/home/ricardo/rm_ws/install/topic_text_video/share/topic_text_video/hook/pythonpath.ps1'
[2.549s] INFO:colcon.colcon_core.shell:Creating environment descriptor '/home/ricardo/rm_ws/install/topic_text_video/share/topic_text_video/hook/pythonpath.dsv'
[2.550s] INFO:colcon.colcon_core.shell:Creating environment hook '/home/ricardo/rm_ws/install/topic_text_video/share/topic_text_video/hook/pythonpath.sh'
[2.551s] Level 1:colcon.colcon_core.environment:checking '/home/ricardo/rm_ws/install/topic_text_video/bin'
[2.551s] Level 1:colcon.colcon_core.environment:create_environment_scripts_only(topic_text_video)
[2.563s] INFO:colcon.colcon_core.shell:Creating package script '/home/ricardo/rm_ws/install/topic_text_video/share/topic_text_video/package.ps1'
[2.564s] INFO:colcon.colcon_core.shell:Creating package descriptor '/home/ricardo/rm_ws/install/topic_text_video/share/topic_text_video/package.dsv'
[2.565s] INFO:colcon.colcon_core.shell:Creating package script '/home/ricardo/rm_ws/install/topic_text_video/share/topic_text_video/package.sh'
[2.566s] INFO:colcon.colcon_core.shell:Creating package script '/home/ricardo/rm_ws/install/topic_text_video/share/topic_text_video/package.bash'
[2.566s] INFO:colcon.colcon_core.shell:Creating package script '/home/ricardo/rm_ws/install/topic_text_video/share/topic_text_video/package.zsh'
[2.567s] Level 1:colcon.colcon_core.environment:create_file_with_runtime_dependencies(/home/ricardo/rm_ws/install/topic_text_video/share/colcon-core/packages/topic_text_video)
[2.568s] DEBUG:colcon.colcon_parallel_executor.executor.parallel:closing loop
[2.568s] DEBUG:colcon.colcon_parallel_executor.executor.parallel:loop closed
[2.568s] DEBUG:colcon.colcon_parallel_executor.executor.parallel:run_until_complete finished with '0'
[2.568s] DEBUG:colcon.colcon_core.event_reactor:joining thread
[2.586s] INFO:colcon.colcon_core.plugin_system:Skipping extension 'colcon_notification.desktop_notification.terminal_notifier': Not used on non-Darwin systems
[2.586s] INFO:colcon.colcon_core.plugin_system:Skipping extension 'colcon_notification.desktop_notification.win32': Not used on non-Windows systems
[2.586s] INFO:colcon.colcon_notification.desktop_notification:Sending desktop notification using 'notify2'
[2.603s] DEBUG:colcon.colcon_core.event_reactor:joined thread
[2.616s] INFO:colcon.colcon_core.shell:Creating prefix script '/home/ricardo/rm_ws/install/local_setup.ps1'
[2.617s] INFO:colcon.colcon_core.shell:Creating prefix util module '/home/ricardo/rm_ws/install/_local_setup_util_ps1.py'
[2.619s] INFO:colcon.colcon_core.shell:Creating prefix chain script '/home/ricardo/rm_ws/install/setup.ps1'
[2.635s] INFO:colcon.colcon_core.shell:Creating prefix script '/home/ricardo/rm_ws/install/local_setup.sh'
[2.636s] INFO:colcon.colcon_core.shell:Creating prefix util module '/home/ricardo/rm_ws/install/_local_setup_util_sh.py'
[2.637s] INFO:colcon.colcon_core.shell:Creating prefix chain script '/home/ricardo/rm_ws/install/setup.sh'
[2.650s] INFO:colcon.colcon_core.shell:Creating prefix script '/home/ricardo/rm_ws/install/local_setup.bash'
[2.651s] INFO:colcon.colcon_core.shell:Creating prefix chain script '/home/ricardo/rm_ws/install/setup.bash'
[2.665s] INFO:colcon.colcon_core.shell:Creating prefix script '/home/ricardo/rm_ws/install/local_setup.zsh'
[2.666s] INFO:colcon.colcon_core.shell:Creating prefix chain script '/home/ricardo/rm_ws/install/setup.zsh'
