[0.252s] Invoking command in '/home/ricardo/rm_ws/build/nav2_mppi_controller': AMENT_PREFIX_PATH=/home/ricardo/rm_ws/install/nav2_core:/home/ricardo/rm_ws/install/nav2_costmap_2d:/home/ricardo/rm_ws/install/nav2_util:/home/ricardo/rm_ws/install/nav2_voxel_grid:/home/ricardo/rm_ws/install/nav2_msgs:/home/ricardo/rm_ws/install/nav2_common:${AMENT_PREFIX_PATH} CMAKE_PREFIX_PATH=/home/ricardo/rm_ws/install/nav2_core:/home/ricardo/rm_ws/install/nav2_costmap_2d:/home/ricardo/rm_ws/install/nav2_util:/home/ricardo/rm_ws/install/nav2_voxel_grid:/home/ricardo/rm_ws/install/nav2_msgs:/home/ricardo/rm_ws/install/nav2_common:/home/ricardo/rm_ws/install/laser_car_cartographer:/home/ricardo/rm_ws/install/cartographer_ros:/home/ricardo/rm_ws/install/cartographer_ros_msgs:/home/ricardo/rm_ws/install/cartographer:/home/ricardo/rm_ws/install/topic_text_video:/home/ricardo/rm_ws/install/laser_car_description:/opt/ros/humble LD_LIBRARY_PATH=/home/ricardo/rm_ws/install/nav2_costmap_2d/lib:/home/ricardo/rm_ws/install/nav2_util/lib:/home/ricardo/rm_ws/install/nav2_voxel_grid/lib:/home/ricardo/rm_ws/install/nav2_msgs/lib:${LD_LIBRARY_PATH} PYTHONPATH=/home/ricardo/rm_ws/install/nav2_msgs/local/lib/python3.10/dist-packages:/home/ricardo/rm_ws/install/nav2_common/local/lib/python3.10/dist-packages:${PYTHONPATH} /usr/bin/cmake /home/ricardo/rm_ws/src/navigation2/nav2_mppi_controller -DCMAKE_INSTALL_PREFIX=/home/ricardo/rm_ws/install/nav2_mppi_controller
[14.344s] -- The C compiler identification is GNU 11.4.0
[14.347s] -- The CXX compiler identification is GNU 11.4.0
[14.348s] -- Detecting C compiler ABI info
[14.348s] -- Detecting C compiler ABI info - done
[14.348s] -- Check for working C compiler: /usr/bin/cc - skipped
[14.348s] -- Detecting C compile features
[14.348s] -- Detecting C compile features - done
[14.348s] -- Detecting CXX compiler ABI info
[14.348s] -- Detecting CXX compiler ABI info - done
[14.348s] -- Check for working CXX compiler: /usr/bin/c++ - skipped
[14.348s] -- Detecting CXX compile features
[14.348s] -- Detecting CXX compile features - done
[14.348s] -- Found ament_cmake: 1.3.6 (/opt/ros/humble/share/ament_cmake/cmake)
[14.348s] -- Found Python3: /usr/bin/python3.10 (found version "3.10.12") found components: Interpreter 
[14.348s] -- Performing Test arch_native_supported
[14.348s] -- Performing Test arch_native_supported - Success
[14.348s] -- Found rclcpp: 16.0.7 (/opt/ros/humble/share/rclcpp/cmake)
[14.348s] -- Found rosidl_generator_c: 3.1.5 (/opt/ros/humble/share/rosidl_generator_c/cmake)
[14.348s] -- Found rosidl_adapter: 3.1.5 (/opt/ros/humble/share/rosidl_adapter/cmake)
[14.348s] -- Found rosidl_generator_cpp: 3.1.5 (/opt/ros/humble/share/rosidl_generator_cpp/cmake)
[14.348s] -- Using all available rosidl_typesupport_c: rosidl_typesupport_fastrtps_c;rosidl_typesupport_introspection_c
[14.348s] -- Using all available rosidl_typesupport_cpp: rosidl_typesupport_fastrtps_cpp;rosidl_typesupport_introspection_cpp
[14.348s] -- Found rmw_implementation_cmake: 6.1.1 (/opt/ros/humble/share/rmw_implementation_cmake/cmake)
[14.348s] -- Found rmw_fastrtps_cpp: 6.2.5 (/opt/ros/humble/share/rmw_fastrtps_cpp/cmake)
[14.348s] -- Found OpenSSL: /usr/lib/x86_64-linux-gnu/libcrypto.so (found version "3.0.2")  
[14.349s] -- Found FastRTPS: /opt/ros/humble/include  
[14.349s] -- Using RMW implementation 'rmw_fastrtps_cpp' as default
[14.349s] -- Looking for pthread.h
[14.349s] -- Looking for pthread.h - found
[14.349s] -- Performing Test CMAKE_HAVE_LIBC_PTHREAD
[14.349s] -- Performing Test CMAKE_HAVE_LIBC_PTHREAD - Success
[14.349s] -- Found Threads: TRUE  
[14.349s] -- Found nav2_common: 1.1.12 (/home/ricardo/rm_ws/install/nav2_common/share/nav2_common/cmake)
[14.349s] -- Found pluginlib: 5.1.0 (/opt/ros/humble/share/pluginlib/cmake)
[14.349s] -- Found tf2: 0.25.5 (/opt/ros/humble/share/tf2/cmake)
[14.349s] -- Found visualization_msgs: 4.2.3 (/opt/ros/humble/share/visualization_msgs/cmake)
[14.349s] -- Found nav_msgs: 4.2.3 (/opt/ros/humble/share/nav_msgs/cmake)
[14.349s] -- Found nav2_core: 1.1.12 (/home/ricardo/rm_ws/install/nav2_core/share/nav2_core/cmake)
[14.349s] -- Found Eigen3: TRUE (found version "3.4.0") 
[14.349s] -- Ensuring Eigen3 include directory is part of orocos-kdl CMake target
[14.349s] -- Found tf2_eigen: 0.25.5 (/opt/ros/humble/share/tf2_eigen/cmake)
[14.349s] -- Setting build type to Release as none was specified.
[14.349s] -- Performing Test COMPILER_SUPPORTS_AVX512
[14.349s] -- Performing Test COMPILER_SUPPORTS_AVX512 - Success
[14.349s] -- Performing Test COMPILER_SUPPORTS_SSE4
[14.349s] -- Performing Test COMPILER_SUPPORTS_SSE4 - Success
[14.349s] -- Performing Test COMPILER_SUPPORTS_AVX2
[14.350s] -- Performing Test COMPILER_SUPPORTS_AVX2 - Success
[14.350s] -- Performing Test COMPILER_SUPPORTS_FMA
[14.350s] -- Performing Test COMPILER_SUPPORTS_FMA - Success
[17.301s] -- Found ament_lint_auto: 0.12.9 (/opt/ros/humble/share/ament_lint_auto/cmake)
[17.304s] -- Found ament_cmake_gtest: 1.3.6 (/opt/ros/humble/share/ament_cmake_gtest/cmake)
[17.435s] -- Found gtest sources under '/opt/ros/humble/src/gtest_vendor': C++ tests using 'Google Test' will be built
[79.301s] -- Added test 'cppcheck' to perform static code analysis on C / C++ code
[79.302s] -- Configured cppcheck include dirs: /home/ricardo/rm_ws/src/navigation2/nav2_mppi_controller/include
[79.302s] -- Configured cppcheck exclude dirs and/or files: 
[79.307s] -- Added test 'cpplint' to check C / C++ code against the Google style
[79.307s] -- Configured cpplint exclude dirs and/or files: 
[79.310s] -- Added test 'lint_cmake' to check CMake code style
[79.315s] -- Added test 'uncrustify' to check C / C++ code style
[79.315s] -- Configured uncrustify additional arguments: 
[79.317s] -- Added test 'xmllint' to check XML markup files
[79.323s] -- Configuring done
[79.981s] -- Generating done
[79.986s] -- Build files have been written to: /home/ricardo/rm_ws/build/nav2_mppi_controller
[80.025s] Invoked command in '/home/ricardo/rm_ws/build/nav2_mppi_controller' returned '0': AMENT_PREFIX_PATH=/home/ricardo/rm_ws/install/nav2_core:/home/ricardo/rm_ws/install/nav2_costmap_2d:/home/ricardo/rm_ws/install/nav2_util:/home/ricardo/rm_ws/install/nav2_voxel_grid:/home/ricardo/rm_ws/install/nav2_msgs:/home/ricardo/rm_ws/install/nav2_common:${AMENT_PREFIX_PATH} CMAKE_PREFIX_PATH=/home/ricardo/rm_ws/install/nav2_core:/home/ricardo/rm_ws/install/nav2_costmap_2d:/home/ricardo/rm_ws/install/nav2_util:/home/ricardo/rm_ws/install/nav2_voxel_grid:/home/ricardo/rm_ws/install/nav2_msgs:/home/ricardo/rm_ws/install/nav2_common:/home/ricardo/rm_ws/install/laser_car_cartographer:/home/ricardo/rm_ws/install/cartographer_ros:/home/ricardo/rm_ws/install/cartographer_ros_msgs:/home/ricardo/rm_ws/install/cartographer:/home/ricardo/rm_ws/install/topic_text_video:/home/ricardo/rm_ws/install/laser_car_description:/opt/ros/humble LD_LIBRARY_PATH=/home/ricardo/rm_ws/install/nav2_costmap_2d/lib:/home/ricardo/rm_ws/install/nav2_util/lib:/home/ricardo/rm_ws/install/nav2_voxel_grid/lib:/home/ricardo/rm_ws/install/nav2_msgs/lib:${LD_LIBRARY_PATH} PYTHONPATH=/home/ricardo/rm_ws/install/nav2_msgs/local/lib/python3.10/dist-packages:/home/ricardo/rm_ws/install/nav2_common/local/lib/python3.10/dist-packages:${PYTHONPATH} /usr/bin/cmake /home/ricardo/rm_ws/src/navigation2/nav2_mppi_controller -DCMAKE_INSTALL_PREFIX=/home/ricardo/rm_ws/install/nav2_mppi_controller
[80.026s] Invoking command in '/home/ricardo/rm_ws/build/nav2_mppi_controller': AMENT_PREFIX_PATH=/home/ricardo/rm_ws/install/nav2_core:/home/ricardo/rm_ws/install/nav2_costmap_2d:/home/ricardo/rm_ws/install/nav2_util:/home/ricardo/rm_ws/install/nav2_voxel_grid:/home/ricardo/rm_ws/install/nav2_msgs:/home/ricardo/rm_ws/install/nav2_common:${AMENT_PREFIX_PATH} CMAKE_PREFIX_PATH=/home/ricardo/rm_ws/install/nav2_core:/home/ricardo/rm_ws/install/nav2_costmap_2d:/home/ricardo/rm_ws/install/nav2_util:/home/ricardo/rm_ws/install/nav2_voxel_grid:/home/ricardo/rm_ws/install/nav2_msgs:/home/ricardo/rm_ws/install/nav2_common:/home/ricardo/rm_ws/install/laser_car_cartographer:/home/ricardo/rm_ws/install/cartographer_ros:/home/ricardo/rm_ws/install/cartographer_ros_msgs:/home/ricardo/rm_ws/install/cartographer:/home/ricardo/rm_ws/install/topic_text_video:/home/ricardo/rm_ws/install/laser_car_description:/opt/ros/humble LD_LIBRARY_PATH=/home/ricardo/rm_ws/install/nav2_costmap_2d/lib:/home/ricardo/rm_ws/install/nav2_util/lib:/home/ricardo/rm_ws/install/nav2_voxel_grid/lib:/home/ricardo/rm_ws/install/nav2_msgs/lib:${LD_LIBRARY_PATH} PYTHONPATH=/home/ricardo/rm_ws/install/nav2_msgs/local/lib/python3.10/dist-packages:/home/ricardo/rm_ws/install/nav2_common/local/lib/python3.10/dist-packages:${PYTHONPATH} /usr/bin/cmake --build /home/ricardo/rm_ws/build/nav2_mppi_controller -- -j8 -l8
[84.521s] [  2%] [32mBuilding CXX object CMakeFiles/mppi_controller.dir/src/controller.cpp.o[0m
[92.176s] [  4%] [32mBuilding CXX object CMakeFiles/mppi_controller.dir/src/path_handler.cpp.o[0m
[93.224s] [  6%] [32mBuilding CXX object CMakeFiles/mppi_controller.dir/src/trajectory_visualizer.cpp.o[0m
[94.292s] [  8%] [32mBuilding CXX object CMakeFiles/mppi_controller.dir/src/critic_manager.cpp.o[0m
[95.356s] [ 10%] [32mBuilding CXX object CMakeFiles/mppi_controller.dir/src/optimizer.cpp.o[0m
[142.359s] [ 12%] [32mBuilding CXX object CMakeFiles/mppi_controller.dir/src/noise_generator.cpp.o[0m
[150.250s] [ 14%] [32mBuilding CXX object CMakeFiles/mppi_controller.dir/src/parameters_handler.cpp.o[0m
[155.349s] [ 17%] [32m[1mLinking CXX shared library libmppi_controller.so[0m
[156.027s] [ 17%] Built target mppi_controller
[156.070s] [ 19%] [32mBuilding CXX object gtest/CMakeFiles/gtest.dir/src/gtest-all.cc.o[0m
[166.389s] [ 21%] [32m[1mLinking CXX static library libgtest.a[0m
[166.471s] [ 21%] Built target gtest
[166.515s] [ 23%] [32mBuilding CXX object gtest/CMakeFiles/gtest_main.dir/src/gtest_main.cc.o[0m
[167.911s] [ 25%] [32m[1mLinking CXX static library libgtest_main.a[0m
[167.961s] [ 25%] Built target gtest_main
[168.007s] [ 27%] [32mBuilding CXX object CMakeFiles/mppi_critics.dir/src/critics/obstacles_critic.cpp.o[0m
[183.369s] [ 29%] [32mBuilding CXX object CMakeFiles/mppi_critics.dir/src/critics/goal_critic.cpp.o[0m
[198.272s] [ 31%] [32mBuilding CXX object CMakeFiles/mppi_critics.dir/src/critics/goal_angle_critic.cpp.o[0m
[213.475s] [ 34%] [32mBuilding CXX object CMakeFiles/mppi_critics.dir/src/critics/path_align_critic.cpp.o[0m
[228.075s] [ 36%] [32mBuilding CXX object CMakeFiles/mppi_critics.dir/src/critics/path_align_legacy_critic.cpp.o[0m
[241.779s] [ 38%] [32mBuilding CXX object CMakeFiles/mppi_critics.dir/src/critics/path_follow_critic.cpp.o[0m
[254.826s] [ 40%] [32mBuilding CXX object CMakeFiles/mppi_critics.dir/src/critics/path_angle_critic.cpp.o[0m
[269.757s] [ 42%] [32mBuilding CXX object CMakeFiles/mppi_critics.dir/src/critics/prefer_forward_critic.cpp.o[0m
[272.174s] [ 44%] [32mBuilding CXX object test/CMakeFiles/trajectory_visualizer_tests.dir/trajectory_visualizer_tests.cpp.o[0m
[274.264s] [ 46%] [32mBuilding CXX object test/CMakeFiles/motion_model_tests.dir/motion_model_tests.cpp.o[0m
[276.351s] [ 48%] [32mBuilding CXX object test/CMakeFiles/parameter_handler_test.dir/parameter_handler_test.cpp.o[0m
[287.403s] [ 51%] [32mBuilding CXX object CMakeFiles/mppi_critics.dir/src/critics/twirling_critic.cpp.o[0m
[287.465s] [ 53%] [32m[1mLinking CXX executable parameter_handler_test[0m
[288.337s] [ 53%] Built target parameter_handler_test
[291.651s] [ 55%] [32m[1mLinking CXX executable motion_model_tests[0m
[292.264s] [ 55%] Built target motion_model_tests
[299.706s] [ 57%] [32mBuilding CXX object CMakeFiles/mppi_critics.dir/src/critics/constraint_critic.cpp.o[0m
[302.316s] [ 59%] [32mBuilding CXX object test/CMakeFiles/path_handler_test.dir/path_handler_test.cpp.o[0m
[304.341s] [ 61%] [32mBuilding CXX object test/CMakeFiles/utils_test.dir/utils_test.cpp.o[0m
[306.237s] [ 63%] [32m[1mLinking CXX executable trajectory_visualizer_tests[0m
[306.368s] [ 65%] [32mBuilding CXX object test/CMakeFiles/noise_generator_test.dir/noise_generator_test.cpp.o[0m
[306.864s] [ 65%] Built target trajectory_visualizer_tests
[306.905s] [ 68%] [32mBuilding CXX object test/CMakeFiles/models_test.dir/models_test.cpp.o[0m
[307.927s] [ 70%] [32mBuilding CXX object test/CMakeFiles/critic_manager_test.dir/critic_manager_test.cpp.o[0m
[308.954s] [ 72%] [32mBuilding CXX object test/CMakeFiles/controller_state_transition_test.dir/controller_state_transition_test.cpp.o[0m
[310.086s] [ 74%] [32mBuilding CXX object test/CMakeFiles/optimizer_smoke_test.dir/optimizer_smoke_test.cpp.o[0m
[313.509s] [ 76%] [32m[1mLinking CXX executable path_handler_test[0m
[314.516s] [ 76%] Built target path_handler_test
[314.658s] [ 78%] [32mBuilding CXX object test/CMakeFiles/optimizer_unit_tests.dir/optimizer_unit_tests.cpp.o[0m
[315.339s] [ 80%] [32m[1mLinking CXX shared library libmppi_critics.so[0m
[316.209s] [ 80%] Built target mppi_critics
[316.246s] [ 82%] [32mBuilding CXX object test/CMakeFiles/critics_tests.dir/critics_tests.cpp.o[0m
[317.962s] [ 85%] [32m[1mLinking CXX executable noise_generator_test[0m
[318.576s] [ 87%] [32m[1mLinking CXX executable models_test[0m
[318.592s] [ 87%] Built target noise_generator_test
[319.168s] [ 87%] Built target models_test
[324.609s] [ 89%] [32m[1mLinking CXX executable utils_test[0m
[325.393s] [ 89%] Built target utils_test
[328.918s] [ 91%] [32m[1mLinking CXX executable critic_manager_test[0m
[329.799s] [ 91%] Built target critic_manager_test
[330.085s] [ 93%] [32m[1mLinking CXX executable controller_state_transition_test[0m
[331.127s] [ 93%] Built target controller_state_transition_test
[332.924s] [ 95%] [32m[1mLinking CXX executable optimizer_smoke_test[0m
[334.373s] [ 95%] Built target optimizer_smoke_test
[345.493s] [ 97%] [32m[1mLinking CXX executable optimizer_unit_tests[0m
[346.815s] [ 97%] Built target optimizer_unit_tests
[346.876s] [100%] [32m[1mLinking CXX executable critics_tests[0m
[347.603s] [100%] Built target critics_tests
[347.745s] Invoked command in '/home/ricardo/rm_ws/build/nav2_mppi_controller' returned '0': AMENT_PREFIX_PATH=/home/ricardo/rm_ws/install/nav2_core:/home/ricardo/rm_ws/install/nav2_costmap_2d:/home/ricardo/rm_ws/install/nav2_util:/home/ricardo/rm_ws/install/nav2_voxel_grid:/home/ricardo/rm_ws/install/nav2_msgs:/home/ricardo/rm_ws/install/nav2_common:${AMENT_PREFIX_PATH} CMAKE_PREFIX_PATH=/home/ricardo/rm_ws/install/nav2_core:/home/ricardo/rm_ws/install/nav2_costmap_2d:/home/ricardo/rm_ws/install/nav2_util:/home/ricardo/rm_ws/install/nav2_voxel_grid:/home/ricardo/rm_ws/install/nav2_msgs:/home/ricardo/rm_ws/install/nav2_common:/home/ricardo/rm_ws/install/laser_car_cartographer:/home/ricardo/rm_ws/install/cartographer_ros:/home/ricardo/rm_ws/install/cartographer_ros_msgs:/home/ricardo/rm_ws/install/cartographer:/home/ricardo/rm_ws/install/topic_text_video:/home/ricardo/rm_ws/install/laser_car_description:/opt/ros/humble LD_LIBRARY_PATH=/home/ricardo/rm_ws/install/nav2_costmap_2d/lib:/home/ricardo/rm_ws/install/nav2_util/lib:/home/ricardo/rm_ws/install/nav2_voxel_grid/lib:/home/ricardo/rm_ws/install/nav2_msgs/lib:${LD_LIBRARY_PATH} PYTHONPATH=/home/ricardo/rm_ws/install/nav2_msgs/local/lib/python3.10/dist-packages:/home/ricardo/rm_ws/install/nav2_common/local/lib/python3.10/dist-packages:${PYTHONPATH} /usr/bin/cmake --build /home/ricardo/rm_ws/build/nav2_mppi_controller -- -j8 -l8
[347.945s] Invoking command in '/home/ricardo/rm_ws/build/nav2_mppi_controller': AMENT_PREFIX_PATH=/home/ricardo/rm_ws/install/nav2_core:/home/ricardo/rm_ws/install/nav2_costmap_2d:/home/ricardo/rm_ws/install/nav2_util:/home/ricardo/rm_ws/install/nav2_voxel_grid:/home/ricardo/rm_ws/install/nav2_msgs:/home/ricardo/rm_ws/install/nav2_common:${AMENT_PREFIX_PATH} CMAKE_PREFIX_PATH=/home/ricardo/rm_ws/install/nav2_core:/home/ricardo/rm_ws/install/nav2_costmap_2d:/home/ricardo/rm_ws/install/nav2_util:/home/ricardo/rm_ws/install/nav2_voxel_grid:/home/ricardo/rm_ws/install/nav2_msgs:/home/ricardo/rm_ws/install/nav2_common:/home/ricardo/rm_ws/install/laser_car_cartographer:/home/ricardo/rm_ws/install/cartographer_ros:/home/ricardo/rm_ws/install/cartographer_ros_msgs:/home/ricardo/rm_ws/install/cartographer:/home/ricardo/rm_ws/install/topic_text_video:/home/ricardo/rm_ws/install/laser_car_description:/opt/ros/humble LD_LIBRARY_PATH=/home/ricardo/rm_ws/install/nav2_costmap_2d/lib:/home/ricardo/rm_ws/install/nav2_util/lib:/home/ricardo/rm_ws/install/nav2_voxel_grid/lib:/home/ricardo/rm_ws/install/nav2_msgs/lib:${LD_LIBRARY_PATH} PYTHONPATH=/home/ricardo/rm_ws/install/nav2_msgs/local/lib/python3.10/dist-packages:/home/ricardo/rm_ws/install/nav2_common/local/lib/python3.10/dist-packages:${PYTHONPATH} /usr/bin/cmake --install /home/ricardo/rm_ws/build/nav2_mppi_controller
[347.954s] -- Install configuration: "Release"
[347.956s] -- Installing: /home/ricardo/rm_ws/install/nav2_mppi_controller/lib/libmppi_controller.so
[347.960s] -- Set runtime path of "/home/ricardo/rm_ws/install/nav2_mppi_controller/lib/libmppi_controller.so" to ""
[347.960s] -- Installing: /home/ricardo/rm_ws/install/nav2_mppi_controller/lib/libmppi_critics.so
[347.962s] -- Set runtime path of "/home/ricardo/rm_ws/install/nav2_mppi_controller/lib/libmppi_critics.so" to ""
[347.963s] -- Installing: /home/ricardo/rm_ws/install/nav2_mppi_controller/include/
[347.964s] -- Installing: /home/ricardo/rm_ws/install/nav2_mppi_controller/include//nav2_mppi_controller
[347.964s] -- Installing: /home/ricardo/rm_ws/install/nav2_mppi_controller/include//nav2_mppi_controller/motion_models.hpp
[347.965s] -- Installing: /home/ricardo/rm_ws/install/nav2_mppi_controller/include//nav2_mppi_controller/optimizer.hpp
[347.965s] -- Installing: /home/ricardo/rm_ws/install/nav2_mppi_controller/include//nav2_mppi_controller/critic_manager.hpp
[347.965s] -- Installing: /home/ricardo/rm_ws/install/nav2_mppi_controller/include//nav2_mppi_controller/tools
[347.966s] -- Installing: /home/ricardo/rm_ws/install/nav2_mppi_controller/include//nav2_mppi_controller/tools/trajectory_visualizer.hpp
[347.967s] -- Installing: /home/ricardo/rm_ws/install/nav2_mppi_controller/include//nav2_mppi_controller/tools/utils.hpp
[347.968s] -- Installing: /home/ricardo/rm_ws/install/nav2_mppi_controller/include//nav2_mppi_controller/tools/noise_generator.hpp
[347.969s] -- Installing: /home/ricardo/rm_ws/install/nav2_mppi_controller/include//nav2_mppi_controller/tools/parameters_handler.hpp
[347.970s] -- Installing: /home/ricardo/rm_ws/install/nav2_mppi_controller/include//nav2_mppi_controller/tools/path_handler.hpp
[347.970s] -- Installing: /home/ricardo/rm_ws/install/nav2_mppi_controller/include//nav2_mppi_controller/models
[347.970s] -- Installing: /home/ricardo/rm_ws/install/nav2_mppi_controller/include//nav2_mppi_controller/models/constraints.hpp
[347.971s] -- Installing: /home/ricardo/rm_ws/install/nav2_mppi_controller/include//nav2_mppi_controller/models/path.hpp
[347.972s] -- Installing: /home/ricardo/rm_ws/install/nav2_mppi_controller/include//nav2_mppi_controller/models/optimizer_settings.hpp
[347.973s] -- Installing: /home/ricardo/rm_ws/install/nav2_mppi_controller/include//nav2_mppi_controller/models/control_sequence.hpp
[347.973s] -- Installing: /home/ricardo/rm_ws/install/nav2_mppi_controller/include//nav2_mppi_controller/models/trajectories.hpp
[347.973s] -- Installing: /home/ricardo/rm_ws/install/nav2_mppi_controller/include//nav2_mppi_controller/models/state.hpp
[347.974s] -- Installing: /home/ricardo/rm_ws/install/nav2_mppi_controller/include//nav2_mppi_controller/critic_function.hpp
[347.975s] -- Installing: /home/ricardo/rm_ws/install/nav2_mppi_controller/include//nav2_mppi_controller/critic_data.hpp
[347.976s] -- Installing: /home/ricardo/rm_ws/install/nav2_mppi_controller/include//nav2_mppi_controller/controller.hpp
[347.976s] -- Installing: /home/ricardo/rm_ws/install/nav2_mppi_controller/include//nav2_mppi_controller/critics
[347.976s] -- Installing: /home/ricardo/rm_ws/install/nav2_mppi_controller/include//nav2_mppi_controller/critics/twirling_critic.hpp
[347.976s] -- Installing: /home/ricardo/rm_ws/install/nav2_mppi_controller/include//nav2_mppi_controller/critics/prefer_forward_critic.hpp
[347.977s] -- Installing: /home/ricardo/rm_ws/install/nav2_mppi_controller/include//nav2_mppi_controller/critics/constraint_critic.hpp
[347.978s] -- Installing: /home/ricardo/rm_ws/install/nav2_mppi_controller/include//nav2_mppi_controller/critics/goal_angle_critic.hpp
[347.978s] -- Installing: /home/ricardo/rm_ws/install/nav2_mppi_controller/include//nav2_mppi_controller/critics/path_follow_critic.hpp
[347.979s] -- Installing: /home/ricardo/rm_ws/install/nav2_mppi_controller/include//nav2_mppi_controller/critics/path_align_critic.hpp
[347.979s] -- Installing: /home/ricardo/rm_ws/install/nav2_mppi_controller/include//nav2_mppi_controller/critics/path_angle_critic.hpp
[347.979s] -- Installing: /home/ricardo/rm_ws/install/nav2_mppi_controller/include//nav2_mppi_controller/critics/path_align_legacy_critic.hpp
[347.980s] -- Installing: /home/ricardo/rm_ws/install/nav2_mppi_controller/include//nav2_mppi_controller/critics/obstacles_critic.hpp
[347.981s] -- Installing: /home/ricardo/rm_ws/install/nav2_mppi_controller/include//nav2_mppi_controller/critics/goal_critic.hpp
[347.983s] -- Installing: /home/ricardo/rm_ws/install/nav2_mppi_controller/share/nav2_mppi_controller/environment/library_path.sh
[347.986s] -- Installing: /home/ricardo/rm_ws/install/nav2_mppi_controller/share/nav2_mppi_controller/environment/library_path.dsv
[347.987s] -- Installing: /home/ricardo/rm_ws/install/nav2_mppi_controller/share/nav2_mppi_controller/mppic.xml
[347.988s] -- Installing: /home/ricardo/rm_ws/install/nav2_mppi_controller/share/nav2_mppi_controller/critics.xml
[347.990s] -- Installing: /home/ricardo/rm_ws/install/nav2_mppi_controller/share/ament_index/resource_index/package_run_dependencies/nav2_mppi_controller
[347.991s] -- Installing: /home/ricardo/rm_ws/install/nav2_mppi_controller/share/ament_index/resource_index/parent_prefix_path/nav2_mppi_controller
[347.993s] -- Installing: /home/ricardo/rm_ws/install/nav2_mppi_controller/share/nav2_mppi_controller/environment/ament_prefix_path.sh
[347.993s] -- Installing: /home/ricardo/rm_ws/install/nav2_mppi_controller/share/nav2_mppi_controller/environment/ament_prefix_path.dsv
[347.994s] -- Installing: /home/ricardo/rm_ws/install/nav2_mppi_controller/share/nav2_mppi_controller/environment/path.sh
[347.995s] -- Installing: /home/ricardo/rm_ws/install/nav2_mppi_controller/share/nav2_mppi_controller/environment/path.dsv
[347.996s] -- Installing: /home/ricardo/rm_ws/install/nav2_mppi_controller/share/nav2_mppi_controller/local_setup.bash
[347.997s] -- Installing: /home/ricardo/rm_ws/install/nav2_mppi_controller/share/nav2_mppi_controller/local_setup.sh
[347.997s] -- Installing: /home/ricardo/rm_ws/install/nav2_mppi_controller/share/nav2_mppi_controller/local_setup.zsh
[347.998s] -- Installing: /home/ricardo/rm_ws/install/nav2_mppi_controller/share/nav2_mppi_controller/local_setup.dsv
[347.999s] -- Installing: /home/ricardo/rm_ws/install/nav2_mppi_controller/share/nav2_mppi_controller/package.dsv
[348.000s] -- Installing: /home/ricardo/rm_ws/install/nav2_mppi_controller/share/ament_index/resource_index/packages/nav2_mppi_controller
[348.000s] -- Installing: /home/ricardo/rm_ws/install/nav2_mppi_controller/share/ament_index/resource_index/nav2_core__pluginlib__plugin/nav2_mppi_controller
[348.002s] -- Installing: /home/ricardo/rm_ws/install/nav2_mppi_controller/share/ament_index/resource_index/nav2_mppi_controller__pluginlib__plugin/nav2_mppi_controller
[348.003s] -- Installing: /home/ricardo/rm_ws/install/nav2_mppi_controller/share/nav2_mppi_controller/cmake/ament_cmake_export_libraries-extras.cmake
[348.004s] -- Installing: /home/ricardo/rm_ws/install/nav2_mppi_controller/share/nav2_mppi_controller/cmake/ament_cmake_export_dependencies-extras.cmake
[348.005s] -- Installing: /home/ricardo/rm_ws/install/nav2_mppi_controller/share/nav2_mppi_controller/cmake/ament_cmake_export_include_directories-extras.cmake
[348.007s] -- Installing: /home/ricardo/rm_ws/install/nav2_mppi_controller/share/nav2_mppi_controller/cmake/nav2_mppi_controllerConfig.cmake
[348.008s] -- Installing: /home/ricardo/rm_ws/install/nav2_mppi_controller/share/nav2_mppi_controller/cmake/nav2_mppi_controllerConfig-version.cmake
[348.009s] -- Installing: /home/ricardo/rm_ws/install/nav2_mppi_controller/share/nav2_mppi_controller/package.xml
[348.016s] Invoked command in '/home/ricardo/rm_ws/build/nav2_mppi_controller' returned '0': AMENT_PREFIX_PATH=/home/ricardo/rm_ws/install/nav2_core:/home/ricardo/rm_ws/install/nav2_costmap_2d:/home/ricardo/rm_ws/install/nav2_util:/home/ricardo/rm_ws/install/nav2_voxel_grid:/home/ricardo/rm_ws/install/nav2_msgs:/home/ricardo/rm_ws/install/nav2_common:${AMENT_PREFIX_PATH} CMAKE_PREFIX_PATH=/home/ricardo/rm_ws/install/nav2_core:/home/ricardo/rm_ws/install/nav2_costmap_2d:/home/ricardo/rm_ws/install/nav2_util:/home/ricardo/rm_ws/install/nav2_voxel_grid:/home/ricardo/rm_ws/install/nav2_msgs:/home/ricardo/rm_ws/install/nav2_common:/home/ricardo/rm_ws/install/laser_car_cartographer:/home/ricardo/rm_ws/install/cartographer_ros:/home/ricardo/rm_ws/install/cartographer_ros_msgs:/home/ricardo/rm_ws/install/cartographer:/home/ricardo/rm_ws/install/topic_text_video:/home/ricardo/rm_ws/install/laser_car_description:/opt/ros/humble LD_LIBRARY_PATH=/home/ricardo/rm_ws/install/nav2_costmap_2d/lib:/home/ricardo/rm_ws/install/nav2_util/lib:/home/ricardo/rm_ws/install/nav2_voxel_grid/lib:/home/ricardo/rm_ws/install/nav2_msgs/lib:${LD_LIBRARY_PATH} PYTHONPATH=/home/ricardo/rm_ws/install/nav2_msgs/local/lib/python3.10/dist-packages:/home/ricardo/rm_ws/install/nav2_common/local/lib/python3.10/dist-packages:${PYTHONPATH} /usr/bin/cmake --install /home/ricardo/rm_ws/build/nav2_mppi_controller
