running egg_info
writing ../../build/topic_text_video/topic_text_video.egg-info/PKG-INFO
writing dependency_links to ../../build/topic_text_video/topic_text_video.egg-info/dependency_links.txt
writing entry points to ../../build/topic_text_video/topic_text_video.egg-info/entry_points.txt
writing requirements to ../../build/topic_text_video/topic_text_video.egg-info/requires.txt
writing top-level names to ../../build/topic_text_video/topic_text_video.egg-info/top_level.txt
reading manifest file '../../build/topic_text_video/topic_text_video.egg-info/SOURCES.txt'
writing manifest file '../../build/topic_text_video/topic_text_video.egg-info/SOURCES.txt'
/usr/lib/python3/dist-packages/setuptools/command/install.py:34: SetuptoolsDeprecationWarning: setup.py install is deprecated. Use build and pip and other standards-based tools.
  warnings.warn(
running build
running build_py
running install
running install_lib
running install_data
running install_egg_info
removing '/home/ricardo/rm_ws/install/topic_text_video/lib/python3.10/site-packages/topic_text_video-0.0.0-py3.10.egg-info' (and everything under it)
Copying ../../build/topic_text_video/topic_text_video.egg-info to /home/ricardo/rm_ws/install/topic_text_video/lib/python3.10/site-packages/topic_text_video-0.0.0-py3.10.egg-info
running install_scripts
Installing topic_text_publisher script to /home/ricardo/rm_ws/install/topic_text_video/lib/topic_text_video
Installing topic_text_subscriber script to /home/ricardo/rm_ws/install/topic_text_video/lib/topic_text_video
Installing topic_video_publisher script to /home/ricardo/rm_ws/install/topic_text_video/lib/topic_text_video
Installing topic_video_subscriber script to /home/ricardo/rm_ws/install/topic_text_video/lib/topic_text_video
writing list of installed files to '/home/ricardo/rm_ws/build/topic_text_video/install.log'
