[0.765s] Invoking command in '/home/ricardo/rm_ws/src/topic_text_video': PYTHONPATH=/home/ricardo/rm_ws/build/topic_text_video/prefix_override:/home/ricardo/rm_ws/install/topic_text_video/lib/python3.10/site-packages:${PYTHONPATH} /usr/bin/python3 setup.py egg_info --egg-base ../../build/topic_text_video build --build-base /home/ricardo/rm_ws/build/topic_text_video/build install --record /home/ricardo/rm_ws/build/topic_text_video/install.log --single-version-externally-managed
[0.956s] running egg_info
[0.957s] writing ../../build/topic_text_video/topic_text_video.egg-info/PKG-INFO
[0.958s] writing dependency_links to ../../build/topic_text_video/topic_text_video.egg-info/dependency_links.txt
[0.958s] writing entry points to ../../build/topic_text_video/topic_text_video.egg-info/entry_points.txt
[0.958s] writing requirements to ../../build/topic_text_video/topic_text_video.egg-info/requires.txt
[0.959s] writing top-level names to ../../build/topic_text_video/topic_text_video.egg-info/top_level.txt
[0.961s] reading manifest file '../../build/topic_text_video/topic_text_video.egg-info/SOURCES.txt'
[0.962s] writing manifest file '../../build/topic_text_video/topic_text_video.egg-info/SOURCES.txt'
[0.962s] running build
[0.962s] running build_py
[0.962s] copying topic_text_video/topic_video_subscriber.py -> /home/ricardo/rm_ws/build/topic_text_video/build/lib/topic_text_video
[0.963s] /usr/lib/python3/dist-packages/setuptools/command/install.py:34: SetuptoolsDeprecationWarning: setup.py install is deprecated. Use build and pip and other standards-based tools.
[0.963s]   warnings.warn(
[0.963s] running install
[0.963s] running install_lib
[0.963s] copying /home/ricardo/rm_ws/build/topic_text_video/build/lib/topic_text_video/topic_video_subscriber.py -> /home/ricardo/rm_ws/install/topic_text_video/lib/python3.10/site-packages/topic_text_video
[0.964s] byte-compiling /home/ricardo/rm_ws/install/topic_text_video/lib/python3.10/site-packages/topic_text_video/topic_video_subscriber.py to topic_video_subscriber.cpython-310.pyc
[0.965s] running install_data
[0.965s] running install_egg_info
[0.967s] removing '/home/ricardo/rm_ws/install/topic_text_video/lib/python3.10/site-packages/topic_text_video-0.0.0-py3.10.egg-info' (and everything under it)
[0.967s] Copying ../../build/topic_text_video/topic_text_video.egg-info to /home/ricardo/rm_ws/install/topic_text_video/lib/python3.10/site-packages/topic_text_video-0.0.0-py3.10.egg-info
[0.969s] running install_scripts
[0.987s] Installing topic_text_publisher script to /home/ricardo/rm_ws/install/topic_text_video/lib/topic_text_video
[0.987s] Installing topic_text_subscriber script to /home/ricardo/rm_ws/install/topic_text_video/lib/topic_text_video
[0.987s] Installing topic_video_publisher script to /home/ricardo/rm_ws/install/topic_text_video/lib/topic_text_video
[0.988s] Installing topic_video_subscriber script to /home/ricardo/rm_ws/install/topic_text_video/lib/topic_text_video
[0.988s] writing list of installed files to '/home/ricardo/rm_ws/build/topic_text_video/install.log'
[1.018s] Invoked command in '/home/ricardo/rm_ws/src/topic_text_video' returned '0': PYTHONPATH=/home/ricardo/rm_ws/build/topic_text_video/prefix_override:/home/ricardo/rm_ws/install/topic_text_video/lib/python3.10/site-packages:${PYTHONPATH} /usr/bin/python3 setup.py egg_info --egg-base ../../build/topic_text_video build --build-base /home/ricardo/rm_ws/build/topic_text_video/build install --record /home/ricardo/rm_ws/build/topic_text_video/install.log --single-version-externally-managed
