[0.922s] DEBUG:colcon:Command line arguments: ['/usr/bin/colcon', 'build']
[0.922s] DEBUG:colcon:Parsed command line arguments: Namespace(log_base=None, log_level=None, verb_name='build', build_base='build', install_base='install', merge_install=False, symlink_install=False, test_result_base=None, continue_on_error=False, executor='parallel', parallel_workers=8, event_handlers=None, ignore_user_meta=False, metas=['./colcon.meta'], base_paths=['.'], packages_ignore=None, packages_ignore_regex=None, paths=None, packages_up_to=None, packages_up_to_regex=None, packages_above=None, packages_above_and_dependencies=None, packages_above_depth=None, packages_select_by_dep=None, packages_skip_by_dep=None, packages_skip_up_to=None, packages_select_build_failed=False, packages_skip_build_finished=False, packages_select_test_failures=False, packages_skip_test_passed=False, packages_select=None, packages_skip=None, packages_select_regex=None, packages_skip_regex=None, packages_start=None, packages_end=None, allow_overriding=[], cmake_args=None, cmake_target=None, cmake_target_skip_unavailable=False, cmake_clean_cache=False, cmake_clean_first=False, cmake_force_configure=False, ament_cmake_args=None, catkin_cmake_args=None, catkin_skip_building_tests=False, verb_parser=<colcon_defaults.argument_parser.defaults.DefaultArgumentsDecorator object at 0x7fa18b5ffbe0>, verb_extension=<colcon_core.verb.build.BuildVerb object at 0x7fa18b778cd0>, main=<bound method BuildVerb.main of <colcon_core.verb.build.BuildVerb object at 0x7fa18b778cd0>>)
[0.971s] Level 1:colcon.colcon_core.package_discovery:discover_packages(colcon_meta) check parameters
[0.971s] Level 1:colcon.colcon_core.package_discovery:discover_packages(recursive) check parameters
[0.971s] Level 1:colcon.colcon_core.package_discovery:discover_packages(ignore) check parameters
[0.971s] Level 1:colcon.colcon_core.package_discovery:discover_packages(path) check parameters
[0.971s] Level 1:colcon.colcon_core.package_discovery:discover_packages(colcon_meta) discover
[0.971s] Level 1:colcon.colcon_core.package_discovery:discover_packages(recursive) discover
[0.971s] INFO:colcon.colcon_core.package_discovery:Crawling recursively for packages in '/home/ricardo/rm_ws'
[0.971s] Level 1:colcon.colcon_core.package_identification:_identify(.) by extensions ['ignore', 'ignore_ament_install']
[0.971s] Level 1:colcon.colcon_core.package_identification:_identify(.) by extension 'ignore'
[0.971s] Level 1:colcon.colcon_core.package_identification:_identify(.) by extension 'ignore_ament_install'
[0.972s] Level 1:colcon.colcon_core.package_identification:_identify(.) by extensions ['colcon_pkg']
[0.972s] Level 1:colcon.colcon_core.package_identification:_identify(.) by extension 'colcon_pkg'
[0.972s] Level 1:colcon.colcon_core.package_identification:_identify(.) by extensions ['colcon_meta']
[0.972s] Level 1:colcon.colcon_core.package_identification:_identify(.) by extension 'colcon_meta'
[0.972s] Level 1:colcon.colcon_core.package_identification:_identify(.) by extensions ['ros']
[0.972s] Level 1:colcon.colcon_core.package_identification:_identify(.) by extension 'ros'
[0.986s] Level 1:colcon.colcon_core.package_identification:_identify(.) by extensions ['cmake', 'python']
[0.987s] Level 1:colcon.colcon_core.package_identification:_identify(.) by extension 'cmake'
[0.987s] Level 1:colcon.colcon_core.package_identification:_identify(.) by extension 'python'
[0.987s] Level 1:colcon.colcon_core.package_identification:_identify(.) by extensions ['python_setup_py']
[0.987s] Level 1:colcon.colcon_core.package_identification:_identify(.) by extension 'python_setup_py'
[0.987s] Level 1:colcon.colcon_core.package_identification:_identify(build) by extensions ['ignore', 'ignore_ament_install']
[0.987s] Level 1:colcon.colcon_core.package_identification:_identify(build) by extension 'ignore'
[0.987s] Level 1:colcon.colcon_core.package_identification:_identify(build) ignored
[0.987s] Level 1:colcon.colcon_core.package_identification:_identify(install) by extensions ['ignore', 'ignore_ament_install']
[0.987s] Level 1:colcon.colcon_core.package_identification:_identify(install) by extension 'ignore'
[0.987s] Level 1:colcon.colcon_core.package_identification:_identify(install) ignored
[0.988s] Level 1:colcon.colcon_core.package_identification:_identify(log) by extensions ['ignore', 'ignore_ament_install']
[0.988s] Level 1:colcon.colcon_core.package_identification:_identify(log) by extension 'ignore'
[0.988s] Level 1:colcon.colcon_core.package_identification:_identify(log) ignored
[0.988s] Level 1:colcon.colcon_core.package_identification:_identify(src) by extensions ['ignore', 'ignore_ament_install']
[0.988s] Level 1:colcon.colcon_core.package_identification:_identify(src) by extension 'ignore'
[0.988s] Level 1:colcon.colcon_core.package_identification:_identify(src) by extension 'ignore_ament_install'
[0.988s] Level 1:colcon.colcon_core.package_identification:_identify(src) by extensions ['colcon_pkg']
[0.988s] Level 1:colcon.colcon_core.package_identification:_identify(src) by extension 'colcon_pkg'
[0.988s] Level 1:colcon.colcon_core.package_identification:_identify(src) by extensions ['colcon_meta']
[0.988s] Level 1:colcon.colcon_core.package_identification:_identify(src) by extension 'colcon_meta'
[0.988s] Level 1:colcon.colcon_core.package_identification:_identify(src) by extensions ['ros']
[0.988s] Level 1:colcon.colcon_core.package_identification:_identify(src) by extension 'ros'
[0.988s] Level 1:colcon.colcon_core.package_identification:_identify(src) by extensions ['cmake', 'python']
[0.988s] Level 1:colcon.colcon_core.package_identification:_identify(src) by extension 'cmake'
[0.988s] Level 1:colcon.colcon_core.package_identification:_identify(src) by extension 'python'
[0.988s] Level 1:colcon.colcon_core.package_identification:_identify(src) by extensions ['python_setup_py']
[0.988s] Level 1:colcon.colcon_core.package_identification:_identify(src) by extension 'python_setup_py'
[0.988s] Level 1:colcon.colcon_core.package_identification:_identify(src/lazer_car_description) by extensions ['ignore', 'ignore_ament_install']
[0.988s] Level 1:colcon.colcon_core.package_identification:_identify(src/lazer_car_description) by extension 'ignore'
[0.988s] Level 1:colcon.colcon_core.package_identification:_identify(src/lazer_car_description) by extension 'ignore_ament_install'
[0.989s] Level 1:colcon.colcon_core.package_identification:_identify(src/lazer_car_description) by extensions ['colcon_pkg']
[0.989s] Level 1:colcon.colcon_core.package_identification:_identify(src/lazer_car_description) by extension 'colcon_pkg'
[0.989s] Level 1:colcon.colcon_core.package_identification:_identify(src/lazer_car_description) by extensions ['colcon_meta']
[0.989s] Level 1:colcon.colcon_core.package_identification:_identify(src/lazer_car_description) by extension 'colcon_meta'
[0.989s] Level 1:colcon.colcon_core.package_identification:_identify(src/lazer_car_description) by extensions ['ros']
[0.989s] Level 1:colcon.colcon_core.package_identification:_identify(src/lazer_car_description) by extension 'ros'
[0.992s] DEBUG:colcon.colcon_core.package_identification:Package 'src/lazer_car_description' with type 'ros.ament_python' and name 'lazer_car_description'
[0.992s] Level 1:colcon.colcon_core.package_identification:_identify(src/topic_text_video) by extensions ['ignore', 'ignore_ament_install']
[0.993s] Level 1:colcon.colcon_core.package_identification:_identify(src/topic_text_video) by extension 'ignore'
[0.993s] Level 1:colcon.colcon_core.package_identification:_identify(src/topic_text_video) by extension 'ignore_ament_install'
[0.993s] Level 1:colcon.colcon_core.package_identification:_identify(src/topic_text_video) by extensions ['colcon_pkg']
[0.993s] Level 1:colcon.colcon_core.package_identification:_identify(src/topic_text_video) by extension 'colcon_pkg'
[0.993s] Level 1:colcon.colcon_core.package_identification:_identify(src/topic_text_video) by extensions ['colcon_meta']
[0.993s] Level 1:colcon.colcon_core.package_identification:_identify(src/topic_text_video) by extension 'colcon_meta'
[0.993s] Level 1:colcon.colcon_core.package_identification:_identify(src/topic_text_video) by extensions ['ros']
[0.993s] Level 1:colcon.colcon_core.package_identification:_identify(src/topic_text_video) by extension 'ros'
[0.993s] DEBUG:colcon.colcon_core.package_identification:Package 'src/topic_text_video' with type 'ros.ament_python' and name 'topic_text_video'
[0.993s] Level 1:colcon.colcon_core.package_discovery:discover_packages(recursive) using defaults
[0.994s] Level 1:colcon.colcon_core.package_discovery:discover_packages(ignore) discover
[0.994s] Level 1:colcon.colcon_core.package_discovery:discover_packages(ignore) using defaults
[0.994s] Level 1:colcon.colcon_core.package_discovery:discover_packages(path) discover
[0.994s] Level 1:colcon.colcon_core.package_discovery:discover_packages(path) using defaults
[1.074s] Level 1:colcon.colcon_core.package_discovery:discover_packages(prefix_path) check parameters
[1.075s] Level 1:colcon.colcon_core.package_discovery:discover_packages(prefix_path) discover
[1.099s] DEBUG:colcon.colcon_installed_package_information.package_discovery:Found 2 installed packages in /home/ricardo/rm_ws/install
[1.111s] DEBUG:colcon.colcon_installed_package_information.package_discovery:Found 324 installed packages in /opt/ros/humble
[1.112s] Level 1:colcon.colcon_core.package_discovery:discover_packages(prefix_path) using defaults
[1.192s] Level 5:colcon.colcon_core.verb:set package 'lazer_car_description' build argument 'cmake_args' from command line to 'None'
[1.192s] Level 5:colcon.colcon_core.verb:set package 'lazer_car_description' build argument 'cmake_target' from command line to 'None'
[1.192s] Level 5:colcon.colcon_core.verb:set package 'lazer_car_description' build argument 'cmake_target_skip_unavailable' from command line to 'False'
[1.192s] Level 5:colcon.colcon_core.verb:set package 'lazer_car_description' build argument 'cmake_clean_cache' from command line to 'False'
[1.192s] Level 5:colcon.colcon_core.verb:set package 'lazer_car_description' build argument 'cmake_clean_first' from command line to 'False'
[1.192s] Level 5:colcon.colcon_core.verb:set package 'lazer_car_description' build argument 'cmake_force_configure' from command line to 'False'
[1.192s] Level 5:colcon.colcon_core.verb:set package 'lazer_car_description' build argument 'ament_cmake_args' from command line to 'None'
[1.192s] Level 5:colcon.colcon_core.verb:set package 'lazer_car_description' build argument 'catkin_cmake_args' from command line to 'None'
[1.192s] Level 5:colcon.colcon_core.verb:set package 'lazer_car_description' build argument 'catkin_skip_building_tests' from command line to 'False'
[1.192s] DEBUG:colcon.colcon_core.verb:Building package 'lazer_car_description' with the following arguments: {'ament_cmake_args': None, 'build_base': '/home/ricardo/rm_ws/build/lazer_car_description', 'catkin_cmake_args': None, 'catkin_skip_building_tests': False, 'cmake_args': None, 'cmake_clean_cache': False, 'cmake_clean_first': False, 'cmake_force_configure': False, 'cmake_target': None, 'cmake_target_skip_unavailable': False, 'install_base': '/home/ricardo/rm_ws/install/lazer_car_description', 'merge_install': False, 'path': '/home/ricardo/rm_ws/src/lazer_car_description', 'symlink_install': False, 'test_result_base': None}
[1.204s] Level 5:colcon.colcon_core.verb:set package 'topic_text_video' build argument 'cmake_args' from command line to 'None'
[1.204s] Level 5:colcon.colcon_core.verb:set package 'topic_text_video' build argument 'cmake_target' from command line to 'None'
[1.204s] Level 5:colcon.colcon_core.verb:set package 'topic_text_video' build argument 'cmake_target_skip_unavailable' from command line to 'False'
[1.204s] Level 5:colcon.colcon_core.verb:set package 'topic_text_video' build argument 'cmake_clean_cache' from command line to 'False'
[1.204s] Level 5:colcon.colcon_core.verb:set package 'topic_text_video' build argument 'cmake_clean_first' from command line to 'False'
[1.204s] Level 5:colcon.colcon_core.verb:set package 'topic_text_video' build argument 'cmake_force_configure' from command line to 'False'
[1.204s] Level 5:colcon.colcon_core.verb:set package 'topic_text_video' build argument 'ament_cmake_args' from command line to 'None'
[1.204s] Level 5:colcon.colcon_core.verb:set package 'topic_text_video' build argument 'catkin_cmake_args' from command line to 'None'
[1.204s] Level 5:colcon.colcon_core.verb:set package 'topic_text_video' build argument 'catkin_skip_building_tests' from command line to 'False'
[1.204s] DEBUG:colcon.colcon_core.verb:Building package 'topic_text_video' with the following arguments: {'ament_cmake_args': None, 'build_base': '/home/ricardo/rm_ws/build/topic_text_video', 'catkin_cmake_args': None, 'catkin_skip_building_tests': False, 'cmake_args': None, 'cmake_clean_cache': False, 'cmake_clean_first': False, 'cmake_force_configure': False, 'cmake_target': None, 'cmake_target_skip_unavailable': False, 'install_base': '/home/ricardo/rm_ws/install/topic_text_video', 'merge_install': False, 'path': '/home/ricardo/rm_ws/src/topic_text_video', 'symlink_install': False, 'test_result_base': None}
[1.215s] INFO:colcon.colcon_core.executor:Executing jobs using 'parallel' executor
[1.228s] DEBUG:colcon.colcon_parallel_executor.executor.parallel:run_until_complete
[1.228s] INFO:colcon.colcon_ros.task.ament_python.build:Building ROS package in '/home/ricardo/rm_ws/src/lazer_car_description' with build type 'ament_python'
[1.229s] Level 1:colcon.colcon_core.shell:create_environment_hook('lazer_car_description', 'ament_prefix_path')
[1.244s] INFO:colcon.colcon_core.plugin_system:Skipping extension 'colcon_core.shell.bat': Not used on non-Windows systems
[1.245s] INFO:colcon.colcon_core.shell:Creating environment hook '/home/ricardo/rm_ws/install/lazer_car_description/share/lazer_car_description/hook/ament_prefix_path.ps1'
[1.246s] INFO:colcon.colcon_core.shell:Creating environment descriptor '/home/ricardo/rm_ws/install/lazer_car_description/share/lazer_car_description/hook/ament_prefix_path.dsv'
[1.247s] INFO:colcon.colcon_core.shell:Creating environment hook '/home/ricardo/rm_ws/install/lazer_car_description/share/lazer_car_description/hook/ament_prefix_path.sh'
[1.260s] INFO:colcon.colcon_core.shell:Skip shell extension 'powershell' for command environment: Not usable outside of PowerShell
[1.260s] DEBUG:colcon.colcon_core.shell:Skip shell extension 'dsv' for command environment
[1.300s] INFO:colcon.colcon_ros.task.ament_python.build:Building ROS package in '/home/ricardo/rm_ws/src/topic_text_video' with build type 'ament_python'
[1.300s] Level 1:colcon.colcon_core.shell:create_environment_hook('topic_text_video', 'ament_prefix_path')
[1.314s] INFO:colcon.colcon_core.shell:Creating environment hook '/home/ricardo/rm_ws/install/topic_text_video/share/topic_text_video/hook/ament_prefix_path.ps1'
[1.315s] INFO:colcon.colcon_core.shell:Creating environment descriptor '/home/ricardo/rm_ws/install/topic_text_video/share/topic_text_video/hook/ament_prefix_path.dsv'
[1.316s] INFO:colcon.colcon_core.shell:Creating environment hook '/home/ricardo/rm_ws/install/topic_text_video/share/topic_text_video/hook/ament_prefix_path.sh'
[1.330s] INFO:colcon.colcon_core.shell:Skip shell extension 'powershell' for command environment: Not usable outside of PowerShell
[1.330s] DEBUG:colcon.colcon_core.shell:Skip shell extension 'dsv' for command environment
[1.590s] INFO:colcon.colcon_core.task.python.build:Building Python package in '/home/ricardo/rm_ws/src/lazer_car_description'
[1.602s] INFO:colcon.colcon_core.shell:Skip shell extension 'powershell' for command environment: Not usable outside of PowerShell
[1.603s] DEBUG:colcon.colcon_core.shell:Skip shell extension 'dsv' for command environment
[1.855s] INFO:colcon.colcon_core.task.python.build:Building Python package in '/home/ricardo/rm_ws/src/topic_text_video'
[1.866s] INFO:colcon.colcon_core.shell:Skip shell extension 'powershell' for command environment: Not usable outside of PowerShell
[1.867s] DEBUG:colcon.colcon_core.shell:Skip shell extension 'dsv' for command environment
[2.305s] DEBUG:colcon.colcon_core.event_handler.log_command:Invoking command in '/home/ricardo/rm_ws/src/lazer_car_description': PYTHONPATH=/home/ricardo/rm_ws/build/lazer_car_description/prefix_override:/home/ricardo/rm_ws/install/lazer_car_description/lib/python3.10/site-packages:${PYTHONPATH} /usr/bin/python3 setup.py egg_info --egg-base ../../build/lazer_car_description build --build-base /home/ricardo/rm_ws/build/lazer_car_description/build install --record /home/ricardo/rm_ws/build/lazer_car_description/install.log --single-version-externally-managed
[2.311s] DEBUG:colcon.colcon_core.event_handler.log_command:Invoking command in '/home/ricardo/rm_ws/src/topic_text_video': PYTHONPATH=/home/ricardo/rm_ws/build/topic_text_video/prefix_override:/home/ricardo/rm_ws/install/topic_text_video/lib/python3.10/site-packages:${PYTHONPATH} /usr/bin/python3 setup.py egg_info --egg-base ../../build/topic_text_video build --build-base /home/ricardo/rm_ws/build/topic_text_video/build install --record /home/ricardo/rm_ws/build/topic_text_video/install.log --single-version-externally-managed
[2.570s] DEBUG:colcon.colcon_core.event_handler.log_command:Invoked command in '/home/ricardo/rm_ws/src/topic_text_video' returned '0': PYTHONPATH=/home/ricardo/rm_ws/build/topic_text_video/prefix_override:/home/ricardo/rm_ws/install/topic_text_video/lib/python3.10/site-packages:${PYTHONPATH} /usr/bin/python3 setup.py egg_info --egg-base ../../build/topic_text_video build --build-base /home/ricardo/rm_ws/build/topic_text_video/build install --record /home/ricardo/rm_ws/build/topic_text_video/install.log --single-version-externally-managed
[2.587s] Level 1:colcon.colcon_core.environment:checking '/home/ricardo/rm_ws/install/topic_text_video' for CMake module files
[2.587s] Level 1:colcon.colcon_core.environment:checking '/home/ricardo/rm_ws/install/topic_text_video' for CMake config files
[2.588s] Level 1:colcon.colcon_core.environment:checking '/home/ricardo/rm_ws/install/topic_text_video/lib'
[2.588s] Level 1:colcon.colcon_core.environment:checking '/home/ricardo/rm_ws/install/topic_text_video/bin'
[2.589s] Level 1:colcon.colcon_core.environment:checking '/home/ricardo/rm_ws/install/topic_text_video/lib/pkgconfig/topic_text_video.pc'
[2.589s] Level 1:colcon.colcon_core.environment:checking '/home/ricardo/rm_ws/install/topic_text_video/lib/python3.10/site-packages'
[2.589s] Level 1:colcon.colcon_core.shell:create_environment_hook('topic_text_video', 'pythonpath')
[2.600s] INFO:colcon.colcon_core.shell:Creating environment hook '/home/ricardo/rm_ws/install/topic_text_video/share/topic_text_video/hook/pythonpath.ps1'
[2.601s] INFO:colcon.colcon_core.shell:Creating environment descriptor '/home/ricardo/rm_ws/install/topic_text_video/share/topic_text_video/hook/pythonpath.dsv'
[2.601s] INFO:colcon.colcon_core.shell:Creating environment hook '/home/ricardo/rm_ws/install/topic_text_video/share/topic_text_video/hook/pythonpath.sh'
[2.603s] Level 1:colcon.colcon_core.environment:checking '/home/ricardo/rm_ws/install/topic_text_video/bin'
[2.603s] Level 1:colcon.colcon_core.environment:create_environment_scripts_only(topic_text_video)
[2.614s] INFO:colcon.colcon_core.shell:Creating package script '/home/ricardo/rm_ws/install/topic_text_video/share/topic_text_video/package.ps1'
[2.615s] INFO:colcon.colcon_core.shell:Creating package descriptor '/home/ricardo/rm_ws/install/topic_text_video/share/topic_text_video/package.dsv'
[2.616s] INFO:colcon.colcon_core.shell:Creating package script '/home/ricardo/rm_ws/install/topic_text_video/share/topic_text_video/package.sh'
[2.617s] INFO:colcon.colcon_core.shell:Creating package script '/home/ricardo/rm_ws/install/topic_text_video/share/topic_text_video/package.bash'
[2.618s] INFO:colcon.colcon_core.shell:Creating package script '/home/ricardo/rm_ws/install/topic_text_video/share/topic_text_video/package.zsh'
[2.619s] Level 1:colcon.colcon_core.environment:create_file_with_runtime_dependencies(/home/ricardo/rm_ws/install/topic_text_video/share/colcon-core/packages/topic_text_video)
[2.631s] DEBUG:colcon.colcon_core.event_handler.log_command:Invoked command in '/home/ricardo/rm_ws/src/lazer_car_description' returned '0': PYTHONPATH=/home/ricardo/rm_ws/build/lazer_car_description/prefix_override:/home/ricardo/rm_ws/install/lazer_car_description/lib/python3.10/site-packages:${PYTHONPATH} /usr/bin/python3 setup.py egg_info --egg-base ../../build/lazer_car_description build --build-base /home/ricardo/rm_ws/build/lazer_car_description/build install --record /home/ricardo/rm_ws/build/lazer_car_description/install.log --single-version-externally-managed
[2.638s] Level 1:colcon.colcon_core.environment:checking '/home/ricardo/rm_ws/install/lazer_car_description' for CMake module files
[2.639s] Level 1:colcon.colcon_core.environment:checking '/home/ricardo/rm_ws/install/lazer_car_description' for CMake config files
[2.640s] Level 1:colcon.colcon_core.environment:checking '/home/ricardo/rm_ws/install/lazer_car_description/lib'
[2.641s] Level 1:colcon.colcon_core.environment:checking '/home/ricardo/rm_ws/install/lazer_car_description/bin'
[2.641s] Level 1:colcon.colcon_core.environment:checking '/home/ricardo/rm_ws/install/lazer_car_description/lib/pkgconfig/lazer_car_description.pc'
[2.641s] Level 1:colcon.colcon_core.environment:checking '/home/ricardo/rm_ws/install/lazer_car_description/lib/python3.10/site-packages'
[2.641s] Level 1:colcon.colcon_core.shell:create_environment_hook('lazer_car_description', 'pythonpath')
[2.653s] INFO:colcon.colcon_core.shell:Creating environment hook '/home/ricardo/rm_ws/install/lazer_car_description/share/lazer_car_description/hook/pythonpath.ps1'
[2.654s] INFO:colcon.colcon_core.shell:Creating environment descriptor '/home/ricardo/rm_ws/install/lazer_car_description/share/lazer_car_description/hook/pythonpath.dsv'
[2.655s] INFO:colcon.colcon_core.shell:Creating environment hook '/home/ricardo/rm_ws/install/lazer_car_description/share/lazer_car_description/hook/pythonpath.sh'
[2.656s] Level 1:colcon.colcon_core.environment:checking '/home/ricardo/rm_ws/install/lazer_car_description/bin'
[2.656s] Level 1:colcon.colcon_core.environment:create_environment_scripts_only(lazer_car_description)
[2.668s] INFO:colcon.colcon_core.shell:Creating package script '/home/ricardo/rm_ws/install/lazer_car_description/share/lazer_car_description/package.ps1'
[2.669s] INFO:colcon.colcon_core.shell:Creating package descriptor '/home/ricardo/rm_ws/install/lazer_car_description/share/lazer_car_description/package.dsv'
[2.669s] INFO:colcon.colcon_core.shell:Creating package script '/home/ricardo/rm_ws/install/lazer_car_description/share/lazer_car_description/package.sh'
[2.670s] INFO:colcon.colcon_core.shell:Creating package script '/home/ricardo/rm_ws/install/lazer_car_description/share/lazer_car_description/package.bash'
[2.671s] INFO:colcon.colcon_core.shell:Creating package script '/home/ricardo/rm_ws/install/lazer_car_description/share/lazer_car_description/package.zsh'
[2.672s] Level 1:colcon.colcon_core.environment:create_file_with_runtime_dependencies(/home/ricardo/rm_ws/install/lazer_car_description/share/colcon-core/packages/lazer_car_description)
[2.673s] DEBUG:colcon.colcon_parallel_executor.executor.parallel:closing loop
[2.673s] DEBUG:colcon.colcon_parallel_executor.executor.parallel:loop closed
[2.673s] DEBUG:colcon.colcon_parallel_executor.executor.parallel:run_until_complete finished with '0'
[2.673s] DEBUG:colcon.colcon_core.event_reactor:joining thread
[2.695s] INFO:colcon.colcon_core.plugin_system:Skipping extension 'colcon_notification.desktop_notification.terminal_notifier': Not used on non-Darwin systems
[2.695s] INFO:colcon.colcon_core.plugin_system:Skipping extension 'colcon_notification.desktop_notification.win32': Not used on non-Windows systems
[2.696s] INFO:colcon.colcon_notification.desktop_notification:Sending desktop notification using 'notify2'
[2.729s] DEBUG:colcon.colcon_core.event_reactor:joined thread
[2.740s] INFO:colcon.colcon_core.shell:Creating prefix script '/home/ricardo/rm_ws/install/local_setup.ps1'
[2.742s] INFO:colcon.colcon_core.shell:Creating prefix util module '/home/ricardo/rm_ws/install/_local_setup_util_ps1.py'
[2.743s] INFO:colcon.colcon_core.shell:Creating prefix chain script '/home/ricardo/rm_ws/install/setup.ps1'
[2.756s] INFO:colcon.colcon_core.shell:Creating prefix script '/home/ricardo/rm_ws/install/local_setup.sh'
[2.758s] INFO:colcon.colcon_core.shell:Creating prefix util module '/home/ricardo/rm_ws/install/_local_setup_util_sh.py'
[2.759s] INFO:colcon.colcon_core.shell:Creating prefix chain script '/home/ricardo/rm_ws/install/setup.sh'
[2.772s] INFO:colcon.colcon_core.shell:Creating prefix script '/home/ricardo/rm_ws/install/local_setup.bash'
[2.773s] INFO:colcon.colcon_core.shell:Creating prefix chain script '/home/ricardo/rm_ws/install/setup.bash'
[2.791s] INFO:colcon.colcon_core.shell:Creating prefix script '/home/ricardo/rm_ws/install/local_setup.zsh'
[2.792s] INFO:colcon.colcon_core.shell:Creating prefix chain script '/home/ricardo/rm_ws/install/setup.zsh'
