running egg_info
writing ../../build/laser_car_description/laser_car_description.egg-info/PKG-INFO
writing dependency_links to ../../build/laser_car_description/laser_car_description.egg-info/dependency_links.txt
writing entry points to ../../build/laser_car_description/laser_car_description.egg-info/entry_points.txt
writing requirements to ../../build/laser_car_description/laser_car_description.egg-info/requires.txt
writing top-level names to ../../build/laser_car_description/laser_car_description.egg-info/top_level.txt
reading manifest file '../../build/laser_car_description/laser_car_description.egg-info/SOURCES.txt'
writing manifest file '../../build/laser_car_description/laser_car_description.egg-info/SOURCES.txt'
running build
running build_py
running install
running install_lib
running install_data
copying launch/rviz_gazebo_world.launch.py -> /home/ricardo/rm_ws/install/laser_car_description/share/laser_car_description/launch
copying urdf/laser_car_base.urdf -> /home/ricardo/rm_ws/install/laser_car_description/share/laser_car_description/urdf
running install_egg_info
removing '/home/ricardo/rm_ws/install/laser_car_description/lib/python3.10/site-packages/laser_car_description-0.0.0-py3.10.egg-info' (and everything under it)
Copying ../../build/laser_car_description/laser_car_description.egg-info to /home/ricardo/rm_ws/install/laser_car_description/lib/python3.10/site-packages/laser_car_description-0.0.0-py3.10.egg-info
running install_scripts
Installing rotate_wheel script to /home/ricardo/rm_ws/install/laser_car_description/lib/laser_car_description
writing list of installed files to '/home/ricardo/rm_ws/build/laser_car_description/install.log'
