/home/ricardo/rm_ws/install/laser_car_description/lib/python3.10/site-packages/laser_car_description/__init__.py
/home/ricardo/rm_ws/install/laser_car_description/lib/python3.10/site-packages/laser_car_description/rotate_wheel.py
/home/ricardo/rm_ws/install/laser_car_description/lib/python3.10/site-packages/laser_car_description/__pycache__/__init__.cpython-310.pyc
/home/ricardo/rm_ws/install/laser_car_description/lib/python3.10/site-packages/laser_car_description/__pycache__/rotate_wheel.cpython-310.pyc
/home/ricardo/rm_ws/install/laser_car_description/share/ament_index/resource_index/packages/laser_car_description
/home/ricardo/rm_ws/install/laser_car_description/share/laser_car_description/package.xml
/home/ricardo/rm_ws/install/laser_car_description/share/laser_car_description/launch/gazebo_world.launch.py
/home/ricardo/rm_ws/install/laser_car_description/share/laser_car_description/launch/rviz_gazebo_world.launch.py
/home/ricardo/rm_ws/install/laser_car_description/share/laser_car_description/launch/rviz_gazebo.launch.py
/home/ricardo/rm_ws/install/laser_car_description/share/laser_car_description/launch/display_rviz2.launch.py
/home/ricardo/rm_ws/install/laser_car_description/share/laser_car_description/urdf/laser_car_base.urdf
/home/ricardo/rm_ws/install/laser_car_description/share/laser_car_description/world/six_edge.world
/home/ricardo/rm_ws/install/laser_car_description/lib/python3.10/site-packages/laser_car_description-0.0.0-py3.10.egg-info/zip-safe
/home/ricardo/rm_ws/install/laser_car_description/lib/python3.10/site-packages/laser_car_description-0.0.0-py3.10.egg-info/dependency_links.txt
/home/ricardo/rm_ws/install/laser_car_description/lib/python3.10/site-packages/laser_car_description-0.0.0-py3.10.egg-info/PKG-INFO
/home/ricardo/rm_ws/install/laser_car_description/lib/python3.10/site-packages/laser_car_description-0.0.0-py3.10.egg-info/entry_points.txt
/home/ricardo/rm_ws/install/laser_car_description/lib/python3.10/site-packages/laser_car_description-0.0.0-py3.10.egg-info/requires.txt
/home/ricardo/rm_ws/install/laser_car_description/lib/python3.10/site-packages/laser_car_description-0.0.0-py3.10.egg-info/SOURCES.txt
/home/ricardo/rm_ws/install/laser_car_description/lib/python3.10/site-packages/laser_car_description-0.0.0-py3.10.egg-info/top_level.txt
/home/ricardo/rm_ws/install/laser_car_description/lib/laser_car_description/rotate_wheel
