running egg_info
writing ../../build/navigation2_cmd/navigation2_cmd.egg-info/PKG-INFO
writing dependency_links to ../../build/navigation2_cmd/navigation2_cmd.egg-info/dependency_links.txt
writing entry points to ../../build/navigation2_cmd/navigation2_cmd.egg-info/entry_points.txt
writing requirements to ../../build/navigation2_cmd/navigation2_cmd.egg-info/requires.txt
writing top-level names to ../../build/navigation2_cmd/navigation2_cmd.egg-info/top_level.txt
reading manifest file '../../build/navigation2_cmd/navigation2_cmd.egg-info/SOURCES.txt'
writing manifest file '../../build/navigation2_cmd/navigation2_cmd.egg-info/SOURCES.txt'
running build
running build_py
copying navigation2_cmd/set_up_inspection_points.py -> /home/ricardo/rm_ws/build/navigation2_cmd/build/lib/navigation2_cmd
copying navigation2_cmd/start_patrol.py -> /home/ricardo/rm_ws/build/navigation2_cmd/build/lib/navigation2_cmd
/usr/lib/python3/dist-packages/setuptools/command/install.py:34: SetuptoolsDeprecationWarning: setup.py install is deprecated. Use build and pip and other standards-based tools.
  warnings.warn(
running install
running install_lib
copying /home/ricardo/rm_ws/build/navigation2_cmd/build/lib/navigation2_cmd/set_up_inspection_points.py -> /home/ricardo/rm_ws/install/navigation2_cmd/lib/python3.10/site-packages/navigation2_cmd
copying /home/ricardo/rm_ws/build/navigation2_cmd/build/lib/navigation2_cmd/start_patrol.py -> /home/ricardo/rm_ws/install/navigation2_cmd/lib/python3.10/site-packages/navigation2_cmd
byte-compiling /home/ricardo/rm_ws/install/navigation2_cmd/lib/python3.10/site-packages/navigation2_cmd/set_up_inspection_points.py to set_up_inspection_points.cpython-310.pyc
byte-compiling /home/ricardo/rm_ws/install/navigation2_cmd/lib/python3.10/site-packages/navigation2_cmd/start_patrol.py to start_patrol.cpython-310.pyc
running install_data
running install_egg_info
removing '/home/ricardo/rm_ws/install/navigation2_cmd/lib/python3.10/site-packages/navigation2_cmd-0.0.0-py3.10.egg-info' (and everything under it)
Copying ../../build/navigation2_cmd/navigation2_cmd.egg-info to /home/ricardo/rm_ws/install/navigation2_cmd/lib/python3.10/site-packages/navigation2_cmd-0.0.0-py3.10.egg-info
running install_scripts
Installing init_robot_pose script to /home/ricardo/rm_ws/install/navigation2_cmd/lib/navigation2_cmd
Installing set_up_inspection_points script to /home/ricardo/rm_ws/install/navigation2_cmd/lib/navigation2_cmd
Installing start_patrol script to /home/ricardo/rm_ws/install/navigation2_cmd/lib/navigation2_cmd
writing list of installed files to '/home/ricardo/rm_ws/build/navigation2_cmd/install.log'
