[0.118s] Invoking command in '/home/ricardo/rm_ws/build/nav2_util': AMENT_PREFIX_PATH=/home/ricardo/rm_ws/install/nav2_msgs:/home/ricardo/rm_ws/install/nav2_common:${AMENT_PREFIX_PATH} CMAKE_PREFIX_PATH=/home/ricardo/rm_ws/install/nav2_msgs:/home/ricardo/rm_ws/install/nav2_common:/home/ricardo/rm_ws/install/laser_car_cartographer:/home/ricardo/rm_ws/install/cartographer_ros:/home/ricardo/rm_ws/install/cartographer_ros_msgs:/home/ricardo/rm_ws/install/cartographer:/home/ricardo/rm_ws/install/topic_text_video:/home/ricardo/rm_ws/install/laser_car_description:/opt/ros/humble LD_LIBRARY_PATH=/home/ricardo/rm_ws/install/nav2_msgs/lib:${LD_LIBRARY_PATH} PYTHONPATH=/home/ricardo/rm_ws/install/nav2_msgs/local/lib/python3.10/dist-packages:/home/ricardo/rm_ws/install/nav2_common/local/lib/python3.10/dist-packages:${PYTHONPATH} /usr/bin/cmake /home/ricardo/rm_ws/src/navigation2/nav2_util -DCMAKE_INSTALL_PREFIX=/home/ricardo/rm_ws/install/nav2_util
[0.180s] -- The C compiler identification is GNU 11.4.0
[0.237s] -- The CXX compiler identification is GNU 11.4.0
[0.245s] -- Detecting C compiler ABI info
[0.328s] -- Detecting C compiler ABI info - done
[0.334s] -- Check for working C compiler: /usr/bin/cc - skipped
[0.334s] -- Detecting C compile features
[0.335s] -- Detecting C compile features - done
[0.338s] -- Detecting CXX compiler ABI info
[0.429s] -- Detecting CXX compiler ABI info - done
[0.437s] -- Check for working CXX compiler: /usr/bin/c++ - skipped
[0.437s] -- Detecting CXX compile features
[0.437s] -- Detecting CXX compile features - done
[0.439s] -- Found ament_cmake: 1.3.6 (/opt/ros/humble/share/ament_cmake/cmake)
[0.611s] -- Found Python3: /usr/bin/python3.10 (found version "3.10.12") found components: Interpreter 
[0.706s] -- Found nav2_common: 1.1.12 (/home/ricardo/rm_ws/install/nav2_common/share/nav2_common/cmake)
[0.706s] -- Found nav2_msgs: 1.1.12 (/home/ricardo/rm_ws/install/nav2_msgs/share/nav2_msgs/cmake)
[0.749s] -- Found rosidl_generator_c: 3.1.5 (/opt/ros/humble/share/rosidl_generator_c/cmake)
[0.756s] -- Found rosidl_adapter: 3.1.5 (/opt/ros/humble/share/rosidl_adapter/cmake)
[0.766s] -- Found rosidl_generator_cpp: 3.1.5 (/opt/ros/humble/share/rosidl_generator_cpp/cmake)
[0.783s] -- Using all available rosidl_typesupport_c: rosidl_typesupport_fastrtps_c;rosidl_typesupport_introspection_c
[0.810s] -- Using all available rosidl_typesupport_cpp: rosidl_typesupport_fastrtps_cpp;rosidl_typesupport_introspection_cpp
[1.309s] -- Found tf2_ros: 0.25.5 (/opt/ros/humble/share/tf2_ros/cmake)
[1.471s] -- Found rmw_implementation_cmake: 6.1.1 (/opt/ros/humble/share/rmw_implementation_cmake/cmake)
[1.473s] -- Found rmw_fastrtps_cpp: 6.2.5 (/opt/ros/humble/share/rmw_fastrtps_cpp/cmake)
[1.606s] -- Found OpenSSL: /usr/lib/x86_64-linux-gnu/libcrypto.so (found version "3.0.2")  
[1.633s] -- Found FastRTPS: /opt/ros/humble/include  
[1.680s] -- Using RMW implementation 'rmw_fastrtps_cpp' as default
[1.695s] -- Looking for pthread.h
[1.773s] -- Looking for pthread.h - found
[1.773s] -- Performing Test CMAKE_HAVE_LIBC_PTHREAD
[1.856s] -- Performing Test CMAKE_HAVE_LIBC_PTHREAD - Success
[1.857s] -- Found Threads: TRUE  
[2.212s] -- Found tf2_geometry_msgs: 0.25.5 (/opt/ros/humble/share/tf2_geometry_msgs/cmake)
[2.241s] -- Found eigen3_cmake_module: 0.1.1 (/opt/ros/humble/share/eigen3_cmake_module/cmake)
[2.244s] -- Found Eigen3: TRUE (found version "3.4.0") 
[2.244s] -- Ensuring Eigen3 include directory is part of orocos-kdl CMake target
[2.256s] -- Found lifecycle_msgs: 1.2.1 (/opt/ros/humble/share/lifecycle_msgs/cmake)
[2.290s] -- Found rclcpp_lifecycle: 16.0.7 (/opt/ros/humble/share/rclcpp_lifecycle/cmake)
[2.321s] -- Found bondcpp: 3.0.2 (/opt/ros/humble/share/bondcpp/cmake)
[2.415s] -- Setting build type to Release as none was specified.
[2.471s] -- Found Boost: /usr/lib/x86_64-linux-gnu/cmake/Boost-1.74.0/BoostConfig.cmake (found version "1.74.0") found components: program_options 
[2.477s] -- Found ament_lint_auto: 0.12.9 (/opt/ros/humble/share/ament_lint_auto/cmake)
[2.479s] -- Found ament_cmake_pytest: 1.3.6 (/opt/ros/humble/share/ament_cmake_pytest/cmake)
[2.483s] -- Found launch_testing_ament_cmake: 1.0.4 (/opt/ros/humble/share/launch_testing_ament_cmake/cmake)
[2.485s] -- Found python_cmake_module: 0.10.0 (/opt/ros/humble/share/python_cmake_module/cmake)
[2.507s] -- Found PythonInterp: /usr/bin/python3 (found suitable version "3.10.12", minimum required is "3.6") 
[2.511s] -- Found PythonLibs: /usr/lib/x86_64-linux-gnu/libpython3.10.so (found suitable version "3.10.12", minimum required is "3.5") 
[2.511s] -- Using PYTHON_EXECUTABLE: /usr/bin/python3
[2.511s] -- Using PYTHON_INCLUDE_DIRS: /usr/include/python3.10
[2.511s] -- Using PYTHON_LIBRARIES: /usr/lib/x86_64-linux-gnu/libpython3.10.so
[2.531s] -- Found PythonExtra: .so  
[2.730s] -- Found gtest sources under '/opt/ros/humble/src/gtest_vendor': C++ tests using 'Google Test' will be built
[2.757s] -- Added test 'copyright' to check source files copyright and LICENSE
[2.759s] -- Added test 'cppcheck' to perform static code analysis on C / C++ code
[2.759s] -- Configured cppcheck include dirs: /home/ricardo/rm_ws/src/navigation2/nav2_util/include
[2.759s] -- Configured cppcheck exclude dirs and/or files: 
[2.761s] -- Added test 'cpplint' to check C / C++ code against the Google style
[2.761s] -- Configured cpplint exclude dirs and/or files: 
[2.762s] -- Added test 'lint_cmake' to check CMake code style
[2.763s] -- Added test 'uncrustify' to check C / C++ code style
[2.763s] -- Configured uncrustify additional arguments: 
[2.764s] -- Added test 'xmllint' to check XML markup files
[2.767s] -- Configuring done
[2.890s] -- Generating done
[2.894s] -- Build files have been written to: /home/ricardo/rm_ws/build/nav2_util
[2.913s] Invoked command in '/home/ricardo/rm_ws/build/nav2_util' returned '0': AMENT_PREFIX_PATH=/home/ricardo/rm_ws/install/nav2_msgs:/home/ricardo/rm_ws/install/nav2_common:${AMENT_PREFIX_PATH} CMAKE_PREFIX_PATH=/home/ricardo/rm_ws/install/nav2_msgs:/home/ricardo/rm_ws/install/nav2_common:/home/ricardo/rm_ws/install/laser_car_cartographer:/home/ricardo/rm_ws/install/cartographer_ros:/home/ricardo/rm_ws/install/cartographer_ros_msgs:/home/ricardo/rm_ws/install/cartographer:/home/ricardo/rm_ws/install/topic_text_video:/home/ricardo/rm_ws/install/laser_car_description:/opt/ros/humble LD_LIBRARY_PATH=/home/ricardo/rm_ws/install/nav2_msgs/lib:${LD_LIBRARY_PATH} PYTHONPATH=/home/ricardo/rm_ws/install/nav2_msgs/local/lib/python3.10/dist-packages:/home/ricardo/rm_ws/install/nav2_common/local/lib/python3.10/dist-packages:${PYTHONPATH} /usr/bin/cmake /home/ricardo/rm_ws/src/navigation2/nav2_util -DCMAKE_INSTALL_PREFIX=/home/ricardo/rm_ws/install/nav2_util
[2.914s] Invoking command in '/home/ricardo/rm_ws/build/nav2_util': AMENT_PREFIX_PATH=/home/ricardo/rm_ws/install/nav2_msgs:/home/ricardo/rm_ws/install/nav2_common:${AMENT_PREFIX_PATH} CMAKE_PREFIX_PATH=/home/ricardo/rm_ws/install/nav2_msgs:/home/ricardo/rm_ws/install/nav2_common:/home/ricardo/rm_ws/install/laser_car_cartographer:/home/ricardo/rm_ws/install/cartographer_ros:/home/ricardo/rm_ws/install/cartographer_ros_msgs:/home/ricardo/rm_ws/install/cartographer:/home/ricardo/rm_ws/install/topic_text_video:/home/ricardo/rm_ws/install/laser_car_description:/opt/ros/humble LD_LIBRARY_PATH=/home/ricardo/rm_ws/install/nav2_msgs/lib:${LD_LIBRARY_PATH} PYTHONPATH=/home/ricardo/rm_ws/install/nav2_msgs/local/lib/python3.10/dist-packages:/home/ricardo/rm_ws/install/nav2_common/local/lib/python3.10/dist-packages:${PYTHONPATH} /usr/bin/cmake --build /home/ricardo/rm_ws/build/nav2_util -- -j8 -l8
[2.975s] [  2%] [32mBuilding CXX object gtest/CMakeFiles/gtest_main.dir/src/gtest_main.cc.o[0m
[2.976s] [  5%] [32mBuilding CXX object gtest/CMakeFiles/gtest.dir/src/gtest-all.cc.o[0m
[2.978s] [ 10%] [32mBuilding CXX object src/CMakeFiles/nav2_util_core.dir/costmap.cpp.o[0m
[2.978s] [ 10%] [32mBuilding CXX object src/CMakeFiles/nav2_util_core.dir/lifecycle_service_client.cpp.o[0m
[2.978s] [ 13%] [32mBuilding CXX object src/CMakeFiles/nav2_util_core.dir/string_utils.cpp.o[0m
[2.979s] [ 15%] [32mBuilding CXX object src/CMakeFiles/nav2_util_core.dir/lifecycle_utils.cpp.o[0m
[2.979s] [ 18%] [32mBuilding CXX object src/CMakeFiles/nav2_util_core.dir/node_utils.cpp.o[0m
[2.984s] [ 21%] [32mBuilding CXX object src/CMakeFiles/nav2_util_core.dir/lifecycle_node.cpp.o[0m
[3.319s] [ 23%] [32mBuilding CXX object src/CMakeFiles/nav2_util_core.dir/robot_utils.cpp.o[0m
[4.169s] [ 26%] [32m[1mLinking CXX static library libgtest_main.a[0m
[4.219s] [ 26%] Built target gtest_main
[4.234s] [ 28%] [32mBuilding CXX object src/CMakeFiles/nav2_util_core.dir/node_thread.cpp.o[0m
[8.332s] [ 31%] [32mBuilding CXX object src/CMakeFiles/nav2_util_core.dir/odometry_utils.cpp.o[0m
[12.480s] [ 34%] [32m[1mLinking CXX static library libgtest.a[0m
[12.531s] [ 34%] Built target gtest
[12.559s] [ 36%] [32mBuilding CXX object test/CMakeFiles/test_execution_timer.dir/test_execution_timer.cpp.o[0m
[13.709s] [ 39%] [32m[1mLinking CXX executable test_execution_timer[0m
[13.819s] [ 39%] Built target test_execution_timer
[18.434s] [ 42%] [32m[1mLinking CXX shared library libnav2_util_core.so[0m
[18.701s] [ 42%] Built target nav2_util_core
[18.727s] [ 44%] [32mBuilding CXX object src/CMakeFiles/lifecycle_bringup.dir/lifecycle_bringup_commandline.cpp.o[0m
[18.728s] [ 50%] [32mBuilding CXX object test/CMakeFiles/test_string_utils.dir/test_string_utils.cpp.o[0m
[18.728s] [ 50%] [32mBuilding CXX object test/CMakeFiles/test_node_utils.dir/test_node_utils.cpp.o[0m
[18.729s] [ 52%] [32mBuilding CXX object test/CMakeFiles/test_service_client.dir/test_service_client.cpp.o[0m
[18.729s] [ 55%] [32mBuilding CXX object test/CMakeFiles/test_lifecycle_cli_node.dir/test_lifecycle_cli_node.cpp.o[0m
[18.732s] [ 57%] [32mBuilding CXX object test/CMakeFiles/test_lifecycle_utils.dir/test_lifecycle_utils.cpp.o[0m
[18.735s] [ 60%] [32mBuilding CXX object test/CMakeFiles/test_actions.dir/test_actions.cpp.o[0m
[18.738s] [ 63%] [32mBuilding CXX object test/CMakeFiles/test_lifecycle_node.dir/test_lifecycle_node.cpp.o[0m
[20.419s] [ 65%] [32m[1mLinking CXX executable test_string_utils[0m
[20.633s] [ 65%] Built target test_string_utils
[20.669s] [ 68%] [32mBuilding CXX object test/CMakeFiles/test_geometry_utils.dir/test_geometry_utils.cpp.o[0m
[22.859s] [ 71%] [32m[1mLinking CXX executable lifecycle_bringup[0m
[23.122s] [ 71%] Built target lifecycle_bringup
[23.150s] [ 73%] [32mBuilding CXX object test/CMakeFiles/test_odometry_utils.dir/test_odometry_utils.cpp.o[0m
[24.611s] [ 76%] [32m[1mLinking CXX executable test_lifecycle_utils[0m
[24.819s] [ 78%] [32m[1mLinking CXX executable test_lifecycle_node[0m
[24.863s] [ 81%] [32m[1mLinking CXX executable test_lifecycle_cli_node[0m
[24.936s] [ 81%] Built target test_lifecycle_utils
[24.970s] [ 84%] [32mBuilding CXX object test/CMakeFiles/test_robot_utils.dir/test_robot_utils.cpp.o[0m
[25.121s] [ 84%] Built target test_lifecycle_node
[25.171s] [ 84%] Built target test_lifecycle_cli_node
[25.382s] [ 86%] [32m[1mLinking CXX executable test_node_utils[0m
[25.621s] [ 86%] Built target test_node_utils
[25.946s] [ 89%] [32m[1mLinking CXX executable test_geometry_utils[0m
[26.208s] [ 89%] Built target test_geometry_utils
[29.045s] [ 92%] [32m[1mLinking CXX executable test_robot_utils[0m
[29.294s] [ 92%] Built target test_robot_utils
[30.905s] [ 94%] [32m[1mLinking CXX executable test_odometry_utils[0m
[31.123s] [ 94%] Built target test_odometry_utils
[33.546s] [ 97%] [32m[1mLinking CXX executable test_service_client[0m
[33.789s] [ 97%] Built target test_service_client
[37.415s] [100%] [32m[1mLinking CXX executable test_actions[0m
[37.673s] [100%] Built target test_actions
[37.690s] Invoked command in '/home/ricardo/rm_ws/build/nav2_util' returned '0': AMENT_PREFIX_PATH=/home/ricardo/rm_ws/install/nav2_msgs:/home/ricardo/rm_ws/install/nav2_common:${AMENT_PREFIX_PATH} CMAKE_PREFIX_PATH=/home/ricardo/rm_ws/install/nav2_msgs:/home/ricardo/rm_ws/install/nav2_common:/home/ricardo/rm_ws/install/laser_car_cartographer:/home/ricardo/rm_ws/install/cartographer_ros:/home/ricardo/rm_ws/install/cartographer_ros_msgs:/home/ricardo/rm_ws/install/cartographer:/home/ricardo/rm_ws/install/topic_text_video:/home/ricardo/rm_ws/install/laser_car_description:/opt/ros/humble LD_LIBRARY_PATH=/home/ricardo/rm_ws/install/nav2_msgs/lib:${LD_LIBRARY_PATH} PYTHONPATH=/home/ricardo/rm_ws/install/nav2_msgs/local/lib/python3.10/dist-packages:/home/ricardo/rm_ws/install/nav2_common/local/lib/python3.10/dist-packages:${PYTHONPATH} /usr/bin/cmake --build /home/ricardo/rm_ws/build/nav2_util -- -j8 -l8
[37.758s] Invoking command in '/home/ricardo/rm_ws/build/nav2_util': AMENT_PREFIX_PATH=/home/ricardo/rm_ws/install/nav2_msgs:/home/ricardo/rm_ws/install/nav2_common:${AMENT_PREFIX_PATH} CMAKE_PREFIX_PATH=/home/ricardo/rm_ws/install/nav2_msgs:/home/ricardo/rm_ws/install/nav2_common:/home/ricardo/rm_ws/install/laser_car_cartographer:/home/ricardo/rm_ws/install/cartographer_ros:/home/ricardo/rm_ws/install/cartographer_ros_msgs:/home/ricardo/rm_ws/install/cartographer:/home/ricardo/rm_ws/install/topic_text_video:/home/ricardo/rm_ws/install/laser_car_description:/opt/ros/humble LD_LIBRARY_PATH=/home/ricardo/rm_ws/install/nav2_msgs/lib:${LD_LIBRARY_PATH} PYTHONPATH=/home/ricardo/rm_ws/install/nav2_msgs/local/lib/python3.10/dist-packages:/home/ricardo/rm_ws/install/nav2_common/local/lib/python3.10/dist-packages:${PYTHONPATH} /usr/bin/cmake --install /home/ricardo/rm_ws/build/nav2_util
[37.771s] -- Install configuration: "Release"
[37.771s] -- Installing: /home/ricardo/rm_ws/install/nav2_util/include/
[37.771s] -- Installing: /home/ricardo/rm_ws/install/nav2_util/include//nav2_util
[37.771s] -- Installing: /home/ricardo/rm_ws/install/nav2_util/include//nav2_util/odometry_utils.hpp
[37.771s] -- Installing: /home/ricardo/rm_ws/install/nav2_util/include//nav2_util/lifecycle_service_client.hpp
[37.771s] -- Installing: /home/ricardo/rm_ws/install/nav2_util/include//nav2_util/clear_entirely_costmap_service_client.hpp
[37.772s] -- Installing: /home/ricardo/rm_ws/install/nav2_util/include//nav2_util/geometry_utils.hpp
[37.772s] -- Installing: /home/ricardo/rm_ws/install/nav2_util/include//nav2_util/line_iterator.hpp
[37.772s] -- Installing: /home/ricardo/rm_ws/install/nav2_util/include//nav2_util/lifecycle_node.hpp
[37.772s] -- Installing: /home/ricardo/rm_ws/install/nav2_util/include//nav2_util/string_utils.hpp
[37.772s] -- Installing: /home/ricardo/rm_ws/install/nav2_util/include//nav2_util/node_thread.hpp
[37.772s] -- Installing: /home/ricardo/rm_ws/install/nav2_util/include//nav2_util/service_client.hpp
[37.773s] -- Installing: /home/ricardo/rm_ws/install/nav2_util/include//nav2_util/costmap.hpp
[37.773s] -- Installing: /home/ricardo/rm_ws/install/nav2_util/include//nav2_util/occ_grid_values.hpp
[37.773s] -- Installing: /home/ricardo/rm_ws/install/nav2_util/include//nav2_util/lifecycle_utils.hpp
[37.773s] -- Installing: /home/ricardo/rm_ws/install/nav2_util/include//nav2_util/robot_utils.hpp
[37.773s] -- Installing: /home/ricardo/rm_ws/install/nav2_util/include//nav2_util/node_utils.hpp
[37.773s] -- Installing: /home/ricardo/rm_ws/install/nav2_util/include//nav2_util/execution_timer.hpp
[37.774s] -- Installing: /home/ricardo/rm_ws/install/nav2_util/include//nav2_util/simple_action_server.hpp
[37.774s] -- Installing: /home/ricardo/rm_ws/install/nav2_util/share/nav2_util/environment/library_path.sh
[37.774s] -- Installing: /home/ricardo/rm_ws/install/nav2_util/share/nav2_util/environment/library_path.dsv
[37.774s] -- Installing: /home/ricardo/rm_ws/install/nav2_util/share/ament_index/resource_index/package_run_dependencies/nav2_util
[37.774s] -- Installing: /home/ricardo/rm_ws/install/nav2_util/share/ament_index/resource_index/parent_prefix_path/nav2_util
[37.774s] -- Installing: /home/ricardo/rm_ws/install/nav2_util/share/nav2_util/environment/ament_prefix_path.sh
[37.774s] -- Installing: /home/ricardo/rm_ws/install/nav2_util/share/nav2_util/environment/ament_prefix_path.dsv
[37.774s] -- Installing: /home/ricardo/rm_ws/install/nav2_util/share/nav2_util/environment/path.sh
[37.774s] -- Installing: /home/ricardo/rm_ws/install/nav2_util/share/nav2_util/environment/path.dsv
[37.774s] -- Installing: /home/ricardo/rm_ws/install/nav2_util/share/nav2_util/local_setup.bash
[37.774s] -- Installing: /home/ricardo/rm_ws/install/nav2_util/share/nav2_util/local_setup.sh
[37.775s] -- Installing: /home/ricardo/rm_ws/install/nav2_util/share/nav2_util/local_setup.zsh
[37.775s] -- Installing: /home/ricardo/rm_ws/install/nav2_util/share/nav2_util/local_setup.dsv
[37.775s] -- Installing: /home/ricardo/rm_ws/install/nav2_util/share/nav2_util/package.dsv
[37.775s] -- Installing: /home/ricardo/rm_ws/install/nav2_util/share/ament_index/resource_index/packages/nav2_util
[37.775s] -- Installing: /home/ricardo/rm_ws/install/nav2_util/share/nav2_util/cmake/ament_cmake_export_include_directories-extras.cmake
[37.775s] -- Installing: /home/ricardo/rm_ws/install/nav2_util/share/nav2_util/cmake/ament_cmake_export_libraries-extras.cmake
[37.775s] -- Installing: /home/ricardo/rm_ws/install/nav2_util/share/nav2_util/cmake/ament_cmake_export_dependencies-extras.cmake
[37.775s] -- Installing: /home/ricardo/rm_ws/install/nav2_util/share/nav2_util/cmake/nav2_utilConfig.cmake
[37.775s] -- Installing: /home/ricardo/rm_ws/install/nav2_util/share/nav2_util/cmake/nav2_utilConfig-version.cmake
[37.775s] -- Installing: /home/ricardo/rm_ws/install/nav2_util/share/nav2_util/package.xml
[37.775s] -- Installing: /home/ricardo/rm_ws/install/nav2_util/lib/libnav2_util_core.so
[37.775s] -- Set runtime path of "/home/ricardo/rm_ws/install/nav2_util/lib/libnav2_util_core.so" to ""
[37.775s] -- Installing: /home/ricardo/rm_ws/install/nav2_util/lib/nav2_util/lifecycle_bringup
[37.777s] -- Set runtime path of "/home/ricardo/rm_ws/install/nav2_util/lib/nav2_util/lifecycle_bringup" to ""
[37.779s] Invoked command in '/home/ricardo/rm_ws/build/nav2_util' returned '0': AMENT_PREFIX_PATH=/home/ricardo/rm_ws/install/nav2_msgs:/home/ricardo/rm_ws/install/nav2_common:${AMENT_PREFIX_PATH} CMAKE_PREFIX_PATH=/home/ricardo/rm_ws/install/nav2_msgs:/home/ricardo/rm_ws/install/nav2_common:/home/ricardo/rm_ws/install/laser_car_cartographer:/home/ricardo/rm_ws/install/cartographer_ros:/home/ricardo/rm_ws/install/cartographer_ros_msgs:/home/ricardo/rm_ws/install/cartographer:/home/ricardo/rm_ws/install/topic_text_video:/home/ricardo/rm_ws/install/laser_car_description:/opt/ros/humble LD_LIBRARY_PATH=/home/ricardo/rm_ws/install/nav2_msgs/lib:${LD_LIBRARY_PATH} PYTHONPATH=/home/ricardo/rm_ws/install/nav2_msgs/local/lib/python3.10/dist-packages:/home/ricardo/rm_ws/install/nav2_common/local/lib/python3.10/dist-packages:${PYTHONPATH} /usr/bin/cmake --install /home/ricardo/rm_ws/build/nav2_util
