[0.987s] Invoking command in '/home/ricardo/rm_ws/src/lazer_car_description': PYTHONPATH=/home/ricardo/rm_ws/build/lazer_car_description/prefix_override:/home/ricardo/rm_ws/install/lazer_car_description/lib/python3.10/site-packages:${PYTHONPATH} /usr/bin/python3 setup.py egg_info --egg-base ../../build/lazer_car_description build --build-base /home/ricardo/rm_ws/build/lazer_car_description/build install --record /home/ricardo/rm_ws/build/lazer_car_description/install.log --single-version-externally-managed
[1.175s] running egg_info
[1.176s] writing ../../build/lazer_car_description/lazer_car_description.egg-info/PKG-INFO
[1.176s] writing dependency_links to ../../build/lazer_car_description/lazer_car_description.egg-info/dependency_links.txt
[1.176s] writing entry points to ../../build/lazer_car_description/lazer_car_description.egg-info/entry_points.txt
[1.177s] writing requirements to ../../build/lazer_car_description/lazer_car_description.egg-info/requires.txt
[1.177s] writing top-level names to ../../build/lazer_car_description/lazer_car_description.egg-info/top_level.txt
[1.179s] reading manifest file '../../build/lazer_car_description/lazer_car_description.egg-info/SOURCES.txt'
[1.180s] writing manifest file '../../build/lazer_car_description/lazer_car_description.egg-info/SOURCES.txt'
[1.181s] running build
[1.181s] running build_py
[1.181s] /usr/lib/python3/dist-packages/setuptools/command/install.py:34: SetuptoolsDeprecationWarning: setup.py install is deprecated. Use build and pip and other standards-based tools.
[1.182s]   warnings.warn(
[1.182s] running install
[1.183s] running install_lib
[1.184s] running install_data
[1.185s] running install_egg_info
[1.185s] removing '/home/ricardo/rm_ws/install/lazer_car_description/lib/python3.10/site-packages/lazer_car_description-0.0.0-py3.10.egg-info' (and everything under it)
[1.186s] Copying ../../build/lazer_car_description/lazer_car_description.egg-info to /home/ricardo/rm_ws/install/lazer_car_description/lib/python3.10/site-packages/lazer_car_description-0.0.0-py3.10.egg-info
[1.186s] running install_scripts
[1.205s] writing list of installed files to '/home/ricardo/rm_ws/build/lazer_car_description/install.log'
[1.245s] Invoked command in '/home/ricardo/rm_ws/src/lazer_car_description' returned '0': PYTHONPATH=/home/ricardo/rm_ws/build/lazer_car_description/prefix_override:/home/ricardo/rm_ws/install/lazer_car_description/lib/python3.10/site-packages:${PYTHONPATH} /usr/bin/python3 setup.py egg_info --egg-base ../../build/lazer_car_description build --build-base /home/ricardo/rm_ws/build/lazer_car_description/build install --record /home/ricardo/rm_ws/build/lazer_car_description/install.log --single-version-externally-managed
