[0.333s] Invoking command in '/home/ricardo/rm_ws/build/nav2_behavior_tree': CMAKE_PREFIX_PATH=/home/ricardo/rm_ws/install/nav2_util:/home/ricardo/rm_ws/install/nav2_msgs:/home/ricardo/rm_ws/install/nav2_common:/home/ricardo/rm_ws/install/navigation2:/home/ricardo/rm_ws/install/nav2_smoother:/home/ricardo/rm_ws/install/nav2_dwb_controller:/home/ricardo/rm_ws/install/nav2_controller:/home/ricardo/rm_ws/install/dwb_plugins:/home/ricardo/rm_ws/install/dwb_critics:/home/ricardo/rm_ws/install/dwb_core:/home/ricardo/rm_ws/install/nav_2d_utils:/home/ricardo/rm_ws/install/dwb_msgs:/home/ricardo/rm_ws/install/nav_2d_msgs:/home/ricardo/rm_ws/install/nav2_waypoint_follower:/home/ricardo/rm_ws/install/nav2_theta_star_planner:/home/ricardo/rm_ws/install/nav2_smac_planner:/home/ricardo/rm_ws/install/nav2_rotation_shim_controller:/home/ricardo/rm_ws/install/nav2_regulated_pure_pursuit_controller:/home/ricardo/rm_ws/install/nav2_planner:/home/ricardo/rm_ws/install/nav2_navfn_planner:/home/ricardo/rm_ws/install/nav2_mppi_controller:/home/ricardo/rm_ws/install/nav2_constrained_smoother:/home/ricardo/rm_ws/install/nav2_bt_navigator:/home/ricardo/rm_ws/install/nav2_behaviors:/home/ricardo/rm_ws/install/nav2_core:/home/ricardo/rm_ws/install/nav2_collision_monitor:/home/ricardo/rm_ws/install/costmap_queue:/home/ricardo/rm_ws/install/nav2_costmap_2d:/home/ricardo/rm_ws/install/nav2_voxel_grid:/home/ricardo/rm_ws/install/nav2_velocity_smoother:/home/ricardo/rm_ws/install/nav2_rviz_plugins:/home/ricardo/rm_ws/install/nav2_map_server:/home/ricardo/rm_ws/install/nav2_lifecycle_manager:/home/ricardo/rm_ws/install/nav2_behavior_tree:/home/ricardo/rm_ws/install/nav2_amcl:/home/ricardo/rm_ws/install/laser_car_cartographer:/home/ricardo/rm_ws/install/cartographer_ros:/home/ricardo/rm_ws/install/cartographer_ros_msgs:/home/ricardo/rm_ws/install/cartographer:/home/ricardo/rm_ws/install/topic_text_video:/home/ricardo/rm_ws/install/nav2_simple_commander:/home/ricardo/rm_ws/install/laser_car_description:/opt/ros/humble LD_LIBRARY_PATH=/home/ricardo/rm_ws/install/nav2_util/lib:/home/ricardo/rm_ws/install/nav2_msgs/lib:/home/ricardo/rm_ws/install/nav2_smoother/lib:/home/ricardo/rm_ws/install/nav2_controller/lib:/home/ricardo/rm_ws/install/dwb_plugins/lib:/home/ricardo/rm_ws/install/dwb_critics/lib:/home/ricardo/rm_ws/install/dwb_core/lib:/home/ricardo/rm_ws/install/nav_2d_utils/lib:/home/ricardo/rm_ws/install/dwb_msgs/lib:/home/ricardo/rm_ws/install/nav_2d_msgs/lib:/home/ricardo/rm_ws/install/nav2_waypoint_follower/lib:/home/ricardo/rm_ws/install/nav2_theta_star_planner/lib:/home/ricardo/rm_ws/install/nav2_smac_planner/lib:/home/ricardo/rm_ws/install/nav2_rotation_shim_controller/lib:/home/ricardo/rm_ws/install/nav2_regulated_pure_pursuit_controller/lib:/home/ricardo/rm_ws/install/nav2_planner/lib:/home/ricardo/rm_ws/install/nav2_navfn_planner/lib:/home/ricardo/rm_ws/install/nav2_mppi_controller/lib:/home/ricardo/rm_ws/install/nav2_constrained_smoother/lib:/home/ricardo/rm_ws/install/nav2_bt_navigator/lib:/home/ricardo/rm_ws/install/nav2_behaviors/lib:/home/ricardo/rm_ws/install/nav2_collision_monitor/lib:/home/ricardo/rm_ws/install/costmap_queue/lib:/home/ricardo/rm_ws/install/nav2_costmap_2d/lib:/home/ricardo/rm_ws/install/nav2_voxel_grid/lib:/home/ricardo/rm_ws/install/nav2_velocity_smoother/lib:/home/ricardo/rm_ws/install/nav2_rviz_plugins/lib:/home/ricardo/rm_ws/install/nav2_map_server/lib:/home/ricardo/rm_ws/install/nav2_lifecycle_manager/lib:/home/ricardo/rm_ws/install/nav2_behavior_tree/lib:/home/ricardo/rm_ws/install/nav2_amcl/lib:/home/ricardo/rm_ws/install/cartographer_ros/lib:/home/ricardo/rm_ws/install/cartographer_ros_msgs/lib:/usr/lib/x86_64-linux-gnu/gazebo-11/plugins:/opt/ros/humble/opt/rviz_ogre_vendor/lib:/opt/ros/humble/lib/x86_64-linux-gnu:/opt/ros/humble/lib /usr/bin/cmake --build /home/ricardo/rm_ws/build/nav2_behavior_tree -- -j8 -l8
[0.565s] [  1%] Built target nav2_behavior_tree
[0.573s] [  2%] Built target nav2_compute_path_to_pose_action_bt_node
[0.583s] [  3%] Built target nav2_compute_path_through_poses_action_bt_node
[0.605s] [  4%] Built target nav2_spin_cancel_bt_node
[0.605s] [  5%] Built target nav2_controller_cancel_bt_node
[0.629s] [  6%] Built target nav2_wait_cancel_bt_node
[0.629s] [  7%] Built target nav2_back_up_cancel_bt_node
[0.731s] [  8%] Built target nav2_assisted_teleop_cancel_bt_node
[0.735s] [  9%] Built target nav2_drive_on_heading_cancel_bt_node
[0.785s] [ 10%] Built target nav2_back_up_action_bt_node
[0.790s] [ 11%] Built target nav2_smooth_path_action_bt_node
[0.802s] [ 12%] Built target nav2_drive_on_heading_bt_node
[0.807s] [ 13%] Built target nav2_follow_path_action_bt_node
[0.817s] [ 14%] Built target nav2_wait_action_bt_node
[0.831s] [ 15%] Built target nav2_spin_action_bt_node
[0.994s] [ 16%] Built target nav2_assisted_teleop_action_bt_node
[0.999s] [ 17%] Built target nav2_clear_costmap_service_bt_node
[0.999s] [ 18%] Built target nav2_is_stuck_condition_bt_node
[0.999s] [ 19%] Built target nav2_globally_updated_goal_condition_bt_node
[1.002s] [ 20%] Built target nav2_transform_available_condition_bt_node
[1.008s] [ 21%] Built target nav2_is_path_valid_condition_bt_node
[1.011s] [ 22%] Built target nav2_goal_reached_condition_bt_node
[1.027s] [ 23%] Built target nav2_goal_updated_condition_bt_node
[1.118s] [ 24%] Built target nav2_initial_pose_received_condition_bt_node
[1.121s] [ 25%] Built target nav2_is_battery_charging_condition_bt_node
[1.121s] [ 26%] Built target nav2_distance_traveled_condition_bt_node
[1.131s] [ 28%] Built target nav2_is_battery_low_condition_bt_node
[1.133s] [ 27%] Built target nav2_reinitialize_global_localization_service_bt_node
[1.135s] [ 29%] Built target nav2_path_expiring_timer_condition
[1.152s] [ 30%] Built target nav2_time_expired_condition_bt_node
[1.202s] [ 31%] Built target nav2_distance_controller_bt_node
[1.203s] [ 32%] Built target nav2_rate_controller_bt_node
[1.213s] [ 33%] Built target nav2_truncate_path_local_action_bt_node
[1.219s] [ 34%] Built target nav2_path_longer_on_approach_bt_node
[1.224s] [ 35%] Built target nav2_goal_updater_node_bt_node
[1.227s] [ 36%] Built target nav2_truncate_path_action_bt_node
[1.231s] [ 37%] Built target nav2_speed_controller_bt_node
[1.327s] [ 38%] Built target nav2_recovery_node_bt_node
[1.328s] [ 39%] Built target nav2_navigate_to_pose_action_bt_node
[1.328s] [ 40%] Built target nav2_navigate_through_poses_action_bt_node
[1.332s] [ 41%] Built target nav2_remove_passed_goals_action_bt_node
[1.336s] [ 42%] Built target nav2_round_robin_node_bt_node
[1.340s] [ 43%] Built target nav2_pipeline_sequence_bt_node
[1.343s] [ 44%] Built target nav2_single_trigger_bt_node
[1.349s] [ 45%] Built target nav2_planner_selector_bt_node
[1.407s] [ 46%] Built target nav2_controller_selector_bt_node
[1.413s] [ 47%] Built target nav2_smoother_selector_bt_node
[1.413s] [ 48%] Built target gtest_main
[1.424s] [ 49%] Built target nav2_goal_checker_selector_bt_node
[1.430s] [ 49%] Built target gtest
[1.434s] [ 50%] Built target nav2_goal_updated_controller_bt_node
[1.516s] [ 51%] Built target test_condition_time_expired
[1.519s] [ 52%] Built target test_bt_conversions
[1.524s] [ 54%] Built target test_condition_goal_updated
[1.524s] [ 54%] Built target test_condition_distance_traveled
[1.537s] [ 55%] Built target test_condition_initial_pose_received
[1.543s] [ 56%] Built target test_condition_path_expiring_timer
[1.547s] [ 57%] Built target test_condition_goal_reached
[1.558s] [ 58%] Built target test_condition_globally_updated_goal
[1.609s] [ 59%] Built target test_condition_transform_available
[1.612s] [ 60%] Built target test_condition_is_battery_charging
[1.614s] [ 61%] Built target test_condition_is_path_valid
[1.632s] [ 63%] Built target test_decorator_rate_controller
[1.633s] [ 63%] Built target test_condition_is_battery_low
[1.639s] [ 64%] Built target test_decorator_distance_controller
[1.643s] [ 65%] Built target test_decorator_speed_controller
[1.645s] [ 66%] Built target test_condition_is_stuck
[1.714s] [ 67%] Built target test_single_trigger_node
[1.731s] [ 68%] Built target test_goal_updated_controller
[1.732s] [ 69%] Built target test_control_pipeline_sequence
[1.732s] [ 70%] Built target test_goal_updater_node
[1.733s] [ 71%] Built target test_control_round_robin_node
[1.733s] [ 72%] Built target test_control_recovery_node
[1.735s] [ 73%] Built target test_decorator_path_longer_on_approach
[1.740s] [ 74%] Built target test_bt_action_node
[1.820s] [ 75%] Built target test_action_spin_action
[1.828s] [ 76%] Built target test_action_wait_action
[1.837s] [ 77%] Built target test_action_drive_on_heading
[1.837s] [ 78%] Built target test_action_back_up_action
[1.837s] [ 79%] Built target test_action_assisted_teleop_action
[1.838s] [ 80%] Built target test_action_controller_cancel_action
[1.842s] [ 81%] Built target test_action_wait_cancel_action
[1.848s] [ 82%] Built target test_action_spin_cancel_action
[1.899s] [ 83%] Built target test_action_back_up_cancel_action
[1.907s] [ 84%] Built target test_action_drive_on_heading_cancel_action
[1.932s] [ 85%] Built target test_action_assisted_teleop_cancel_action
[1.932s] [ 86%] Built target test_action_compute_path_through_poses_action
[1.939s] [ 87%] Built target test_action_reinitialize_global_localization_service
[1.945s] [ 88%] Built target test_action_clear_costmap_service
[1.950s] [ 89%] Built target test_action_smooth_path_action
[1.951s] [ 90%] Built target test_action_compute_path_to_pose_action
[1.996s] [ 91%] Built target test_action_follow_path_action
[2.006s] [ 92%] Built target test_action_navigate_to_pose_action
[2.013s] [ 93%] Built target test_truncate_path_action
[2.017s] [ 95%] Built target test_action_navigate_through_poses_action
[2.017s] [ 95%] Built target test_truncate_path_local_action
[2.027s] [ 96%] Built target test_remove_passed_goals_action
[2.028s] [ 97%] Built target test_planner_selector_node
[2.031s] [ 98%] Built target test_controller_selector_node
[2.062s] [ 99%] Built target test_smoother_selector_node
[2.070s] [100%] Built target test_goal_checker_selector_node
[2.302s] Invoked command in '/home/ricardo/rm_ws/build/nav2_behavior_tree' returned '0': CMAKE_PREFIX_PATH=/home/ricardo/rm_ws/install/nav2_util:/home/ricardo/rm_ws/install/nav2_msgs:/home/ricardo/rm_ws/install/nav2_common:/home/ricardo/rm_ws/install/navigation2:/home/ricardo/rm_ws/install/nav2_smoother:/home/ricardo/rm_ws/install/nav2_dwb_controller:/home/ricardo/rm_ws/install/nav2_controller:/home/ricardo/rm_ws/install/dwb_plugins:/home/ricardo/rm_ws/install/dwb_critics:/home/ricardo/rm_ws/install/dwb_core:/home/ricardo/rm_ws/install/nav_2d_utils:/home/ricardo/rm_ws/install/dwb_msgs:/home/ricardo/rm_ws/install/nav_2d_msgs:/home/ricardo/rm_ws/install/nav2_waypoint_follower:/home/ricardo/rm_ws/install/nav2_theta_star_planner:/home/ricardo/rm_ws/install/nav2_smac_planner:/home/ricardo/rm_ws/install/nav2_rotation_shim_controller:/home/ricardo/rm_ws/install/nav2_regulated_pure_pursuit_controller:/home/ricardo/rm_ws/install/nav2_planner:/home/ricardo/rm_ws/install/nav2_navfn_planner:/home/ricardo/rm_ws/install/nav2_mppi_controller:/home/ricardo/rm_ws/install/nav2_constrained_smoother:/home/ricardo/rm_ws/install/nav2_bt_navigator:/home/ricardo/rm_ws/install/nav2_behaviors:/home/ricardo/rm_ws/install/nav2_core:/home/ricardo/rm_ws/install/nav2_collision_monitor:/home/ricardo/rm_ws/install/costmap_queue:/home/ricardo/rm_ws/install/nav2_costmap_2d:/home/ricardo/rm_ws/install/nav2_voxel_grid:/home/ricardo/rm_ws/install/nav2_velocity_smoother:/home/ricardo/rm_ws/install/nav2_rviz_plugins:/home/ricardo/rm_ws/install/nav2_map_server:/home/ricardo/rm_ws/install/nav2_lifecycle_manager:/home/ricardo/rm_ws/install/nav2_behavior_tree:/home/ricardo/rm_ws/install/nav2_amcl:/home/ricardo/rm_ws/install/laser_car_cartographer:/home/ricardo/rm_ws/install/cartographer_ros:/home/ricardo/rm_ws/install/cartographer_ros_msgs:/home/ricardo/rm_ws/install/cartographer:/home/ricardo/rm_ws/install/topic_text_video:/home/ricardo/rm_ws/install/nav2_simple_commander:/home/ricardo/rm_ws/install/laser_car_description:/opt/ros/humble LD_LIBRARY_PATH=/home/ricardo/rm_ws/install/nav2_util/lib:/home/ricardo/rm_ws/install/nav2_msgs/lib:/home/ricardo/rm_ws/install/nav2_smoother/lib:/home/ricardo/rm_ws/install/nav2_controller/lib:/home/ricardo/rm_ws/install/dwb_plugins/lib:/home/ricardo/rm_ws/install/dwb_critics/lib:/home/ricardo/rm_ws/install/dwb_core/lib:/home/ricardo/rm_ws/install/nav_2d_utils/lib:/home/ricardo/rm_ws/install/dwb_msgs/lib:/home/ricardo/rm_ws/install/nav_2d_msgs/lib:/home/ricardo/rm_ws/install/nav2_waypoint_follower/lib:/home/ricardo/rm_ws/install/nav2_theta_star_planner/lib:/home/ricardo/rm_ws/install/nav2_smac_planner/lib:/home/ricardo/rm_ws/install/nav2_rotation_shim_controller/lib:/home/ricardo/rm_ws/install/nav2_regulated_pure_pursuit_controller/lib:/home/ricardo/rm_ws/install/nav2_planner/lib:/home/ricardo/rm_ws/install/nav2_navfn_planner/lib:/home/ricardo/rm_ws/install/nav2_mppi_controller/lib:/home/ricardo/rm_ws/install/nav2_constrained_smoother/lib:/home/ricardo/rm_ws/install/nav2_bt_navigator/lib:/home/ricardo/rm_ws/install/nav2_behaviors/lib:/home/ricardo/rm_ws/install/nav2_collision_monitor/lib:/home/ricardo/rm_ws/install/costmap_queue/lib:/home/ricardo/rm_ws/install/nav2_costmap_2d/lib:/home/ricardo/rm_ws/install/nav2_voxel_grid/lib:/home/ricardo/rm_ws/install/nav2_velocity_smoother/lib:/home/ricardo/rm_ws/install/nav2_rviz_plugins/lib:/home/ricardo/rm_ws/install/nav2_map_server/lib:/home/ricardo/rm_ws/install/nav2_lifecycle_manager/lib:/home/ricardo/rm_ws/install/nav2_behavior_tree/lib:/home/ricardo/rm_ws/install/nav2_amcl/lib:/home/ricardo/rm_ws/install/cartographer_ros/lib:/home/ricardo/rm_ws/install/cartographer_ros_msgs/lib:/usr/lib/x86_64-linux-gnu/gazebo-11/plugins:/opt/ros/humble/opt/rviz_ogre_vendor/lib:/opt/ros/humble/lib/x86_64-linux-gnu:/opt/ros/humble/lib /usr/bin/cmake --build /home/ricardo/rm_ws/build/nav2_behavior_tree -- -j8 -l8
[3.225s] Invoking command in '/home/ricardo/rm_ws/build/nav2_behavior_tree': CMAKE_PREFIX_PATH=/home/ricardo/rm_ws/install/nav2_util:/home/ricardo/rm_ws/install/nav2_msgs:/home/ricardo/rm_ws/install/nav2_common:/home/ricardo/rm_ws/install/navigation2:/home/ricardo/rm_ws/install/nav2_smoother:/home/ricardo/rm_ws/install/nav2_dwb_controller:/home/ricardo/rm_ws/install/nav2_controller:/home/ricardo/rm_ws/install/dwb_plugins:/home/ricardo/rm_ws/install/dwb_critics:/home/ricardo/rm_ws/install/dwb_core:/home/ricardo/rm_ws/install/nav_2d_utils:/home/ricardo/rm_ws/install/dwb_msgs:/home/ricardo/rm_ws/install/nav_2d_msgs:/home/ricardo/rm_ws/install/nav2_waypoint_follower:/home/ricardo/rm_ws/install/nav2_theta_star_planner:/home/ricardo/rm_ws/install/nav2_smac_planner:/home/ricardo/rm_ws/install/nav2_rotation_shim_controller:/home/ricardo/rm_ws/install/nav2_regulated_pure_pursuit_controller:/home/ricardo/rm_ws/install/nav2_planner:/home/ricardo/rm_ws/install/nav2_navfn_planner:/home/ricardo/rm_ws/install/nav2_mppi_controller:/home/ricardo/rm_ws/install/nav2_constrained_smoother:/home/ricardo/rm_ws/install/nav2_bt_navigator:/home/ricardo/rm_ws/install/nav2_behaviors:/home/ricardo/rm_ws/install/nav2_core:/home/ricardo/rm_ws/install/nav2_collision_monitor:/home/ricardo/rm_ws/install/costmap_queue:/home/ricardo/rm_ws/install/nav2_costmap_2d:/home/ricardo/rm_ws/install/nav2_voxel_grid:/home/ricardo/rm_ws/install/nav2_velocity_smoother:/home/ricardo/rm_ws/install/nav2_rviz_plugins:/home/ricardo/rm_ws/install/nav2_map_server:/home/ricardo/rm_ws/install/nav2_lifecycle_manager:/home/ricardo/rm_ws/install/nav2_behavior_tree:/home/ricardo/rm_ws/install/nav2_amcl:/home/ricardo/rm_ws/install/laser_car_cartographer:/home/ricardo/rm_ws/install/cartographer_ros:/home/ricardo/rm_ws/install/cartographer_ros_msgs:/home/ricardo/rm_ws/install/cartographer:/home/ricardo/rm_ws/install/topic_text_video:/home/ricardo/rm_ws/install/nav2_simple_commander:/home/ricardo/rm_ws/install/laser_car_description:/opt/ros/humble LD_LIBRARY_PATH=/home/ricardo/rm_ws/install/nav2_util/lib:/home/ricardo/rm_ws/install/nav2_msgs/lib:/home/ricardo/rm_ws/install/nav2_smoother/lib:/home/ricardo/rm_ws/install/nav2_controller/lib:/home/ricardo/rm_ws/install/dwb_plugins/lib:/home/ricardo/rm_ws/install/dwb_critics/lib:/home/ricardo/rm_ws/install/dwb_core/lib:/home/ricardo/rm_ws/install/nav_2d_utils/lib:/home/ricardo/rm_ws/install/dwb_msgs/lib:/home/ricardo/rm_ws/install/nav_2d_msgs/lib:/home/ricardo/rm_ws/install/nav2_waypoint_follower/lib:/home/ricardo/rm_ws/install/nav2_theta_star_planner/lib:/home/ricardo/rm_ws/install/nav2_smac_planner/lib:/home/ricardo/rm_ws/install/nav2_rotation_shim_controller/lib:/home/ricardo/rm_ws/install/nav2_regulated_pure_pursuit_controller/lib:/home/ricardo/rm_ws/install/nav2_planner/lib:/home/ricardo/rm_ws/install/nav2_navfn_planner/lib:/home/ricardo/rm_ws/install/nav2_mppi_controller/lib:/home/ricardo/rm_ws/install/nav2_constrained_smoother/lib:/home/ricardo/rm_ws/install/nav2_bt_navigator/lib:/home/ricardo/rm_ws/install/nav2_behaviors/lib:/home/ricardo/rm_ws/install/nav2_collision_monitor/lib:/home/ricardo/rm_ws/install/costmap_queue/lib:/home/ricardo/rm_ws/install/nav2_costmap_2d/lib:/home/ricardo/rm_ws/install/nav2_voxel_grid/lib:/home/ricardo/rm_ws/install/nav2_velocity_smoother/lib:/home/ricardo/rm_ws/install/nav2_rviz_plugins/lib:/home/ricardo/rm_ws/install/nav2_map_server/lib:/home/ricardo/rm_ws/install/nav2_lifecycle_manager/lib:/home/ricardo/rm_ws/install/nav2_behavior_tree/lib:/home/ricardo/rm_ws/install/nav2_amcl/lib:/home/ricardo/rm_ws/install/cartographer_ros/lib:/home/ricardo/rm_ws/install/cartographer_ros_msgs/lib:/usr/lib/x86_64-linux-gnu/gazebo-11/plugins:/opt/ros/humble/opt/rviz_ogre_vendor/lib:/opt/ros/humble/lib/x86_64-linux-gnu:/opt/ros/humble/lib /usr/bin/cmake --install /home/ricardo/rm_ws/build/nav2_behavior_tree
[3.239s] -- Install configuration: "Release"
[3.239s] -- Up-to-date: /home/ricardo/rm_ws/install/nav2_behavior_tree/lib/libnav2_behavior_tree.so
[3.240s] -- Up-to-date: /home/ricardo/rm_ws/install/nav2_behavior_tree/lib/libnav2_compute_path_to_pose_action_bt_node.so
[3.241s] -- Up-to-date: /home/ricardo/rm_ws/install/nav2_behavior_tree/lib/libnav2_compute_path_through_poses_action_bt_node.so
[3.242s] -- Up-to-date: /home/ricardo/rm_ws/install/nav2_behavior_tree/lib/libnav2_controller_cancel_bt_node.so
[3.243s] -- Up-to-date: /home/ricardo/rm_ws/install/nav2_behavior_tree/lib/libnav2_wait_cancel_bt_node.so
[3.244s] -- Up-to-date: /home/ricardo/rm_ws/install/nav2_behavior_tree/lib/libnav2_spin_cancel_bt_node.so
[3.245s] -- Up-to-date: /home/ricardo/rm_ws/install/nav2_behavior_tree/lib/libnav2_back_up_cancel_bt_node.so
[3.246s] -- Up-to-date: /home/ricardo/rm_ws/install/nav2_behavior_tree/lib/libnav2_assisted_teleop_cancel_bt_node.so
[3.247s] -- Up-to-date: /home/ricardo/rm_ws/install/nav2_behavior_tree/lib/libnav2_drive_on_heading_cancel_bt_node.so
[3.248s] -- Up-to-date: /home/ricardo/rm_ws/install/nav2_behavior_tree/lib/libnav2_smooth_path_action_bt_node.so
[3.249s] -- Up-to-date: /home/ricardo/rm_ws/install/nav2_behavior_tree/lib/libnav2_follow_path_action_bt_node.so
[3.249s] -- Up-to-date: /home/ricardo/rm_ws/install/nav2_behavior_tree/lib/libnav2_back_up_action_bt_node.so
[3.251s] -- Up-to-date: /home/ricardo/rm_ws/install/nav2_behavior_tree/lib/libnav2_drive_on_heading_bt_node.so
[3.251s] -- Up-to-date: /home/ricardo/rm_ws/install/nav2_behavior_tree/lib/libnav2_spin_action_bt_node.so
[3.252s] -- Up-to-date: /home/ricardo/rm_ws/install/nav2_behavior_tree/lib/libnav2_wait_action_bt_node.so
[3.252s] -- Up-to-date: /home/ricardo/rm_ws/install/nav2_behavior_tree/lib/libnav2_assisted_teleop_action_bt_node.so
[3.252s] -- Up-to-date: /home/ricardo/rm_ws/install/nav2_behavior_tree/lib/libnav2_clear_costmap_service_bt_node.so
[3.253s] -- Up-to-date: /home/ricardo/rm_ws/install/nav2_behavior_tree/lib/libnav2_is_stuck_condition_bt_node.so
[3.253s] -- Up-to-date: /home/ricardo/rm_ws/install/nav2_behavior_tree/lib/libnav2_transform_available_condition_bt_node.so
[3.253s] -- Up-to-date: /home/ricardo/rm_ws/install/nav2_behavior_tree/lib/libnav2_goal_reached_condition_bt_node.so
[3.254s] -- Up-to-date: /home/ricardo/rm_ws/install/nav2_behavior_tree/lib/libnav2_globally_updated_goal_condition_bt_node.so
[3.254s] -- Up-to-date: /home/ricardo/rm_ws/install/nav2_behavior_tree/lib/libnav2_goal_updated_condition_bt_node.so
[3.254s] -- Up-to-date: /home/ricardo/rm_ws/install/nav2_behavior_tree/lib/libnav2_is_path_valid_condition_bt_node.so
[3.255s] -- Up-to-date: /home/ricardo/rm_ws/install/nav2_behavior_tree/lib/libnav2_time_expired_condition_bt_node.so
[3.258s] -- Up-to-date: /home/ricardo/rm_ws/install/nav2_behavior_tree/lib/libnav2_path_expiring_timer_condition.so
[3.258s] -- Up-to-date: /home/ricardo/rm_ws/install/nav2_behavior_tree/lib/libnav2_distance_traveled_condition_bt_node.so
[3.258s] -- Up-to-date: /home/ricardo/rm_ws/install/nav2_behavior_tree/lib/libnav2_initial_pose_received_condition_bt_node.so
[3.259s] -- Up-to-date: /home/ricardo/rm_ws/install/nav2_behavior_tree/lib/libnav2_is_battery_charging_condition_bt_node.so
[3.259s] -- Up-to-date: /home/ricardo/rm_ws/install/nav2_behavior_tree/lib/libnav2_is_battery_low_condition_bt_node.so
[3.259s] -- Up-to-date: /home/ricardo/rm_ws/install/nav2_behavior_tree/lib/libnav2_reinitialize_global_localization_service_bt_node.so
[3.259s] -- Up-to-date: /home/ricardo/rm_ws/install/nav2_behavior_tree/lib/libnav2_rate_controller_bt_node.so
[3.260s] -- Up-to-date: /home/ricardo/rm_ws/install/nav2_behavior_tree/lib/libnav2_distance_controller_bt_node.so
[3.260s] -- Up-to-date: /home/ricardo/rm_ws/install/nav2_behavior_tree/lib/libnav2_speed_controller_bt_node.so
[3.260s] -- Up-to-date: /home/ricardo/rm_ws/install/nav2_behavior_tree/lib/libnav2_truncate_path_action_bt_node.so
[3.260s] -- Up-to-date: /home/ricardo/rm_ws/install/nav2_behavior_tree/lib/libnav2_truncate_path_local_action_bt_node.so
[3.261s] -- Up-to-date: /home/ricardo/rm_ws/install/nav2_behavior_tree/lib/libnav2_goal_updater_node_bt_node.so
[3.261s] -- Up-to-date: /home/ricardo/rm_ws/install/nav2_behavior_tree/lib/libnav2_path_longer_on_approach_bt_node.so
[3.261s] -- Up-to-date: /home/ricardo/rm_ws/install/nav2_behavior_tree/lib/libnav2_recovery_node_bt_node.so
[3.262s] -- Up-to-date: /home/ricardo/rm_ws/install/nav2_behavior_tree/lib/libnav2_navigate_to_pose_action_bt_node.so
[3.262s] -- Up-to-date: /home/ricardo/rm_ws/install/nav2_behavior_tree/lib/libnav2_navigate_through_poses_action_bt_node.so
[3.262s] -- Up-to-date: /home/ricardo/rm_ws/install/nav2_behavior_tree/lib/libnav2_remove_passed_goals_action_bt_node.so
[3.262s] -- Up-to-date: /home/ricardo/rm_ws/install/nav2_behavior_tree/lib/libnav2_pipeline_sequence_bt_node.so
[3.263s] -- Up-to-date: /home/ricardo/rm_ws/install/nav2_behavior_tree/lib/libnav2_round_robin_node_bt_node.so
[3.263s] -- Up-to-date: /home/ricardo/rm_ws/install/nav2_behavior_tree/lib/libnav2_single_trigger_bt_node.so
[3.263s] -- Up-to-date: /home/ricardo/rm_ws/install/nav2_behavior_tree/lib/libnav2_planner_selector_bt_node.so
[3.263s] -- Up-to-date: /home/ricardo/rm_ws/install/nav2_behavior_tree/lib/libnav2_controller_selector_bt_node.so
[3.263s] -- Up-to-date: /home/ricardo/rm_ws/install/nav2_behavior_tree/lib/libnav2_smoother_selector_bt_node.so
[3.264s] -- Up-to-date: /home/ricardo/rm_ws/install/nav2_behavior_tree/lib/libnav2_goal_checker_selector_bt_node.so
[3.264s] -- Up-to-date: /home/ricardo/rm_ws/install/nav2_behavior_tree/lib/libnav2_goal_updated_controller_bt_node.so
[3.267s] -- Up-to-date: /home/ricardo/rm_ws/install/nav2_behavior_tree/include/
[3.267s] -- Up-to-date: /home/ricardo/rm_ws/install/nav2_behavior_tree/include//nav2_behavior_tree
[3.267s] -- Up-to-date: /home/ricardo/rm_ws/install/nav2_behavior_tree/include//nav2_behavior_tree/bt_action_server_impl.hpp
[3.268s] -- Up-to-date: /home/ricardo/rm_ws/install/nav2_behavior_tree/include//nav2_behavior_tree/behavior_tree_engine.hpp
[3.268s] -- Up-to-date: /home/ricardo/rm_ws/install/nav2_behavior_tree/include//nav2_behavior_tree/bt_action_node.hpp
[3.268s] -- Up-to-date: /home/ricardo/rm_ws/install/nav2_behavior_tree/include//nav2_behavior_tree/bt_service_node.hpp
[3.268s] -- Up-to-date: /home/ricardo/rm_ws/install/nav2_behavior_tree/include//nav2_behavior_tree/plugins
[3.268s] -- Up-to-date: /home/ricardo/rm_ws/install/nav2_behavior_tree/include//nav2_behavior_tree/plugins/action
[3.268s] -- Up-to-date: /home/ricardo/rm_ws/install/nav2_behavior_tree/include//nav2_behavior_tree/plugins/action/controller_cancel_node.hpp
[3.268s] -- Up-to-date: /home/ricardo/rm_ws/install/nav2_behavior_tree/include//nav2_behavior_tree/plugins/action/clear_costmap_service.hpp
[3.268s] -- Up-to-date: /home/ricardo/rm_ws/install/nav2_behavior_tree/include//nav2_behavior_tree/plugins/action/back_up_cancel_node.hpp
[3.268s] -- Up-to-date: /home/ricardo/rm_ws/install/nav2_behavior_tree/include//nav2_behavior_tree/plugins/action/controller_selector_node.hpp
[3.268s] -- Up-to-date: /home/ricardo/rm_ws/install/nav2_behavior_tree/include//nav2_behavior_tree/plugins/action/back_up_action.hpp
[3.268s] -- Up-to-date: /home/ricardo/rm_ws/install/nav2_behavior_tree/include//nav2_behavior_tree/plugins/action/spin_cancel_node.hpp
[3.269s] -- Up-to-date: /home/ricardo/rm_ws/install/nav2_behavior_tree/include//nav2_behavior_tree/plugins/action/navigate_through_poses_action.hpp
[3.269s] -- Up-to-date: /home/ricardo/rm_ws/install/nav2_behavior_tree/include//nav2_behavior_tree/plugins/action/wait_action.hpp
[3.269s] -- Up-to-date: /home/ricardo/rm_ws/install/nav2_behavior_tree/include//nav2_behavior_tree/plugins/action/navigate_to_pose_action.hpp
[3.269s] -- Up-to-date: /home/ricardo/rm_ws/install/nav2_behavior_tree/include//nav2_behavior_tree/plugins/action/drive_on_heading_action.hpp
[3.269s] -- Up-to-date: /home/ricardo/rm_ws/install/nav2_behavior_tree/include//nav2_behavior_tree/plugins/action/planner_selector_node.hpp
[3.269s] -- Up-to-date: /home/ricardo/rm_ws/install/nav2_behavior_tree/include//nav2_behavior_tree/plugins/action/remove_passed_goals_action.hpp
[3.269s] -- Up-to-date: /home/ricardo/rm_ws/install/nav2_behavior_tree/include//nav2_behavior_tree/plugins/action/goal_checker_selector_node.hpp
[3.269s] -- Up-to-date: /home/ricardo/rm_ws/install/nav2_behavior_tree/include//nav2_behavior_tree/plugins/action/follow_path_action.hpp
[3.270s] -- Up-to-date: /home/ricardo/rm_ws/install/nav2_behavior_tree/include//nav2_behavior_tree/plugins/action/assisted_teleop_cancel_node.hpp
[3.270s] -- Up-to-date: /home/ricardo/rm_ws/install/nav2_behavior_tree/include//nav2_behavior_tree/plugins/action/assisted_teleop_action.hpp
[3.270s] -- Up-to-date: /home/ricardo/rm_ws/install/nav2_behavior_tree/include//nav2_behavior_tree/plugins/action/wait_cancel_node.hpp
[3.270s] -- Up-to-date: /home/ricardo/rm_ws/install/nav2_behavior_tree/include//nav2_behavior_tree/plugins/action/truncate_path_local_action.hpp
[3.270s] -- Up-to-date: /home/ricardo/rm_ws/install/nav2_behavior_tree/include//nav2_behavior_tree/plugins/action/smooth_path_action.hpp
[3.270s] -- Up-to-date: /home/ricardo/rm_ws/install/nav2_behavior_tree/include//nav2_behavior_tree/plugins/action/truncate_path_action.hpp
[3.271s] -- Up-to-date: /home/ricardo/rm_ws/install/nav2_behavior_tree/include//nav2_behavior_tree/plugins/action/spin_action.hpp
[3.271s] -- Up-to-date: /home/ricardo/rm_ws/install/nav2_behavior_tree/include//nav2_behavior_tree/plugins/action/compute_path_through_poses_action.hpp
[3.271s] -- Up-to-date: /home/ricardo/rm_ws/install/nav2_behavior_tree/include//nav2_behavior_tree/plugins/action/drive_on_heading_cancel_node.hpp
[3.272s] -- Up-to-date: /home/ricardo/rm_ws/install/nav2_behavior_tree/include//nav2_behavior_tree/plugins/action/reinitialize_global_localization_service.hpp
[3.272s] -- Up-to-date: /home/ricardo/rm_ws/install/nav2_behavior_tree/include//nav2_behavior_tree/plugins/action/smoother_selector_node.hpp
[3.272s] -- Up-to-date: /home/ricardo/rm_ws/install/nav2_behavior_tree/include//nav2_behavior_tree/plugins/action/compute_path_to_pose_action.hpp
[3.290s] -- Up-to-date: /home/ricardo/rm_ws/install/nav2_behavior_tree/include//nav2_behavior_tree/plugins/decorator
[3.290s] -- Up-to-date: /home/ricardo/rm_ws/install/nav2_behavior_tree/include//nav2_behavior_tree/plugins/decorator/goal_updated_controller.hpp
[3.290s] -- Up-to-date: /home/ricardo/rm_ws/install/nav2_behavior_tree/include//nav2_behavior_tree/plugins/decorator/rate_controller.hpp
[3.290s] -- Up-to-date: /home/ricardo/rm_ws/install/nav2_behavior_tree/include//nav2_behavior_tree/plugins/decorator/speed_controller.hpp
[3.290s] -- Up-to-date: /home/ricardo/rm_ws/install/nav2_behavior_tree/include//nav2_behavior_tree/plugins/decorator/single_trigger_node.hpp
[3.290s] -- Up-to-date: /home/ricardo/rm_ws/install/nav2_behavior_tree/include//nav2_behavior_tree/plugins/decorator/goal_updater_node.hpp
[3.290s] -- Up-to-date: /home/ricardo/rm_ws/install/nav2_behavior_tree/include//nav2_behavior_tree/plugins/decorator/path_longer_on_approach.hpp
[3.290s] -- Up-to-date: /home/ricardo/rm_ws/install/nav2_behavior_tree/include//nav2_behavior_tree/plugins/decorator/distance_controller.hpp
[3.290s] -- Up-to-date: /home/ricardo/rm_ws/install/nav2_behavior_tree/include//nav2_behavior_tree/plugins/condition
[3.290s] -- Up-to-date: /home/ricardo/rm_ws/install/nav2_behavior_tree/include//nav2_behavior_tree/plugins/condition/is_stuck_condition.hpp
[3.290s] -- Up-to-date: /home/ricardo/rm_ws/install/nav2_behavior_tree/include//nav2_behavior_tree/plugins/condition/globally_updated_goal_condition.hpp
[3.291s] -- Up-to-date: /home/ricardo/rm_ws/install/nav2_behavior_tree/include//nav2_behavior_tree/plugins/condition/distance_traveled_condition.hpp
[3.291s] -- Up-to-date: /home/ricardo/rm_ws/install/nav2_behavior_tree/include//nav2_behavior_tree/plugins/condition/goal_updated_condition.hpp
[3.291s] -- Up-to-date: /home/ricardo/rm_ws/install/nav2_behavior_tree/include//nav2_behavior_tree/plugins/condition/initial_pose_received_condition.hpp
[3.293s] -- Up-to-date: /home/ricardo/rm_ws/install/nav2_behavior_tree/include//nav2_behavior_tree/plugins/condition/time_expired_condition.hpp
[3.293s] -- Up-to-date: /home/ricardo/rm_ws/install/nav2_behavior_tree/include//nav2_behavior_tree/plugins/condition/goal_reached_condition.hpp
[3.293s] -- Up-to-date: /home/ricardo/rm_ws/install/nav2_behavior_tree/include//nav2_behavior_tree/plugins/condition/is_battery_low_condition.hpp
[3.294s] -- Up-to-date: /home/ricardo/rm_ws/install/nav2_behavior_tree/include//nav2_behavior_tree/plugins/condition/is_battery_charging_condition.hpp
[3.294s] -- Up-to-date: /home/ricardo/rm_ws/install/nav2_behavior_tree/include//nav2_behavior_tree/plugins/condition/is_path_valid_condition.hpp
[3.294s] -- Up-to-date: /home/ricardo/rm_ws/install/nav2_behavior_tree/include//nav2_behavior_tree/plugins/condition/transform_available_condition.hpp
[3.294s] -- Up-to-date: /home/ricardo/rm_ws/install/nav2_behavior_tree/include//nav2_behavior_tree/plugins/condition/path_expiring_timer_condition.hpp
[3.294s] -- Up-to-date: /home/ricardo/rm_ws/install/nav2_behavior_tree/include//nav2_behavior_tree/plugins/control
[3.295s] -- Up-to-date: /home/ricardo/rm_ws/install/nav2_behavior_tree/include//nav2_behavior_tree/plugins/control/recovery_node.hpp
[3.295s] -- Up-to-date: /home/ricardo/rm_ws/install/nav2_behavior_tree/include//nav2_behavior_tree/plugins/control/round_robin_node.hpp
[3.295s] -- Up-to-date: /home/ricardo/rm_ws/install/nav2_behavior_tree/include//nav2_behavior_tree/plugins/control/pipeline_sequence.hpp
[3.295s] -- Up-to-date: /home/ricardo/rm_ws/install/nav2_behavior_tree/include//nav2_behavior_tree/bt_conversions.hpp
[3.295s] -- Up-to-date: /home/ricardo/rm_ws/install/nav2_behavior_tree/include//nav2_behavior_tree/bt_action_server.hpp
[3.295s] -- Up-to-date: /home/ricardo/rm_ws/install/nav2_behavior_tree/include//nav2_behavior_tree/bt_cancel_action_node.hpp
[3.295s] -- Up-to-date: /home/ricardo/rm_ws/install/nav2_behavior_tree/include//nav2_behavior_tree/ros_topic_logger.hpp
[3.295s] -- Up-to-date: /home/ricardo/rm_ws/install/nav2_behavior_tree/share/nav2_behavior_tree/nav2_tree_nodes.xml
[3.296s] -- Up-to-date: /home/ricardo/rm_ws/install/nav2_behavior_tree/share/nav2_behavior_tree/environment/library_path.sh
[3.296s] -- Up-to-date: /home/ricardo/rm_ws/install/nav2_behavior_tree/share/nav2_behavior_tree/environment/library_path.dsv
[3.297s] -- Up-to-date: /home/ricardo/rm_ws/install/nav2_behavior_tree/share/ament_index/resource_index/package_run_dependencies/nav2_behavior_tree
[3.297s] -- Up-to-date: /home/ricardo/rm_ws/install/nav2_behavior_tree/share/ament_index/resource_index/parent_prefix_path/nav2_behavior_tree
[3.297s] -- Up-to-date: /home/ricardo/rm_ws/install/nav2_behavior_tree/share/nav2_behavior_tree/environment/ament_prefix_path.sh
[3.297s] -- Up-to-date: /home/ricardo/rm_ws/install/nav2_behavior_tree/share/nav2_behavior_tree/environment/ament_prefix_path.dsv
[3.297s] -- Up-to-date: /home/ricardo/rm_ws/install/nav2_behavior_tree/share/nav2_behavior_tree/environment/path.sh
[3.298s] -- Up-to-date: /home/ricardo/rm_ws/install/nav2_behavior_tree/share/nav2_behavior_tree/environment/path.dsv
[3.298s] -- Up-to-date: /home/ricardo/rm_ws/install/nav2_behavior_tree/share/nav2_behavior_tree/local_setup.bash
[3.298s] -- Up-to-date: /home/ricardo/rm_ws/install/nav2_behavior_tree/share/nav2_behavior_tree/local_setup.sh
[3.298s] -- Up-to-date: /home/ricardo/rm_ws/install/nav2_behavior_tree/share/nav2_behavior_tree/local_setup.zsh
[3.298s] -- Up-to-date: /home/ricardo/rm_ws/install/nav2_behavior_tree/share/nav2_behavior_tree/local_setup.dsv
[3.298s] -- Installing: /home/ricardo/rm_ws/install/nav2_behavior_tree/share/nav2_behavior_tree/package.dsv
[3.299s] -- Up-to-date: /home/ricardo/rm_ws/install/nav2_behavior_tree/share/ament_index/resource_index/packages/nav2_behavior_tree
[3.299s] -- Up-to-date: /home/ricardo/rm_ws/install/nav2_behavior_tree/share/nav2_behavior_tree/cmake/ament_cmake_export_include_directories-extras.cmake
[3.299s] -- Up-to-date: /home/ricardo/rm_ws/install/nav2_behavior_tree/share/nav2_behavior_tree/cmake/ament_cmake_export_libraries-extras.cmake
[3.299s] -- Up-to-date: /home/ricardo/rm_ws/install/nav2_behavior_tree/share/nav2_behavior_tree/cmake/ament_cmake_export_dependencies-extras.cmake
[3.299s] -- Up-to-date: /home/ricardo/rm_ws/install/nav2_behavior_tree/share/nav2_behavior_tree/cmake/nav2_behavior_treeConfig.cmake
[3.299s] -- Up-to-date: /home/ricardo/rm_ws/install/nav2_behavior_tree/share/nav2_behavior_tree/cmake/nav2_behavior_treeConfig-version.cmake
[3.299s] -- Up-to-date: /home/ricardo/rm_ws/install/nav2_behavior_tree/share/nav2_behavior_tree/package.xml
[3.299s] Invoked command in '/home/ricardo/rm_ws/build/nav2_behavior_tree' returned '0': CMAKE_PREFIX_PATH=/home/ricardo/rm_ws/install/nav2_util:/home/ricardo/rm_ws/install/nav2_msgs:/home/ricardo/rm_ws/install/nav2_common:/home/ricardo/rm_ws/install/navigation2:/home/ricardo/rm_ws/install/nav2_smoother:/home/ricardo/rm_ws/install/nav2_dwb_controller:/home/ricardo/rm_ws/install/nav2_controller:/home/ricardo/rm_ws/install/dwb_plugins:/home/ricardo/rm_ws/install/dwb_critics:/home/ricardo/rm_ws/install/dwb_core:/home/ricardo/rm_ws/install/nav_2d_utils:/home/ricardo/rm_ws/install/dwb_msgs:/home/ricardo/rm_ws/install/nav_2d_msgs:/home/ricardo/rm_ws/install/nav2_waypoint_follower:/home/ricardo/rm_ws/install/nav2_theta_star_planner:/home/ricardo/rm_ws/install/nav2_smac_planner:/home/ricardo/rm_ws/install/nav2_rotation_shim_controller:/home/ricardo/rm_ws/install/nav2_regulated_pure_pursuit_controller:/home/ricardo/rm_ws/install/nav2_planner:/home/ricardo/rm_ws/install/nav2_navfn_planner:/home/ricardo/rm_ws/install/nav2_mppi_controller:/home/ricardo/rm_ws/install/nav2_constrained_smoother:/home/ricardo/rm_ws/install/nav2_bt_navigator:/home/ricardo/rm_ws/install/nav2_behaviors:/home/ricardo/rm_ws/install/nav2_core:/home/ricardo/rm_ws/install/nav2_collision_monitor:/home/ricardo/rm_ws/install/costmap_queue:/home/ricardo/rm_ws/install/nav2_costmap_2d:/home/ricardo/rm_ws/install/nav2_voxel_grid:/home/ricardo/rm_ws/install/nav2_velocity_smoother:/home/ricardo/rm_ws/install/nav2_rviz_plugins:/home/ricardo/rm_ws/install/nav2_map_server:/home/ricardo/rm_ws/install/nav2_lifecycle_manager:/home/ricardo/rm_ws/install/nav2_behavior_tree:/home/ricardo/rm_ws/install/nav2_amcl:/home/ricardo/rm_ws/install/laser_car_cartographer:/home/ricardo/rm_ws/install/cartographer_ros:/home/ricardo/rm_ws/install/cartographer_ros_msgs:/home/ricardo/rm_ws/install/cartographer:/home/ricardo/rm_ws/install/topic_text_video:/home/ricardo/rm_ws/install/nav2_simple_commander:/home/ricardo/rm_ws/install/laser_car_description:/opt/ros/humble LD_LIBRARY_PATH=/home/ricardo/rm_ws/install/nav2_util/lib:/home/ricardo/rm_ws/install/nav2_msgs/lib:/home/ricardo/rm_ws/install/nav2_smoother/lib:/home/ricardo/rm_ws/install/nav2_controller/lib:/home/ricardo/rm_ws/install/dwb_plugins/lib:/home/ricardo/rm_ws/install/dwb_critics/lib:/home/ricardo/rm_ws/install/dwb_core/lib:/home/ricardo/rm_ws/install/nav_2d_utils/lib:/home/ricardo/rm_ws/install/dwb_msgs/lib:/home/ricardo/rm_ws/install/nav_2d_msgs/lib:/home/ricardo/rm_ws/install/nav2_waypoint_follower/lib:/home/ricardo/rm_ws/install/nav2_theta_star_planner/lib:/home/ricardo/rm_ws/install/nav2_smac_planner/lib:/home/ricardo/rm_ws/install/nav2_rotation_shim_controller/lib:/home/ricardo/rm_ws/install/nav2_regulated_pure_pursuit_controller/lib:/home/ricardo/rm_ws/install/nav2_planner/lib:/home/ricardo/rm_ws/install/nav2_navfn_planner/lib:/home/ricardo/rm_ws/install/nav2_mppi_controller/lib:/home/ricardo/rm_ws/install/nav2_constrained_smoother/lib:/home/ricardo/rm_ws/install/nav2_bt_navigator/lib:/home/ricardo/rm_ws/install/nav2_behaviors/lib:/home/ricardo/rm_ws/install/nav2_collision_monitor/lib:/home/ricardo/rm_ws/install/costmap_queue/lib:/home/ricardo/rm_ws/install/nav2_costmap_2d/lib:/home/ricardo/rm_ws/install/nav2_voxel_grid/lib:/home/ricardo/rm_ws/install/nav2_velocity_smoother/lib:/home/ricardo/rm_ws/install/nav2_rviz_plugins/lib:/home/ricardo/rm_ws/install/nav2_map_server/lib:/home/ricardo/rm_ws/install/nav2_lifecycle_manager/lib:/home/ricardo/rm_ws/install/nav2_behavior_tree/lib:/home/ricardo/rm_ws/install/nav2_amcl/lib:/home/ricardo/rm_ws/install/cartographer_ros/lib:/home/ricardo/rm_ws/install/cartographer_ros_msgs/lib:/usr/lib/x86_64-linux-gnu/gazebo-11/plugins:/opt/ros/humble/opt/rviz_ogre_vendor/lib:/opt/ros/humble/lib/x86_64-linux-gnu:/opt/ros/humble/lib /usr/bin/cmake --install /home/ricardo/rm_ws/build/nav2_behavior_tree
