[0.072s] Invoking command in '/home/ricardo/rm_ws/build/dwb_msgs': CMAKE_PREFIX_PATH=/home/ricardo/rm_ws/install/nav_2d_msgs:/home/ricardo/rm_ws/install/navigation2:/home/ricardo/rm_ws/install/nav2_smoother:/home/ricardo/rm_ws/install/nav2_dwb_controller:/home/ricardo/rm_ws/install/nav2_controller:/home/ricardo/rm_ws/install/dwb_plugins:/home/ricardo/rm_ws/install/dwb_critics:/home/ricardo/rm_ws/install/dwb_core:/home/ricardo/rm_ws/install/nav_2d_utils:/home/ricardo/rm_ws/install/dwb_msgs:/home/ricardo/rm_ws/install/nav2_waypoint_follower:/home/ricardo/rm_ws/install/nav2_theta_star_planner:/home/ricardo/rm_ws/install/nav2_smac_planner:/home/ricardo/rm_ws/install/nav2_rotation_shim_controller:/home/ricardo/rm_ws/install/nav2_regulated_pure_pursuit_controller:/home/ricardo/rm_ws/install/nav2_planner:/home/ricardo/rm_ws/install/nav2_navfn_planner:/home/ricardo/rm_ws/install/nav2_mppi_controller:/home/ricardo/rm_ws/install/nav2_constrained_smoother:/home/ricardo/rm_ws/install/nav2_bt_navigator:/home/ricardo/rm_ws/install/nav2_behaviors:/home/ricardo/rm_ws/install/nav2_core:/home/ricardo/rm_ws/install/nav2_collision_monitor:/home/ricardo/rm_ws/install/costmap_queue:/home/ricardo/rm_ws/install/nav2_costmap_2d:/home/ricardo/rm_ws/install/nav2_voxel_grid:/home/ricardo/rm_ws/install/nav2_velocity_smoother:/home/ricardo/rm_ws/install/nav2_rviz_plugins:/home/ricardo/rm_ws/install/nav2_map_server:/home/ricardo/rm_ws/install/nav2_lifecycle_manager:/home/ricardo/rm_ws/install/nav2_behavior_tree:/home/ricardo/rm_ws/install/nav2_amcl:/home/ricardo/rm_ws/install/nav2_util:/home/ricardo/rm_ws/install/nav2_msgs:/home/ricardo/rm_ws/install/nav2_common:/home/ricardo/rm_ws/install/laser_car_cartographer:/home/ricardo/rm_ws/install/cartographer_ros:/home/ricardo/rm_ws/install/cartographer_ros_msgs:/home/ricardo/rm_ws/install/cartographer:/home/ricardo/rm_ws/install/topic_text_video:/home/ricardo/rm_ws/install/nav2_simple_commander:/home/ricardo/rm_ws/install/laser_car_description:/opt/ros/humble LD_LIBRARY_PATH=/home/ricardo/rm_ws/install/nav_2d_msgs/lib:/home/ricardo/rm_ws/install/nav2_smoother/lib:/home/ricardo/rm_ws/install/nav2_controller/lib:/home/ricardo/rm_ws/install/dwb_plugins/lib:/home/ricardo/rm_ws/install/dwb_critics/lib:/home/ricardo/rm_ws/install/dwb_core/lib:/home/ricardo/rm_ws/install/nav_2d_utils/lib:/home/ricardo/rm_ws/install/dwb_msgs/lib:/home/ricardo/rm_ws/install/nav2_waypoint_follower/lib:/home/ricardo/rm_ws/install/nav2_theta_star_planner/lib:/home/ricardo/rm_ws/install/nav2_smac_planner/lib:/home/ricardo/rm_ws/install/nav2_rotation_shim_controller/lib:/home/ricardo/rm_ws/install/nav2_regulated_pure_pursuit_controller/lib:/home/ricardo/rm_ws/install/nav2_planner/lib:/home/ricardo/rm_ws/install/nav2_navfn_planner/lib:/home/ricardo/rm_ws/install/nav2_mppi_controller/lib:/home/ricardo/rm_ws/install/nav2_constrained_smoother/lib:/home/ricardo/rm_ws/install/nav2_bt_navigator/lib:/home/ricardo/rm_ws/install/nav2_behaviors/lib:/home/ricardo/rm_ws/install/nav2_collision_monitor/lib:/home/ricardo/rm_ws/install/costmap_queue/lib:/home/ricardo/rm_ws/install/nav2_costmap_2d/lib:/home/ricardo/rm_ws/install/nav2_voxel_grid/lib:/home/ricardo/rm_ws/install/nav2_velocity_smoother/lib:/home/ricardo/rm_ws/install/nav2_rviz_plugins/lib:/home/ricardo/rm_ws/install/nav2_map_server/lib:/home/ricardo/rm_ws/install/nav2_lifecycle_manager/lib:/home/ricardo/rm_ws/install/nav2_behavior_tree/lib:/home/ricardo/rm_ws/install/nav2_amcl/lib:/home/ricardo/rm_ws/install/nav2_util/lib:/home/ricardo/rm_ws/install/nav2_msgs/lib:/home/ricardo/rm_ws/install/cartographer_ros/lib:/home/ricardo/rm_ws/install/cartographer_ros_msgs/lib:/usr/lib/x86_64-linux-gnu/gazebo-11/plugins:/opt/ros/humble/opt/rviz_ogre_vendor/lib:/opt/ros/humble/lib/x86_64-linux-gnu:/opt/ros/humble/lib /usr/bin/cmake --build /home/ricardo/rm_ws/build/dwb_msgs -- -j8 -l8
[0.169s] [  1%] Built target dwb_msgs__cpp
[0.169s] [ 12%] Built target dwb_msgs__rosidl_generator_c
[0.177s] [ 12%] Built target ament_cmake_python_copy_dwb_msgs
[0.218s] [ 24%] Built target dwb_msgs__rosidl_typesupport_cpp
[0.225s] [ 35%] Built target dwb_msgs__rosidl_typesupport_c
[0.238s] [ 47%] Built target dwb_msgs__rosidl_typesupport_fastrtps_cpp
[0.245s] [ 58%] Built target dwb_msgs__rosidl_typesupport_fastrtps_c
[0.252s] [ 70%] Built target dwb_msgs__rosidl_typesupport_introspection_cpp
[0.258s] [ 82%] Built target dwb_msgs__rosidl_typesupport_introspection_c
[0.294s] [ 82%] Built target dwb_msgs
[0.335s] [ 83%] Built target dwb_msgs__py
[0.386s] [ 93%] Built target dwb_msgs__rosidl_generator_py
[0.432s] [ 97%] Built target dwb_msgs__rosidl_typesupport_introspection_c__pyext
[0.432s] [ 97%] Built target dwb_msgs__rosidl_typesupport_c__pyext
[0.435s] [100%] Built target dwb_msgs__rosidl_typesupport_fastrtps_c__pyext
[0.464s] running egg_info
[0.466s] writing dwb_msgs.egg-info/PKG-INFO
[0.466s] writing dependency_links to dwb_msgs.egg-info/dependency_links.txt
[0.467s] writing top-level names to dwb_msgs.egg-info/top_level.txt
[0.470s] reading manifest file 'dwb_msgs.egg-info/SOURCES.txt'
[0.470s] writing manifest file 'dwb_msgs.egg-info/SOURCES.txt'
[0.517s] [100%] Built target ament_cmake_python_build_dwb_msgs_egg
[0.533s] Invoked command in '/home/ricardo/rm_ws/build/dwb_msgs' returned '0': CMAKE_PREFIX_PATH=/home/ricardo/rm_ws/install/nav_2d_msgs:/home/ricardo/rm_ws/install/navigation2:/home/ricardo/rm_ws/install/nav2_smoother:/home/ricardo/rm_ws/install/nav2_dwb_controller:/home/ricardo/rm_ws/install/nav2_controller:/home/ricardo/rm_ws/install/dwb_plugins:/home/ricardo/rm_ws/install/dwb_critics:/home/ricardo/rm_ws/install/dwb_core:/home/ricardo/rm_ws/install/nav_2d_utils:/home/ricardo/rm_ws/install/dwb_msgs:/home/ricardo/rm_ws/install/nav2_waypoint_follower:/home/ricardo/rm_ws/install/nav2_theta_star_planner:/home/ricardo/rm_ws/install/nav2_smac_planner:/home/ricardo/rm_ws/install/nav2_rotation_shim_controller:/home/ricardo/rm_ws/install/nav2_regulated_pure_pursuit_controller:/home/ricardo/rm_ws/install/nav2_planner:/home/ricardo/rm_ws/install/nav2_navfn_planner:/home/ricardo/rm_ws/install/nav2_mppi_controller:/home/ricardo/rm_ws/install/nav2_constrained_smoother:/home/ricardo/rm_ws/install/nav2_bt_navigator:/home/ricardo/rm_ws/install/nav2_behaviors:/home/ricardo/rm_ws/install/nav2_core:/home/ricardo/rm_ws/install/nav2_collision_monitor:/home/ricardo/rm_ws/install/costmap_queue:/home/ricardo/rm_ws/install/nav2_costmap_2d:/home/ricardo/rm_ws/install/nav2_voxel_grid:/home/ricardo/rm_ws/install/nav2_velocity_smoother:/home/ricardo/rm_ws/install/nav2_rviz_plugins:/home/ricardo/rm_ws/install/nav2_map_server:/home/ricardo/rm_ws/install/nav2_lifecycle_manager:/home/ricardo/rm_ws/install/nav2_behavior_tree:/home/ricardo/rm_ws/install/nav2_amcl:/home/ricardo/rm_ws/install/nav2_util:/home/ricardo/rm_ws/install/nav2_msgs:/home/ricardo/rm_ws/install/nav2_common:/home/ricardo/rm_ws/install/laser_car_cartographer:/home/ricardo/rm_ws/install/cartographer_ros:/home/ricardo/rm_ws/install/cartographer_ros_msgs:/home/ricardo/rm_ws/install/cartographer:/home/ricardo/rm_ws/install/topic_text_video:/home/ricardo/rm_ws/install/nav2_simple_commander:/home/ricardo/rm_ws/install/laser_car_description:/opt/ros/humble LD_LIBRARY_PATH=/home/ricardo/rm_ws/install/nav_2d_msgs/lib:/home/ricardo/rm_ws/install/nav2_smoother/lib:/home/ricardo/rm_ws/install/nav2_controller/lib:/home/ricardo/rm_ws/install/dwb_plugins/lib:/home/ricardo/rm_ws/install/dwb_critics/lib:/home/ricardo/rm_ws/install/dwb_core/lib:/home/ricardo/rm_ws/install/nav_2d_utils/lib:/home/ricardo/rm_ws/install/dwb_msgs/lib:/home/ricardo/rm_ws/install/nav2_waypoint_follower/lib:/home/ricardo/rm_ws/install/nav2_theta_star_planner/lib:/home/ricardo/rm_ws/install/nav2_smac_planner/lib:/home/ricardo/rm_ws/install/nav2_rotation_shim_controller/lib:/home/ricardo/rm_ws/install/nav2_regulated_pure_pursuit_controller/lib:/home/ricardo/rm_ws/install/nav2_planner/lib:/home/ricardo/rm_ws/install/nav2_navfn_planner/lib:/home/ricardo/rm_ws/install/nav2_mppi_controller/lib:/home/ricardo/rm_ws/install/nav2_constrained_smoother/lib:/home/ricardo/rm_ws/install/nav2_bt_navigator/lib:/home/ricardo/rm_ws/install/nav2_behaviors/lib:/home/ricardo/rm_ws/install/nav2_collision_monitor/lib:/home/ricardo/rm_ws/install/costmap_queue/lib:/home/ricardo/rm_ws/install/nav2_costmap_2d/lib:/home/ricardo/rm_ws/install/nav2_voxel_grid/lib:/home/ricardo/rm_ws/install/nav2_velocity_smoother/lib:/home/ricardo/rm_ws/install/nav2_rviz_plugins/lib:/home/ricardo/rm_ws/install/nav2_map_server/lib:/home/ricardo/rm_ws/install/nav2_lifecycle_manager/lib:/home/ricardo/rm_ws/install/nav2_behavior_tree/lib:/home/ricardo/rm_ws/install/nav2_amcl/lib:/home/ricardo/rm_ws/install/nav2_util/lib:/home/ricardo/rm_ws/install/nav2_msgs/lib:/home/ricardo/rm_ws/install/cartographer_ros/lib:/home/ricardo/rm_ws/install/cartographer_ros_msgs/lib:/usr/lib/x86_64-linux-gnu/gazebo-11/plugins:/opt/ros/humble/opt/rviz_ogre_vendor/lib:/opt/ros/humble/lib/x86_64-linux-gnu:/opt/ros/humble/lib /usr/bin/cmake --build /home/ricardo/rm_ws/build/dwb_msgs -- -j8 -l8
[1.224s] Invoking command in '/home/ricardo/rm_ws/build/dwb_msgs': CMAKE_PREFIX_PATH=/home/ricardo/rm_ws/install/nav_2d_msgs:/home/ricardo/rm_ws/install/navigation2:/home/ricardo/rm_ws/install/nav2_smoother:/home/ricardo/rm_ws/install/nav2_dwb_controller:/home/ricardo/rm_ws/install/nav2_controller:/home/ricardo/rm_ws/install/dwb_plugins:/home/ricardo/rm_ws/install/dwb_critics:/home/ricardo/rm_ws/install/dwb_core:/home/ricardo/rm_ws/install/nav_2d_utils:/home/ricardo/rm_ws/install/dwb_msgs:/home/ricardo/rm_ws/install/nav2_waypoint_follower:/home/ricardo/rm_ws/install/nav2_theta_star_planner:/home/ricardo/rm_ws/install/nav2_smac_planner:/home/ricardo/rm_ws/install/nav2_rotation_shim_controller:/home/ricardo/rm_ws/install/nav2_regulated_pure_pursuit_controller:/home/ricardo/rm_ws/install/nav2_planner:/home/ricardo/rm_ws/install/nav2_navfn_planner:/home/ricardo/rm_ws/install/nav2_mppi_controller:/home/ricardo/rm_ws/install/nav2_constrained_smoother:/home/ricardo/rm_ws/install/nav2_bt_navigator:/home/ricardo/rm_ws/install/nav2_behaviors:/home/ricardo/rm_ws/install/nav2_core:/home/ricardo/rm_ws/install/nav2_collision_monitor:/home/ricardo/rm_ws/install/costmap_queue:/home/ricardo/rm_ws/install/nav2_costmap_2d:/home/ricardo/rm_ws/install/nav2_voxel_grid:/home/ricardo/rm_ws/install/nav2_velocity_smoother:/home/ricardo/rm_ws/install/nav2_rviz_plugins:/home/ricardo/rm_ws/install/nav2_map_server:/home/ricardo/rm_ws/install/nav2_lifecycle_manager:/home/ricardo/rm_ws/install/nav2_behavior_tree:/home/ricardo/rm_ws/install/nav2_amcl:/home/ricardo/rm_ws/install/nav2_util:/home/ricardo/rm_ws/install/nav2_msgs:/home/ricardo/rm_ws/install/nav2_common:/home/ricardo/rm_ws/install/laser_car_cartographer:/home/ricardo/rm_ws/install/cartographer_ros:/home/ricardo/rm_ws/install/cartographer_ros_msgs:/home/ricardo/rm_ws/install/cartographer:/home/ricardo/rm_ws/install/topic_text_video:/home/ricardo/rm_ws/install/nav2_simple_commander:/home/ricardo/rm_ws/install/laser_car_description:/opt/ros/humble LD_LIBRARY_PATH=/home/ricardo/rm_ws/install/nav_2d_msgs/lib:/home/ricardo/rm_ws/install/nav2_smoother/lib:/home/ricardo/rm_ws/install/nav2_controller/lib:/home/ricardo/rm_ws/install/dwb_plugins/lib:/home/ricardo/rm_ws/install/dwb_critics/lib:/home/ricardo/rm_ws/install/dwb_core/lib:/home/ricardo/rm_ws/install/nav_2d_utils/lib:/home/ricardo/rm_ws/install/dwb_msgs/lib:/home/ricardo/rm_ws/install/nav2_waypoint_follower/lib:/home/ricardo/rm_ws/install/nav2_theta_star_planner/lib:/home/ricardo/rm_ws/install/nav2_smac_planner/lib:/home/ricardo/rm_ws/install/nav2_rotation_shim_controller/lib:/home/ricardo/rm_ws/install/nav2_regulated_pure_pursuit_controller/lib:/home/ricardo/rm_ws/install/nav2_planner/lib:/home/ricardo/rm_ws/install/nav2_navfn_planner/lib:/home/ricardo/rm_ws/install/nav2_mppi_controller/lib:/home/ricardo/rm_ws/install/nav2_constrained_smoother/lib:/home/ricardo/rm_ws/install/nav2_bt_navigator/lib:/home/ricardo/rm_ws/install/nav2_behaviors/lib:/home/ricardo/rm_ws/install/nav2_collision_monitor/lib:/home/ricardo/rm_ws/install/costmap_queue/lib:/home/ricardo/rm_ws/install/nav2_costmap_2d/lib:/home/ricardo/rm_ws/install/nav2_voxel_grid/lib:/home/ricardo/rm_ws/install/nav2_velocity_smoother/lib:/home/ricardo/rm_ws/install/nav2_rviz_plugins/lib:/home/ricardo/rm_ws/install/nav2_map_server/lib:/home/ricardo/rm_ws/install/nav2_lifecycle_manager/lib:/home/ricardo/rm_ws/install/nav2_behavior_tree/lib:/home/ricardo/rm_ws/install/nav2_amcl/lib:/home/ricardo/rm_ws/install/nav2_util/lib:/home/ricardo/rm_ws/install/nav2_msgs/lib:/home/ricardo/rm_ws/install/cartographer_ros/lib:/home/ricardo/rm_ws/install/cartographer_ros_msgs/lib:/usr/lib/x86_64-linux-gnu/gazebo-11/plugins:/opt/ros/humble/opt/rviz_ogre_vendor/lib:/opt/ros/humble/lib/x86_64-linux-gnu:/opt/ros/humble/lib /usr/bin/cmake --install /home/ricardo/rm_ws/build/dwb_msgs
[1.239s] -- Install configuration: ""
[1.241s] -- Up-to-date: /home/ricardo/rm_ws/install/dwb_msgs/share/ament_index/resource_index/rosidl_interfaces/dwb_msgs
[1.241s] -- Up-to-date: /home/ricardo/rm_ws/install/dwb_msgs/include/dwb_msgs/dwb_msgs
[1.241s] -- Up-to-date: /home/ricardo/rm_ws/install/dwb_msgs/include/dwb_msgs/dwb_msgs/srv
[1.241s] -- Up-to-date: /home/ricardo/rm_ws/install/dwb_msgs/include/dwb_msgs/dwb_msgs/srv/generate_twists.h
[1.241s] -- Up-to-date: /home/ricardo/rm_ws/install/dwb_msgs/include/dwb_msgs/dwb_msgs/srv/debug_local_plan.h
[1.241s] -- Up-to-date: /home/ricardo/rm_ws/install/dwb_msgs/include/dwb_msgs/dwb_msgs/srv/detail
[1.242s] -- Up-to-date: /home/ricardo/rm_ws/install/dwb_msgs/include/dwb_msgs/dwb_msgs/srv/detail/generate_trajectory__functions.h
[1.242s] -- Up-to-date: /home/ricardo/rm_ws/install/dwb_msgs/include/dwb_msgs/dwb_msgs/srv/detail/get_critic_score__functions.c
[1.242s] -- Up-to-date: /home/ricardo/rm_ws/install/dwb_msgs/include/dwb_msgs/dwb_msgs/srv/detail/debug_local_plan__struct.h
[1.242s] -- Up-to-date: /home/ricardo/rm_ws/install/dwb_msgs/include/dwb_msgs/dwb_msgs/srv/detail/generate_twists__type_support.h
[1.242s] -- Up-to-date: /home/ricardo/rm_ws/install/dwb_msgs/include/dwb_msgs/dwb_msgs/srv/detail/debug_local_plan__functions.h
[1.242s] -- Up-to-date: /home/ricardo/rm_ws/install/dwb_msgs/include/dwb_msgs/dwb_msgs/srv/detail/debug_local_plan__functions.c
[1.242s] -- Up-to-date: /home/ricardo/rm_ws/install/dwb_msgs/include/dwb_msgs/dwb_msgs/srv/detail/generate_twists__struct.h
[1.242s] -- Up-to-date: /home/ricardo/rm_ws/install/dwb_msgs/include/dwb_msgs/dwb_msgs/srv/detail/get_critic_score__type_support.h
[1.242s] -- Up-to-date: /home/ricardo/rm_ws/install/dwb_msgs/include/dwb_msgs/dwb_msgs/srv/detail/generate_trajectory__type_support.h
[1.242s] -- Up-to-date: /home/ricardo/rm_ws/install/dwb_msgs/include/dwb_msgs/dwb_msgs/srv/detail/generate_trajectory__struct.h
[1.242s] -- Up-to-date: /home/ricardo/rm_ws/install/dwb_msgs/include/dwb_msgs/dwb_msgs/srv/detail/score_trajectory__struct.h
[1.242s] -- Up-to-date: /home/ricardo/rm_ws/install/dwb_msgs/include/dwb_msgs/dwb_msgs/srv/detail/get_critic_score__struct.h
[1.242s] -- Up-to-date: /home/ricardo/rm_ws/install/dwb_msgs/include/dwb_msgs/dwb_msgs/srv/detail/score_trajectory__functions.c
[1.242s] -- Up-to-date: /home/ricardo/rm_ws/install/dwb_msgs/include/dwb_msgs/dwb_msgs/srv/detail/generate_trajectory__functions.c
[1.242s] -- Up-to-date: /home/ricardo/rm_ws/install/dwb_msgs/include/dwb_msgs/dwb_msgs/srv/detail/debug_local_plan__type_support.h
[1.242s] -- Up-to-date: /home/ricardo/rm_ws/install/dwb_msgs/include/dwb_msgs/dwb_msgs/srv/detail/score_trajectory__functions.h
[1.242s] -- Up-to-date: /home/ricardo/rm_ws/install/dwb_msgs/include/dwb_msgs/dwb_msgs/srv/detail/generate_twists__functions.c
[1.242s] -- Up-to-date: /home/ricardo/rm_ws/install/dwb_msgs/include/dwb_msgs/dwb_msgs/srv/detail/get_critic_score__functions.h
[1.242s] -- Up-to-date: /home/ricardo/rm_ws/install/dwb_msgs/include/dwb_msgs/dwb_msgs/srv/detail/score_trajectory__type_support.h
[1.242s] -- Up-to-date: /home/ricardo/rm_ws/install/dwb_msgs/include/dwb_msgs/dwb_msgs/srv/detail/generate_twists__functions.h
[1.243s] -- Up-to-date: /home/ricardo/rm_ws/install/dwb_msgs/include/dwb_msgs/dwb_msgs/srv/get_critic_score.h
[1.243s] -- Up-to-date: /home/ricardo/rm_ws/install/dwb_msgs/include/dwb_msgs/dwb_msgs/srv/generate_trajectory.h
[1.243s] -- Up-to-date: /home/ricardo/rm_ws/install/dwb_msgs/include/dwb_msgs/dwb_msgs/srv/score_trajectory.h
[1.243s] -- Up-to-date: /home/ricardo/rm_ws/install/dwb_msgs/include/dwb_msgs/dwb_msgs/msg
[1.243s] -- Up-to-date: /home/ricardo/rm_ws/install/dwb_msgs/include/dwb_msgs/dwb_msgs/msg/critic_score.h
[1.243s] -- Up-to-date: /home/ricardo/rm_ws/install/dwb_msgs/include/dwb_msgs/dwb_msgs/msg/trajectory_score.h
[1.243s] -- Up-to-date: /home/ricardo/rm_ws/install/dwb_msgs/include/dwb_msgs/dwb_msgs/msg/trajectory2_d.h
[1.243s] -- Up-to-date: /home/ricardo/rm_ws/install/dwb_msgs/include/dwb_msgs/dwb_msgs/msg/local_plan_evaluation.h
[1.243s] -- Up-to-date: /home/ricardo/rm_ws/install/dwb_msgs/include/dwb_msgs/dwb_msgs/msg/detail
[1.243s] -- Up-to-date: /home/ricardo/rm_ws/install/dwb_msgs/include/dwb_msgs/dwb_msgs/msg/detail/trajectory2_d__type_support.h
[1.243s] -- Up-to-date: /home/ricardo/rm_ws/install/dwb_msgs/include/dwb_msgs/dwb_msgs/msg/detail/local_plan_evaluation__functions.c
[1.244s] -- Up-to-date: /home/ricardo/rm_ws/install/dwb_msgs/include/dwb_msgs/dwb_msgs/msg/detail/critic_score__type_support.h
[1.244s] -- Up-to-date: /home/ricardo/rm_ws/install/dwb_msgs/include/dwb_msgs/dwb_msgs/msg/detail/critic_score__struct.h
[1.244s] -- Up-to-date: /home/ricardo/rm_ws/install/dwb_msgs/include/dwb_msgs/dwb_msgs/msg/detail/trajectory_score__functions.c
[1.244s] -- Up-to-date: /home/ricardo/rm_ws/install/dwb_msgs/include/dwb_msgs/dwb_msgs/msg/detail/trajectory_score__struct.h
[1.244s] -- Up-to-date: /home/ricardo/rm_ws/install/dwb_msgs/include/dwb_msgs/dwb_msgs/msg/detail/trajectory2_d__functions.h
[1.244s] -- Up-to-date: /home/ricardo/rm_ws/install/dwb_msgs/include/dwb_msgs/dwb_msgs/msg/detail/trajectory2_d__struct.h
[1.244s] -- Up-to-date: /home/ricardo/rm_ws/install/dwb_msgs/include/dwb_msgs/dwb_msgs/msg/detail/critic_score__functions.c
[1.244s] -- Up-to-date: /home/ricardo/rm_ws/install/dwb_msgs/include/dwb_msgs/dwb_msgs/msg/detail/trajectory_score__type_support.h
[1.244s] -- Up-to-date: /home/ricardo/rm_ws/install/dwb_msgs/include/dwb_msgs/dwb_msgs/msg/detail/local_plan_evaluation__type_support.h
[1.244s] -- Up-to-date: /home/ricardo/rm_ws/install/dwb_msgs/include/dwb_msgs/dwb_msgs/msg/detail/local_plan_evaluation__functions.h
[1.244s] -- Up-to-date: /home/ricardo/rm_ws/install/dwb_msgs/include/dwb_msgs/dwb_msgs/msg/detail/local_plan_evaluation__struct.h
[1.245s] -- Up-to-date: /home/ricardo/rm_ws/install/dwb_msgs/include/dwb_msgs/dwb_msgs/msg/detail/trajectory2_d__functions.c
[1.245s] -- Up-to-date: /home/ricardo/rm_ws/install/dwb_msgs/include/dwb_msgs/dwb_msgs/msg/detail/trajectory_score__functions.h
[1.245s] -- Up-to-date: /home/ricardo/rm_ws/install/dwb_msgs/include/dwb_msgs/dwb_msgs/msg/detail/critic_score__functions.h
[1.245s] -- Up-to-date: /home/ricardo/rm_ws/install/dwb_msgs/include/dwb_msgs/dwb_msgs/msg/rosidl_generator_c__visibility_control.h
[1.245s] -- Up-to-date: /home/ricardo/rm_ws/install/dwb_msgs/share/dwb_msgs/environment/library_path.sh
[1.245s] -- Up-to-date: /home/ricardo/rm_ws/install/dwb_msgs/share/dwb_msgs/environment/library_path.dsv
[1.245s] -- Up-to-date: /home/ricardo/rm_ws/install/dwb_msgs/lib/libdwb_msgs__rosidl_generator_c.so
[1.245s] -- Up-to-date: /home/ricardo/rm_ws/install/dwb_msgs/include/dwb_msgs/dwb_msgs
[1.245s] -- Up-to-date: /home/ricardo/rm_ws/install/dwb_msgs/include/dwb_msgs/dwb_msgs/srv
[1.245s] -- Up-to-date: /home/ricardo/rm_ws/install/dwb_msgs/include/dwb_msgs/dwb_msgs/srv/detail
[1.245s] -- Up-to-date: /home/ricardo/rm_ws/install/dwb_msgs/include/dwb_msgs/dwb_msgs/srv/detail/get_critic_score__rosidl_typesupport_fastrtps_c.h
[1.245s] -- Up-to-date: /home/ricardo/rm_ws/install/dwb_msgs/include/dwb_msgs/dwb_msgs/srv/detail/generate_trajectory__rosidl_typesupport_fastrtps_c.h
[1.245s] -- Up-to-date: /home/ricardo/rm_ws/install/dwb_msgs/include/dwb_msgs/dwb_msgs/srv/detail/score_trajectory__rosidl_typesupport_fastrtps_c.h
[1.245s] -- Up-to-date: /home/ricardo/rm_ws/install/dwb_msgs/include/dwb_msgs/dwb_msgs/srv/detail/debug_local_plan__rosidl_typesupport_fastrtps_c.h
[1.245s] -- Up-to-date: /home/ricardo/rm_ws/install/dwb_msgs/include/dwb_msgs/dwb_msgs/srv/detail/generate_twists__rosidl_typesupport_fastrtps_c.h
[1.245s] -- Up-to-date: /home/ricardo/rm_ws/install/dwb_msgs/include/dwb_msgs/dwb_msgs/msg
[1.245s] -- Up-to-date: /home/ricardo/rm_ws/install/dwb_msgs/include/dwb_msgs/dwb_msgs/msg/detail
[1.245s] -- Up-to-date: /home/ricardo/rm_ws/install/dwb_msgs/include/dwb_msgs/dwb_msgs/msg/detail/local_plan_evaluation__rosidl_typesupport_fastrtps_c.h
[1.245s] -- Up-to-date: /home/ricardo/rm_ws/install/dwb_msgs/include/dwb_msgs/dwb_msgs/msg/detail/critic_score__rosidl_typesupport_fastrtps_c.h
[1.245s] -- Up-to-date: /home/ricardo/rm_ws/install/dwb_msgs/include/dwb_msgs/dwb_msgs/msg/detail/trajectory_score__rosidl_typesupport_fastrtps_c.h
[1.246s] -- Up-to-date: /home/ricardo/rm_ws/install/dwb_msgs/include/dwb_msgs/dwb_msgs/msg/detail/trajectory2_d__rosidl_typesupport_fastrtps_c.h
[1.246s] -- Up-to-date: /home/ricardo/rm_ws/install/dwb_msgs/include/dwb_msgs/dwb_msgs/msg/rosidl_typesupport_fastrtps_c__visibility_control.h
[1.246s] -- Up-to-date: /home/ricardo/rm_ws/install/dwb_msgs/lib/libdwb_msgs__rosidl_typesupport_fastrtps_c.so
[1.246s] -- Up-to-date: /home/ricardo/rm_ws/install/dwb_msgs/include/dwb_msgs/dwb_msgs
[1.247s] -- Up-to-date: /home/ricardo/rm_ws/install/dwb_msgs/include/dwb_msgs/dwb_msgs/srv
[1.247s] -- Up-to-date: /home/ricardo/rm_ws/install/dwb_msgs/include/dwb_msgs/dwb_msgs/srv/generate_trajectory.hpp
[1.247s] -- Up-to-date: /home/ricardo/rm_ws/install/dwb_msgs/include/dwb_msgs/dwb_msgs/srv/generate_twists.hpp
[1.247s] -- Up-to-date: /home/ricardo/rm_ws/install/dwb_msgs/include/dwb_msgs/dwb_msgs/srv/detail
[1.248s] -- Up-to-date: /home/ricardo/rm_ws/install/dwb_msgs/include/dwb_msgs/dwb_msgs/srv/detail/generate_trajectory__traits.hpp
[1.248s] -- Up-to-date: /home/ricardo/rm_ws/install/dwb_msgs/include/dwb_msgs/dwb_msgs/srv/detail/debug_local_plan__traits.hpp
[1.248s] -- Up-to-date: /home/ricardo/rm_ws/install/dwb_msgs/include/dwb_msgs/dwb_msgs/srv/detail/score_trajectory__builder.hpp
[1.248s] -- Up-to-date: /home/ricardo/rm_ws/install/dwb_msgs/include/dwb_msgs/dwb_msgs/srv/detail/debug_local_plan__builder.hpp
[1.248s] -- Up-to-date: /home/ricardo/rm_ws/install/dwb_msgs/include/dwb_msgs/dwb_msgs/srv/detail/generate_twists__struct.hpp
[1.249s] -- Up-to-date: /home/ricardo/rm_ws/install/dwb_msgs/include/dwb_msgs/dwb_msgs/srv/detail/get_critic_score__struct.hpp
[1.249s] -- Up-to-date: /home/ricardo/rm_ws/install/dwb_msgs/include/dwb_msgs/dwb_msgs/srv/detail/debug_local_plan__struct.hpp
[1.249s] -- Up-to-date: /home/ricardo/rm_ws/install/dwb_msgs/include/dwb_msgs/dwb_msgs/srv/detail/get_critic_score__builder.hpp
[1.249s] -- Up-to-date: /home/ricardo/rm_ws/install/dwb_msgs/include/dwb_msgs/dwb_msgs/srv/detail/generate_twists__builder.hpp
[1.249s] -- Up-to-date: /home/ricardo/rm_ws/install/dwb_msgs/include/dwb_msgs/dwb_msgs/srv/detail/generate_trajectory__builder.hpp
[1.249s] -- Up-to-date: /home/ricardo/rm_ws/install/dwb_msgs/include/dwb_msgs/dwb_msgs/srv/detail/generate_twists__traits.hpp
[1.249s] -- Up-to-date: /home/ricardo/rm_ws/install/dwb_msgs/include/dwb_msgs/dwb_msgs/srv/detail/score_trajectory__traits.hpp
[1.249s] -- Up-to-date: /home/ricardo/rm_ws/install/dwb_msgs/include/dwb_msgs/dwb_msgs/srv/detail/score_trajectory__struct.hpp
[1.250s] -- Up-to-date: /home/ricardo/rm_ws/install/dwb_msgs/include/dwb_msgs/dwb_msgs/srv/detail/generate_trajectory__struct.hpp
[1.250s] -- Up-to-date: /home/ricardo/rm_ws/install/dwb_msgs/include/dwb_msgs/dwb_msgs/srv/detail/get_critic_score__traits.hpp
[1.250s] -- Up-to-date: /home/ricardo/rm_ws/install/dwb_msgs/include/dwb_msgs/dwb_msgs/srv/debug_local_plan.hpp
[1.250s] -- Up-to-date: /home/ricardo/rm_ws/install/dwb_msgs/include/dwb_msgs/dwb_msgs/srv/get_critic_score.hpp
[1.251s] -- Up-to-date: /home/ricardo/rm_ws/install/dwb_msgs/include/dwb_msgs/dwb_msgs/srv/score_trajectory.hpp
[1.251s] -- Up-to-date: /home/ricardo/rm_ws/install/dwb_msgs/include/dwb_msgs/dwb_msgs/msg
[1.251s] -- Up-to-date: /home/ricardo/rm_ws/install/dwb_msgs/include/dwb_msgs/dwb_msgs/msg/critic_score.hpp
[1.251s] -- Up-to-date: /home/ricardo/rm_ws/install/dwb_msgs/include/dwb_msgs/dwb_msgs/msg/trajectory2_d.hpp
[1.251s] -- Up-to-date: /home/ricardo/rm_ws/install/dwb_msgs/include/dwb_msgs/dwb_msgs/msg/trajectory_score.hpp
[1.251s] -- Up-to-date: /home/ricardo/rm_ws/install/dwb_msgs/include/dwb_msgs/dwb_msgs/msg/detail
[1.251s] -- Up-to-date: /home/ricardo/rm_ws/install/dwb_msgs/include/dwb_msgs/dwb_msgs/msg/detail/trajectory2_d__traits.hpp
[1.252s] -- Up-to-date: /home/ricardo/rm_ws/install/dwb_msgs/include/dwb_msgs/dwb_msgs/msg/detail/critic_score__traits.hpp
[1.252s] -- Up-to-date: /home/ricardo/rm_ws/install/dwb_msgs/include/dwb_msgs/dwb_msgs/msg/detail/critic_score__builder.hpp
[1.252s] -- Up-to-date: /home/ricardo/rm_ws/install/dwb_msgs/include/dwb_msgs/dwb_msgs/msg/detail/local_plan_evaluation__builder.hpp
[1.252s] -- Up-to-date: /home/ricardo/rm_ws/install/dwb_msgs/include/dwb_msgs/dwb_msgs/msg/detail/local_plan_evaluation__traits.hpp
[1.252s] -- Up-to-date: /home/ricardo/rm_ws/install/dwb_msgs/include/dwb_msgs/dwb_msgs/msg/detail/local_plan_evaluation__struct.hpp
[1.252s] -- Up-to-date: /home/ricardo/rm_ws/install/dwb_msgs/include/dwb_msgs/dwb_msgs/msg/detail/trajectory2_d__struct.hpp
[1.253s] -- Up-to-date: /home/ricardo/rm_ws/install/dwb_msgs/include/dwb_msgs/dwb_msgs/msg/detail/trajectory_score__builder.hpp
[1.253s] -- Up-to-date: /home/ricardo/rm_ws/install/dwb_msgs/include/dwb_msgs/dwb_msgs/msg/detail/critic_score__struct.hpp
[1.253s] -- Up-to-date: /home/ricardo/rm_ws/install/dwb_msgs/include/dwb_msgs/dwb_msgs/msg/detail/trajectory_score__traits.hpp
[1.253s] -- Up-to-date: /home/ricardo/rm_ws/install/dwb_msgs/include/dwb_msgs/dwb_msgs/msg/detail/trajectory2_d__builder.hpp
[1.253s] -- Up-to-date: /home/ricardo/rm_ws/install/dwb_msgs/include/dwb_msgs/dwb_msgs/msg/detail/trajectory_score__struct.hpp
[1.253s] -- Up-to-date: /home/ricardo/rm_ws/install/dwb_msgs/include/dwb_msgs/dwb_msgs/msg/local_plan_evaluation.hpp
[1.253s] -- Up-to-date: /home/ricardo/rm_ws/install/dwb_msgs/include/dwb_msgs/dwb_msgs
[1.253s] -- Up-to-date: /home/ricardo/rm_ws/install/dwb_msgs/include/dwb_msgs/dwb_msgs/srv
[1.253s] -- Up-to-date: /home/ricardo/rm_ws/install/dwb_msgs/include/dwb_msgs/dwb_msgs/srv/detail
[1.253s] -- Up-to-date: /home/ricardo/rm_ws/install/dwb_msgs/include/dwb_msgs/dwb_msgs/srv/detail/debug_local_plan__rosidl_typesupport_fastrtps_cpp.hpp
[1.254s] -- Up-to-date: /home/ricardo/rm_ws/install/dwb_msgs/include/dwb_msgs/dwb_msgs/srv/detail/dds_fastrtps
[1.254s] -- Up-to-date: /home/ricardo/rm_ws/install/dwb_msgs/include/dwb_msgs/dwb_msgs/srv/detail/score_trajectory__rosidl_typesupport_fastrtps_cpp.hpp
[1.254s] -- Up-to-date: /home/ricardo/rm_ws/install/dwb_msgs/include/dwb_msgs/dwb_msgs/srv/detail/generate_twists__rosidl_typesupport_fastrtps_cpp.hpp
[1.254s] -- Up-to-date: /home/ricardo/rm_ws/install/dwb_msgs/include/dwb_msgs/dwb_msgs/srv/detail/get_critic_score__rosidl_typesupport_fastrtps_cpp.hpp
[1.255s] -- Up-to-date: /home/ricardo/rm_ws/install/dwb_msgs/include/dwb_msgs/dwb_msgs/srv/detail/generate_trajectory__rosidl_typesupport_fastrtps_cpp.hpp
[1.255s] -- Up-to-date: /home/ricardo/rm_ws/install/dwb_msgs/include/dwb_msgs/dwb_msgs/msg
[1.256s] -- Up-to-date: /home/ricardo/rm_ws/install/dwb_msgs/include/dwb_msgs/dwb_msgs/msg/rosidl_typesupport_fastrtps_cpp__visibility_control.h
[1.256s] -- Up-to-date: /home/ricardo/rm_ws/install/dwb_msgs/include/dwb_msgs/dwb_msgs/msg/detail
[1.256s] -- Up-to-date: /home/ricardo/rm_ws/install/dwb_msgs/include/dwb_msgs/dwb_msgs/msg/detail/local_plan_evaluation__rosidl_typesupport_fastrtps_cpp.hpp
[1.256s] -- Up-to-date: /home/ricardo/rm_ws/install/dwb_msgs/include/dwb_msgs/dwb_msgs/msg/detail/dds_fastrtps
[1.256s] -- Up-to-date: /home/ricardo/rm_ws/install/dwb_msgs/include/dwb_msgs/dwb_msgs/msg/detail/trajectory2_d__rosidl_typesupport_fastrtps_cpp.hpp
[1.256s] -- Up-to-date: /home/ricardo/rm_ws/install/dwb_msgs/include/dwb_msgs/dwb_msgs/msg/detail/critic_score__rosidl_typesupport_fastrtps_cpp.hpp
[1.256s] -- Up-to-date: /home/ricardo/rm_ws/install/dwb_msgs/include/dwb_msgs/dwb_msgs/msg/detail/trajectory_score__rosidl_typesupport_fastrtps_cpp.hpp
[1.256s] -- Up-to-date: /home/ricardo/rm_ws/install/dwb_msgs/lib/libdwb_msgs__rosidl_typesupport_fastrtps_cpp.so
[1.256s] -- Up-to-date: /home/ricardo/rm_ws/install/dwb_msgs/include/dwb_msgs/dwb_msgs
[1.257s] -- Up-to-date: /home/ricardo/rm_ws/install/dwb_msgs/include/dwb_msgs/dwb_msgs/srv
[1.257s] -- Up-to-date: /home/ricardo/rm_ws/install/dwb_msgs/include/dwb_msgs/dwb_msgs/srv/detail
[1.257s] -- Up-to-date: /home/ricardo/rm_ws/install/dwb_msgs/include/dwb_msgs/dwb_msgs/srv/detail/debug_local_plan__type_support.c
[1.257s] -- Up-to-date: /home/ricardo/rm_ws/install/dwb_msgs/include/dwb_msgs/dwb_msgs/srv/detail/generate_trajectory__type_support.c
[1.257s] -- Up-to-date: /home/ricardo/rm_ws/install/dwb_msgs/include/dwb_msgs/dwb_msgs/srv/detail/generate_trajectory__rosidl_typesupport_introspection_c.h
[1.257s] -- Up-to-date: /home/ricardo/rm_ws/install/dwb_msgs/include/dwb_msgs/dwb_msgs/srv/detail/get_critic_score__rosidl_typesupport_introspection_c.h
[1.257s] -- Up-to-date: /home/ricardo/rm_ws/install/dwb_msgs/include/dwb_msgs/dwb_msgs/srv/detail/score_trajectory__rosidl_typesupport_introspection_c.h
[1.258s] -- Up-to-date: /home/ricardo/rm_ws/install/dwb_msgs/include/dwb_msgs/dwb_msgs/srv/detail/generate_twists__rosidl_typesupport_introspection_c.h
[1.258s] -- Up-to-date: /home/ricardo/rm_ws/install/dwb_msgs/include/dwb_msgs/dwb_msgs/srv/detail/score_trajectory__type_support.c
[1.258s] -- Up-to-date: /home/ricardo/rm_ws/install/dwb_msgs/include/dwb_msgs/dwb_msgs/srv/detail/generate_twists__type_support.c
[1.258s] -- Up-to-date: /home/ricardo/rm_ws/install/dwb_msgs/include/dwb_msgs/dwb_msgs/srv/detail/get_critic_score__type_support.c
[1.258s] -- Up-to-date: /home/ricardo/rm_ws/install/dwb_msgs/include/dwb_msgs/dwb_msgs/srv/detail/debug_local_plan__rosidl_typesupport_introspection_c.h
[1.258s] -- Up-to-date: /home/ricardo/rm_ws/install/dwb_msgs/include/dwb_msgs/dwb_msgs/msg
[1.259s] -- Up-to-date: /home/ricardo/rm_ws/install/dwb_msgs/include/dwb_msgs/dwb_msgs/msg/detail
[1.259s] -- Up-to-date: /home/ricardo/rm_ws/install/dwb_msgs/include/dwb_msgs/dwb_msgs/msg/detail/local_plan_evaluation__rosidl_typesupport_introspection_c.h
[1.259s] -- Up-to-date: /home/ricardo/rm_ws/install/dwb_msgs/include/dwb_msgs/dwb_msgs/msg/detail/trajectory_score__rosidl_typesupport_introspection_c.h
[1.259s] -- Up-to-date: /home/ricardo/rm_ws/install/dwb_msgs/include/dwb_msgs/dwb_msgs/msg/detail/trajectory2_d__type_support.c
[1.259s] -- Up-to-date: /home/ricardo/rm_ws/install/dwb_msgs/include/dwb_msgs/dwb_msgs/msg/detail/trajectory_score__type_support.c
[1.260s] -- Up-to-date: /home/ricardo/rm_ws/install/dwb_msgs/include/dwb_msgs/dwb_msgs/msg/detail/trajectory2_d__rosidl_typesupport_introspection_c.h
[1.260s] -- Up-to-date: /home/ricardo/rm_ws/install/dwb_msgs/include/dwb_msgs/dwb_msgs/msg/detail/critic_score__rosidl_typesupport_introspection_c.h
[1.260s] -- Up-to-date: /home/ricardo/rm_ws/install/dwb_msgs/include/dwb_msgs/dwb_msgs/msg/detail/local_plan_evaluation__type_support.c
[1.260s] -- Up-to-date: /home/ricardo/rm_ws/install/dwb_msgs/include/dwb_msgs/dwb_msgs/msg/detail/critic_score__type_support.c
[1.260s] -- Up-to-date: /home/ricardo/rm_ws/install/dwb_msgs/include/dwb_msgs/dwb_msgs/msg/rosidl_typesupport_introspection_c__visibility_control.h
[1.261s] -- Up-to-date: /home/ricardo/rm_ws/install/dwb_msgs/lib/libdwb_msgs__rosidl_typesupport_introspection_c.so
[1.261s] -- Up-to-date: /home/ricardo/rm_ws/install/dwb_msgs/lib/libdwb_msgs__rosidl_typesupport_c.so
[1.262s] -- Up-to-date: /home/ricardo/rm_ws/install/dwb_msgs/include/dwb_msgs/dwb_msgs
[1.262s] -- Up-to-date: /home/ricardo/rm_ws/install/dwb_msgs/include/dwb_msgs/dwb_msgs/srv
[1.262s] -- Up-to-date: /home/ricardo/rm_ws/install/dwb_msgs/include/dwb_msgs/dwb_msgs/srv/detail
[1.262s] -- Up-to-date: /home/ricardo/rm_ws/install/dwb_msgs/include/dwb_msgs/dwb_msgs/srv/detail/generate_twists__rosidl_typesupport_introspection_cpp.hpp
[1.263s] -- Up-to-date: /home/ricardo/rm_ws/install/dwb_msgs/include/dwb_msgs/dwb_msgs/srv/detail/generate_twists__type_support.cpp
[1.263s] -- Up-to-date: /home/ricardo/rm_ws/install/dwb_msgs/include/dwb_msgs/dwb_msgs/srv/detail/score_trajectory__type_support.cpp
[1.263s] -- Up-to-date: /home/ricardo/rm_ws/install/dwb_msgs/include/dwb_msgs/dwb_msgs/srv/detail/generate_trajectory__type_support.cpp
[1.263s] -- Up-to-date: /home/ricardo/rm_ws/install/dwb_msgs/include/dwb_msgs/dwb_msgs/srv/detail/generate_trajectory__rosidl_typesupport_introspection_cpp.hpp
[1.263s] -- Up-to-date: /home/ricardo/rm_ws/install/dwb_msgs/include/dwb_msgs/dwb_msgs/srv/detail/get_critic_score__type_support.cpp
[1.263s] -- Up-to-date: /home/ricardo/rm_ws/install/dwb_msgs/include/dwb_msgs/dwb_msgs/srv/detail/get_critic_score__rosidl_typesupport_introspection_cpp.hpp
[1.263s] -- Up-to-date: /home/ricardo/rm_ws/install/dwb_msgs/include/dwb_msgs/dwb_msgs/srv/detail/score_trajectory__rosidl_typesupport_introspection_cpp.hpp
[1.263s] -- Up-to-date: /home/ricardo/rm_ws/install/dwb_msgs/include/dwb_msgs/dwb_msgs/srv/detail/debug_local_plan__type_support.cpp
[1.263s] -- Up-to-date: /home/ricardo/rm_ws/install/dwb_msgs/include/dwb_msgs/dwb_msgs/srv/detail/debug_local_plan__rosidl_typesupport_introspection_cpp.hpp
[1.263s] -- Up-to-date: /home/ricardo/rm_ws/install/dwb_msgs/include/dwb_msgs/dwb_msgs/msg
[1.264s] -- Up-to-date: /home/ricardo/rm_ws/install/dwb_msgs/include/dwb_msgs/dwb_msgs/msg/detail
[1.264s] -- Up-to-date: /home/ricardo/rm_ws/install/dwb_msgs/include/dwb_msgs/dwb_msgs/msg/detail/local_plan_evaluation__rosidl_typesupport_introspection_cpp.hpp
[1.265s] -- Up-to-date: /home/ricardo/rm_ws/install/dwb_msgs/include/dwb_msgs/dwb_msgs/msg/detail/local_plan_evaluation__type_support.cpp
[1.265s] -- Up-to-date: /home/ricardo/rm_ws/install/dwb_msgs/include/dwb_msgs/dwb_msgs/msg/detail/critic_score__rosidl_typesupport_introspection_cpp.hpp
[1.266s] -- Up-to-date: /home/ricardo/rm_ws/install/dwb_msgs/include/dwb_msgs/dwb_msgs/msg/detail/trajectory_score__type_support.cpp
[1.266s] -- Up-to-date: /home/ricardo/rm_ws/install/dwb_msgs/include/dwb_msgs/dwb_msgs/msg/detail/critic_score__type_support.cpp
[1.266s] -- Up-to-date: /home/ricardo/rm_ws/install/dwb_msgs/include/dwb_msgs/dwb_msgs/msg/detail/trajectory2_d__type_support.cpp
[1.266s] -- Up-to-date: /home/ricardo/rm_ws/install/dwb_msgs/include/dwb_msgs/dwb_msgs/msg/detail/trajectory_score__rosidl_typesupport_introspection_cpp.hpp
[1.266s] -- Up-to-date: /home/ricardo/rm_ws/install/dwb_msgs/include/dwb_msgs/dwb_msgs/msg/detail/trajectory2_d__rosidl_typesupport_introspection_cpp.hpp
[1.266s] -- Up-to-date: /home/ricardo/rm_ws/install/dwb_msgs/lib/libdwb_msgs__rosidl_typesupport_introspection_cpp.so
[1.267s] -- Up-to-date: /home/ricardo/rm_ws/install/dwb_msgs/lib/libdwb_msgs__rosidl_typesupport_cpp.so
[1.268s] -- Up-to-date: /home/ricardo/rm_ws/install/dwb_msgs/share/dwb_msgs/environment/pythonpath.sh
[1.268s] -- Up-to-date: /home/ricardo/rm_ws/install/dwb_msgs/share/dwb_msgs/environment/pythonpath.dsv
[1.269s] -- Up-to-date: /home/ricardo/rm_ws/install/dwb_msgs/local/lib/python3.10/dist-packages/dwb_msgs-1.1.12-py3.10.egg-info
[1.270s] -- Installing: /home/ricardo/rm_ws/install/dwb_msgs/local/lib/python3.10/dist-packages/dwb_msgs-1.1.12-py3.10.egg-info/dependency_links.txt
[1.271s] -- Installing: /home/ricardo/rm_ws/install/dwb_msgs/local/lib/python3.10/dist-packages/dwb_msgs-1.1.12-py3.10.egg-info/PKG-INFO
[1.271s] -- Installing: /home/ricardo/rm_ws/install/dwb_msgs/local/lib/python3.10/dist-packages/dwb_msgs-1.1.12-py3.10.egg-info/SOURCES.txt
[1.271s] -- Installing: /home/ricardo/rm_ws/install/dwb_msgs/local/lib/python3.10/dist-packages/dwb_msgs-1.1.12-py3.10.egg-info/top_level.txt
[1.271s] -- Up-to-date: /home/ricardo/rm_ws/install/dwb_msgs/local/lib/python3.10/dist-packages/dwb_msgs
[1.271s] -- Up-to-date: /home/ricardo/rm_ws/install/dwb_msgs/local/lib/python3.10/dist-packages/dwb_msgs/__init__.py
[1.271s] -- Up-to-date: /home/ricardo/rm_ws/install/dwb_msgs/local/lib/python3.10/dist-packages/dwb_msgs/srv
[1.272s] -- Up-to-date: /home/ricardo/rm_ws/install/dwb_msgs/local/lib/python3.10/dist-packages/dwb_msgs/srv/_get_critic_score.py
[1.272s] -- Up-to-date: /home/ricardo/rm_ws/install/dwb_msgs/local/lib/python3.10/dist-packages/dwb_msgs/srv/_get_critic_score_s.c
[1.272s] -- Up-to-date: /home/ricardo/rm_ws/install/dwb_msgs/local/lib/python3.10/dist-packages/dwb_msgs/srv/_debug_local_plan.py
[1.272s] -- Up-to-date: /home/ricardo/rm_ws/install/dwb_msgs/local/lib/python3.10/dist-packages/dwb_msgs/srv/__init__.py
[1.272s] -- Up-to-date: /home/ricardo/rm_ws/install/dwb_msgs/local/lib/python3.10/dist-packages/dwb_msgs/srv/_generate_twists.py
[1.273s] -- Up-to-date: /home/ricardo/rm_ws/install/dwb_msgs/local/lib/python3.10/dist-packages/dwb_msgs/srv/_score_trajectory.py
[1.273s] -- Up-to-date: /home/ricardo/rm_ws/install/dwb_msgs/local/lib/python3.10/dist-packages/dwb_msgs/srv/_generate_trajectory_s.c
[1.273s] -- Up-to-date: /home/ricardo/rm_ws/install/dwb_msgs/local/lib/python3.10/dist-packages/dwb_msgs/srv/_generate_twists_s.c
[1.273s] -- Up-to-date: /home/ricardo/rm_ws/install/dwb_msgs/local/lib/python3.10/dist-packages/dwb_msgs/srv/_generate_trajectory.py
[1.273s] -- Up-to-date: /home/ricardo/rm_ws/install/dwb_msgs/local/lib/python3.10/dist-packages/dwb_msgs/srv/_debug_local_plan_s.c
[1.273s] -- Up-to-date: /home/ricardo/rm_ws/install/dwb_msgs/local/lib/python3.10/dist-packages/dwb_msgs/srv/_score_trajectory_s.c
[1.273s] -- Up-to-date: /home/ricardo/rm_ws/install/dwb_msgs/local/lib/python3.10/dist-packages/dwb_msgs/dwb_msgs_s__rosidl_typesupport_c.cpython-310-x86_64-linux-gnu.so
[1.273s] -- Up-to-date: /home/ricardo/rm_ws/install/dwb_msgs/local/lib/python3.10/dist-packages/dwb_msgs/dwb_msgs_s__rosidl_typesupport_fastrtps_c.cpython-310-x86_64-linux-gnu.so
[1.273s] -- Up-to-date: /home/ricardo/rm_ws/install/dwb_msgs/local/lib/python3.10/dist-packages/dwb_msgs/msg
[1.273s] -- Up-to-date: /home/ricardo/rm_ws/install/dwb_msgs/local/lib/python3.10/dist-packages/dwb_msgs/msg/_trajectory2_d_s.c
[1.273s] -- Up-to-date: /home/ricardo/rm_ws/install/dwb_msgs/local/lib/python3.10/dist-packages/dwb_msgs/msg/__init__.py
[1.273s] -- Up-to-date: /home/ricardo/rm_ws/install/dwb_msgs/local/lib/python3.10/dist-packages/dwb_msgs/msg/_local_plan_evaluation_s.c
[1.273s] -- Up-to-date: /home/ricardo/rm_ws/install/dwb_msgs/local/lib/python3.10/dist-packages/dwb_msgs/msg/_critic_score_s.c
[1.273s] -- Up-to-date: /home/ricardo/rm_ws/install/dwb_msgs/local/lib/python3.10/dist-packages/dwb_msgs/msg/_trajectory_score.py
[1.273s] -- Up-to-date: /home/ricardo/rm_ws/install/dwb_msgs/local/lib/python3.10/dist-packages/dwb_msgs/msg/_trajectory_score_s.c
[1.273s] -- Up-to-date: /home/ricardo/rm_ws/install/dwb_msgs/local/lib/python3.10/dist-packages/dwb_msgs/msg/_local_plan_evaluation.py
[1.273s] -- Up-to-date: /home/ricardo/rm_ws/install/dwb_msgs/local/lib/python3.10/dist-packages/dwb_msgs/msg/_trajectory2_d.py
[1.273s] -- Up-to-date: /home/ricardo/rm_ws/install/dwb_msgs/local/lib/python3.10/dist-packages/dwb_msgs/msg/_critic_score.py
[1.273s] -- Up-to-date: /home/ricardo/rm_ws/install/dwb_msgs/local/lib/python3.10/dist-packages/dwb_msgs/_dwb_msgs_s.ep.rosidl_typesupport_c.c
[1.273s] -- Up-to-date: /home/ricardo/rm_ws/install/dwb_msgs/local/lib/python3.10/dist-packages/dwb_msgs/_dwb_msgs_s.ep.rosidl_typesupport_fastrtps_c.c
[1.274s] -- Up-to-date: /home/ricardo/rm_ws/install/dwb_msgs/local/lib/python3.10/dist-packages/dwb_msgs/libdwb_msgs__rosidl_generator_py.so
[1.274s] -- Up-to-date: /home/ricardo/rm_ws/install/dwb_msgs/local/lib/python3.10/dist-packages/dwb_msgs/_dwb_msgs_s.ep.rosidl_typesupport_introspection_c.c
[1.274s] -- Up-to-date: /home/ricardo/rm_ws/install/dwb_msgs/local/lib/python3.10/dist-packages/dwb_msgs/dwb_msgs_s__rosidl_typesupport_introspection_c.cpython-310-x86_64-linux-gnu.so
[1.309s] Listing '/home/ricardo/rm_ws/install/dwb_msgs/local/lib/python3.10/dist-packages/dwb_msgs'...
[1.309s] Listing '/home/ricardo/rm_ws/install/dwb_msgs/local/lib/python3.10/dist-packages/dwb_msgs/msg'...
[1.309s] Listing '/home/ricardo/rm_ws/install/dwb_msgs/local/lib/python3.10/dist-packages/dwb_msgs/srv'...
[1.314s] -- Up-to-date: /home/ricardo/rm_ws/install/dwb_msgs/local/lib/python3.10/dist-packages/dwb_msgs/dwb_msgs_s__rosidl_typesupport_fastrtps_c.cpython-310-x86_64-linux-gnu.so
[1.316s] -- Up-to-date: /home/ricardo/rm_ws/install/dwb_msgs/local/lib/python3.10/dist-packages/dwb_msgs/dwb_msgs_s__rosidl_typesupport_introspection_c.cpython-310-x86_64-linux-gnu.so
[1.316s] -- Up-to-date: /home/ricardo/rm_ws/install/dwb_msgs/local/lib/python3.10/dist-packages/dwb_msgs/dwb_msgs_s__rosidl_typesupport_c.cpython-310-x86_64-linux-gnu.so
[1.317s] -- Up-to-date: /home/ricardo/rm_ws/install/dwb_msgs/lib/libdwb_msgs__rosidl_generator_py.so
[1.318s] -- Up-to-date: /home/ricardo/rm_ws/install/dwb_msgs/share/dwb_msgs/msg/CriticScore.idl
[1.318s] -- Up-to-date: /home/ricardo/rm_ws/install/dwb_msgs/share/dwb_msgs/msg/LocalPlanEvaluation.idl
[1.320s] -- Up-to-date: /home/ricardo/rm_ws/install/dwb_msgs/share/dwb_msgs/msg/Trajectory2D.idl
[1.321s] -- Up-to-date: /home/ricardo/rm_ws/install/dwb_msgs/share/dwb_msgs/msg/TrajectoryScore.idl
[1.321s] -- Up-to-date: /home/ricardo/rm_ws/install/dwb_msgs/share/dwb_msgs/srv/DebugLocalPlan.idl
[1.322s] -- Up-to-date: /home/ricardo/rm_ws/install/dwb_msgs/share/dwb_msgs/srv/GenerateTrajectory.idl
[1.322s] -- Up-to-date: /home/ricardo/rm_ws/install/dwb_msgs/share/dwb_msgs/srv/GenerateTwists.idl
[1.322s] -- Up-to-date: /home/ricardo/rm_ws/install/dwb_msgs/share/dwb_msgs/srv/GetCriticScore.idl
[1.322s] -- Up-to-date: /home/ricardo/rm_ws/install/dwb_msgs/share/dwb_msgs/srv/ScoreTrajectory.idl
[1.322s] -- Up-to-date: /home/ricardo/rm_ws/install/dwb_msgs/share/dwb_msgs/msg/CriticScore.msg
[1.322s] -- Up-to-date: /home/ricardo/rm_ws/install/dwb_msgs/share/dwb_msgs/msg/LocalPlanEvaluation.msg
[1.322s] -- Up-to-date: /home/ricardo/rm_ws/install/dwb_msgs/share/dwb_msgs/msg/Trajectory2D.msg
[1.322s] -- Up-to-date: /home/ricardo/rm_ws/install/dwb_msgs/share/dwb_msgs/msg/TrajectoryScore.msg
[1.322s] -- Up-to-date: /home/ricardo/rm_ws/install/dwb_msgs/share/dwb_msgs/srv/DebugLocalPlan.srv
[1.322s] -- Up-to-date: /home/ricardo/rm_ws/install/dwb_msgs/share/dwb_msgs/srv/DebugLocalPlan_Request.msg
[1.323s] -- Up-to-date: /home/ricardo/rm_ws/install/dwb_msgs/share/dwb_msgs/srv/DebugLocalPlan_Response.msg
[1.323s] -- Up-to-date: /home/ricardo/rm_ws/install/dwb_msgs/share/dwb_msgs/srv/GenerateTrajectory.srv
[1.323s] -- Up-to-date: /home/ricardo/rm_ws/install/dwb_msgs/share/dwb_msgs/srv/GenerateTrajectory_Request.msg
[1.323s] -- Up-to-date: /home/ricardo/rm_ws/install/dwb_msgs/share/dwb_msgs/srv/GenerateTrajectory_Response.msg
[1.323s] -- Up-to-date: /home/ricardo/rm_ws/install/dwb_msgs/share/dwb_msgs/srv/GenerateTwists.srv
[1.325s] -- Up-to-date: /home/ricardo/rm_ws/install/dwb_msgs/share/dwb_msgs/srv/GenerateTwists_Request.msg
[1.325s] -- Up-to-date: /home/ricardo/rm_ws/install/dwb_msgs/share/dwb_msgs/srv/GenerateTwists_Response.msg
[1.326s] -- Up-to-date: /home/ricardo/rm_ws/install/dwb_msgs/share/dwb_msgs/srv/GetCriticScore.srv
[1.327s] -- Up-to-date: /home/ricardo/rm_ws/install/dwb_msgs/share/dwb_msgs/srv/GetCriticScore_Request.msg
[1.327s] -- Up-to-date: /home/ricardo/rm_ws/install/dwb_msgs/share/dwb_msgs/srv/GetCriticScore_Response.msg
[1.327s] -- Up-to-date: /home/ricardo/rm_ws/install/dwb_msgs/share/dwb_msgs/srv/ScoreTrajectory.srv
[1.327s] -- Up-to-date: /home/ricardo/rm_ws/install/dwb_msgs/share/dwb_msgs/srv/ScoreTrajectory_Request.msg
[1.327s] -- Up-to-date: /home/ricardo/rm_ws/install/dwb_msgs/share/dwb_msgs/srv/ScoreTrajectory_Response.msg
[1.327s] -- Up-to-date: /home/ricardo/rm_ws/install/dwb_msgs/share/ament_index/resource_index/package_run_dependencies/dwb_msgs
[1.327s] -- Up-to-date: /home/ricardo/rm_ws/install/dwb_msgs/share/ament_index/resource_index/parent_prefix_path/dwb_msgs
[1.327s] -- Up-to-date: /home/ricardo/rm_ws/install/dwb_msgs/share/dwb_msgs/environment/ament_prefix_path.sh
[1.328s] -- Up-to-date: /home/ricardo/rm_ws/install/dwb_msgs/share/dwb_msgs/environment/ament_prefix_path.dsv
[1.328s] -- Up-to-date: /home/ricardo/rm_ws/install/dwb_msgs/share/dwb_msgs/environment/path.sh
[1.328s] -- Up-to-date: /home/ricardo/rm_ws/install/dwb_msgs/share/dwb_msgs/environment/path.dsv
[1.328s] -- Up-to-date: /home/ricardo/rm_ws/install/dwb_msgs/share/dwb_msgs/local_setup.bash
[1.328s] -- Up-to-date: /home/ricardo/rm_ws/install/dwb_msgs/share/dwb_msgs/local_setup.sh
[1.328s] -- Up-to-date: /home/ricardo/rm_ws/install/dwb_msgs/share/dwb_msgs/local_setup.zsh
[1.328s] -- Up-to-date: /home/ricardo/rm_ws/install/dwb_msgs/share/dwb_msgs/local_setup.dsv
[1.328s] -- Installing: /home/ricardo/rm_ws/install/dwb_msgs/share/dwb_msgs/package.dsv
[1.328s] -- Up-to-date: /home/ricardo/rm_ws/install/dwb_msgs/share/ament_index/resource_index/packages/dwb_msgs
[1.333s] -- Up-to-date: /home/ricardo/rm_ws/install/dwb_msgs/share/dwb_msgs/cmake/export_dwb_msgs__rosidl_generator_cExport.cmake
[1.335s] -- Up-to-date: /home/ricardo/rm_ws/install/dwb_msgs/share/dwb_msgs/cmake/export_dwb_msgs__rosidl_generator_cExport-noconfig.cmake
[1.335s] -- Up-to-date: /home/ricardo/rm_ws/install/dwb_msgs/share/dwb_msgs/cmake/export_dwb_msgs__rosidl_typesupport_fastrtps_cExport.cmake
[1.335s] -- Up-to-date: /home/ricardo/rm_ws/install/dwb_msgs/share/dwb_msgs/cmake/export_dwb_msgs__rosidl_typesupport_fastrtps_cExport-noconfig.cmake
[1.338s] -- Up-to-date: /home/ricardo/rm_ws/install/dwb_msgs/share/dwb_msgs/cmake/export_dwb_msgs__rosidl_generator_cppExport.cmake
[1.338s] -- Up-to-date: /home/ricardo/rm_ws/install/dwb_msgs/share/dwb_msgs/cmake/export_dwb_msgs__rosidl_typesupport_fastrtps_cppExport.cmake
[1.338s] -- Up-to-date: /home/ricardo/rm_ws/install/dwb_msgs/share/dwb_msgs/cmake/export_dwb_msgs__rosidl_typesupport_fastrtps_cppExport-noconfig.cmake
[1.339s] -- Up-to-date: /home/ricardo/rm_ws/install/dwb_msgs/share/dwb_msgs/cmake/dwb_msgs__rosidl_typesupport_introspection_cExport.cmake
[1.339s] -- Up-to-date: /home/ricardo/rm_ws/install/dwb_msgs/share/dwb_msgs/cmake/dwb_msgs__rosidl_typesupport_introspection_cExport-noconfig.cmake
[1.339s] -- Up-to-date: /home/ricardo/rm_ws/install/dwb_msgs/share/dwb_msgs/cmake/dwb_msgs__rosidl_typesupport_cExport.cmake
[1.340s] -- Up-to-date: /home/ricardo/rm_ws/install/dwb_msgs/share/dwb_msgs/cmake/dwb_msgs__rosidl_typesupport_cExport-noconfig.cmake
[1.340s] -- Up-to-date: /home/ricardo/rm_ws/install/dwb_msgs/share/dwb_msgs/cmake/dwb_msgs__rosidl_typesupport_introspection_cppExport.cmake
[1.340s] -- Up-to-date: /home/ricardo/rm_ws/install/dwb_msgs/share/dwb_msgs/cmake/dwb_msgs__rosidl_typesupport_introspection_cppExport-noconfig.cmake
[1.340s] -- Up-to-date: /home/ricardo/rm_ws/install/dwb_msgs/share/dwb_msgs/cmake/dwb_msgs__rosidl_typesupport_cppExport.cmake
[1.340s] -- Up-to-date: /home/ricardo/rm_ws/install/dwb_msgs/share/dwb_msgs/cmake/dwb_msgs__rosidl_typesupport_cppExport-noconfig.cmake
[1.340s] -- Up-to-date: /home/ricardo/rm_ws/install/dwb_msgs/share/dwb_msgs/cmake/export_dwb_msgs__rosidl_generator_pyExport.cmake
[1.340s] -- Up-to-date: /home/ricardo/rm_ws/install/dwb_msgs/share/dwb_msgs/cmake/export_dwb_msgs__rosidl_generator_pyExport-noconfig.cmake
[1.340s] -- Up-to-date: /home/ricardo/rm_ws/install/dwb_msgs/share/dwb_msgs/cmake/rosidl_cmake-extras.cmake
[1.340s] -- Up-to-date: /home/ricardo/rm_ws/install/dwb_msgs/share/dwb_msgs/cmake/ament_cmake_export_dependencies-extras.cmake
[1.340s] -- Up-to-date: /home/ricardo/rm_ws/install/dwb_msgs/share/dwb_msgs/cmake/ament_cmake_export_include_directories-extras.cmake
[1.340s] -- Up-to-date: /home/ricardo/rm_ws/install/dwb_msgs/share/dwb_msgs/cmake/ament_cmake_export_libraries-extras.cmake
[1.340s] -- Up-to-date: /home/ricardo/rm_ws/install/dwb_msgs/share/dwb_msgs/cmake/ament_cmake_export_targets-extras.cmake
[1.340s] -- Up-to-date: /home/ricardo/rm_ws/install/dwb_msgs/share/dwb_msgs/cmake/rosidl_cmake_export_typesupport_targets-extras.cmake
[1.340s] -- Up-to-date: /home/ricardo/rm_ws/install/dwb_msgs/share/dwb_msgs/cmake/rosidl_cmake_export_typesupport_libraries-extras.cmake
[1.340s] -- Up-to-date: /home/ricardo/rm_ws/install/dwb_msgs/share/dwb_msgs/cmake/dwb_msgsConfig.cmake
[1.342s] -- Up-to-date: /home/ricardo/rm_ws/install/dwb_msgs/share/dwb_msgs/cmake/dwb_msgsConfig-version.cmake
[1.342s] -- Up-to-date: /home/ricardo/rm_ws/install/dwb_msgs/share/dwb_msgs/package.xml
[1.342s] Invoked command in '/home/ricardo/rm_ws/build/dwb_msgs' returned '0': CMAKE_PREFIX_PATH=/home/ricardo/rm_ws/install/nav_2d_msgs:/home/ricardo/rm_ws/install/navigation2:/home/ricardo/rm_ws/install/nav2_smoother:/home/ricardo/rm_ws/install/nav2_dwb_controller:/home/ricardo/rm_ws/install/nav2_controller:/home/ricardo/rm_ws/install/dwb_plugins:/home/ricardo/rm_ws/install/dwb_critics:/home/ricardo/rm_ws/install/dwb_core:/home/ricardo/rm_ws/install/nav_2d_utils:/home/ricardo/rm_ws/install/dwb_msgs:/home/ricardo/rm_ws/install/nav2_waypoint_follower:/home/ricardo/rm_ws/install/nav2_theta_star_planner:/home/ricardo/rm_ws/install/nav2_smac_planner:/home/ricardo/rm_ws/install/nav2_rotation_shim_controller:/home/ricardo/rm_ws/install/nav2_regulated_pure_pursuit_controller:/home/ricardo/rm_ws/install/nav2_planner:/home/ricardo/rm_ws/install/nav2_navfn_planner:/home/ricardo/rm_ws/install/nav2_mppi_controller:/home/ricardo/rm_ws/install/nav2_constrained_smoother:/home/ricardo/rm_ws/install/nav2_bt_navigator:/home/ricardo/rm_ws/install/nav2_behaviors:/home/ricardo/rm_ws/install/nav2_core:/home/ricardo/rm_ws/install/nav2_collision_monitor:/home/ricardo/rm_ws/install/costmap_queue:/home/ricardo/rm_ws/install/nav2_costmap_2d:/home/ricardo/rm_ws/install/nav2_voxel_grid:/home/ricardo/rm_ws/install/nav2_velocity_smoother:/home/ricardo/rm_ws/install/nav2_rviz_plugins:/home/ricardo/rm_ws/install/nav2_map_server:/home/ricardo/rm_ws/install/nav2_lifecycle_manager:/home/ricardo/rm_ws/install/nav2_behavior_tree:/home/ricardo/rm_ws/install/nav2_amcl:/home/ricardo/rm_ws/install/nav2_util:/home/ricardo/rm_ws/install/nav2_msgs:/home/ricardo/rm_ws/install/nav2_common:/home/ricardo/rm_ws/install/laser_car_cartographer:/home/ricardo/rm_ws/install/cartographer_ros:/home/ricardo/rm_ws/install/cartographer_ros_msgs:/home/ricardo/rm_ws/install/cartographer:/home/ricardo/rm_ws/install/topic_text_video:/home/ricardo/rm_ws/install/nav2_simple_commander:/home/ricardo/rm_ws/install/laser_car_description:/opt/ros/humble LD_LIBRARY_PATH=/home/ricardo/rm_ws/install/nav_2d_msgs/lib:/home/ricardo/rm_ws/install/nav2_smoother/lib:/home/ricardo/rm_ws/install/nav2_controller/lib:/home/ricardo/rm_ws/install/dwb_plugins/lib:/home/ricardo/rm_ws/install/dwb_critics/lib:/home/ricardo/rm_ws/install/dwb_core/lib:/home/ricardo/rm_ws/install/nav_2d_utils/lib:/home/ricardo/rm_ws/install/dwb_msgs/lib:/home/ricardo/rm_ws/install/nav2_waypoint_follower/lib:/home/ricardo/rm_ws/install/nav2_theta_star_planner/lib:/home/ricardo/rm_ws/install/nav2_smac_planner/lib:/home/ricardo/rm_ws/install/nav2_rotation_shim_controller/lib:/home/ricardo/rm_ws/install/nav2_regulated_pure_pursuit_controller/lib:/home/ricardo/rm_ws/install/nav2_planner/lib:/home/ricardo/rm_ws/install/nav2_navfn_planner/lib:/home/ricardo/rm_ws/install/nav2_mppi_controller/lib:/home/ricardo/rm_ws/install/nav2_constrained_smoother/lib:/home/ricardo/rm_ws/install/nav2_bt_navigator/lib:/home/ricardo/rm_ws/install/nav2_behaviors/lib:/home/ricardo/rm_ws/install/nav2_collision_monitor/lib:/home/ricardo/rm_ws/install/costmap_queue/lib:/home/ricardo/rm_ws/install/nav2_costmap_2d/lib:/home/ricardo/rm_ws/install/nav2_voxel_grid/lib:/home/ricardo/rm_ws/install/nav2_velocity_smoother/lib:/home/ricardo/rm_ws/install/nav2_rviz_plugins/lib:/home/ricardo/rm_ws/install/nav2_map_server/lib:/home/ricardo/rm_ws/install/nav2_lifecycle_manager/lib:/home/ricardo/rm_ws/install/nav2_behavior_tree/lib:/home/ricardo/rm_ws/install/nav2_amcl/lib:/home/ricardo/rm_ws/install/nav2_util/lib:/home/ricardo/rm_ws/install/nav2_msgs/lib:/home/ricardo/rm_ws/install/cartographer_ros/lib:/home/ricardo/rm_ws/install/cartographer_ros_msgs/lib:/usr/lib/x86_64-linux-gnu/gazebo-11/plugins:/opt/ros/humble/opt/rviz_ogre_vendor/lib:/opt/ros/humble/lib/x86_64-linux-gnu:/opt/ros/humble/lib /usr/bin/cmake --install /home/ricardo/rm_ws/build/dwb_msgs
