[0.888s] Invoking command in '/home/ricardo/rm_ws/src/topic_text_video': PYTHONPATH=/home/ricardo/rm_ws/build/topic_text_video/prefix_override:/home/ricardo/rm_ws/install/topic_text_video/lib/python3.10/site-packages:${PYTHONPATH} /usr/bin/python3 setup.py egg_info --egg-base ../../build/topic_text_video build --build-base /home/ricardo/rm_ws/build/topic_text_video/build install --record /home/ricardo/rm_ws/build/topic_text_video/install.log --single-version-externally-managed
[1.074s] running egg_info
[1.075s] writing ../../build/topic_text_video/topic_text_video.egg-info/PKG-INFO
[1.075s] writing dependency_links to ../../build/topic_text_video/topic_text_video.egg-info/dependency_links.txt
[1.076s] writing entry points to ../../build/topic_text_video/topic_text_video.egg-info/entry_points.txt
[1.076s] writing requirements to ../../build/topic_text_video/topic_text_video.egg-info/requires.txt
[1.076s] writing top-level names to ../../build/topic_text_video/topic_text_video.egg-info/top_level.txt
[1.078s] reading manifest file '../../build/topic_text_video/topic_text_video.egg-info/SOURCES.txt'
[1.080s] writing manifest file '../../build/topic_text_video/topic_text_video.egg-info/SOURCES.txt'
[1.080s] running build
[1.080s] running build_py
[1.081s] /usr/lib/python3/dist-packages/setuptools/command/install.py:34: SetuptoolsDeprecationWarning: setup.py install is deprecated. Use build and pip and other standards-based tools.
[1.081s]   warnings.warn(
[1.081s] running install
[1.081s] running install_lib
[1.082s] running install_data
[1.083s] running install_egg_info
[1.085s] removing '/home/ricardo/rm_ws/install/topic_text_video/lib/python3.10/site-packages/topic_text_video-0.0.0-py3.10.egg-info' (and everything under it)
[1.085s] Copying ../../build/topic_text_video/topic_text_video.egg-info to /home/ricardo/rm_ws/install/topic_text_video/lib/python3.10/site-packages/topic_text_video-0.0.0-py3.10.egg-info
[1.085s] running install_scripts
[1.105s] Installing topic_text_publisher script to /home/ricardo/rm_ws/install/topic_text_video/lib/topic_text_video
[1.106s] Installing topic_text_subscriber script to /home/ricardo/rm_ws/install/topic_text_video/lib/topic_text_video
[1.106s] Installing topic_video_publisher script to /home/ricardo/rm_ws/install/topic_text_video/lib/topic_text_video
[1.106s] Installing topic_video_subscriber script to /home/ricardo/rm_ws/install/topic_text_video/lib/topic_text_video
[1.107s] writing list of installed files to '/home/ricardo/rm_ws/build/topic_text_video/install.log'
[1.192s] Invoked command in '/home/ricardo/rm_ws/src/topic_text_video' returned '0': PYTHONPATH=/home/ricardo/rm_ws/build/topic_text_video/prefix_override:/home/ricardo/rm_ws/install/topic_text_video/lib/python3.10/site-packages:${PYTHONPATH} /usr/bin/python3 setup.py egg_info --egg-base ../../build/topic_text_video build --build-base /home/ricardo/rm_ws/build/topic_text_video/build install --record /home/ricardo/rm_ws/build/topic_text_video/install.log --single-version-externally-managed
