[0.764s] Invoking command in '/home/ricardo/rm_ws/src/topic_text_video': PYTHONPATH=/home/ricardo/rm_ws/build/topic_text_video/prefix_override:/home/ricardo/rm_ws/install/topic_text_video/lib/python3.10/site-packages:${PYTHONPATH} /usr/bin/python3 setup.py egg_info --egg-base ../../build/topic_text_video build --build-base /home/ricardo/rm_ws/build/topic_text_video/build install --record /home/ricardo/rm_ws/build/topic_text_video/install.log --single-version-externally-managed
[0.961s] running egg_info
[0.962s] writing ../../build/topic_text_video/topic_text_video.egg-info/PKG-INFO
[0.962s] writing dependency_links to ../../build/topic_text_video/topic_text_video.egg-info/dependency_links.txt
[0.963s] writing entry points to ../../build/topic_text_video/topic_text_video.egg-info/entry_points.txt
[0.964s] writing requirements to ../../build/topic_text_video/topic_text_video.egg-info/requires.txt
[0.964s] writing top-level names to ../../build/topic_text_video/topic_text_video.egg-info/top_level.txt
[0.967s] reading manifest file '../../build/topic_text_video/topic_text_video.egg-info/SOURCES.txt'
[0.967s] writing manifest file '../../build/topic_text_video/topic_text_video.egg-info/SOURCES.txt'
[0.967s] running build
[0.968s] running build_py
[0.968s] copying topic_text_video/topic_video_publisher.py -> /home/ricardo/rm_ws/build/topic_text_video/build/lib/topic_text_video
[0.968s] running install
[0.968s] /usr/lib/python3/dist-packages/setuptools/command/install.py:34: SetuptoolsDeprecationWarning: setup.py install is deprecated. Use build and pip and other standards-based tools.
[0.968s]   warnings.warn(
[0.969s] running install_lib
[0.969s] copying /home/ricardo/rm_ws/build/topic_text_video/build/lib/topic_text_video/topic_video_publisher.py -> /home/ricardo/rm_ws/install/topic_text_video/lib/python3.10/site-packages/topic_text_video
[0.970s] byte-compiling /home/ricardo/rm_ws/install/topic_text_video/lib/python3.10/site-packages/topic_text_video/topic_video_publisher.py to topic_video_publisher.cpython-310.pyc
[0.970s] running install_data
[0.971s] running install_egg_info
[0.973s] removing '/home/ricardo/rm_ws/install/topic_text_video/lib/python3.10/site-packages/topic_text_video-0.0.0-py3.10.egg-info' (and everything under it)
[0.973s] Copying ../../build/topic_text_video/topic_text_video.egg-info to /home/ricardo/rm_ws/install/topic_text_video/lib/python3.10/site-packages/topic_text_video-0.0.0-py3.10.egg-info
[0.974s] running install_scripts
[0.993s] Installing topic_text_publisher script to /home/ricardo/rm_ws/install/topic_text_video/lib/topic_text_video
[0.993s] Installing topic_text_subscriber script to /home/ricardo/rm_ws/install/topic_text_video/lib/topic_text_video
[0.993s] Installing topic_video_publisher script to /home/ricardo/rm_ws/install/topic_text_video/lib/topic_text_video
[0.994s] Installing topic_video_subscriber script to /home/ricardo/rm_ws/install/topic_text_video/lib/topic_text_video
[0.994s] writing list of installed files to '/home/ricardo/rm_ws/build/topic_text_video/install.log'
[1.023s] Invoked command in '/home/ricardo/rm_ws/src/topic_text_video' returned '0': PYTHONPATH=/home/ricardo/rm_ws/build/topic_text_video/prefix_override:/home/ricardo/rm_ws/install/topic_text_video/lib/python3.10/site-packages:${PYTHONPATH} /usr/bin/python3 setup.py egg_info --egg-base ../../build/topic_text_video build --build-base /home/ricardo/rm_ws/build/topic_text_video/build install --record /home/ricardo/rm_ws/build/topic_text_video/install.log --single-version-externally-managed
