[0.455s] Invoking command in '/home/ricardo/rm_ws/build/nav2_controller': AMENT_PREFIX_PATH=/home/ricardo/rm_ws/install/nav2_core:/home/ricardo/rm_ws/install/nav2_costmap_2d:/home/ricardo/rm_ws/install/nav_2d_utils:/home/ricardo/rm_ws/install/nav2_util:/home/ricardo/rm_ws/install/nav2_voxel_grid:/home/ricardo/rm_ws/install/nav2_msgs:/home/ricardo/rm_ws/install/nav_2d_msgs:/home/ricardo/rm_ws/install/nav2_common:${AMENT_PREFIX_PATH} CMAKE_PREFIX_PATH=/home/ricardo/rm_ws/install/nav2_core:/home/ricardo/rm_ws/install/nav2_costmap_2d:/home/ricardo/rm_ws/install/nav_2d_utils:/home/ricardo/rm_ws/install/nav2_util:/home/ricardo/rm_ws/install/nav2_voxel_grid:/home/ricardo/rm_ws/install/nav2_msgs:/home/ricardo/rm_ws/install/nav_2d_msgs:/home/ricardo/rm_ws/install/nav2_common:/home/ricardo/rm_ws/install/laser_car_cartographer:/home/ricardo/rm_ws/install/cartographer_ros:/home/ricardo/rm_ws/install/cartographer_ros_msgs:/home/ricardo/rm_ws/install/cartographer:/home/ricardo/rm_ws/install/topic_text_video:/home/ricardo/rm_ws/install/laser_car_description:/opt/ros/humble LD_LIBRARY_PATH=/home/ricardo/rm_ws/install/nav2_costmap_2d/lib:/home/ricardo/rm_ws/install/nav_2d_utils/lib:/home/ricardo/rm_ws/install/nav2_util/lib:/home/ricardo/rm_ws/install/nav2_voxel_grid/lib:/home/ricardo/rm_ws/install/nav2_msgs/lib:/home/ricardo/rm_ws/install/nav_2d_msgs/lib:${LD_LIBRARY_PATH} PYTHONPATH=/home/ricardo/rm_ws/install/nav2_msgs/local/lib/python3.10/dist-packages:/home/ricardo/rm_ws/install/nav_2d_msgs/local/lib/python3.10/dist-packages:/home/ricardo/rm_ws/install/nav2_common/local/lib/python3.10/dist-packages:${PYTHONPATH} /usr/bin/cmake /home/ricardo/rm_ws/src/navigation2/nav2_controller -DCMAKE_INSTALL_PREFIX=/home/ricardo/rm_ws/install/nav2_controller
[0.600s] -- The C compiler identification is GNU 11.4.0
[0.775s] -- The CXX compiler identification is GNU 11.4.0
[0.795s] -- Detecting C compiler ABI info
[1.047s] -- Detecting C compiler ABI info - done
[1.055s] -- Check for working C compiler: /usr/bin/cc - skipped
[1.055s] -- Detecting C compile features
[1.055s] -- Detecting C compile features - done
[1.058s] -- Detecting CXX compiler ABI info
[1.358s] -- Detecting CXX compiler ABI info - done
[1.366s] -- Check for working CXX compiler: /usr/bin/c++ - skipped
[1.366s] -- Detecting CXX compile features
[1.366s] -- Detecting CXX compile features - done
[1.370s] -- Found ament_cmake: 1.3.6 (/opt/ros/humble/share/ament_cmake/cmake)
[1.829s] -- Found Python3: /usr/bin/python3.10 (found version "3.10.12") found components: Interpreter 
[2.028s] -- Found nav2_core: 1.1.12 (/home/ricardo/rm_ws/install/nav2_core/share/nav2_core/cmake)
[2.081s] -- Found rosidl_generator_c: 3.1.5 (/opt/ros/humble/share/rosidl_generator_c/cmake)
[2.090s] -- Found rosidl_adapter: 3.1.5 (/opt/ros/humble/share/rosidl_adapter/cmake)
[2.100s] -- Found rosidl_generator_cpp: 3.1.5 (/opt/ros/humble/share/rosidl_generator_cpp/cmake)
[2.121s] -- Using all available rosidl_typesupport_c: rosidl_typesupport_fastrtps_c;rosidl_typesupport_introspection_c
[2.146s] -- Using all available rosidl_typesupport_cpp: rosidl_typesupport_fastrtps_cpp;rosidl_typesupport_introspection_cpp
[2.229s] -- Found rmw_implementation_cmake: 6.1.1 (/opt/ros/humble/share/rmw_implementation_cmake/cmake)
[2.233s] -- Found rmw_fastrtps_cpp: 6.2.5 (/opt/ros/humble/share/rmw_fastrtps_cpp/cmake)
[2.443s] -- Found OpenSSL: /usr/lib/x86_64-linux-gnu/libcrypto.so (found version "3.0.2")  
[2.475s] -- Found FastRTPS: /opt/ros/humble/include  
[2.533s] -- Using RMW implementation 'rmw_fastrtps_cpp' as default
[2.549s] -- Looking for pthread.h
[2.796s] -- Looking for pthread.h - found
[2.796s] -- Performing Test CMAKE_HAVE_LIBC_PTHREAD
[2.976s] -- Performing Test CMAKE_HAVE_LIBC_PTHREAD - Success
[2.976s] -- Found Threads: TRUE  
[4.406s] -- Found Eigen3: TRUE (found version "3.4.0") 
[4.406s] -- Ensuring Eigen3 include directory is part of orocos-kdl CMake target
[6.507s] -- Found nav2_common: 1.1.12 (/home/ricardo/rm_ws/install/nav2_common/share/nav2_common/cmake)
[6.509s] -- Found nav_2d_utils: 1.1.12 (/home/ricardo/rm_ws/install/nav_2d_utils/share/nav_2d_utils/cmake)
[7.250s] -- Setting build type to Release as none was specified.
[28.835s] -- Found ament_lint_auto: 0.12.9 (/opt/ros/humble/share/ament_lint_auto/cmake)
[28.955s] -- Found gtest sources under '/opt/ros/humble/src/gtest_vendor': C++ tests using 'Google Test' will be built
[33.015s] -- Found gtest sources under '/opt/ros/humble/src/gtest_vendor': C++ tests using 'Google Test' will be built
[37.093s] -- Added test 'cppcheck' to perform static code analysis on C / C++ code
[37.095s] -- Configured cppcheck include dirs: /home/ricardo/rm_ws/src/navigation2/nav2_controller/include
[37.095s] -- Configured cppcheck exclude dirs and/or files: 
[37.096s] -- Added test 'cpplint' to check C / C++ code against the Google style
[37.097s] -- Configured cpplint exclude dirs and/or files: 
[37.099s] -- Added test 'lint_cmake' to check CMake code style
[37.100s] -- Added test 'uncrustify' to check C / C++ code style
[37.100s] -- Configured uncrustify additional arguments: 
[37.101s] -- Added test 'xmllint' to check XML markup files
[37.105s] -- Configuring done
[37.521s] -- Generating done
[37.525s] -- Build files have been written to: /home/ricardo/rm_ws/build/nav2_controller
[37.569s] Invoked command in '/home/ricardo/rm_ws/build/nav2_controller' returned '0': AMENT_PREFIX_PATH=/home/ricardo/rm_ws/install/nav2_core:/home/ricardo/rm_ws/install/nav2_costmap_2d:/home/ricardo/rm_ws/install/nav_2d_utils:/home/ricardo/rm_ws/install/nav2_util:/home/ricardo/rm_ws/install/nav2_voxel_grid:/home/ricardo/rm_ws/install/nav2_msgs:/home/ricardo/rm_ws/install/nav_2d_msgs:/home/ricardo/rm_ws/install/nav2_common:${AMENT_PREFIX_PATH} CMAKE_PREFIX_PATH=/home/ricardo/rm_ws/install/nav2_core:/home/ricardo/rm_ws/install/nav2_costmap_2d:/home/ricardo/rm_ws/install/nav_2d_utils:/home/ricardo/rm_ws/install/nav2_util:/home/ricardo/rm_ws/install/nav2_voxel_grid:/home/ricardo/rm_ws/install/nav2_msgs:/home/ricardo/rm_ws/install/nav_2d_msgs:/home/ricardo/rm_ws/install/nav2_common:/home/ricardo/rm_ws/install/laser_car_cartographer:/home/ricardo/rm_ws/install/cartographer_ros:/home/ricardo/rm_ws/install/cartographer_ros_msgs:/home/ricardo/rm_ws/install/cartographer:/home/ricardo/rm_ws/install/topic_text_video:/home/ricardo/rm_ws/install/laser_car_description:/opt/ros/humble LD_LIBRARY_PATH=/home/ricardo/rm_ws/install/nav2_costmap_2d/lib:/home/ricardo/rm_ws/install/nav_2d_utils/lib:/home/ricardo/rm_ws/install/nav2_util/lib:/home/ricardo/rm_ws/install/nav2_voxel_grid/lib:/home/ricardo/rm_ws/install/nav2_msgs/lib:/home/ricardo/rm_ws/install/nav_2d_msgs/lib:${LD_LIBRARY_PATH} PYTHONPATH=/home/ricardo/rm_ws/install/nav2_msgs/local/lib/python3.10/dist-packages:/home/ricardo/rm_ws/install/nav_2d_msgs/local/lib/python3.10/dist-packages:/home/ricardo/rm_ws/install/nav2_common/local/lib/python3.10/dist-packages:${PYTHONPATH} /usr/bin/cmake /home/ricardo/rm_ws/src/navigation2/nav2_controller -DCMAKE_INSTALL_PREFIX=/home/ricardo/rm_ws/install/nav2_controller
[37.586s] Invoking command in '/home/ricardo/rm_ws/build/nav2_controller': AMENT_PREFIX_PATH=/home/ricardo/rm_ws/install/nav2_core:/home/ricardo/rm_ws/install/nav2_costmap_2d:/home/ricardo/rm_ws/install/nav_2d_utils:/home/ricardo/rm_ws/install/nav2_util:/home/ricardo/rm_ws/install/nav2_voxel_grid:/home/ricardo/rm_ws/install/nav2_msgs:/home/ricardo/rm_ws/install/nav_2d_msgs:/home/ricardo/rm_ws/install/nav2_common:${AMENT_PREFIX_PATH} CMAKE_PREFIX_PATH=/home/ricardo/rm_ws/install/nav2_core:/home/ricardo/rm_ws/install/nav2_costmap_2d:/home/ricardo/rm_ws/install/nav_2d_utils:/home/ricardo/rm_ws/install/nav2_util:/home/ricardo/rm_ws/install/nav2_voxel_grid:/home/ricardo/rm_ws/install/nav2_msgs:/home/ricardo/rm_ws/install/nav_2d_msgs:/home/ricardo/rm_ws/install/nav2_common:/home/ricardo/rm_ws/install/laser_car_cartographer:/home/ricardo/rm_ws/install/cartographer_ros:/home/ricardo/rm_ws/install/cartographer_ros_msgs:/home/ricardo/rm_ws/install/cartographer:/home/ricardo/rm_ws/install/topic_text_video:/home/ricardo/rm_ws/install/laser_car_description:/opt/ros/humble LD_LIBRARY_PATH=/home/ricardo/rm_ws/install/nav2_costmap_2d/lib:/home/ricardo/rm_ws/install/nav_2d_utils/lib:/home/ricardo/rm_ws/install/nav2_util/lib:/home/ricardo/rm_ws/install/nav2_voxel_grid/lib:/home/ricardo/rm_ws/install/nav2_msgs/lib:/home/ricardo/rm_ws/install/nav_2d_msgs/lib:${LD_LIBRARY_PATH} PYTHONPATH=/home/ricardo/rm_ws/install/nav2_msgs/local/lib/python3.10/dist-packages:/home/ricardo/rm_ws/install/nav_2d_msgs/local/lib/python3.10/dist-packages:/home/ricardo/rm_ws/install/nav2_common/local/lib/python3.10/dist-packages:${PYTHONPATH} /usr/bin/cmake --build /home/ricardo/rm_ws/build/nav2_controller -- -j8 -l8
[58.210s] [  4%] [32mBuilding CXX object CMakeFiles/controller_server_core.dir/src/controller_server.cpp.o[0m
[58.210s] [  9%] [32mBuilding CXX object CMakeFiles/simple_progress_checker.dir/plugins/simple_progress_checker.cpp.o[0m
[58.211s] [ 13%] [32m[1mLinking CXX shared library libsimple_progress_checker.so[0m
[58.211s] [ 13%] Built target simple_progress_checker
[78.485s] [ 18%] [32m[1mLinking CXX shared library libcontroller_server_core.so[0m
[79.250s] [ 18%] Built target controller_server_core
[79.285s] [ 22%] [32mBuilding CXX object CMakeFiles/pose_progress_checker.dir/plugins/pose_progress_checker.cpp.o[0m
[84.797s] [ 27%] [32m[1mLinking CXX shared library libpose_progress_checker.so[0m
[85.198s] [ 27%] Built target pose_progress_checker
[85.235s] [ 31%] [32mBuilding CXX object CMakeFiles/controller_server.dir/src/main.cpp.o[0m
[101.964s] [ 36%] [32m[1mLinking CXX executable controller_server[0m
[103.191s] [ 36%] Built target controller_server
[103.349s] [ 40%] [32mBuilding CXX object gtest/CMakeFiles/gtest.dir/src/gtest-all.cc.o[0m
[123.189s] [ 45%] [32m[1mLinking CXX static library libgtest.a[0m
[123.406s] [ 45%] Built target gtest
[123.557s] [ 50%] [32mBuilding CXX object gtest/CMakeFiles/gtest_main.dir/src/gtest_main.cc.o[0m
[125.921s] [ 54%] [32m[1mLinking CXX static library libgtest_main.a[0m
[126.036s] [ 54%] Built target gtest_main
[126.170s] [ 59%] [32mBuilding CXX object CMakeFiles/simple_goal_checker.dir/plugins/simple_goal_checker.cpp.o[0m
[136.857s] [ 63%] [32m[1mLinking CXX shared library libsimple_goal_checker.so[0m
[137.222s] [ 63%] Built target simple_goal_checker
[137.270s] [ 68%] [32mBuilding CXX object test/CMakeFiles/test_dynamic_parameters.dir/test_dynamic_parameters.cpp.o[0m
[151.122s] [ 72%] [32m[1mLinking CXX executable test_dynamic_parameters[0m
[151.917s] [ 72%] Built target test_dynamic_parameters
[151.957s] [ 77%] [32mBuilding CXX object CMakeFiles/stopped_goal_checker.dir/plugins/stopped_goal_checker.cpp.o[0m
[159.697s] [ 81%] [32m[1mLinking CXX shared library libstopped_goal_checker.so[0m
[159.993s] [ 81%] Built target stopped_goal_checker
[160.030s] [ 86%] [32mBuilding CXX object plugins/test/CMakeFiles/pctest.dir/progress_checker.cpp.o[0m
[167.512s] [ 90%] [32m[1mLinking CXX executable pctest[0m
[168.079s] [ 90%] Built target pctest
[168.118s] [ 95%] [32mBuilding CXX object plugins/test/CMakeFiles/gctest.dir/goal_checker.cpp.o[0m
[178.338s] [100%] [32m[1mLinking CXX executable gctest[0m
[178.964s] [100%] Built target gctest
[179.052s] Invoked command in '/home/ricardo/rm_ws/build/nav2_controller' returned '0': AMENT_PREFIX_PATH=/home/ricardo/rm_ws/install/nav2_core:/home/ricardo/rm_ws/install/nav2_costmap_2d:/home/ricardo/rm_ws/install/nav_2d_utils:/home/ricardo/rm_ws/install/nav2_util:/home/ricardo/rm_ws/install/nav2_voxel_grid:/home/ricardo/rm_ws/install/nav2_msgs:/home/ricardo/rm_ws/install/nav_2d_msgs:/home/ricardo/rm_ws/install/nav2_common:${AMENT_PREFIX_PATH} CMAKE_PREFIX_PATH=/home/ricardo/rm_ws/install/nav2_core:/home/ricardo/rm_ws/install/nav2_costmap_2d:/home/ricardo/rm_ws/install/nav_2d_utils:/home/ricardo/rm_ws/install/nav2_util:/home/ricardo/rm_ws/install/nav2_voxel_grid:/home/ricardo/rm_ws/install/nav2_msgs:/home/ricardo/rm_ws/install/nav_2d_msgs:/home/ricardo/rm_ws/install/nav2_common:/home/ricardo/rm_ws/install/laser_car_cartographer:/home/ricardo/rm_ws/install/cartographer_ros:/home/ricardo/rm_ws/install/cartographer_ros_msgs:/home/ricardo/rm_ws/install/cartographer:/home/ricardo/rm_ws/install/topic_text_video:/home/ricardo/rm_ws/install/laser_car_description:/opt/ros/humble LD_LIBRARY_PATH=/home/ricardo/rm_ws/install/nav2_costmap_2d/lib:/home/ricardo/rm_ws/install/nav_2d_utils/lib:/home/ricardo/rm_ws/install/nav2_util/lib:/home/ricardo/rm_ws/install/nav2_voxel_grid/lib:/home/ricardo/rm_ws/install/nav2_msgs/lib:/home/ricardo/rm_ws/install/nav_2d_msgs/lib:${LD_LIBRARY_PATH} PYTHONPATH=/home/ricardo/rm_ws/install/nav2_msgs/local/lib/python3.10/dist-packages:/home/ricardo/rm_ws/install/nav_2d_msgs/local/lib/python3.10/dist-packages:/home/ricardo/rm_ws/install/nav2_common/local/lib/python3.10/dist-packages:${PYTHONPATH} /usr/bin/cmake --build /home/ricardo/rm_ws/build/nav2_controller -- -j8 -l8
[179.189s] Invoking command in '/home/ricardo/rm_ws/build/nav2_controller': AMENT_PREFIX_PATH=/home/ricardo/rm_ws/install/nav2_core:/home/ricardo/rm_ws/install/nav2_costmap_2d:/home/ricardo/rm_ws/install/nav_2d_utils:/home/ricardo/rm_ws/install/nav2_util:/home/ricardo/rm_ws/install/nav2_voxel_grid:/home/ricardo/rm_ws/install/nav2_msgs:/home/ricardo/rm_ws/install/nav_2d_msgs:/home/ricardo/rm_ws/install/nav2_common:${AMENT_PREFIX_PATH} CMAKE_PREFIX_PATH=/home/ricardo/rm_ws/install/nav2_core:/home/ricardo/rm_ws/install/nav2_costmap_2d:/home/ricardo/rm_ws/install/nav_2d_utils:/home/ricardo/rm_ws/install/nav2_util:/home/ricardo/rm_ws/install/nav2_voxel_grid:/home/ricardo/rm_ws/install/nav2_msgs:/home/ricardo/rm_ws/install/nav_2d_msgs:/home/ricardo/rm_ws/install/nav2_common:/home/ricardo/rm_ws/install/laser_car_cartographer:/home/ricardo/rm_ws/install/cartographer_ros:/home/ricardo/rm_ws/install/cartographer_ros_msgs:/home/ricardo/rm_ws/install/cartographer:/home/ricardo/rm_ws/install/topic_text_video:/home/ricardo/rm_ws/install/laser_car_description:/opt/ros/humble LD_LIBRARY_PATH=/home/ricardo/rm_ws/install/nav2_costmap_2d/lib:/home/ricardo/rm_ws/install/nav_2d_utils/lib:/home/ricardo/rm_ws/install/nav2_util/lib:/home/ricardo/rm_ws/install/nav2_voxel_grid/lib:/home/ricardo/rm_ws/install/nav2_msgs/lib:/home/ricardo/rm_ws/install/nav_2d_msgs/lib:${LD_LIBRARY_PATH} PYTHONPATH=/home/ricardo/rm_ws/install/nav2_msgs/local/lib/python3.10/dist-packages:/home/ricardo/rm_ws/install/nav_2d_msgs/local/lib/python3.10/dist-packages:/home/ricardo/rm_ws/install/nav2_common/local/lib/python3.10/dist-packages:${PYTHONPATH} /usr/bin/cmake --install /home/ricardo/rm_ws/build/nav2_controller
[186.820s] -- Install configuration: "Release"
[186.822s] -- Installing: /home/ricardo/rm_ws/install/nav2_controller/lib/libsimple_progress_checker.so
[186.822s] -- Set runtime path of "/home/ricardo/rm_ws/install/nav2_controller/lib/libsimple_progress_checker.so" to ""
[186.823s] -- Installing: /home/ricardo/rm_ws/install/nav2_controller/lib/libpose_progress_checker.so
[186.823s] -- Set runtime path of "/home/ricardo/rm_ws/install/nav2_controller/lib/libpose_progress_checker.so" to ""
[186.824s] -- Installing: /home/ricardo/rm_ws/install/nav2_controller/lib/libsimple_goal_checker.so
[186.824s] -- Set runtime path of "/home/ricardo/rm_ws/install/nav2_controller/lib/libsimple_goal_checker.so" to ""
[186.825s] -- Installing: /home/ricardo/rm_ws/install/nav2_controller/lib/libstopped_goal_checker.so
[186.826s] -- Set runtime path of "/home/ricardo/rm_ws/install/nav2_controller/lib/libstopped_goal_checker.so" to ""
[186.827s] -- Installing: /home/ricardo/rm_ws/install/nav2_controller/lib/libcontroller_server_core.so
[186.827s] -- Set runtime path of "/home/ricardo/rm_ws/install/nav2_controller/lib/libcontroller_server_core.so" to ""
[186.827s] -- Installing: /home/ricardo/rm_ws/install/nav2_controller/lib/nav2_controller/controller_server
[186.827s] -- Set runtime path of "/home/ricardo/rm_ws/install/nav2_controller/lib/nav2_controller/controller_server" to ""
[186.827s] -- Installing: /home/ricardo/rm_ws/install/nav2_controller/include/
[186.827s] -- Installing: /home/ricardo/rm_ws/install/nav2_controller/include//nav2_controller
[186.828s] -- Installing: /home/ricardo/rm_ws/install/nav2_controller/include//nav2_controller/controller_server.hpp
[186.828s] -- Installing: /home/ricardo/rm_ws/install/nav2_controller/include//nav2_controller/plugins
[186.828s] -- Installing: /home/ricardo/rm_ws/install/nav2_controller/include//nav2_controller/plugins/simple_goal_checker.hpp
[186.828s] -- Installing: /home/ricardo/rm_ws/install/nav2_controller/include//nav2_controller/plugins/simple_progress_checker.hpp
[186.829s] -- Installing: /home/ricardo/rm_ws/install/nav2_controller/include//nav2_controller/plugins/stopped_goal_checker.hpp
[186.830s] -- Installing: /home/ricardo/rm_ws/install/nav2_controller/include//nav2_controller/plugins/pose_progress_checker.hpp
[186.830s] -- Installing: /home/ricardo/rm_ws/install/nav2_controller/share/nav2_controller/environment/library_path.sh
[186.830s] -- Installing: /home/ricardo/rm_ws/install/nav2_controller/share/nav2_controller/environment/library_path.dsv
[186.830s] -- Installing: /home/ricardo/rm_ws/install/nav2_controller/share/nav2_controller/plugins.xml
[186.831s] -- Installing: /home/ricardo/rm_ws/install/nav2_controller/share/ament_index/resource_index/package_run_dependencies/nav2_controller
[186.831s] -- Installing: /home/ricardo/rm_ws/install/nav2_controller/share/ament_index/resource_index/parent_prefix_path/nav2_controller
[186.831s] -- Installing: /home/ricardo/rm_ws/install/nav2_controller/share/nav2_controller/environment/ament_prefix_path.sh
[186.831s] -- Installing: /home/ricardo/rm_ws/install/nav2_controller/share/nav2_controller/environment/ament_prefix_path.dsv
[186.832s] -- Installing: /home/ricardo/rm_ws/install/nav2_controller/share/nav2_controller/environment/path.sh
[186.833s] -- Installing: /home/ricardo/rm_ws/install/nav2_controller/share/nav2_controller/environment/path.dsv
[186.833s] -- Installing: /home/ricardo/rm_ws/install/nav2_controller/share/nav2_controller/local_setup.bash
[186.833s] -- Installing: /home/ricardo/rm_ws/install/nav2_controller/share/nav2_controller/local_setup.sh
[186.833s] -- Installing: /home/ricardo/rm_ws/install/nav2_controller/share/nav2_controller/local_setup.zsh
[186.833s] -- Installing: /home/ricardo/rm_ws/install/nav2_controller/share/nav2_controller/local_setup.dsv
[186.837s] -- Installing: /home/ricardo/rm_ws/install/nav2_controller/share/nav2_controller/package.dsv
[186.837s] -- Installing: /home/ricardo/rm_ws/install/nav2_controller/share/ament_index/resource_index/packages/nav2_controller
[186.837s] -- Installing: /home/ricardo/rm_ws/install/nav2_controller/share/ament_index/resource_index/nav2_core__pluginlib__plugin/nav2_controller
[186.837s] -- Installing: /home/ricardo/rm_ws/install/nav2_controller/share/ament_index/resource_index/rclcpp_components/nav2_controller
[186.837s] -- Installing: /home/ricardo/rm_ws/install/nav2_controller/share/nav2_controller/cmake/ament_cmake_export_include_directories-extras.cmake
[186.837s] -- Installing: /home/ricardo/rm_ws/install/nav2_controller/share/nav2_controller/cmake/ament_cmake_export_libraries-extras.cmake
[186.837s] -- Installing: /home/ricardo/rm_ws/install/nav2_controller/share/nav2_controller/cmake/ament_cmake_export_dependencies-extras.cmake
[186.837s] -- Installing: /home/ricardo/rm_ws/install/nav2_controller/share/nav2_controller/cmake/nav2_controllerConfig.cmake
[186.838s] -- Installing: /home/ricardo/rm_ws/install/nav2_controller/share/nav2_controller/cmake/nav2_controllerConfig-version.cmake
[186.838s] -- Installing: /home/ricardo/rm_ws/install/nav2_controller/share/nav2_controller/package.xml
[186.843s] Invoked command in '/home/ricardo/rm_ws/build/nav2_controller' returned '0': AMENT_PREFIX_PATH=/home/ricardo/rm_ws/install/nav2_core:/home/ricardo/rm_ws/install/nav2_costmap_2d:/home/ricardo/rm_ws/install/nav_2d_utils:/home/ricardo/rm_ws/install/nav2_util:/home/ricardo/rm_ws/install/nav2_voxel_grid:/home/ricardo/rm_ws/install/nav2_msgs:/home/ricardo/rm_ws/install/nav_2d_msgs:/home/ricardo/rm_ws/install/nav2_common:${AMENT_PREFIX_PATH} CMAKE_PREFIX_PATH=/home/ricardo/rm_ws/install/nav2_core:/home/ricardo/rm_ws/install/nav2_costmap_2d:/home/ricardo/rm_ws/install/nav_2d_utils:/home/ricardo/rm_ws/install/nav2_util:/home/ricardo/rm_ws/install/nav2_voxel_grid:/home/ricardo/rm_ws/install/nav2_msgs:/home/ricardo/rm_ws/install/nav_2d_msgs:/home/ricardo/rm_ws/install/nav2_common:/home/ricardo/rm_ws/install/laser_car_cartographer:/home/ricardo/rm_ws/install/cartographer_ros:/home/ricardo/rm_ws/install/cartographer_ros_msgs:/home/ricardo/rm_ws/install/cartographer:/home/ricardo/rm_ws/install/topic_text_video:/home/ricardo/rm_ws/install/laser_car_description:/opt/ros/humble LD_LIBRARY_PATH=/home/ricardo/rm_ws/install/nav2_costmap_2d/lib:/home/ricardo/rm_ws/install/nav_2d_utils/lib:/home/ricardo/rm_ws/install/nav2_util/lib:/home/ricardo/rm_ws/install/nav2_voxel_grid/lib:/home/ricardo/rm_ws/install/nav2_msgs/lib:/home/ricardo/rm_ws/install/nav_2d_msgs/lib:${LD_LIBRARY_PATH} PYTHONPATH=/home/ricardo/rm_ws/install/nav2_msgs/local/lib/python3.10/dist-packages:/home/ricardo/rm_ws/install/nav_2d_msgs/local/lib/python3.10/dist-packages:/home/ricardo/rm_ws/install/nav2_common/local/lib/python3.10/dist-packages:${PYTHONPATH} /usr/bin/cmake --install /home/ricardo/rm_ws/build/nav2_controller
